[06:39:52.822]   info   [SERVER]   successfully created TableState
[06:39:52.827]   info   [SERVER]   successfully created PhaseState
[06:39:52.828]   info   [SERVER]   successfully created Config (GameState Config)
[06:39:52.829]   info   [SERVER]   listening on: 172.17.0.2:3000
[06:40:19.371]   info   [SERVER]   accepted connection from 172.17.0.3:37212
[06:40:19.383]   info   [GS]       get next best phase: bot_a
[06:40:19.384]  trace   [GS]       skipped phase CLEAR_DECK because agent is not allowed
[06:40:19.384]  trace   [GS]       updating phase CLEAR_DECK...
[06:40:19.384]  trace   [GS]       phase status CLEAR_DECK: 0
[06:40:19.384]   info   [GS]       potential of phase CLEAR_DECK: 0
[06:40:19.384]   info   [GS]       score of phase CLEAR_DECK: 48.5
[06:40:19.385]  trace   [GS]       skipped phase INIT_B because agent is not allowed
[06:40:19.385]  trace   [GS]       skipped phase LONG_TASK because agent is not allowed
[06:40:19.385]  trace   [GS]       updating phase LONG_TASK...
[06:40:19.385]  trace   [GS]       phase status LONG_TASK: 0
[06:40:19.385]   info   [GS]       potential of phase LONG_TASK: 0
[06:40:19.385]   info   [GS]       score of phase LONG_TASK: 50
[06:40:19.385]  trace   [GS]       skipped phase WAIT_FOR_INIT because agent is not allowed
[06:40:19.385]  trace   [GS]       updating phase WAIT_FOR_INIT...
[06:40:19.385]  trace   [GS]       phase status WAIT_FOR_INIT: 1
[06:40:19.385]  trace   [GS]       skipped phase WAIT_FOR_INIT because it is not open
[06:40:19.385]   info   [GS]       selected phase LONG_TASK as next phase
[06:40:19.386]  debug   [GS]       Received update: {"init_b":true}
[06:40:19.396]   info   [GS]       get next best phase: bot_a
[06:40:19.398]  trace   [GS]       skipped phase CLEAR_DECK because agent is not allowed
[06:40:19.398]  trace   [GS]       updating phase CLEAR_DECK...
[06:40:19.398]  trace   [GS]       phase status CLEAR_DECK: 0
[06:40:19.398]   info   [GS]       potential of phase CLEAR_DECK: 0
[06:40:19.398]   info   [GS]       score of phase CLEAR_DECK: 48.5
[06:40:19.399]  trace   [GS]       skipped phase INIT_B because agent is not allowed
[06:40:19.399]  trace   [GS]       skipped phase WAIT_FOR_INIT because agent is not allowed
[06:40:19.399]  trace   [GS]       updating phase WAIT_FOR_INIT...
[06:40:19.399]   info   [GS]       unlocked phase WAIT_FOR_INIT
[06:40:19.401]  trace   [GS]       phase status WAIT_FOR_INIT: 0
[06:40:19.401]   info   [GS]       potential of phase WAIT_FOR_INIT: 0
[06:40:19.401]   info   [GS]       score of phase WAIT_FOR_INIT: 23.5
[06:40:19.401]   info   [GS]       selected phase CLEAR_DECK as next phase
