[12:39:21.104]   info   [CLIENT]   successfully created TableState
[12:39:21.106]   info   [CLIENT]   successfully created PhaseState
[12:39:21.106]   info   [CLIENT]   successfully created config (GameState config)
[12:39:21.107]   info   [GS]       get next best phase: bot_b
[12:39:21.107]  trace   [GS]       skipped phase CLEAR_DECK because agent is not allowed
[12:39:21.107]  trace   [GS]       updating phase COLLECT_DATA...
[12:39:21.107]  trace   [GS]       phase status COLLECT_DATA: 0
[12:39:21.107]   info   [GS]       potential of phase COLLECT_DATA: 200
[12:39:21.108]   info   [GS]       score of phase COLLECT_DATA: 104
[12:39:21.108]  trace   [GS]       skipped phase INIT_A because agent is not allowed
[12:39:21.108]  trace   [GS]       skipped phase LONG_TASK because agent is not allowed
[12:39:21.108]  trace   [GS]       skipped phase SOME_BOT_A because agent is not allowed
[12:39:21.108]  trace   [GS]       updating phase SOME_BOT_B...
[12:39:21.108]  trace   [GS]       phase status SOME_BOT_B: 0
[12:39:21.108]   info   [GS]       potential of phase SOME_BOT_B: 99
[12:39:21.109]   info   [GS]       score of phase SOME_BOT_B: 138.7
[12:39:21.109]  trace   [GS]       skipped phase WAIT_FOR_INIT because agent is not allowed
[12:39:21.109]  trace   [GS]       skipped phase WORK_WITH_COLLECTED_DATA because agent is not allowed
[12:39:21.109]   info   [GS]       selected phase SOME_BOT_B as next phase
[12:39:21.107]   info   [GS]       Received update: {"init_a":true}
[12:39:21.110]   info   [GS]       get next best phase: bot_b
[12:39:21.111]  trace   [GS]       skipped phase CLEAR_DECK because agent is not allowed
[12:39:21.111]  trace   [GS]       updating phase COLLECT_DATA...
[12:39:21.111]  trace   [GS]       phase status COLLECT_DATA: 0
[12:39:21.111]   info   [GS]       potential of phase COLLECT_DATA: 200
[12:39:21.112]   info   [GS]       score of phase COLLECT_DATA: 104
[12:39:21.112]  trace   [GS]       skipped phase INIT_A because agent is not allowed
[12:39:21.112]  trace   [GS]       skipped phase LONG_TASK because agent is not allowed
[12:39:21.112]  trace   [GS]       skipped phase SOME_BOT_A because agent is not allowed
[12:39:21.112]  trace   [GS]       skipped phase WAIT_FOR_INIT because agent is not allowed
[12:39:21.112]  trace   [GS]       skipped phase WORK_WITH_COLLECTED_DATA because agent is not allowed
[12:39:21.112]   info   [GS]       selected phase COLLECT_DATA as next phase
[12:39:21.112]   info   [GS]       get next best phase: bot_b
[12:39:21.116]  trace   [GS]       skipped phase CLEAR_DECK because agent is not allowed
[12:39:21.116]  trace   [GS]       skipped phase INIT_A because agent is not allowed
[12:39:21.116]  trace   [GS]       skipped phase LONG_TASK because agent is not allowed
[12:39:21.116]  trace   [GS]       skipped phase SOME_BOT_A because agent is not allowed
[12:39:21.116]  trace   [GS]       skipped phase WAIT_FOR_INIT because agent is not allowed
[12:39:21.116]  trace   [GS]       skipped phase WORK_WITH_COLLECTED_DATA because agent is not allowed
[12:39:21.116]   info   [GS]       no more phases to execute
[12:39:21.119]   info   [GS]       Received update phase [INIT_A]: DONE
[12:39:21.120]   info   [GS]       Received update phase [SOME_BOT_A]: BLOCKED
[12:39:21.121]   info   [GS]       Received update phase [WAIT_FOR_INIT]: BLOCKED
[12:39:21.122]   info   [GS]       Received update phase [WORK_WITH_COLLECTED_DATA]: BLOCKED
[12:39:21.123]   info   [GS]       Received update: {"dummy":true}
[12:39:21.124]   info   [GS]       Received update phase [LONG_TASK]: DONE
[12:39:21.124]   info   [GS]       Received update: {"deck_cleared":true}
[12:39:21.125]   info   [GS]       Received update phase [CLEAR_DECK]: DONE
[12:39:21.125]   info   [GS]       Received update phase [WAIT_FOR_INIT]: OPEN
[12:39:21.156]   info   [GS]       Received update: {"dummy":true}
[12:39:21.157]   info   [GS]       Received update phase [WAIT_FOR_INIT]: DONE
[12:39:21.157]   info   [GS]       Received update phase [SOME_BOT_A]: OPEN
[12:39:21.157]   info   [GS]       Received update phase [SOME_BOT_A]: DONE
[12:39:21.184]   info   [GS]       Received update phase [WORK_WITH_COLLECTED_DATA]: OPEN
[12:39:21.185]   info   [GS]       Received update phase [WORK_WITH_COLLECTED_DATA]: DONE
