[16:47:42.948]   info   [SERVER]   successfully created TableState
[16:47:42.949]   info   [SERVER]   successfully created PhaseState
[16:47:42.949]   info   [SERVER]   successfully created Config (GameState Config)
[16:47:42.950]   info   [SERVER]   listening on: 172.17.0.4:3000
[16:48:15.667]   info   [SERVER]   accepted connection from 172.17.0.5:38416
[16:48:15.668]   info   [GS]       phase 'INIT_A' done
[16:48:15.669]   info   [GS]       get next best phase: bot_a
[16:48:15.669]  trace   [GS]       skipped phase CLEAR_DECK because agent is not allowed
[16:48:15.669]  trace   [GS]       updating phase CLEAR_DECK...
[16:48:15.669]  trace   [GS]       phase status CLEAR_DECK: 0
[16:48:15.669]   info   [GS]       potential of phase CLEAR_DECK: 0
[16:48:15.670]   info   [GS]       score of phase CLEAR_DECK: 48.5
[16:48:15.671]  trace   [GS]       skipped phase INIT_B because agent is not allowed
[16:48:15.671]  trace   [GS]       skipped phase LONG_TASK because agent is not allowed
[16:48:15.671]  trace   [GS]       updating phase LONG_TASK...
[16:48:15.671]  trace   [GS]       phase status LONG_TASK: 0
[16:48:15.671]   info   [GS]       potential of phase LONG_TASK: 0
[16:48:15.671]   info   [GS]       score of phase LONG_TASK: 50
[16:48:15.672]  trace   [GS]       skipped phase WAIT_FOR_INIT because agent is not allowed
[16:48:15.672]  trace   [GS]       updating phase WAIT_FOR_INIT...
[16:48:15.673]  trace   [GS]       phase status WAIT_FOR_INIT: 1
[16:48:15.673]  trace   [GS]       skipped phase WAIT_FOR_INIT because it is not open
[16:48:15.673]   info   [GS]       selected phase LONG_TASK as next phase
[16:48:15.673]   info   [GS]       executing phase LONG_TASK
[16:48:15.673]   info   [GS]       phase 'LONG_TASK' done
[16:48:15.674]   info   [GS]       get next best phase: bot_a
[16:48:15.674]  trace   [GS]       skipped phase CLEAR_DECK because agent is not allowed
[16:48:15.674]  trace   [GS]       updating phase CLEAR_DECK...
[16:48:15.674]  trace   [GS]       phase status CLEAR_DECK: 0
[16:48:15.674]   info   [GS]       potential of phase CLEAR_DECK: 0
[16:48:15.675]   info   [GS]       score of phase CLEAR_DECK: 48.5
[16:48:15.675]  trace   [GS]       skipped phase INIT_B because agent is not allowed
[16:48:15.675]  trace   [GS]       skipped phase WAIT_FOR_INIT because agent is not allowed
[16:48:15.675]  trace   [GS]       updating phase WAIT_FOR_INIT...
[16:48:15.675]  trace   [GS]       phase status WAIT_FOR_INIT: 1
[16:48:15.675]  trace   [GS]       skipped phase WAIT_FOR_INIT because it is not open
[16:48:15.675]   info   [GS]       selected phase CLEAR_DECK as next phase
[16:48:15.676]   info   [GS]       executing phase CLEAR_DECK
[16:48:15.676]   info   [GS]       phase 'CLEAR_DECK' done
[16:48:15.676]   info   [GS]       get next best phase: bot_a
[16:48:15.676]  trace   [GS]       skipped phase INIT_B because agent is not allowed
[16:48:15.676]  trace   [GS]       skipped phase WAIT_FOR_INIT because agent is not allowed
[16:48:15.676]  trace   [GS]       updating phase WAIT_FOR_INIT...
[16:48:15.676]  trace   [GS]       phase status WAIT_FOR_INIT: 1
[16:48:15.676]  trace   [GS]       skipped phase WAIT_FOR_INIT because it is not open
[16:48:15.676]   info   [GS]       no more phases to execute
