[14:00:39.897]   info   [CLIENT]   successfully created TableState
[14:00:39.898]   info   [CLIENT]   successfully created PhaseState
[14:00:39.899]   info   [CLIENT]   successfully created config (GameState config)
[14:00:39.901]   info   [GS]       get next best phase: bot_b
[14:00:39.902]  trace   [GS]       skipped phase CLEAR_DECK because agent is not allowed
[14:00:39.902]  trace   [GS]       skipped phase INIT_A because agent is not allowed
[14:00:39.902]  trace   [GS]       skipped phase LONG_TASK because agent is not allowed
[14:00:39.902]  trace   [GS]       skipped phase SOME_BOT_A because agent is not allowed
[14:00:39.902]  trace   [GS]       updating phase SOME_BOT_B...
[14:00:39.902]  trace   [GS]       phase status SOME_BOT_B: 0
[14:00:39.902]   info   [GS]       potential of phase SOME_BOT_B: 99
[14:00:39.902]   info   [GS]       score of phase SOME_BOT_B: 138.7
[14:00:39.903]  trace   [GS]       skipped phase WAIT_FOR_INIT because agent is not allowed
[14:00:39.903]   info   [GS]       selected phase SOME_BOT_B as next phase
[14:00:39.905]   info   [GS]       get next best phase: bot_b
[14:00:39.907]  trace   [GS]       skipped phase CLEAR_DECK because agent is not allowed
[14:00:39.907]  trace   [GS]       skipped phase INIT_A because agent is not allowed
[14:00:39.907]  trace   [GS]       skipped phase LONG_TASK because agent is not allowed
[14:00:39.907]  trace   [GS]       skipped phase SOME_BOT_A because agent is not allowed
[14:00:39.907]  trace   [GS]       skipped phase WAIT_FOR_INIT because agent is not allowed
[14:00:39.907]   info   [GS]       no more phases to execute
[14:00:39.902]   info   [GS]       Received update: {"init_a":true}
[14:00:39.909]   info   [GS]       Received update phase [INIT_A]: DONE
[14:00:39.910]   info   [GS]       Received update phase [SOME_BOT_A]: BLOCKED
[14:00:39.910]   info   [GS]       Received update phase [WAIT_FOR_INIT]: BLOCKED
[14:00:39.914]   info   [GS]       Received update: {"dummy":true}
[14:00:39.915]   info   [GS]       Received update phase [LONG_TASK]: DONE
[14:00:39.917]   info   [GS]       Received update: {"deck_cleared":true}
[14:00:39.951]   info   [GS]       Received update phase [CLEAR_DECK]: DONE
[14:00:39.957]   info   [GS]       Received update phase [WAIT_FOR_INIT]: OPEN
[14:00:39.958]   info   [GS]       Received update: {"dummy":true}
[14:00:39.958]   info   [GS]       Received update phase [WAIT_FOR_INIT]: DONE
[14:00:39.973]   info   [GS]       Received update phase [SOME_BOT_A]: OPEN
[14:00:39.973]   info   [GS]       Received update phase [SOME_BOT_A]: DONE
[14:00:40.010]   info   [GS]       [CLEAR_DECK]: DONE
[14:00:40.010]   info   [GS]       [INIT_A]: DONE
[14:00:40.011]   info   [GS]       [LONG_TASK]: DONE
[14:00:40.011]   info   [GS]       [SOME_BOT_A]: DONE
[14:00:40.012]   info   [GS]       [WAIT_FOR_INIT]: DONE
[14:00:40.113]   info   [GS]       [CLEAR_DECK]: DONE
[14:00:40.113]   info   [GS]       [INIT_A]: DONE
[14:00:40.113]   info   [GS]       [LONG_TASK]: DONE
[14:00:40.113]   info   [GS]       [SOME_BOT_A]: DONE
[14:00:40.113]   info   [GS]       [WAIT_FOR_INIT]: DONE
[14:00:40.218]   info   [GS]       [CLEAR_DECK]: DONE
[14:00:40.218]   info   [GS]       [INIT_A]: DONE
[14:00:40.218]   info   [GS]       [LONG_TASK]: DONE
[14:00:40.218]   info   [GS]       [SOME_BOT_A]: DONE
[14:00:40.219]   info   [GS]       [WAIT_FOR_INIT]: DONE
[14:00:40.320]   info   [GS]       [CLEAR_DECK]: DONE
[14:00:40.320]   info   [GS]       [INIT_A]: DONE
[14:00:40.320]   info   [GS]       [LONG_TASK]: DONE
[14:00:40.320]   info   [GS]       [SOME_BOT_A]: DONE
[14:00:40.321]   info   [GS]       [WAIT_FOR_INIT]: DONE
[14:00:40.427]   info   [GS]       [CLEAR_DECK]: DONE
[14:00:40.427]   info   [GS]       [INIT_A]: DONE
[14:00:40.428]   info   [GS]       [LONG_TASK]: DONE
[14:00:40.429]   info   [GS]       [SOME_BOT_A]: DONE
[14:00:40.429]   info   [GS]       [WAIT_FOR_INIT]: DONE
[14:00:40.536]   info   [GS]       [CLEAR_DECK]: DONE
[14:00:40.536]   info   [GS]       [INIT_A]: DONE
[14:00:40.537]   info   [GS]       [LONG_TASK]: DONE
[14:00:40.537]   info   [GS]       [SOME_BOT_A]: DONE
[14:00:40.538]   info   [GS]       [WAIT_FOR_INIT]: DONE
[14:00:40.643]   info   [GS]       [CLEAR_DECK]: DONE
[14:00:40.644]   info   [GS]       [INIT_A]: DONE
[14:00:40.645]   info   [GS]       [LONG_TASK]: DONE
[14:00:40.646]   info   [GS]       [SOME_BOT_A]: DONE
[14:00:40.647]   info   [GS]       [WAIT_FOR_INIT]: DONE
[14:00:40.752]   info   [GS]       [CLEAR_DECK]: DONE
[14:00:40.752]   info   [GS]       [INIT_A]: DONE
[14:00:40.753]   info   [GS]       [LONG_TASK]: DONE
[14:00:40.753]   info   [GS]       [SOME_BOT_A]: DONE
[14:00:40.754]   info   [GS]       [WAIT_FOR_INIT]: DONE
[14:00:40.859]   info   [GS]       [CLEAR_DECK]: DONE
[14:00:40.859]   info   [GS]       [INIT_A]: DONE
[14:00:40.862]   info   [GS]       [LONG_TASK]: DONE
[14:00:40.862]   info   [GS]       [SOME_BOT_A]: DONE
[14:00:40.863]   info   [GS]       [WAIT_FOR_INIT]: DONE
[14:00:40.968]   info   [GS]       [CLEAR_DECK]: DONE
[14:00:40.968]   info   [GS]       [INIT_A]: DONE
[14:00:40.969]   info   [GS]       [LONG_TASK]: DONE
[14:00:40.970]   info   [GS]       [SOME_BOT_A]: DONE
[14:00:40.971]   info   [GS]       [WAIT_FOR_INIT]: DONE
[14:00:41.072]   info   [GS]       [CLEAR_DECK]: DONE
[14:00:41.073]   info   [GS]       [INIT_A]: DONE
[14:00:41.073]   info   [GS]       [LONG_TASK]: DONE
[14:00:41.073]   info   [GS]       [SOME_BOT_A]: DONE
[14:00:41.074]   info   [GS]       [WAIT_FOR_INIT]: DONE
[14:00:41.178]   info   [GS]       [CLEAR_DECK]: DONE
[14:00:41.179]   info   [GS]       [INIT_A]: DONE
[14:00:41.182]   info   [GS]       [LONG_TASK]: DONE
[14:00:41.182]   info   [GS]       [SOME_BOT_A]: DONE
[14:00:41.183]   info   [GS]       [WAIT_FOR_INIT]: DONE
[14:00:41.285]   info   [GS]       [CLEAR_DECK]: DONE
[14:00:41.285]   info   [GS]       [INIT_A]: DONE
[14:00:41.286]   info   [GS]       [LONG_TASK]: DONE
[14:00:41.287]   info   [GS]       [SOME_BOT_A]: DONE
[14:00:41.287]   info   [GS]       [WAIT_FOR_INIT]: DONE
[14:00:41.391]   info   [GS]       [CLEAR_DECK]: DONE
[14:00:41.391]   info   [GS]       [INIT_A]: DONE
[14:00:41.392]   info   [GS]       [LONG_TASK]: DONE
[14:00:41.392]   info   [GS]       [SOME_BOT_A]: DONE
[14:00:41.393]   info   [GS]       [WAIT_FOR_INIT]: DONE
[14:00:41.498]   info   [GS]       [CLEAR_DECK]: DONE
[14:00:41.499]   info   [GS]       [INIT_A]: DONE
[14:00:41.501]   info   [GS]       [LONG_TASK]: DONE
[14:00:41.504]   info   [GS]       [SOME_BOT_A]: DONE
[14:00:41.504]   info   [GS]       [WAIT_FOR_INIT]: DONE
[14:00:41.610]   info   [GS]       [CLEAR_DECK]: DONE
[14:00:41.613]   info   [GS]       [INIT_A]: DONE
[14:00:41.615]   info   [GS]       [LONG_TASK]: DONE
[14:00:41.615]   info   [GS]       [SOME_BOT_A]: DONE
[14:00:41.615]   info   [GS]       [WAIT_FOR_INIT]: DONE
[14:00:41.716]   info   [GS]       [CLEAR_DECK]: DONE
[14:00:41.717]   info   [GS]       [INIT_A]: DONE
[14:00:41.717]   info   [GS]       [LONG_TASK]: DONE
[14:00:41.717]   info   [GS]       [SOME_BOT_A]: DONE
[14:00:41.719]   info   [GS]       [WAIT_FOR_INIT]: DONE
[14:00:41.821]   info   [GS]       [CLEAR_DECK]: DONE
[14:00:41.822]   info   [GS]       [INIT_A]: DONE
[14:00:41.822]   info   [GS]       [LONG_TASK]: DONE
[14:00:41.823]   info   [GS]       [SOME_BOT_A]: DONE
[14:00:41.823]   info   [GS]       [WAIT_FOR_INIT]: DONE
[14:00:41.926]   info   [GS]       [CLEAR_DECK]: DONE
[14:00:41.926]   info   [GS]       [INIT_A]: DONE
[14:00:41.927]   info   [GS]       [LONG_TASK]: DONE
[14:00:41.927]   info   [GS]       [SOME_BOT_A]: DONE
[14:00:41.928]   info   [GS]       [WAIT_FOR_INIT]: DONE
[14:00:42.034]   info   [GS]       [CLEAR_DECK]: DONE
[14:00:42.035]   info   [GS]       [INIT_A]: DONE
[14:00:42.035]   info   [GS]       [LONG_TASK]: DONE
[14:00:42.036]   info   [GS]       [SOME_BOT_A]: DONE
[14:00:42.036]   info   [GS]       [WAIT_FOR_INIT]: DONE
[14:00:42.141]   info   [GS]       [CLEAR_DECK]: DONE
[14:00:42.142]   info   [GS]       [INIT_A]: DONE
[14:00:42.142]   info   [GS]       [LONG_TASK]: DONE
[14:00:42.143]   info   [GS]       [SOME_BOT_A]: DONE
[14:00:42.144]   info   [GS]       [WAIT_FOR_INIT]: DONE
[14:00:42.249]   info   [GS]       [CLEAR_DECK]: DONE
[14:00:42.251]   info   [GS]       [INIT_A]: DONE
[14:00:42.251]   info   [GS]       [LONG_TASK]: DONE
[14:00:42.252]   info   [GS]       [SOME_BOT_A]: DONE
[14:00:42.253]   info   [GS]       [WAIT_FOR_INIT]: DONE
[14:00:42.358]   info   [GS]       [CLEAR_DECK]: DONE
[14:00:42.359]   info   [GS]       [INIT_A]: DONE
[14:00:42.361]   info   [GS]       [LONG_TASK]: DONE
[14:00:42.361]   info   [GS]       [SOME_BOT_A]: DONE
[14:00:42.362]   info   [GS]       [WAIT_FOR_INIT]: DONE
[14:00:42.468]   info   [GS]       [CLEAR_DECK]: DONE
[14:00:42.468]   info   [GS]       [INIT_A]: DONE
[14:00:42.469]   info   [GS]       [LONG_TASK]: DONE
[14:00:42.469]   info   [GS]       [SOME_BOT_A]: DONE
[14:00:42.470]   info   [GS]       [WAIT_FOR_INIT]: DONE
[14:00:42.571]   info   [GS]       [CLEAR_DECK]: DONE
[14:00:42.573]   info   [GS]       [INIT_A]: DONE
[14:00:42.573]   info   [GS]       [LONG_TASK]: DONE
[14:00:42.574]   info   [GS]       [SOME_BOT_A]: DONE
[14:00:42.575]   info   [GS]       [WAIT_FOR_INIT]: DONE
[14:00:42.681]   info   [GS]       [CLEAR_DECK]: DONE
[14:00:42.684]   info   [GS]       [INIT_A]: DONE
[14:00:42.684]   info   [GS]       [LONG_TASK]: DONE
[14:00:42.685]   info   [GS]       [SOME_BOT_A]: DONE
[14:00:42.686]   info   [GS]       [WAIT_FOR_INIT]: DONE
[14:00:42.790]   info   [GS]       [CLEAR_DECK]: DONE
[14:00:42.795]   info   [GS]       [INIT_A]: DONE
[14:00:42.795]   info   [GS]       [LONG_TASK]: DONE
[14:00:42.795]   info   [GS]       [SOME_BOT_A]: DONE
[14:00:42.796]   info   [GS]       [WAIT_FOR_INIT]: DONE
[14:00:42.900]   info   [GS]       [CLEAR_DECK]: DONE
[14:00:42.901]   info   [GS]       [INIT_A]: DONE
[14:00:42.901]   info   [GS]       [LONG_TASK]: DONE
[14:00:42.905]   info   [GS]       [SOME_BOT_A]: DONE
[14:00:42.905]   info   [GS]       [WAIT_FOR_INIT]: DONE
[14:00:43.009]   info   [GS]       [CLEAR_DECK]: DONE
[14:00:43.010]   info   [GS]       [INIT_A]: DONE
[14:00:43.011]   info   [GS]       [LONG_TASK]: DONE
[14:00:43.012]   info   [GS]       [SOME_BOT_A]: DONE
[14:00:43.012]   info   [GS]       [WAIT_FOR_INIT]: DONE
[14:00:43.117]   info   [GS]       [CLEAR_DECK]: DONE
[14:00:43.118]   info   [GS]       [INIT_A]: DONE
[14:00:43.119]   info   [GS]       [LONG_TASK]: DONE
[14:00:43.120]   info   [GS]       [SOME_BOT_A]: DONE
[14:00:43.121]   info   [GS]       [WAIT_FOR_INIT]: DONE
[14:00:43.223]   info   [GS]       [CLEAR_DECK]: DONE
[14:00:43.225]   info   [GS]       [INIT_A]: DONE
[14:00:43.225]   info   [GS]       [LONG_TASK]: DONE
[14:00:43.226]   info   [GS]       [SOME_BOT_A]: DONE
[14:00:43.226]   info   [GS]       [WAIT_FOR_INIT]: DONE
[14:00:43.331]   info   [GS]       [CLEAR_DECK]: DONE
[14:00:43.332]   info   [GS]       [INIT_A]: DONE
[14:00:43.337]   info   [GS]       [LONG_TASK]: DONE
[14:00:43.340]   info   [GS]       [SOME_BOT_A]: DONE
[14:00:43.342]   info   [GS]       [WAIT_FOR_INIT]: DONE
[14:00:43.446]   info   [GS]       [CLEAR_DECK]: DONE
[14:00:43.448]   info   [GS]       [INIT_A]: DONE
[14:00:43.449]   info   [GS]       [LONG_TASK]: DONE
[14:00:43.450]   info   [GS]       [SOME_BOT_A]: DONE
[14:00:43.450]   info   [GS]       [WAIT_FOR_INIT]: DONE
[14:00:43.551]   info   [GS]       [CLEAR_DECK]: DONE
[14:00:43.552]   info   [GS]       [INIT_A]: DONE
[14:00:43.553]   info   [GS]       [LONG_TASK]: DONE
[14:00:43.553]   info   [GS]       [SOME_BOT_A]: DONE
[14:00:43.554]   info   [GS]       [WAIT_FOR_INIT]: DONE
[14:00:43.658]   info   [GS]       [CLEAR_DECK]: DONE
[14:00:43.658]   info   [GS]       [INIT_A]: DONE
[14:00:43.659]   info   [GS]       [LONG_TASK]: DONE
[14:00:43.660]   info   [GS]       [SOME_BOT_A]: DONE
[14:00:43.661]   info   [GS]       [WAIT_FOR_INIT]: DONE
[14:00:43.766]   info   [GS]       [CLEAR_DECK]: DONE
[14:00:43.767]   info   [GS]       [INIT_A]: DONE
[14:00:43.768]   info   [GS]       [LONG_TASK]: DONE
[14:00:43.768]   info   [GS]       [SOME_BOT_A]: DONE
[14:00:43.769]   info   [GS]       [WAIT_FOR_INIT]: DONE
[14:00:43.875]   info   [GS]       [CLEAR_DECK]: DONE
[14:00:43.876]   info   [GS]       [INIT_A]: DONE
[14:00:43.876]   info   [GS]       [LONG_TASK]: DONE
[14:00:43.877]   info   [GS]       [SOME_BOT_A]: DONE
[14:00:43.878]   info   [GS]       [WAIT_FOR_INIT]: DONE
[14:00:43.983]   info   [GS]       [CLEAR_DECK]: DONE
[14:00:43.984]   info   [GS]       [INIT_A]: DONE
[14:00:43.986]   info   [GS]       [LONG_TASK]: DONE
[14:00:43.988]   info   [GS]       [SOME_BOT_A]: DONE
[14:00:43.988]   info   [GS]       [WAIT_FOR_INIT]: DONE
[14:00:44.092]   info   [GS]       [CLEAR_DECK]: DONE
[14:00:44.093]   info   [GS]       [INIT_A]: DONE
[14:00:44.095]   info   [GS]       [LONG_TASK]: DONE
[14:00:44.095]   info   [GS]       [SOME_BOT_A]: DONE
[14:00:44.095]   info   [GS]       [WAIT_FOR_INIT]: DONE
[14:00:44.200]   info   [GS]       [CLEAR_DECK]: DONE
[14:00:44.201]   info   [GS]       [INIT_A]: DONE
[14:00:44.202]   info   [GS]       [LONG_TASK]: DONE
[14:00:44.203]   info   [GS]       [SOME_BOT_A]: DONE
[14:00:44.204]   info   [GS]       [WAIT_FOR_INIT]: DONE
[14:00:44.306]   info   [GS]       [CLEAR_DECK]: DONE
[14:00:44.306]   info   [GS]       [INIT_A]: DONE
[14:00:44.307]   info   [GS]       [LONG_TASK]: DONE
[14:00:44.307]   info   [GS]       [SOME_BOT_A]: DONE
[14:00:44.308]   info   [GS]       [WAIT_FOR_INIT]: DONE
[14:00:44.414]   info   [GS]       [CLEAR_DECK]: DONE
[14:00:44.415]   info   [GS]       [INIT_A]: DONE
[14:00:44.418]   info   [GS]       [LONG_TASK]: DONE
[14:00:44.418]   info   [GS]       [SOME_BOT_A]: DONE
[14:00:44.418]   info   [GS]       [WAIT_FOR_INIT]: DONE
[14:00:44.524]   info   [GS]       [CLEAR_DECK]: DONE
[14:00:44.525]   info   [GS]       [INIT_A]: DONE
[14:00:44.525]   info   [GS]       [LONG_TASK]: DONE
[14:00:44.526]   info   [GS]       [SOME_BOT_A]: DONE
[14:00:44.527]   info   [GS]       [WAIT_FOR_INIT]: DONE
[14:00:44.630]   info   [GS]       [CLEAR_DECK]: DONE
[14:00:44.632]   info   [GS]       [INIT_A]: DONE
[14:00:44.633]   info   [GS]       [LONG_TASK]: DONE
[14:00:44.634]   info   [GS]       [SOME_BOT_A]: DONE
[14:00:44.634]   info   [GS]       [WAIT_FOR_INIT]: DONE
[14:00:44.735]   info   [GS]       [CLEAR_DECK]: DONE
[14:00:44.738]   info   [GS]       [INIT_A]: DONE
[14:00:44.738]   info   [GS]       [LONG_TASK]: DONE
[14:00:44.738]   info   [GS]       [SOME_BOT_A]: DONE
[14:00:44.738]   info   [GS]       [WAIT_FOR_INIT]: DONE
[14:00:44.844]   info   [GS]       [CLEAR_DECK]: DONE
[14:00:44.844]   info   [GS]       [INIT_A]: DONE
[14:00:44.846]   info   [GS]       [LONG_TASK]: DONE
[14:00:44.850]   info   [GS]       [SOME_BOT_A]: DONE
[14:00:44.850]   info   [GS]       [WAIT_FOR_INIT]: DONE
[14:00:44.957]   info   [GS]       [CLEAR_DECK]: DONE
[14:00:44.959]   info   [GS]       [INIT_A]: DONE
[14:00:44.959]   info   [GS]       [LONG_TASK]: DONE
[14:00:44.960]   info   [GS]       [SOME_BOT_A]: DONE
[14:00:44.960]   info   [GS]       [WAIT_FOR_INIT]: DONE
[14:00:45.062]   info   [GS]       [CLEAR_DECK]: DONE
[14:00:45.063]   info   [GS]       [INIT_A]: DONE
[14:00:45.063]   info   [GS]       [LONG_TASK]: DONE
[14:00:45.064]   info   [GS]       [SOME_BOT_A]: DONE
[14:00:45.065]   info   [GS]       [WAIT_FOR_INIT]: DONE
[14:00:45.171]   info   [GS]       [CLEAR_DECK]: DONE
[14:00:45.171]   info   [GS]       [INIT_A]: DONE
[14:00:45.172]   info   [GS]       [LONG_TASK]: DONE
[14:00:45.172]   info   [GS]       [SOME_BOT_A]: DONE
[14:00:45.173]   info   [GS]       [WAIT_FOR_INIT]: DONE
[14:00:45.277]   info   [GS]       [CLEAR_DECK]: DONE
[14:00:45.281]   info   [GS]       [INIT_A]: DONE
[14:00:45.282]   info   [GS]       [LONG_TASK]: DONE
[14:00:45.282]   info   [GS]       [SOME_BOT_A]: DONE
[14:00:45.282]   info   [GS]       [WAIT_FOR_INIT]: DONE
[14:00:45.385]   info   [GS]       [CLEAR_DECK]: DONE
[14:00:45.386]   info   [GS]       [INIT_A]: DONE
[14:00:45.387]   info   [GS]       [LONG_TASK]: DONE
[14:00:45.388]   info   [GS]       [SOME_BOT_A]: DONE
[14:00:45.388]   info   [GS]       [WAIT_FOR_INIT]: DONE
[14:00:45.493]   info   [GS]       [CLEAR_DECK]: DONE
[14:00:45.494]   info   [GS]       [INIT_A]: DONE
[14:00:45.495]   info   [GS]       [LONG_TASK]: DONE
[14:00:45.496]   info   [GS]       [SOME_BOT_A]: DONE
[14:00:45.497]   info   [GS]       [WAIT_FOR_INIT]: DONE
[14:00:45.601]   info   [GS]       [CLEAR_DECK]: DONE
[14:00:45.602]   info   [GS]       [INIT_A]: DONE
[14:00:45.602]   info   [GS]       [LONG_TASK]: DONE
[14:00:45.603]   info   [GS]       [SOME_BOT_A]: DONE
[14:00:45.604]   info   [GS]       [WAIT_FOR_INIT]: DONE
[14:00:45.709]   info   [GS]       [CLEAR_DECK]: DONE
[14:00:45.709]   info   [GS]       [INIT_A]: DONE
[14:00:45.710]   info   [GS]       [LONG_TASK]: DONE
[14:00:45.711]   info   [GS]       [SOME_BOT_A]: DONE
[14:00:45.711]   info   [GS]       [WAIT_FOR_INIT]: DONE
[14:00:45.817]   info   [GS]       [CLEAR_DECK]: DONE
[14:00:45.818]   info   [GS]       [INIT_A]: DONE
[14:00:45.819]   info   [GS]       [LONG_TASK]: DONE
[14:00:45.820]   info   [GS]       [SOME_BOT_A]: DONE
[14:00:45.821]   info   [GS]       [WAIT_FOR_INIT]: DONE
[14:00:45.925]   info   [GS]       [CLEAR_DECK]: DONE
[14:00:45.926]   info   [GS]       [INIT_A]: DONE
[14:00:45.927]   info   [GS]       [LONG_TASK]: DONE
[14:00:45.928]   info   [GS]       [SOME_BOT_A]: DONE
[14:00:45.928]   info   [GS]       [WAIT_FOR_INIT]: DONE
[14:00:46.030]   info   [GS]       [CLEAR_DECK]: DONE
[14:00:46.031]   info   [GS]       [INIT_A]: DONE
[14:00:46.031]   info   [GS]       [LONG_TASK]: DONE
[14:00:46.032]   info   [GS]       [SOME_BOT_A]: DONE
[14:00:46.033]   info   [GS]       [WAIT_FOR_INIT]: DONE
[14:00:46.138]   info   [GS]       [CLEAR_DECK]: DONE
[14:00:46.139]   info   [GS]       [INIT_A]: DONE
[14:00:46.141]   info   [GS]       [LONG_TASK]: DONE
[14:00:46.141]   info   [GS]       [SOME_BOT_A]: DONE
[14:00:46.142]   info   [GS]       [WAIT_FOR_INIT]: DONE
[14:00:46.244]   info   [GS]       [CLEAR_DECK]: DONE
[14:00:46.245]   info   [GS]       [INIT_A]: DONE
[14:00:46.245]   info   [GS]       [LONG_TASK]: DONE
[14:00:46.246]   info   [GS]       [SOME_BOT_A]: DONE
[14:00:46.246]   info   [GS]       [WAIT_FOR_INIT]: DONE
[14:00:46.351]   info   [GS]       [CLEAR_DECK]: DONE
[14:00:46.353]   info   [GS]       [INIT_A]: DONE
[14:00:46.354]   info   [GS]       [LONG_TASK]: DONE
[14:00:46.354]   info   [GS]       [SOME_BOT_A]: DONE
[14:00:46.355]   info   [GS]       [WAIT_FOR_INIT]: DONE
[14:00:46.457]   info   [GS]       [CLEAR_DECK]: DONE
[14:00:46.458]   info   [GS]       [INIT_A]: DONE
[14:00:46.459]   info   [GS]       [LONG_TASK]: DONE
[14:00:46.459]   info   [GS]       [SOME_BOT_A]: DONE
[14:00:46.460]   info   [GS]       [WAIT_FOR_INIT]: DONE
[14:00:46.562]   info   [GS]       [CLEAR_DECK]: DONE
[14:00:46.563]   info   [GS]       [INIT_A]: DONE
[14:00:46.564]   info   [GS]       [LONG_TASK]: DONE
[14:00:46.565]   info   [GS]       [SOME_BOT_A]: DONE
[14:00:46.565]   info   [GS]       [WAIT_FOR_INIT]: DONE
[14:00:46.669]   info   [GS]       [CLEAR_DECK]: DONE
[14:00:46.670]   info   [GS]       [INIT_A]: DONE
[14:00:46.670]   info   [GS]       [LONG_TASK]: DONE
[14:00:46.671]   info   [GS]       [SOME_BOT_A]: DONE
[14:00:46.671]   info   [GS]       [WAIT_FOR_INIT]: DONE
[14:00:46.777]   info   [GS]       [CLEAR_DECK]: DONE
[14:00:46.778]   info   [GS]       [INIT_A]: DONE
[14:00:46.778]   info   [GS]       [LONG_TASK]: DONE
[14:00:46.779]   info   [GS]       [SOME_BOT_A]: DONE
[14:00:46.779]   info   [GS]       [WAIT_FOR_INIT]: DONE
[14:00:46.885]   info   [GS]       [CLEAR_DECK]: DONE
[14:00:46.886]   info   [GS]       [INIT_A]: DONE
[14:00:46.887]   info   [GS]       [LONG_TASK]: DONE
[14:00:46.888]   info   [GS]       [SOME_BOT_A]: DONE
[14:00:46.889]   info   [GS]       [WAIT_FOR_INIT]: DONE
[14:00:46.993]   info   [GS]       [CLEAR_DECK]: DONE
[14:00:46.995]   info   [GS]       [INIT_A]: DONE
[14:00:46.996]   info   [GS]       [LONG_TASK]: DONE
[14:00:46.997]   info   [GS]       [SOME_BOT_A]: DONE
[14:00:46.997]   info   [GS]       [WAIT_FOR_INIT]: DONE
[14:00:47.098]   info   [GS]       [CLEAR_DECK]: DONE
[14:00:47.099]   info   [GS]       [INIT_A]: DONE
[14:00:47.099]   info   [GS]       [LONG_TASK]: DONE
[14:00:47.100]   info   [GS]       [SOME_BOT_A]: DONE
[14:00:47.101]   info   [GS]       [WAIT_FOR_INIT]: DONE
[14:00:47.207]   info   [GS]       [CLEAR_DECK]: DONE
[14:00:47.207]   info   [GS]       [INIT_A]: DONE
[14:00:47.208]   info   [GS]       [LONG_TASK]: DONE
[14:00:47.209]   info   [GS]       [SOME_BOT_A]: DONE
[14:00:47.210]   info   [GS]       [WAIT_FOR_INIT]: DONE
[14:00:47.316]   info   [GS]       [CLEAR_DECK]: DONE
[14:00:47.316]   info   [GS]       [INIT_A]: DONE
[14:00:47.317]   info   [GS]       [LONG_TASK]: DONE
[14:00:47.318]   info   [GS]       [SOME_BOT_A]: DONE
[14:00:47.319]   info   [GS]       [WAIT_FOR_INIT]: DONE
[14:00:47.423]   info   [GS]       [CLEAR_DECK]: DONE
[14:00:47.424]   info   [GS]       [INIT_A]: DONE
[14:00:47.425]   info   [GS]       [LONG_TASK]: DONE
[14:00:47.427]   info   [GS]       [SOME_BOT_A]: DONE
[14:00:47.427]   info   [GS]       [WAIT_FOR_INIT]: DONE
[14:00:47.529]   info   [GS]       [CLEAR_DECK]: DONE
[14:00:47.529]   info   [GS]       [INIT_A]: DONE
[14:00:47.530]   info   [GS]       [LONG_TASK]: DONE
[14:00:47.530]   info   [GS]       [SOME_BOT_A]: DONE
[14:00:47.531]   info   [GS]       [WAIT_FOR_INIT]: DONE
[14:00:47.634]   info   [GS]       [CLEAR_DECK]: DONE
[14:00:47.635]   info   [GS]       [INIT_A]: DONE
[14:00:47.635]   info   [GS]       [LONG_TASK]: DONE
[14:00:47.636]   info   [GS]       [SOME_BOT_A]: DONE
[14:00:47.636]   info   [GS]       [WAIT_FOR_INIT]: DONE
[14:00:47.739]   info   [GS]       [CLEAR_DECK]: DONE
[14:00:47.740]   info   [GS]       [INIT_A]: DONE
[14:00:47.742]   info   [GS]       [LONG_TASK]: DONE
[14:00:47.742]   info   [GS]       [SOME_BOT_A]: DONE
[14:00:47.743]   info   [GS]       [WAIT_FOR_INIT]: DONE
[14:00:47.847]   info   [GS]       [CLEAR_DECK]: DONE
[14:00:47.848]   info   [GS]       [INIT_A]: DONE
[14:00:47.849]   info   [GS]       [LONG_TASK]: DONE
[14:00:47.850]   info   [GS]       [SOME_BOT_A]: DONE
[14:00:47.851]   info   [GS]       [WAIT_FOR_INIT]: DONE
[14:00:47.952]   info   [GS]       [CLEAR_DECK]: DONE
[14:00:47.953]   info   [GS]       [INIT_A]: DONE
[14:00:47.953]   info   [GS]       [LONG_TASK]: DONE
[14:00:47.954]   info   [GS]       [SOME_BOT_A]: DONE
[14:00:47.954]   info   [GS]       [WAIT_FOR_INIT]: DONE
[14:00:48.056]   info   [GS]       [CLEAR_DECK]: DONE
[14:00:48.057]   info   [GS]       [INIT_A]: DONE
[14:00:48.057]   info   [GS]       [LONG_TASK]: DONE
[14:00:48.058]   info   [GS]       [SOME_BOT_A]: DONE
[14:00:48.058]   info   [GS]       [WAIT_FOR_INIT]: DONE
[14:00:48.164]   info   [GS]       [CLEAR_DECK]: DONE
[14:00:48.164]   info   [GS]       [INIT_A]: DONE
[14:00:48.165]   info   [GS]       [LONG_TASK]: DONE
[14:00:48.166]   info   [GS]       [SOME_BOT_A]: DONE
[14:00:48.168]   info   [GS]       [WAIT_FOR_INIT]: DONE
[14:00:48.270]   info   [GS]       [CLEAR_DECK]: DONE
[14:00:48.270]   info   [GS]       [INIT_A]: DONE
[14:00:48.271]   info   [GS]       [LONG_TASK]: DONE
[14:00:48.271]   info   [GS]       [SOME_BOT_A]: DONE
[14:00:48.272]   info   [GS]       [WAIT_FOR_INIT]: DONE
[14:00:48.375]   info   [GS]       [CLEAR_DECK]: DONE
[14:00:48.378]   info   [GS]       [INIT_A]: DONE
[14:00:48.379]   info   [GS]       [LONG_TASK]: DONE
[14:00:48.380]   info   [GS]       [SOME_BOT_A]: DONE
[14:00:48.380]   info   [GS]       [WAIT_FOR_INIT]: DONE
[14:00:48.483]   info   [GS]       [CLEAR_DECK]: DONE
[14:00:48.484]   info   [GS]       [INIT_A]: DONE
[14:00:48.485]   info   [GS]       [LONG_TASK]: DONE
[14:00:48.487]   info   [GS]       [SOME_BOT_A]: DONE
[14:00:48.488]   info   [GS]       [WAIT_FOR_INIT]: DONE
[14:00:48.590]   info   [GS]       [CLEAR_DECK]: DONE
[14:00:48.591]   info   [GS]       [INIT_A]: DONE
[14:00:48.593]   info   [GS]       [LONG_TASK]: DONE
[14:00:48.594]   info   [GS]       [SOME_BOT_A]: DONE
[14:00:48.595]   info   [GS]       [WAIT_FOR_INIT]: DONE
[14:00:48.701]   info   [GS]       [CLEAR_DECK]: DONE
[14:00:48.702]   info   [GS]       [INIT_A]: DONE
[14:00:48.703]   info   [GS]       [LONG_TASK]: DONE
[14:00:48.703]   info   [GS]       [SOME_BOT_A]: DONE
[14:00:48.703]   info   [GS]       [WAIT_FOR_INIT]: DONE
[14:00:48.808]   info   [GS]       [CLEAR_DECK]: DONE
[14:00:48.808]   info   [GS]       [INIT_A]: DONE
[14:00:48.809]   info   [GS]       [LONG_TASK]: DONE
[14:00:48.809]   info   [GS]       [SOME_BOT_A]: DONE
[14:00:48.810]   info   [GS]       [WAIT_FOR_INIT]: DONE
[14:00:48.912]   info   [GS]       [CLEAR_DECK]: DONE
[14:00:48.912]   info   [GS]       [INIT_A]: DONE
[14:00:48.912]   info   [GS]       [LONG_TASK]: DONE
[14:00:48.913]   info   [GS]       [SOME_BOT_A]: DONE
[14:00:48.913]   info   [GS]       [WAIT_FOR_INIT]: DONE
[14:00:49.014]   info   [GS]       [CLEAR_DECK]: DONE
[14:00:49.014]   info   [GS]       [INIT_A]: DONE
[14:00:49.014]   info   [GS]       [LONG_TASK]: DONE
[14:00:49.015]   info   [GS]       [SOME_BOT_A]: DONE
[14:00:49.015]   info   [GS]       [WAIT_FOR_INIT]: DONE
[14:00:49.119]   info   [GS]       [CLEAR_DECK]: DONE
[14:00:49.119]   info   [GS]       [INIT_A]: DONE
[14:00:49.120]   info   [GS]       [LONG_TASK]: DONE
[14:00:49.120]   info   [GS]       [SOME_BOT_A]: DONE
[14:00:49.120]   info   [GS]       [WAIT_FOR_INIT]: DONE
[14:00:49.225]   info   [GS]       [CLEAR_DECK]: DONE
[14:00:49.226]   info   [GS]       [INIT_A]: DONE
[14:00:49.229]   info   [GS]       [LONG_TASK]: DONE
[14:00:49.229]   info   [GS]       [SOME_BOT_A]: DONE
[14:00:49.229]   info   [GS]       [WAIT_FOR_INIT]: DONE
[14:00:49.333]   info   [GS]       [CLEAR_DECK]: DONE
[14:00:49.336]   info   [GS]       [INIT_A]: DONE
[14:00:49.337]   info   [GS]       [LONG_TASK]: DONE
[14:00:49.337]   info   [GS]       [SOME_BOT_A]: DONE
[14:00:49.337]   info   [GS]       [WAIT_FOR_INIT]: DONE
[14:00:49.439]   info   [GS]       [CLEAR_DECK]: DONE
[14:00:49.439]   info   [GS]       [INIT_A]: DONE
[14:00:49.440]   info   [GS]       [LONG_TASK]: DONE
[14:00:49.441]   info   [GS]       [SOME_BOT_A]: DONE
[14:00:49.441]   info   [GS]       [WAIT_FOR_INIT]: DONE
[14:00:49.548]   info   [GS]       [CLEAR_DECK]: DONE
[14:00:49.548]   info   [GS]       [INIT_A]: DONE
[14:00:49.549]   info   [GS]       [LONG_TASK]: DONE
[14:00:49.550]   info   [GS]       [SOME_BOT_A]: DONE
[14:00:49.552]   info   [GS]       [WAIT_FOR_INIT]: DONE
[14:00:49.659]   info   [GS]       [CLEAR_DECK]: DONE
[14:00:49.660]   info   [GS]       [INIT_A]: DONE
[14:00:49.660]   info   [GS]       [LONG_TASK]: DONE
[14:00:49.661]   info   [GS]       [SOME_BOT_A]: DONE
[14:00:49.661]   info   [GS]       [WAIT_FOR_INIT]: DONE
[14:00:49.763]   info   [GS]       [CLEAR_DECK]: DONE
[14:00:49.764]   info   [GS]       [INIT_A]: DONE
[14:00:49.764]   info   [GS]       [LONG_TASK]: DONE
[14:00:49.764]   info   [GS]       [SOME_BOT_A]: DONE
[14:00:49.764]   info   [GS]       [WAIT_FOR_INIT]: DONE
[14:00:49.870]   info   [GS]       [CLEAR_DECK]: DONE
[14:00:49.870]   info   [GS]       [INIT_A]: DONE
[14:00:49.870]   info   [GS]       [LONG_TASK]: DONE
[14:00:49.870]   info   [GS]       [SOME_BOT_A]: DONE
[14:00:49.870]   info   [GS]       [WAIT_FOR_INIT]: DONE
[14:00:49.974]   info   [GS]       [CLEAR_DECK]: DONE
[14:00:49.974]   info   [GS]       [INIT_A]: DONE
[14:00:49.974]   info   [GS]       [LONG_TASK]: DONE
[14:00:49.974]   info   [GS]       [SOME_BOT_A]: DONE
[14:00:49.974]   info   [GS]       [WAIT_FOR_INIT]: DONE
[14:00:50.077]   info   [GS]       [CLEAR_DECK]: DONE
[14:00:50.078]   info   [GS]       [INIT_A]: DONE
[14:00:50.078]   info   [GS]       [LONG_TASK]: DONE
[14:00:50.079]   info   [GS]       [SOME_BOT_A]: DONE
[14:00:50.080]   info   [GS]       [WAIT_FOR_INIT]: DONE
[14:00:50.182]   info   [GS]       [CLEAR_DECK]: DONE
[14:00:50.183]   info   [GS]       [INIT_A]: DONE
[14:00:50.183]   info   [GS]       [LONG_TASK]: DONE
[14:00:50.184]   info   [GS]       [SOME_BOT_A]: DONE
[14:00:50.184]   info   [GS]       [WAIT_FOR_INIT]: DONE
[14:00:50.287]   info   [GS]       [CLEAR_DECK]: DONE
[14:00:50.288]   info   [GS]       [INIT_A]: DONE
[14:00:50.288]   info   [GS]       [LONG_TASK]: DONE
[14:00:50.290]   info   [GS]       [SOME_BOT_A]: DONE
[14:00:50.291]   info   [GS]       [WAIT_FOR_INIT]: DONE
[14:00:50.395]   info   [GS]       [CLEAR_DECK]: DONE
[14:00:50.399]   info   [GS]       [INIT_A]: DONE
[14:00:50.400]   info   [GS]       [LONG_TASK]: DONE
[14:00:50.400]   info   [GS]       [SOME_BOT_A]: DONE
[14:00:50.400]   info   [GS]       [WAIT_FOR_INIT]: DONE
[14:00:50.502]   info   [GS]       [CLEAR_DECK]: DONE
[14:00:50.503]   info   [GS]       [INIT_A]: DONE
[14:00:50.504]   info   [GS]       [LONG_TASK]: DONE
[14:00:50.504]   info   [GS]       [SOME_BOT_A]: DONE
[14:00:50.504]   info   [GS]       [WAIT_FOR_INIT]: DONE
[14:00:50.606]   info   [GS]       [CLEAR_DECK]: DONE
[14:00:50.607]   info   [GS]       [INIT_A]: DONE
[14:00:50.608]   info   [GS]       [LONG_TASK]: DONE
[14:00:50.609]   info   [GS]       [SOME_BOT_A]: DONE
[14:00:50.609]   info   [GS]       [WAIT_FOR_INIT]: DONE
[14:00:50.714]   info   [GS]       [CLEAR_DECK]: DONE
[14:00:50.715]   info   [GS]       [INIT_A]: DONE
[14:00:50.716]   info   [GS]       [LONG_TASK]: DONE
[14:00:50.716]   info   [GS]       [SOME_BOT_A]: DONE
[14:00:50.717]   info   [GS]       [WAIT_FOR_INIT]: DONE
[14:00:50.821]   info   [GS]       [CLEAR_DECK]: DONE
[14:00:50.821]   info   [GS]       [INIT_A]: DONE
[14:00:50.823]   info   [GS]       [LONG_TASK]: DONE
[14:00:50.823]   info   [GS]       [SOME_BOT_A]: DONE
[14:00:50.824]   info   [GS]       [WAIT_FOR_INIT]: DONE
[14:00:50.930]   info   [GS]       [CLEAR_DECK]: DONE
[14:00:50.931]   info   [GS]       [INIT_A]: DONE
[14:00:50.931]   info   [GS]       [LONG_TASK]: DONE
[14:00:50.931]   info   [GS]       [SOME_BOT_A]: DONE
[14:00:50.932]   info   [GS]       [WAIT_FOR_INIT]: DONE
[14:00:51.034]   info   [GS]       [CLEAR_DECK]: DONE
[14:00:51.035]   info   [GS]       [INIT_A]: DONE
[14:00:51.036]   info   [GS]       [LONG_TASK]: DONE
[14:00:51.037]   info   [GS]       [SOME_BOT_A]: DONE
[14:00:51.037]   info   [GS]       [WAIT_FOR_INIT]: DONE
[14:00:51.141]   info   [GS]       [CLEAR_DECK]: DONE
[14:00:51.141]   info   [GS]       [INIT_A]: DONE
[14:00:51.142]   info   [GS]       [LONG_TASK]: DONE
[14:00:51.142]   info   [GS]       [SOME_BOT_A]: DONE
[14:00:51.143]   info   [GS]       [WAIT_FOR_INIT]: DONE
[14:00:51.247]   info   [GS]       [CLEAR_DECK]: DONE
[14:00:51.248]   info   [GS]       [INIT_A]: DONE
[14:00:51.248]   info   [GS]       [LONG_TASK]: DONE
[14:00:51.249]   info   [GS]       [SOME_BOT_A]: DONE
[14:00:51.249]   info   [GS]       [WAIT_FOR_INIT]: DONE
[14:00:51.354]   info   [GS]       [CLEAR_DECK]: DONE
[14:00:51.355]   info   [GS]       [INIT_A]: DONE
[14:00:51.356]   info   [GS]       [LONG_TASK]: DONE
[14:00:51.357]   info   [GS]       [SOME_BOT_A]: DONE
[14:00:51.357]   info   [GS]       [WAIT_FOR_INIT]: DONE
[14:00:51.464]   info   [GS]       [CLEAR_DECK]: DONE
[14:00:51.465]   info   [GS]       [INIT_A]: DONE
[14:00:51.466]   info   [GS]       [LONG_TASK]: DONE
[14:00:51.468]   info   [GS]       [SOME_BOT_A]: DONE
[14:00:51.469]   info   [GS]       [WAIT_FOR_INIT]: DONE
[14:00:51.574]   info   [GS]       [CLEAR_DECK]: DONE
[14:00:51.575]   info   [GS]       [INIT_A]: DONE
[14:00:51.576]   info   [GS]       [LONG_TASK]: DONE
[14:00:51.577]   info   [GS]       [SOME_BOT_A]: DONE
[14:00:51.578]   info   [GS]       [WAIT_FOR_INIT]: DONE
[14:00:51.682]   info   [GS]       [CLEAR_DECK]: DONE
[14:00:51.683]   info   [GS]       [INIT_A]: DONE
[14:00:51.683]   info   [GS]       [LONG_TASK]: DONE
[14:00:51.683]   info   [GS]       [SOME_BOT_A]: DONE
[14:00:51.684]   info   [GS]       [WAIT_FOR_INIT]: DONE
[14:00:51.786]   info   [GS]       [CLEAR_DECK]: DONE
[14:00:51.787]   info   [GS]       [INIT_A]: DONE
[14:00:51.788]   info   [GS]       [LONG_TASK]: DONE
[14:00:51.788]   info   [GS]       [SOME_BOT_A]: DONE
[14:00:51.789]   info   [GS]       [WAIT_FOR_INIT]: DONE
[14:00:51.917]   info   [GS]       [CLEAR_DECK]: DONE
[14:00:51.918]   info   [GS]       [INIT_A]: DONE
[14:00:51.919]   info   [GS]       [LONG_TASK]: DONE
[14:00:51.919]   info   [GS]       [SOME_BOT_A]: DONE
[14:00:51.919]   info   [GS]       [WAIT_FOR_INIT]: DONE
[14:00:52.024]   info   [GS]       [CLEAR_DECK]: DONE
[14:00:52.025]   info   [GS]       [INIT_A]: DONE
[14:00:52.026]   info   [GS]       [LONG_TASK]: DONE
[14:00:52.033]   info   [GS]       [SOME_BOT_A]: DONE
[14:00:52.033]   info   [GS]       [WAIT_FOR_INIT]: DONE
[14:00:52.139]   info   [GS]       [CLEAR_DECK]: DONE
[14:00:52.141]   info   [GS]       [INIT_A]: DONE
[14:00:52.145]   info   [GS]       [LONG_TASK]: DONE
[14:00:52.146]   info   [GS]       [SOME_BOT_A]: DONE
[14:00:52.146]   info   [GS]       [WAIT_FOR_INIT]: DONE
[14:00:52.250]   info   [GS]       [CLEAR_DECK]: DONE
[14:00:52.252]   info   [GS]       [INIT_A]: DONE
[14:00:52.253]   info   [GS]       [LONG_TASK]: DONE
[14:00:52.254]   info   [GS]       [SOME_BOT_A]: DONE
[14:00:52.254]   info   [GS]       [WAIT_FOR_INIT]: DONE
[14:00:52.361]   info   [GS]       [CLEAR_DECK]: DONE
[14:00:52.363]   info   [GS]       [INIT_A]: DONE
[14:00:52.364]   info   [GS]       [LONG_TASK]: DONE
[14:00:52.364]   info   [GS]       [SOME_BOT_A]: DONE
[14:00:52.365]   info   [GS]       [WAIT_FOR_INIT]: DONE
[14:00:52.471]   info   [GS]       [CLEAR_DECK]: DONE
[14:00:52.472]   info   [GS]       [INIT_A]: DONE
[14:00:52.472]   info   [GS]       [LONG_TASK]: DONE
[14:00:52.473]   info   [GS]       [SOME_BOT_A]: DONE
[14:00:52.473]   info   [GS]       [WAIT_FOR_INIT]: DONE
[14:00:52.579]   info   [GS]       [CLEAR_DECK]: DONE
[14:00:52.581]   info   [GS]       [INIT_A]: DONE
[14:00:52.582]   info   [GS]       [LONG_TASK]: DONE
[14:00:52.582]   info   [GS]       [SOME_BOT_A]: DONE
[14:00:52.582]   info   [GS]       [WAIT_FOR_INIT]: DONE
[14:00:52.687]   info   [GS]       [CLEAR_DECK]: DONE
[14:00:52.689]   info   [GS]       [INIT_A]: DONE
[14:00:52.689]   info   [GS]       [LONG_TASK]: DONE
[14:00:52.690]   info   [GS]       [SOME_BOT_A]: DONE
[14:00:52.691]   info   [GS]       [WAIT_FOR_INIT]: DONE
[14:00:52.794]   info   [GS]       [CLEAR_DECK]: DONE
[14:00:52.796]   info   [GS]       [INIT_A]: DONE
[14:00:52.797]   info   [GS]       [LONG_TASK]: DONE
[14:00:52.797]   info   [GS]       [SOME_BOT_A]: DONE
[14:00:52.797]   info   [GS]       [WAIT_FOR_INIT]: DONE
[14:00:52.903]   info   [GS]       [CLEAR_DECK]: DONE
[14:00:52.905]   info   [GS]       [INIT_A]: DONE
[14:00:52.906]   info   [GS]       [LONG_TASK]: DONE
[14:00:52.907]   info   [GS]       [SOME_BOT_A]: DONE
[14:00:52.907]   info   [GS]       [WAIT_FOR_INIT]: DONE
[14:00:53.013]   info   [GS]       [CLEAR_DECK]: DONE
[14:00:53.014]   info   [GS]       [INIT_A]: DONE
[14:00:53.015]   info   [GS]       [LONG_TASK]: DONE
[14:00:53.016]   info   [GS]       [SOME_BOT_A]: DONE
[14:00:53.017]   info   [GS]       [WAIT_FOR_INIT]: DONE
[14:00:53.122]   info   [GS]       [CLEAR_DECK]: DONE
[14:00:53.123]   info   [GS]       [INIT_A]: DONE
[14:00:53.123]   info   [GS]       [LONG_TASK]: DONE
[14:00:53.125]   info   [GS]       [SOME_BOT_A]: DONE
[14:00:53.126]   info   [GS]       [WAIT_FOR_INIT]: DONE
[14:00:53.228]   info   [GS]       [CLEAR_DECK]: DONE
[14:00:53.229]   info   [GS]       [INIT_A]: DONE
[14:00:53.230]   info   [GS]       [LONG_TASK]: DONE
[14:00:53.230]   info   [GS]       [SOME_BOT_A]: DONE
[14:00:53.230]   info   [GS]       [WAIT_FOR_INIT]: DONE
[14:00:53.334]   info   [GS]       [CLEAR_DECK]: DONE
[14:00:53.334]   info   [GS]       [INIT_A]: DONE
[14:00:53.335]   info   [GS]       [LONG_TASK]: DONE
[14:00:53.335]   info   [GS]       [SOME_BOT_A]: DONE
[14:00:53.336]   info   [GS]       [WAIT_FOR_INIT]: DONE
[14:00:53.440]   info   [GS]       [CLEAR_DECK]: DONE
[14:00:53.440]   info   [GS]       [INIT_A]: DONE
[14:00:53.441]   info   [GS]       [LONG_TASK]: DONE
[14:00:53.442]   info   [GS]       [SOME_BOT_A]: DONE
[14:00:53.442]   info   [GS]       [WAIT_FOR_INIT]: DONE
[14:00:53.546]   info   [GS]       [CLEAR_DECK]: DONE
[14:00:53.547]   info   [GS]       [INIT_A]: DONE
[14:00:53.548]   info   [GS]       [LONG_TASK]: DONE
[14:00:53.549]   info   [GS]       [SOME_BOT_A]: DONE
[14:00:53.549]   info   [GS]       [WAIT_FOR_INIT]: DONE
[14:00:53.654]   info   [GS]       [CLEAR_DECK]: DONE
[14:00:53.655]   info   [GS]       [INIT_A]: DONE
[14:00:53.655]   info   [GS]       [LONG_TASK]: DONE
[14:00:53.656]   info   [GS]       [SOME_BOT_A]: DONE
[14:00:53.656]   info   [GS]       [WAIT_FOR_INIT]: DONE
[14:00:53.764]   info   [GS]       [CLEAR_DECK]: DONE
[14:00:53.765]   info   [GS]       [INIT_A]: DONE
[14:00:53.765]   info   [GS]       [LONG_TASK]: DONE
[14:00:53.765]   info   [GS]       [SOME_BOT_A]: DONE
[14:00:53.766]   info   [GS]       [WAIT_FOR_INIT]: DONE
[14:00:53.867]   info   [GS]       [CLEAR_DECK]: DONE
[14:00:53.869]   info   [GS]       [INIT_A]: DONE
[14:00:53.870]   info   [GS]       [LONG_TASK]: DONE
[14:00:53.870]   info   [GS]       [SOME_BOT_A]: DONE
[14:00:53.871]   info   [GS]       [WAIT_FOR_INIT]: DONE
[14:00:53.973]   info   [GS]       [CLEAR_DECK]: DONE
[14:00:53.973]   info   [GS]       [INIT_A]: DONE
[14:00:53.974]   info   [GS]       [LONG_TASK]: DONE
[14:00:53.975]   info   [GS]       [SOME_BOT_A]: DONE
[14:00:53.976]   info   [GS]       [WAIT_FOR_INIT]: DONE
[14:00:54.080]   info   [GS]       [CLEAR_DECK]: DONE
[14:00:54.081]   info   [GS]       [INIT_A]: DONE
[14:00:54.082]   info   [GS]       [LONG_TASK]: DONE
[14:00:54.085]   info   [GS]       [SOME_BOT_A]: DONE
[14:00:54.086]   info   [GS]       [WAIT_FOR_INIT]: DONE
[14:00:54.191]   info   [GS]       [CLEAR_DECK]: DONE
[14:00:54.192]   info   [GS]       [INIT_A]: DONE
[14:00:54.195]   info   [GS]       [LONG_TASK]: DONE
[14:00:54.196]   info   [GS]       [SOME_BOT_A]: DONE
[14:00:54.197]   info   [GS]       [WAIT_FOR_INIT]: DONE
[14:00:54.302]   info   [GS]       [CLEAR_DECK]: DONE
[14:00:54.304]   info   [GS]       [INIT_A]: DONE
[14:00:54.305]   info   [GS]       [LONG_TASK]: DONE
[14:00:54.306]   info   [GS]       [SOME_BOT_A]: DONE
[14:00:54.306]   info   [GS]       [WAIT_FOR_INIT]: DONE
[14:00:54.410]   info   [GS]       [CLEAR_DECK]: DONE
[14:00:54.411]   info   [GS]       [INIT_A]: DONE
[14:00:54.412]   info   [GS]       [LONG_TASK]: DONE
[14:00:54.413]   info   [GS]       [SOME_BOT_A]: DONE
[14:00:54.414]   info   [GS]       [WAIT_FOR_INIT]: DONE
[14:00:54.519]   info   [GS]       [CLEAR_DECK]: DONE
[14:00:54.521]   info   [GS]       [INIT_A]: DONE
[14:00:54.521]   info   [GS]       [LONG_TASK]: DONE
[14:00:54.522]   info   [GS]       [SOME_BOT_A]: DONE
[14:00:54.523]   info   [GS]       [WAIT_FOR_INIT]: DONE
[14:00:54.629]   info   [GS]       [CLEAR_DECK]: DONE
[14:00:54.629]   info   [GS]       [INIT_A]: DONE
[14:00:54.630]   info   [GS]       [LONG_TASK]: DONE
[14:00:54.631]   info   [GS]       [SOME_BOT_A]: DONE
[14:00:54.632]   info   [GS]       [WAIT_FOR_INIT]: DONE
[14:00:54.735]   info   [GS]       [CLEAR_DECK]: DONE
[14:00:54.739]   info   [GS]       [INIT_A]: DONE
[14:00:54.740]   info   [GS]       [LONG_TASK]: DONE
[14:00:54.740]   info   [GS]       [SOME_BOT_A]: DONE
[14:00:54.741]   info   [GS]       [WAIT_FOR_INIT]: DONE
[14:00:54.845]   info   [GS]       [CLEAR_DECK]: DONE
[14:00:54.847]   info   [GS]       [INIT_A]: DONE
[14:00:54.848]   info   [GS]       [LONG_TASK]: DONE
[14:00:54.848]   info   [GS]       [SOME_BOT_A]: DONE
[14:00:54.849]   info   [GS]       [WAIT_FOR_INIT]: DONE
[14:00:54.952]   info   [GS]       [CLEAR_DECK]: DONE
[14:00:54.953]   info   [GS]       [INIT_A]: DONE
[14:00:54.954]   info   [GS]       [LONG_TASK]: DONE
[14:00:54.955]   info   [GS]       [SOME_BOT_A]: DONE
[14:00:54.956]   info   [GS]       [WAIT_FOR_INIT]: DONE
[14:00:55.061]   info   [GS]       [CLEAR_DECK]: DONE
[14:00:55.062]   info   [GS]       [INIT_A]: DONE
[14:00:55.063]   info   [GS]       [LONG_TASK]: DONE
[14:00:55.064]   info   [GS]       [SOME_BOT_A]: DONE
[14:00:55.065]   info   [GS]       [WAIT_FOR_INIT]: DONE
[14:00:55.167]   info   [GS]       [CLEAR_DECK]: DONE
[14:00:55.169]   info   [GS]       [INIT_A]: DONE
[14:00:55.170]   info   [GS]       [LONG_TASK]: DONE
[14:00:55.170]   info   [GS]       [SOME_BOT_A]: DONE
[14:00:55.171]   info   [GS]       [WAIT_FOR_INIT]: DONE
[14:00:55.273]   info   [GS]       [CLEAR_DECK]: DONE
[14:00:55.274]   info   [GS]       [INIT_A]: DONE
[14:00:55.276]   info   [GS]       [LONG_TASK]: DONE
[14:00:55.277]   info   [GS]       [SOME_BOT_A]: DONE
[14:00:55.277]   info   [GS]       [WAIT_FOR_INIT]: DONE
[14:00:55.380]   info   [GS]       [CLEAR_DECK]: DONE
[14:00:55.384]   info   [GS]       [INIT_A]: DONE
[14:00:55.385]   info   [GS]       [LONG_TASK]: DONE
[14:00:55.385]   info   [GS]       [SOME_BOT_A]: DONE
[14:00:55.386]   info   [GS]       [WAIT_FOR_INIT]: DONE
[14:00:55.489]   info   [GS]       [CLEAR_DECK]: DONE
[14:00:55.489]   info   [GS]       [INIT_A]: DONE
[14:00:55.490]   info   [GS]       [LONG_TASK]: DONE
[14:00:55.491]   info   [GS]       [SOME_BOT_A]: DONE
[14:00:55.491]   info   [GS]       [WAIT_FOR_INIT]: DONE
[14:00:55.597]   info   [GS]       [CLEAR_DECK]: DONE
[14:00:55.597]   info   [GS]       [INIT_A]: DONE
[14:00:55.598]   info   [GS]       [LONG_TASK]: DONE
[14:00:55.599]   info   [GS]       [SOME_BOT_A]: DONE
[14:00:55.600]   info   [GS]       [WAIT_FOR_INIT]: DONE
[14:00:55.702]   info   [GS]       [CLEAR_DECK]: DONE
[14:00:55.704]   info   [GS]       [INIT_A]: DONE
[14:00:55.705]   info   [GS]       [LONG_TASK]: DONE
[14:00:55.705]   info   [GS]       [SOME_BOT_A]: DONE
[14:00:55.706]   info   [GS]       [WAIT_FOR_INIT]: DONE
[14:00:55.811]   info   [GS]       [CLEAR_DECK]: DONE
[14:00:55.811]   info   [GS]       [INIT_A]: DONE
[14:00:55.812]   info   [GS]       [LONG_TASK]: DONE
[14:00:55.812]   info   [GS]       [SOME_BOT_A]: DONE
[14:00:55.813]   info   [GS]       [WAIT_FOR_INIT]: DONE
[14:00:55.920]   info   [GS]       [CLEAR_DECK]: DONE
[14:00:55.921]   info   [GS]       [INIT_A]: DONE
[14:00:55.921]   info   [GS]       [LONG_TASK]: DONE
[14:00:55.922]   info   [GS]       [SOME_BOT_A]: DONE
[14:00:55.923]   info   [GS]       [WAIT_FOR_INIT]: DONE
[14:00:56.026]   info   [GS]       [CLEAR_DECK]: DONE
[14:00:56.028]   info   [GS]       [INIT_A]: DONE
[14:00:56.029]   info   [GS]       [LONG_TASK]: DONE
[14:00:56.030]   info   [GS]       [SOME_BOT_A]: DONE
[14:00:56.030]   info   [GS]       [WAIT_FOR_INIT]: DONE
[14:00:56.134]   info   [GS]       [CLEAR_DECK]: DONE
[14:00:56.135]   info   [GS]       [INIT_A]: DONE
[14:00:56.135]   info   [GS]       [LONG_TASK]: DONE
[14:00:56.136]   info   [GS]       [SOME_BOT_A]: DONE
[14:00:56.136]   info   [GS]       [WAIT_FOR_INIT]: DONE
[14:00:56.242]   info   [GS]       [CLEAR_DECK]: DONE
[14:00:56.242]   info   [GS]       [INIT_A]: DONE
[14:00:56.243]   info   [GS]       [LONG_TASK]: DONE
[14:00:56.243]   info   [GS]       [SOME_BOT_A]: DONE
[14:00:56.244]   info   [GS]       [WAIT_FOR_INIT]: DONE
[14:00:56.350]   info   [GS]       [CLEAR_DECK]: DONE
[14:00:56.352]   info   [GS]       [INIT_A]: DONE
[14:00:56.353]   info   [GS]       [LONG_TASK]: DONE
[14:00:56.353]   info   [GS]       [SOME_BOT_A]: DONE
[14:00:56.353]   info   [GS]       [WAIT_FOR_INIT]: DONE
[14:00:56.456]   info   [GS]       [CLEAR_DECK]: DONE
[14:00:56.457]   info   [GS]       [INIT_A]: DONE
[14:00:56.458]   info   [GS]       [LONG_TASK]: DONE
[14:00:56.459]   info   [GS]       [SOME_BOT_A]: DONE
[14:00:56.459]   info   [GS]       [WAIT_FOR_INIT]: DONE
[14:00:56.561]   info   [GS]       [CLEAR_DECK]: DONE
[14:00:56.561]   info   [GS]       [INIT_A]: DONE
[14:00:56.562]   info   [GS]       [LONG_TASK]: DONE
[14:00:56.563]   info   [GS]       [SOME_BOT_A]: DONE
[14:00:56.563]   info   [GS]       [WAIT_FOR_INIT]: DONE
[14:00:56.670]   info   [GS]       [CLEAR_DECK]: DONE
[14:00:56.671]   info   [GS]       [INIT_A]: DONE
[14:00:56.671]   info   [GS]       [LONG_TASK]: DONE
[14:00:56.672]   info   [GS]       [SOME_BOT_A]: DONE
[14:00:56.672]   info   [GS]       [WAIT_FOR_INIT]: DONE
[14:00:56.778]   info   [GS]       [CLEAR_DECK]: DONE
[14:00:56.778]   info   [GS]       [INIT_A]: DONE
[14:00:56.779]   info   [GS]       [LONG_TASK]: DONE
[14:00:56.780]   info   [GS]       [SOME_BOT_A]: DONE
[14:00:56.780]   info   [GS]       [WAIT_FOR_INIT]: DONE
[14:00:56.883]   info   [GS]       [CLEAR_DECK]: DONE
[14:00:56.884]   info   [GS]       [INIT_A]: DONE
[14:00:56.885]   info   [GS]       [LONG_TASK]: DONE
[14:00:56.885]   info   [GS]       [SOME_BOT_A]: DONE
[14:00:56.886]   info   [GS]       [WAIT_FOR_INIT]: DONE
[14:00:56.992]   info   [GS]       [CLEAR_DECK]: DONE
[14:00:56.993]   info   [GS]       [INIT_A]: DONE
[14:00:56.994]   info   [GS]       [LONG_TASK]: DONE
[14:00:56.994]   info   [GS]       [SOME_BOT_A]: DONE
[14:00:56.995]   info   [GS]       [WAIT_FOR_INIT]: DONE
[14:00:57.098]   info   [GS]       [CLEAR_DECK]: DONE
[14:00:57.100]   info   [GS]       [INIT_A]: DONE
[14:00:57.101]   info   [GS]       [LONG_TASK]: DONE
[14:00:57.101]   info   [GS]       [SOME_BOT_A]: DONE
[14:00:57.102]   info   [GS]       [WAIT_FOR_INIT]: DONE
[14:00:57.205]   info   [GS]       [CLEAR_DECK]: DONE
[14:00:57.205]   info   [GS]       [INIT_A]: DONE
[14:00:57.206]   info   [GS]       [LONG_TASK]: DONE
[14:00:57.208]   info   [GS]       [SOME_BOT_A]: DONE
[14:00:57.209]   info   [GS]       [WAIT_FOR_INIT]: DONE
[14:00:57.311]   info   [GS]       [CLEAR_DECK]: DONE
[14:00:57.312]   info   [GS]       [INIT_A]: DONE
[14:00:57.313]   info   [GS]       [LONG_TASK]: DONE
[14:00:57.314]   info   [GS]       [SOME_BOT_A]: DONE
[14:00:57.314]   info   [GS]       [WAIT_FOR_INIT]: DONE
[14:00:57.416]   info   [GS]       [CLEAR_DECK]: DONE
[14:00:57.418]   info   [GS]       [INIT_A]: DONE
[14:00:57.419]   info   [GS]       [LONG_TASK]: DONE
[14:00:57.419]   info   [GS]       [SOME_BOT_A]: DONE
[14:00:57.420]   info   [GS]       [WAIT_FOR_INIT]: DONE
[14:00:57.523]   info   [GS]       [CLEAR_DECK]: DONE
[14:00:57.524]   info   [GS]       [INIT_A]: DONE
[14:00:57.524]   info   [GS]       [LONG_TASK]: DONE
[14:00:57.525]   info   [GS]       [SOME_BOT_A]: DONE
[14:00:57.526]   info   [GS]       [WAIT_FOR_INIT]: DONE
[14:00:57.634]   info   [GS]       [CLEAR_DECK]: DONE
[14:00:57.635]   info   [GS]       [INIT_A]: DONE
[14:00:57.637]   info   [GS]       [LONG_TASK]: DONE
[14:00:57.638]   info   [GS]       [SOME_BOT_A]: DONE
[14:00:57.638]   info   [GS]       [WAIT_FOR_INIT]: DONE
[14:00:57.741]   info   [GS]       [CLEAR_DECK]: DONE
[14:00:57.742]   info   [GS]       [INIT_A]: DONE
[14:00:57.743]   info   [GS]       [LONG_TASK]: DONE
[14:00:57.744]   info   [GS]       [SOME_BOT_A]: DONE
[14:00:57.745]   info   [GS]       [WAIT_FOR_INIT]: DONE
[14:00:57.850]   info   [GS]       [CLEAR_DECK]: DONE
[14:00:57.851]   info   [GS]       [INIT_A]: DONE
[14:00:57.852]   info   [GS]       [LONG_TASK]: DONE
[14:00:57.853]   info   [GS]       [SOME_BOT_A]: DONE
[14:00:57.853]   info   [GS]       [WAIT_FOR_INIT]: DONE
[14:00:57.958]   info   [GS]       [CLEAR_DECK]: DONE
[14:00:57.960]   info   [GS]       [INIT_A]: DONE
[14:00:57.961]   info   [GS]       [LONG_TASK]: DONE
[14:00:57.962]   info   [GS]       [SOME_BOT_A]: DONE
[14:00:57.962]   info   [GS]       [WAIT_FOR_INIT]: DONE
[14:00:58.066]   info   [GS]       [CLEAR_DECK]: DONE
[14:00:58.068]   info   [GS]       [INIT_A]: DONE
[14:00:58.069]   info   [GS]       [LONG_TASK]: DONE
[14:00:58.070]   info   [GS]       [SOME_BOT_A]: DONE
[14:00:58.070]   info   [GS]       [WAIT_FOR_INIT]: DONE
[14:00:58.175]   info   [GS]       [CLEAR_DECK]: DONE
[14:00:58.175]   info   [GS]       [INIT_A]: DONE
[14:00:58.176]   info   [GS]       [LONG_TASK]: DONE
[14:00:58.177]   info   [GS]       [SOME_BOT_A]: DONE
[14:00:58.177]   info   [GS]       [WAIT_FOR_INIT]: DONE
[14:00:58.281]   info   [GS]       [CLEAR_DECK]: DONE
[14:00:58.281]   info   [GS]       [INIT_A]: DONE
[14:00:58.282]   info   [GS]       [LONG_TASK]: DONE
[14:00:58.285]   info   [GS]       [SOME_BOT_A]: DONE
[14:00:58.285]   info   [GS]       [WAIT_FOR_INIT]: DONE
[14:00:58.388]   info   [GS]       [CLEAR_DECK]: DONE
[14:00:58.392]   info   [GS]       [INIT_A]: DONE
[14:00:58.393]   info   [GS]       [LONG_TASK]: DONE
[14:00:58.393]   info   [GS]       [SOME_BOT_A]: DONE
[14:00:58.394]   info   [GS]       [WAIT_FOR_INIT]: DONE
[14:00:58.497]   info   [GS]       [CLEAR_DECK]: DONE
[14:00:58.498]   info   [GS]       [INIT_A]: DONE
[14:00:58.499]   info   [GS]       [LONG_TASK]: DONE
[14:00:58.500]   info   [GS]       [SOME_BOT_A]: DONE
[14:00:58.501]   info   [GS]       [WAIT_FOR_INIT]: DONE
[14:00:58.605]   info   [GS]       [CLEAR_DECK]: DONE
[14:00:58.605]   info   [GS]       [INIT_A]: DONE
[14:00:58.606]   info   [GS]       [LONG_TASK]: DONE
[14:00:58.607]   info   [GS]       [SOME_BOT_A]: DONE
[14:00:58.607]   info   [GS]       [WAIT_FOR_INIT]: DONE
[14:00:58.712]   info   [GS]       [CLEAR_DECK]: DONE
[14:00:58.713]   info   [GS]       [INIT_A]: DONE
[14:00:58.714]   info   [GS]       [LONG_TASK]: DONE
[14:00:58.714]   info   [GS]       [SOME_BOT_A]: DONE
[14:00:58.715]   info   [GS]       [WAIT_FOR_INIT]: DONE
[14:00:58.821]   info   [GS]       [CLEAR_DECK]: DONE
[14:00:58.822]   info   [GS]       [INIT_A]: DONE
[14:00:58.823]   info   [GS]       [LONG_TASK]: DONE
[14:00:58.824]   info   [GS]       [SOME_BOT_A]: DONE
[14:00:58.824]   info   [GS]       [WAIT_FOR_INIT]: DONE
[14:00:58.931]   info   [GS]       [CLEAR_DECK]: DONE
[14:00:58.933]   info   [GS]       [INIT_A]: DONE
[14:00:58.934]   info   [GS]       [LONG_TASK]: DONE
[14:00:58.935]   info   [GS]       [SOME_BOT_A]: DONE
[14:00:58.935]   info   [GS]       [WAIT_FOR_INIT]: DONE
[14:00:59.042]   info   [GS]       [CLEAR_DECK]: DONE
[14:00:59.043]   info   [GS]       [INIT_A]: DONE
[14:00:59.044]   info   [GS]       [LONG_TASK]: DONE
[14:00:59.045]   info   [GS]       [SOME_BOT_A]: DONE
[14:00:59.045]   info   [GS]       [WAIT_FOR_INIT]: DONE
[14:00:59.151]   info   [GS]       [CLEAR_DECK]: DONE
[14:00:59.153]   info   [GS]       [INIT_A]: DONE
[14:00:59.154]   info   [GS]       [LONG_TASK]: DONE
[14:00:59.155]   info   [GS]       [SOME_BOT_A]: DONE
[14:00:59.156]   info   [GS]       [WAIT_FOR_INIT]: DONE
[14:00:59.256]   info   [GS]       [CLEAR_DECK]: DONE
[14:00:59.257]   info   [GS]       [INIT_A]: DONE
[14:00:59.258]   info   [GS]       [LONG_TASK]: DONE
[14:00:59.258]   info   [GS]       [SOME_BOT_A]: DONE
[14:00:59.258]   info   [GS]       [WAIT_FOR_INIT]: DONE
[14:00:59.364]   info   [GS]       [CLEAR_DECK]: DONE
[14:00:59.365]   info   [GS]       [INIT_A]: DONE
[14:00:59.365]   info   [GS]       [LONG_TASK]: DONE
[14:00:59.366]   info   [GS]       [SOME_BOT_A]: DONE
[14:00:59.367]   info   [GS]       [WAIT_FOR_INIT]: DONE
[14:00:59.472]   info   [GS]       [CLEAR_DECK]: DONE
[14:00:59.473]   info   [GS]       [INIT_A]: DONE
[14:00:59.473]   info   [GS]       [LONG_TASK]: DONE
[14:00:59.474]   info   [GS]       [SOME_BOT_A]: DONE
[14:00:59.474]   info   [GS]       [WAIT_FOR_INIT]: DONE
[14:00:59.579]   info   [GS]       [CLEAR_DECK]: DONE
[14:00:59.580]   info   [GS]       [INIT_A]: DONE
[14:00:59.580]   info   [GS]       [LONG_TASK]: DONE
[14:00:59.581]   info   [GS]       [SOME_BOT_A]: DONE
[14:00:59.582]   info   [GS]       [WAIT_FOR_INIT]: DONE
[14:00:59.685]   info   [GS]       [CLEAR_DECK]: DONE
[14:00:59.686]   info   [GS]       [INIT_A]: DONE
[14:00:59.686]   info   [GS]       [LONG_TASK]: DONE
[14:00:59.687]   info   [GS]       [SOME_BOT_A]: DONE
[14:00:59.688]   info   [GS]       [WAIT_FOR_INIT]: DONE
[14:00:59.793]   info   [GS]       [CLEAR_DECK]: DONE
[14:00:59.793]   info   [GS]       [INIT_A]: DONE
[14:00:59.794]   info   [GS]       [LONG_TASK]: DONE
[14:00:59.794]   info   [GS]       [SOME_BOT_A]: DONE
[14:00:59.795]   info   [GS]       [WAIT_FOR_INIT]: DONE
[14:00:59.897]   info   [GS]       [CLEAR_DECK]: DONE
[14:00:59.898]   info   [GS]       [INIT_A]: DONE
[14:00:59.898]   info   [GS]       [LONG_TASK]: DONE
[14:00:59.899]   info   [GS]       [SOME_BOT_A]: DONE
[14:00:59.899]   info   [GS]       [WAIT_FOR_INIT]: DONE
[14:01:00.003]   info   [GS]       [CLEAR_DECK]: DONE
[14:01:00.007]   info   [GS]       [INIT_A]: DONE
[14:01:00.009]   info   [GS]       [LONG_TASK]: DONE
[14:01:00.010]   info   [GS]       [SOME_BOT_A]: DONE
[14:01:00.010]   info   [GS]       [WAIT_FOR_INIT]: DONE
[14:01:00.115]   info   [GS]       [CLEAR_DECK]: DONE
[14:01:00.116]   info   [GS]       [INIT_A]: DONE
[14:01:00.116]   info   [GS]       [LONG_TASK]: DONE
[14:01:00.116]   info   [GS]       [SOME_BOT_A]: DONE
[14:01:00.116]   info   [GS]       [WAIT_FOR_INIT]: DONE
[14:01:00.221]   info   [GS]       [CLEAR_DECK]: DONE
[14:01:00.222]   info   [GS]       [INIT_A]: DONE
[14:01:00.224]   info   [GS]       [LONG_TASK]: DONE
[14:01:00.225]   info   [GS]       [SOME_BOT_A]: DONE
[14:01:00.225]   info   [GS]       [WAIT_FOR_INIT]: DONE
[14:01:00.327]   info   [GS]       [CLEAR_DECK]: DONE
[14:01:00.328]   info   [GS]       [INIT_A]: DONE
[14:01:00.328]   info   [GS]       [LONG_TASK]: DONE
[14:01:00.329]   info   [GS]       [SOME_BOT_A]: DONE
[14:01:00.329]   info   [GS]       [WAIT_FOR_INIT]: DONE
[14:01:00.432]   info   [GS]       [CLEAR_DECK]: DONE
[14:01:00.433]   info   [GS]       [INIT_A]: DONE
[14:01:00.433]   info   [GS]       [LONG_TASK]: DONE
[14:01:00.434]   info   [GS]       [SOME_BOT_A]: DONE
[14:01:00.434]   info   [GS]       [WAIT_FOR_INIT]: DONE
[14:01:00.540]   info   [GS]       [CLEAR_DECK]: DONE
[14:01:00.541]   info   [GS]       [INIT_A]: DONE
[14:01:00.543]   info   [GS]       [LONG_TASK]: DONE
[14:01:00.544]   info   [GS]       [SOME_BOT_A]: DONE
[14:01:00.544]   info   [GS]       [WAIT_FOR_INIT]: DONE
[14:01:00.647]   info   [GS]       [CLEAR_DECK]: DONE
[14:01:00.648]   info   [GS]       [INIT_A]: DONE
[14:01:00.649]   info   [GS]       [LONG_TASK]: DONE
[14:01:00.650]   info   [GS]       [SOME_BOT_A]: DONE
[14:01:00.650]   info   [GS]       [WAIT_FOR_INIT]: DONE
[14:01:00.753]   info   [GS]       [CLEAR_DECK]: DONE
[14:01:00.754]   info   [GS]       [INIT_A]: DONE
[14:01:00.755]   info   [GS]       [LONG_TASK]: DONE
[14:01:00.756]   info   [GS]       [SOME_BOT_A]: DONE
[14:01:00.757]   info   [GS]       [WAIT_FOR_INIT]: DONE
[14:01:00.862]   info   [GS]       [CLEAR_DECK]: DONE
[14:01:00.864]   info   [GS]       [INIT_A]: DONE
[14:01:00.864]   info   [GS]       [LONG_TASK]: DONE
[14:01:00.864]   info   [GS]       [SOME_BOT_A]: DONE
[14:01:00.865]   info   [GS]       [WAIT_FOR_INIT]: DONE
[14:01:00.967]   info   [GS]       [CLEAR_DECK]: DONE
[14:01:00.968]   info   [GS]       [INIT_A]: DONE
[14:01:00.969]   info   [GS]       [LONG_TASK]: DONE
[14:01:00.969]   info   [GS]       [SOME_BOT_A]: DONE
[14:01:00.970]   info   [GS]       [WAIT_FOR_INIT]: DONE
[14:01:01.074]   info   [GS]       [CLEAR_DECK]: DONE
[14:01:01.074]   info   [GS]       [INIT_A]: DONE
[14:01:01.074]   info   [GS]       [LONG_TASK]: DONE
[14:01:01.075]   info   [GS]       [SOME_BOT_A]: DONE
[14:01:01.075]   info   [GS]       [WAIT_FOR_INIT]: DONE
[14:01:01.178]   info   [GS]       [CLEAR_DECK]: DONE
[14:01:01.181]   info   [GS]       [INIT_A]: DONE
[14:01:01.183]   info   [GS]       [LONG_TASK]: DONE
[14:01:01.183]   info   [GS]       [SOME_BOT_A]: DONE
[14:01:01.183]   info   [GS]       [WAIT_FOR_INIT]: DONE
[14:01:01.288]   info   [GS]       [CLEAR_DECK]: DONE
[14:01:01.288]   info   [GS]       [INIT_A]: DONE
[14:01:01.290]   info   [GS]       [LONG_TASK]: DONE
[14:01:01.292]   info   [GS]       [SOME_BOT_A]: DONE
[14:01:01.293]   info   [GS]       [WAIT_FOR_INIT]: DONE
[14:01:01.394]   info   [GS]       [CLEAR_DECK]: DONE
[14:01:01.395]   info   [GS]       [INIT_A]: DONE
[14:01:01.397]   info   [GS]       [LONG_TASK]: DONE
[14:01:01.398]   info   [GS]       [SOME_BOT_A]: DONE
[14:01:01.399]   info   [GS]       [WAIT_FOR_INIT]: DONE
[14:01:01.501]   info   [GS]       [CLEAR_DECK]: DONE
[14:01:01.502]   info   [GS]       [INIT_A]: DONE
[14:01:01.503]   info   [GS]       [LONG_TASK]: DONE
[14:01:01.503]   info   [GS]       [SOME_BOT_A]: DONE
[14:01:01.504]   info   [GS]       [WAIT_FOR_INIT]: DONE
[14:01:01.609]   info   [GS]       [CLEAR_DECK]: DONE
[14:01:01.610]   info   [GS]       [INIT_A]: DONE
[14:01:01.611]   info   [GS]       [LONG_TASK]: DONE
[14:01:01.612]   info   [GS]       [SOME_BOT_A]: DONE
[14:01:01.612]   info   [GS]       [WAIT_FOR_INIT]: DONE
[14:01:01.717]   info   [GS]       [CLEAR_DECK]: DONE
[14:01:01.718]   info   [GS]       [INIT_A]: DONE
[14:01:01.718]   info   [GS]       [LONG_TASK]: DONE
[14:01:01.719]   info   [GS]       [SOME_BOT_A]: DONE
[14:01:01.719]   info   [GS]       [WAIT_FOR_INIT]: DONE
[14:01:01.825]   info   [GS]       [CLEAR_DECK]: DONE
[14:01:01.826]   info   [GS]       [INIT_A]: DONE
[14:01:01.826]   info   [GS]       [LONG_TASK]: DONE
[14:01:01.827]   info   [GS]       [SOME_BOT_A]: DONE
[14:01:01.828]   info   [GS]       [WAIT_FOR_INIT]: DONE
[14:01:01.930]   info   [GS]       [CLEAR_DECK]: DONE
[14:01:01.931]   info   [GS]       [INIT_A]: DONE
[14:01:01.933]   info   [GS]       [LONG_TASK]: DONE
[14:01:01.934]   info   [GS]       [SOME_BOT_A]: DONE
[14:01:01.934]   info   [GS]       [WAIT_FOR_INIT]: DONE
[14:01:02.038]   info   [GS]       [CLEAR_DECK]: DONE
[14:01:02.040]   info   [GS]       [INIT_A]: DONE
[14:01:02.042]   info   [GS]       [LONG_TASK]: DONE
[14:01:02.042]   info   [GS]       [SOME_BOT_A]: DONE
[14:01:02.042]   info   [GS]       [WAIT_FOR_INIT]: DONE
[14:01:02.147]   info   [GS]       [CLEAR_DECK]: DONE
[14:01:02.148]   info   [GS]       [INIT_A]: DONE
[14:01:02.149]   info   [GS]       [LONG_TASK]: DONE
[14:01:02.149]   info   [GS]       [SOME_BOT_A]: DONE
[14:01:02.150]   info   [GS]       [WAIT_FOR_INIT]: DONE
[14:01:02.255]   info   [GS]       [CLEAR_DECK]: DONE
[14:01:02.256]   info   [GS]       [INIT_A]: DONE
[14:01:02.257]   info   [GS]       [LONG_TASK]: DONE
[14:01:02.258]   info   [GS]       [SOME_BOT_A]: DONE
[14:01:02.259]   info   [GS]       [WAIT_FOR_INIT]: DONE
[14:01:02.363]   info   [GS]       [CLEAR_DECK]: DONE
[14:01:02.364]   info   [GS]       [INIT_A]: DONE
[14:01:02.365]   info   [GS]       [LONG_TASK]: DONE
[14:01:02.366]   info   [GS]       [SOME_BOT_A]: DONE
[14:01:02.366]   info   [GS]       [WAIT_FOR_INIT]: DONE
[14:01:02.472]   info   [GS]       [CLEAR_DECK]: DONE
[14:01:02.473]   info   [GS]       [INIT_A]: DONE
[14:01:02.474]   info   [GS]       [LONG_TASK]: DONE
[14:01:02.475]   info   [GS]       [SOME_BOT_A]: DONE
[14:01:02.477]   info   [GS]       [WAIT_FOR_INIT]: DONE
[14:01:02.582]   info   [GS]       [CLEAR_DECK]: DONE
[14:01:02.585]   info   [GS]       [INIT_A]: DONE
[14:01:02.586]   info   [GS]       [LONG_TASK]: DONE
[14:01:02.586]   info   [GS]       [SOME_BOT_A]: DONE
[14:01:02.587]   info   [GS]       [WAIT_FOR_INIT]: DONE
[14:01:02.692]   info   [GS]       [CLEAR_DECK]: DONE
[14:01:02.694]   info   [GS]       [INIT_A]: DONE
[14:01:02.695]   info   [GS]       [LONG_TASK]: DONE
[14:01:02.695]   info   [GS]       [SOME_BOT_A]: DONE
[14:01:02.696]   info   [GS]       [WAIT_FOR_INIT]: DONE
[14:01:02.799]   info   [GS]       [CLEAR_DECK]: DONE
[14:01:02.800]   info   [GS]       [INIT_A]: DONE
[14:01:02.801]   info   [GS]       [LONG_TASK]: DONE
[14:01:02.802]   info   [GS]       [SOME_BOT_A]: DONE
[14:01:02.803]   info   [GS]       [WAIT_FOR_INIT]: DONE
[14:01:02.905]   info   [GS]       [CLEAR_DECK]: DONE
[14:01:02.906]   info   [GS]       [INIT_A]: DONE
[14:01:02.906]   info   [GS]       [LONG_TASK]: DONE
[14:01:02.907]   info   [GS]       [SOME_BOT_A]: DONE
[14:01:02.907]   info   [GS]       [WAIT_FOR_INIT]: DONE
[14:01:03.011]   info   [GS]       [CLEAR_DECK]: DONE
[14:01:03.012]   info   [GS]       [INIT_A]: DONE
[14:01:03.014]   info   [GS]       [LONG_TASK]: DONE
[14:01:03.015]   info   [GS]       [SOME_BOT_A]: DONE
[14:01:03.016]   info   [GS]       [WAIT_FOR_INIT]: DONE
[14:01:03.120]   info   [GS]       [CLEAR_DECK]: DONE
[14:01:03.122]   info   [GS]       [INIT_A]: DONE
[14:01:03.123]   info   [GS]       [LONG_TASK]: DONE
[14:01:03.124]   info   [GS]       [SOME_BOT_A]: DONE
[14:01:03.124]   info   [GS]       [WAIT_FOR_INIT]: DONE
[14:01:03.227]   info   [GS]       [CLEAR_DECK]: DONE
[14:01:03.227]   info   [GS]       [INIT_A]: DONE
[14:01:03.228]   info   [GS]       [LONG_TASK]: DONE
[14:01:03.228]   info   [GS]       [SOME_BOT_A]: DONE
[14:01:03.229]   info   [GS]       [WAIT_FOR_INIT]: DONE
[14:01:03.332]   info   [GS]       [CLEAR_DECK]: DONE
[14:01:03.335]   info   [GS]       [INIT_A]: DONE
[14:01:03.335]   info   [GS]       [LONG_TASK]: DONE
[14:01:03.335]   info   [GS]       [SOME_BOT_A]: DONE
[14:01:03.336]   info   [GS]       [WAIT_FOR_INIT]: DONE
[14:01:03.441]   info   [GS]       [CLEAR_DECK]: DONE
[14:01:03.442]   info   [GS]       [INIT_A]: DONE
[14:01:03.446]   info   [GS]       [LONG_TASK]: DONE
[14:01:03.446]   info   [GS]       [SOME_BOT_A]: DONE
[14:01:03.446]   info   [GS]       [WAIT_FOR_INIT]: DONE
[14:01:03.548]   info   [GS]       [CLEAR_DECK]: DONE
[14:01:03.549]   info   [GS]       [INIT_A]: DONE
[14:01:03.550]   info   [GS]       [LONG_TASK]: DONE
[14:01:03.550]   info   [GS]       [SOME_BOT_A]: DONE
[14:01:03.551]   info   [GS]       [WAIT_FOR_INIT]: DONE
[14:01:03.654]   info   [GS]       [CLEAR_DECK]: DONE
[14:01:03.655]   info   [GS]       [INIT_A]: DONE
[14:01:03.656]   info   [GS]       [LONG_TASK]: DONE
[14:01:03.658]   info   [GS]       [SOME_BOT_A]: DONE
[14:01:03.658]   info   [GS]       [WAIT_FOR_INIT]: DONE
[14:01:03.764]   info   [GS]       [CLEAR_DECK]: DONE
[14:01:03.766]   info   [GS]       [INIT_A]: DONE
[14:01:03.766]   info   [GS]       [LONG_TASK]: DONE
[14:01:03.767]   info   [GS]       [SOME_BOT_A]: DONE
[14:01:03.768]   info   [GS]       [WAIT_FOR_INIT]: DONE
[14:01:03.872]   info   [GS]       [CLEAR_DECK]: DONE
[14:01:03.872]   info   [GS]       [INIT_A]: DONE
[14:01:03.873]   info   [GS]       [LONG_TASK]: DONE
[14:01:03.875]   info   [GS]       [SOME_BOT_A]: DONE
[14:01:03.875]   info   [GS]       [WAIT_FOR_INIT]: DONE
[14:01:03.978]   info   [GS]       [CLEAR_DECK]: DONE
[14:01:03.979]   info   [GS]       [INIT_A]: DONE
[14:01:03.980]   info   [GS]       [LONG_TASK]: DONE
[14:01:03.981]   info   [GS]       [SOME_BOT_A]: DONE
[14:01:03.981]   info   [GS]       [WAIT_FOR_INIT]: DONE
[14:01:04.087]   info   [GS]       [CLEAR_DECK]: DONE
[14:01:04.087]   info   [GS]       [INIT_A]: DONE
[14:01:04.088]   info   [GS]       [LONG_TASK]: DONE
[14:01:04.088]   info   [GS]       [SOME_BOT_A]: DONE
[14:01:04.089]   info   [GS]       [WAIT_FOR_INIT]: DONE
[14:01:04.195]   info   [GS]       [CLEAR_DECK]: DONE
[14:01:04.197]   info   [GS]       [INIT_A]: DONE
[14:01:04.199]   info   [GS]       [LONG_TASK]: DONE
[14:01:04.199]   info   [GS]       [SOME_BOT_A]: DONE
[14:01:04.200]   info   [GS]       [WAIT_FOR_INIT]: DONE
[14:01:04.304]   info   [GS]       [CLEAR_DECK]: DONE
[14:01:04.305]   info   [GS]       [INIT_A]: DONE
[14:01:04.306]   info   [GS]       [LONG_TASK]: DONE
[14:01:04.307]   info   [GS]       [SOME_BOT_A]: DONE
[14:01:04.308]   info   [GS]       [WAIT_FOR_INIT]: DONE
[14:01:04.411]   info   [GS]       [CLEAR_DECK]: DONE
[14:01:04.412]   info   [GS]       [INIT_A]: DONE
[14:01:04.413]   info   [GS]       [LONG_TASK]: DONE
[14:01:04.414]   info   [GS]       [SOME_BOT_A]: DONE
[14:01:04.414]   info   [GS]       [WAIT_FOR_INIT]: DONE
[14:01:04.519]   info   [GS]       [CLEAR_DECK]: DONE
[14:01:04.519]   info   [GS]       [INIT_A]: DONE
[14:01:04.523]   info   [GS]       [LONG_TASK]: DONE
[14:01:04.523]   info   [GS]       [SOME_BOT_A]: DONE
[14:01:04.523]   info   [GS]       [WAIT_FOR_INIT]: DONE
[14:01:04.625]   info   [GS]       [CLEAR_DECK]: DONE
[14:01:04.626]   info   [GS]       [INIT_A]: DONE
[14:01:04.626]   info   [GS]       [LONG_TASK]: DONE
[14:01:04.627]   info   [GS]       [SOME_BOT_A]: DONE
[14:01:04.628]   info   [GS]       [WAIT_FOR_INIT]: DONE
[14:01:04.731]   info   [GS]       [CLEAR_DECK]: DONE
[14:01:04.733]   info   [GS]       [INIT_A]: DONE
[14:01:04.734]   info   [GS]       [LONG_TASK]: DONE
[14:01:04.738]   info   [GS]       [SOME_BOT_A]: DONE
[14:01:04.739]   info   [GS]       [WAIT_FOR_INIT]: DONE
[14:01:04.843]   info   [GS]       [CLEAR_DECK]: DONE
[14:01:04.844]   info   [GS]       [INIT_A]: DONE
[14:01:04.844]   info   [GS]       [LONG_TASK]: DONE
[14:01:04.845]   info   [GS]       [SOME_BOT_A]: DONE
[14:01:04.846]   info   [GS]       [WAIT_FOR_INIT]: DONE
[14:01:04.951]   info   [GS]       [CLEAR_DECK]: DONE
[14:01:04.952]   info   [GS]       [INIT_A]: DONE
[14:01:04.952]   info   [GS]       [LONG_TASK]: DONE
[14:01:04.952]   info   [GS]       [SOME_BOT_A]: DONE
[14:01:04.952]   info   [GS]       [WAIT_FOR_INIT]: DONE
[14:01:05.061]   info   [GS]       [CLEAR_DECK]: DONE
[14:01:05.062]   info   [GS]       [INIT_A]: DONE
[14:01:05.063]   info   [GS]       [LONG_TASK]: DONE
[14:01:05.063]   info   [GS]       [SOME_BOT_A]: DONE
[14:01:05.063]   info   [GS]       [WAIT_FOR_INIT]: DONE
[14:01:05.166]   info   [GS]       [CLEAR_DECK]: DONE
[14:01:05.168]   info   [GS]       [INIT_A]: DONE
[14:01:05.169]   info   [GS]       [LONG_TASK]: DONE
[14:01:05.170]   info   [GS]       [SOME_BOT_A]: DONE
[14:01:05.170]   info   [GS]       [WAIT_FOR_INIT]: DONE
[14:01:05.272]   info   [GS]       [CLEAR_DECK]: DONE
[14:01:05.273]   info   [GS]       [INIT_A]: DONE
[14:01:05.273]   info   [GS]       [LONG_TASK]: DONE
[14:01:05.274]   info   [GS]       [SOME_BOT_A]: DONE
[14:01:05.274]   info   [GS]       [WAIT_FOR_INIT]: DONE
[14:01:05.379]   info   [GS]       [CLEAR_DECK]: DONE
[14:01:05.380]   info   [GS]       [INIT_A]: DONE
[14:01:05.382]   info   [GS]       [LONG_TASK]: DONE
[14:01:05.382]   info   [GS]       [SOME_BOT_A]: DONE
[14:01:05.383]   info   [GS]       [WAIT_FOR_INIT]: DONE
[14:01:05.487]   info   [GS]       [CLEAR_DECK]: DONE
[14:01:05.488]   info   [GS]       [INIT_A]: DONE
[14:01:05.489]   info   [GS]       [LONG_TASK]: DONE
[14:01:05.489]   info   [GS]       [SOME_BOT_A]: DONE
[14:01:05.490]   info   [GS]       [WAIT_FOR_INIT]: DONE
[14:01:05.594]   info   [GS]       [CLEAR_DECK]: DONE
[14:01:05.594]   info   [GS]       [INIT_A]: DONE
[14:01:05.594]   info   [GS]       [LONG_TASK]: DONE
[14:01:05.595]   info   [GS]       [SOME_BOT_A]: DONE
[14:01:05.596]   info   [GS]       [WAIT_FOR_INIT]: DONE
[14:01:05.704]   info   [GS]       [CLEAR_DECK]: DONE
[14:01:05.705]   info   [GS]       [INIT_A]: DONE
[14:01:05.705]   info   [GS]       [LONG_TASK]: DONE
[14:01:05.706]   info   [GS]       [SOME_BOT_A]: DONE
[14:01:05.707]   info   [GS]       [WAIT_FOR_INIT]: DONE
[14:01:05.812]   info   [GS]       [CLEAR_DECK]: DONE
[14:01:05.812]   info   [GS]       [INIT_A]: DONE
[14:01:05.813]   info   [GS]       [LONG_TASK]: DONE
[14:01:05.814]   info   [GS]       [SOME_BOT_A]: DONE
[14:01:05.814]   info   [GS]       [WAIT_FOR_INIT]: DONE
[14:01:05.916]   info   [GS]       [CLEAR_DECK]: DONE
[14:01:05.917]   info   [GS]       [INIT_A]: DONE
[14:01:05.918]   info   [GS]       [LONG_TASK]: DONE
[14:01:05.918]   info   [GS]       [SOME_BOT_A]: DONE
[14:01:05.919]   info   [GS]       [WAIT_FOR_INIT]: DONE
[14:01:06.022]   info   [GS]       [CLEAR_DECK]: DONE
[14:01:06.023]   info   [GS]       [INIT_A]: DONE
[14:01:06.024]   info   [GS]       [LONG_TASK]: DONE
[14:01:06.024]   info   [GS]       [SOME_BOT_A]: DONE
[14:01:06.025]   info   [GS]       [WAIT_FOR_INIT]: DONE
[14:01:06.130]   info   [GS]       [CLEAR_DECK]: DONE
[14:01:06.130]   info   [GS]       [INIT_A]: DONE
[14:01:06.131]   info   [GS]       [LONG_TASK]: DONE
[14:01:06.131]   info   [GS]       [SOME_BOT_A]: DONE
[14:01:06.132]   info   [GS]       [WAIT_FOR_INIT]: DONE
[14:01:06.238]   info   [GS]       [CLEAR_DECK]: DONE
[14:01:06.239]   info   [GS]       [INIT_A]: DONE
[14:01:06.239]   info   [GS]       [LONG_TASK]: DONE
[14:01:06.240]   info   [GS]       [SOME_BOT_A]: DONE
[14:01:06.241]   info   [GS]       [WAIT_FOR_INIT]: DONE
[14:01:06.347]   info   [GS]       [CLEAR_DECK]: DONE
[14:01:06.348]   info   [GS]       [INIT_A]: DONE
[14:01:06.348]   info   [GS]       [LONG_TASK]: DONE
[14:01:06.349]   info   [GS]       [SOME_BOT_A]: DONE
[14:01:06.349]   info   [GS]       [WAIT_FOR_INIT]: DONE
[14:01:06.452]   info   [GS]       [CLEAR_DECK]: DONE
[14:01:06.453]   info   [GS]       [INIT_A]: DONE
[14:01:06.454]   info   [GS]       [LONG_TASK]: DONE
[14:01:06.455]   info   [GS]       [SOME_BOT_A]: DONE
[14:01:06.456]   info   [GS]       [WAIT_FOR_INIT]: DONE
[14:01:06.560]   info   [GS]       [CLEAR_DECK]: DONE
[14:01:06.561]   info   [GS]       [INIT_A]: DONE
[14:01:06.561]   info   [GS]       [LONG_TASK]: DONE
[14:01:06.562]   info   [GS]       [SOME_BOT_A]: DONE
[14:01:06.563]   info   [GS]       [WAIT_FOR_INIT]: DONE
[14:01:06.668]   info   [GS]       [CLEAR_DECK]: DONE
[14:01:06.669]   info   [GS]       [INIT_A]: DONE
[14:01:06.669]   info   [GS]       [LONG_TASK]: DONE
[14:01:06.670]   info   [GS]       [SOME_BOT_A]: DONE
[14:01:06.670]   info   [GS]       [WAIT_FOR_INIT]: DONE
[14:01:06.772]   info   [GS]       [CLEAR_DECK]: DONE
[14:01:06.773]   info   [GS]       [INIT_A]: DONE
[14:01:06.773]   info   [GS]       [LONG_TASK]: DONE
[14:01:06.774]   info   [GS]       [SOME_BOT_A]: DONE
[14:01:06.775]   info   [GS]       [WAIT_FOR_INIT]: DONE
[14:01:06.877]   info   [GS]       [CLEAR_DECK]: DONE
[14:01:06.878]   info   [GS]       [INIT_A]: DONE
[14:01:06.878]   info   [GS]       [LONG_TASK]: DONE
[14:01:06.879]   info   [GS]       [SOME_BOT_A]: DONE
[14:01:06.879]   info   [GS]       [WAIT_FOR_INIT]: DONE
[14:01:06.985]   info   [GS]       [CLEAR_DECK]: DONE
[14:01:06.986]   info   [GS]       [INIT_A]: DONE
[14:01:06.986]   info   [GS]       [LONG_TASK]: DONE
[14:01:06.987]   info   [GS]       [SOME_BOT_A]: DONE
[14:01:06.987]   info   [GS]       [WAIT_FOR_INIT]: DONE
[14:01:07.089]   info   [GS]       [CLEAR_DECK]: DONE
[14:01:07.090]   info   [GS]       [INIT_A]: DONE
[14:01:07.090]   info   [GS]       [LONG_TASK]: DONE
[14:01:07.091]   info   [GS]       [SOME_BOT_A]: DONE
[14:01:07.091]   info   [GS]       [WAIT_FOR_INIT]: DONE
[14:01:07.200]   info   [GS]       [CLEAR_DECK]: DONE
[14:01:07.202]   info   [GS]       [INIT_A]: DONE
[14:01:07.202]   info   [GS]       [LONG_TASK]: DONE
[14:01:07.202]   info   [GS]       [SOME_BOT_A]: DONE
[14:01:07.202]   info   [GS]       [WAIT_FOR_INIT]: DONE
[14:01:07.309]   info   [GS]       [CLEAR_DECK]: DONE
[14:01:07.309]   info   [GS]       [INIT_A]: DONE
[14:01:07.311]   info   [GS]       [LONG_TASK]: DONE
[14:01:07.311]   info   [GS]       [SOME_BOT_A]: DONE
[14:01:07.312]   info   [GS]       [WAIT_FOR_INIT]: DONE
[14:01:07.416]   info   [GS]       [CLEAR_DECK]: DONE
[14:01:07.417]   info   [GS]       [INIT_A]: DONE
[14:01:07.418]   info   [GS]       [LONG_TASK]: DONE
[14:01:07.419]   info   [GS]       [SOME_BOT_A]: DONE
[14:01:07.420]   info   [GS]       [WAIT_FOR_INIT]: DONE
[14:01:07.525]   info   [GS]       [CLEAR_DECK]: DONE
[14:01:07.526]   info   [GS]       [INIT_A]: DONE
[14:01:07.528]   info   [GS]       [LONG_TASK]: DONE
[14:01:07.530]   info   [GS]       [SOME_BOT_A]: DONE
[14:01:07.530]   info   [GS]       [WAIT_FOR_INIT]: DONE
[14:01:07.632]   info   [GS]       [CLEAR_DECK]: DONE
[14:01:07.632]   info   [GS]       [INIT_A]: DONE
[14:01:07.633]   info   [GS]       [LONG_TASK]: DONE
[14:01:07.633]   info   [GS]       [SOME_BOT_A]: DONE
[14:01:07.634]   info   [GS]       [WAIT_FOR_INIT]: DONE
[14:01:07.735]   info   [GS]       [CLEAR_DECK]: DONE
[14:01:07.735]   info   [GS]       [INIT_A]: DONE
[14:01:07.739]   info   [GS]       [LONG_TASK]: DONE
[14:01:07.742]   info   [GS]       [SOME_BOT_A]: DONE
[14:01:07.742]   info   [GS]       [WAIT_FOR_INIT]: DONE
[14:01:07.844]   info   [GS]       [CLEAR_DECK]: DONE
[14:01:07.845]   info   [GS]       [INIT_A]: DONE
[14:01:07.845]   info   [GS]       [LONG_TASK]: DONE
[14:01:07.847]   info   [GS]       [SOME_BOT_A]: DONE
[14:01:07.847]   info   [GS]       [WAIT_FOR_INIT]: DONE
[14:01:07.952]   info   [GS]       [CLEAR_DECK]: DONE
[14:01:07.952]   info   [GS]       [INIT_A]: DONE
[14:01:07.953]   info   [GS]       [LONG_TASK]: DONE
[14:01:07.954]   info   [GS]       [SOME_BOT_A]: DONE
[14:01:07.955]   info   [GS]       [WAIT_FOR_INIT]: DONE
[14:01:08.061]   info   [GS]       [CLEAR_DECK]: DONE
[14:01:08.062]   info   [GS]       [INIT_A]: DONE
[14:01:08.063]   info   [GS]       [LONG_TASK]: DONE
[14:01:08.064]   info   [GS]       [SOME_BOT_A]: DONE
[14:01:08.065]   info   [GS]       [WAIT_FOR_INIT]: DONE
[14:01:08.170]   info   [GS]       [CLEAR_DECK]: DONE
[14:01:08.171]   info   [GS]       [INIT_A]: DONE
[14:01:08.172]   info   [GS]       [LONG_TASK]: DONE
[14:01:08.172]   info   [GS]       [SOME_BOT_A]: DONE
[14:01:08.173]   info   [GS]       [WAIT_FOR_INIT]: DONE
[14:01:08.274]   info   [GS]       [CLEAR_DECK]: DONE
[14:01:08.275]   info   [GS]       [INIT_A]: DONE
[14:01:08.278]   info   [GS]       [LONG_TASK]: DONE
[14:01:08.278]   info   [GS]       [SOME_BOT_A]: DONE
[14:01:08.279]   info   [GS]       [WAIT_FOR_INIT]: DONE
[14:01:08.381]   info   [GS]       [CLEAR_DECK]: DONE
[14:01:08.382]   info   [GS]       [INIT_A]: DONE
[14:01:08.383]   info   [GS]       [LONG_TASK]: DONE
[14:01:08.384]   info   [GS]       [SOME_BOT_A]: DONE
[14:01:08.385]   info   [GS]       [WAIT_FOR_INIT]: DONE
[14:01:08.487]   info   [GS]       [CLEAR_DECK]: DONE
[14:01:08.487]   info   [GS]       [INIT_A]: DONE
[14:01:08.488]   info   [GS]       [LONG_TASK]: DONE
[14:01:08.488]   info   [GS]       [SOME_BOT_A]: DONE
[14:01:08.489]   info   [GS]       [WAIT_FOR_INIT]: DONE
[14:01:08.594]   info   [GS]       [CLEAR_DECK]: DONE
[14:01:08.595]   info   [GS]       [INIT_A]: DONE
[14:01:08.596]   info   [GS]       [LONG_TASK]: DONE
[14:01:08.598]   info   [GS]       [SOME_BOT_A]: DONE
[14:01:08.598]   info   [GS]       [WAIT_FOR_INIT]: DONE
[14:01:08.701]   info   [GS]       [CLEAR_DECK]: DONE
[14:01:08.702]   info   [GS]       [INIT_A]: DONE
[14:01:08.702]   info   [GS]       [LONG_TASK]: DONE
[14:01:08.703]   info   [GS]       [SOME_BOT_A]: DONE
[14:01:08.704]   info   [GS]       [WAIT_FOR_INIT]: DONE
[14:01:08.810]   info   [GS]       [CLEAR_DECK]: DONE
[14:01:08.811]   info   [GS]       [INIT_A]: DONE
[14:01:08.813]   info   [GS]       [LONG_TASK]: DONE
[14:01:08.813]   info   [GS]       [SOME_BOT_A]: DONE
[14:01:08.814]   info   [GS]       [WAIT_FOR_INIT]: DONE
[14:01:08.920]   info   [GS]       [CLEAR_DECK]: DONE
[14:01:08.921]   info   [GS]       [INIT_A]: DONE
[14:01:08.922]   info   [GS]       [LONG_TASK]: DONE
[14:01:08.922]   info   [GS]       [SOME_BOT_A]: DONE
[14:01:08.923]   info   [GS]       [WAIT_FOR_INIT]: DONE
[14:01:09.026]   info   [GS]       [CLEAR_DECK]: DONE
[14:01:09.030]   info   [GS]       [INIT_A]: DONE
[14:01:09.031]   info   [GS]       [LONG_TASK]: DONE
[14:01:09.031]   info   [GS]       [SOME_BOT_A]: DONE
[14:01:09.031]   info   [GS]       [WAIT_FOR_INIT]: DONE
[14:01:09.134]   info   [GS]       [CLEAR_DECK]: DONE
[14:01:09.135]   info   [GS]       [INIT_A]: DONE
[14:01:09.135]   info   [GS]       [LONG_TASK]: DONE
[14:01:09.136]   info   [GS]       [SOME_BOT_A]: DONE
[14:01:09.136]   info   [GS]       [WAIT_FOR_INIT]: DONE
[14:01:09.243]   info   [GS]       [CLEAR_DECK]: DONE
[14:01:09.244]   info   [GS]       [INIT_A]: DONE
[14:01:09.244]   info   [GS]       [LONG_TASK]: DONE
[14:01:09.245]   info   [GS]       [SOME_BOT_A]: DONE
[14:01:09.245]   info   [GS]       [WAIT_FOR_INIT]: DONE
[14:01:09.346]   info   [GS]       [CLEAR_DECK]: DONE
[14:01:09.348]   info   [GS]       [INIT_A]: DONE
[14:01:09.349]   info   [GS]       [LONG_TASK]: DONE
[14:01:09.350]   info   [GS]       [SOME_BOT_A]: DONE
[14:01:09.350]   info   [GS]       [WAIT_FOR_INIT]: DONE
[14:01:09.451]   info   [GS]       [CLEAR_DECK]: DONE
[14:01:09.452]   info   [GS]       [INIT_A]: DONE
[14:01:09.452]   info   [GS]       [LONG_TASK]: DONE
[14:01:09.453]   info   [GS]       [SOME_BOT_A]: DONE
[14:01:09.453]   info   [GS]       [WAIT_FOR_INIT]: DONE
[14:01:09.559]   info   [GS]       [CLEAR_DECK]: DONE
[14:01:09.560]   info   [GS]       [INIT_A]: DONE
[14:01:09.560]   info   [GS]       [LONG_TASK]: DONE
[14:01:09.561]   info   [GS]       [SOME_BOT_A]: DONE
[14:01:09.561]   info   [GS]       [WAIT_FOR_INIT]: DONE
[14:01:09.667]   info   [GS]       [CLEAR_DECK]: DONE
[14:01:09.668]   info   [GS]       [INIT_A]: DONE
[14:01:09.668]   info   [GS]       [LONG_TASK]: DONE
[14:01:09.669]   info   [GS]       [SOME_BOT_A]: DONE
[14:01:09.669]   info   [GS]       [WAIT_FOR_INIT]: DONE
[14:01:09.773]   info   [GS]       [CLEAR_DECK]: DONE
[14:01:09.774]   info   [GS]       [INIT_A]: DONE
[14:01:09.774]   info   [GS]       [LONG_TASK]: DONE
[14:01:09.775]   info   [GS]       [SOME_BOT_A]: DONE
[14:01:09.776]   info   [GS]       [WAIT_FOR_INIT]: DONE
[14:01:09.881]   info   [GS]       [CLEAR_DECK]: DONE
[14:01:09.882]   info   [GS]       [INIT_A]: DONE
[14:01:09.882]   info   [GS]       [LONG_TASK]: DONE
[14:01:09.883]   info   [GS]       [SOME_BOT_A]: DONE
[14:01:09.885]   info   [GS]       [WAIT_FOR_INIT]: DONE
[14:01:09.991]   info   [GS]       [CLEAR_DECK]: DONE
[14:01:09.992]   info   [GS]       [INIT_A]: DONE
[14:01:09.993]   info   [GS]       [LONG_TASK]: DONE
[14:01:09.994]   info   [GS]       [SOME_BOT_A]: DONE
[14:01:09.995]   info   [GS]       [WAIT_FOR_INIT]: DONE
[14:01:10.098]   info   [GS]       [CLEAR_DECK]: DONE
[14:01:10.100]   info   [GS]       [INIT_A]: DONE
[14:01:10.100]   info   [GS]       [LONG_TASK]: DONE
[14:01:10.101]   info   [GS]       [SOME_BOT_A]: DONE
[14:01:10.102]   info   [GS]       [WAIT_FOR_INIT]: DONE
[14:01:10.208]   info   [GS]       [CLEAR_DECK]: DONE
[14:01:10.210]   info   [GS]       [INIT_A]: DONE
[14:01:10.211]   info   [GS]       [LONG_TASK]: DONE
[14:01:10.212]   info   [GS]       [SOME_BOT_A]: DONE
[14:01:10.212]   info   [GS]       [WAIT_FOR_INIT]: DONE
[14:01:10.315]   info   [GS]       [CLEAR_DECK]: DONE
[14:01:10.316]   info   [GS]       [INIT_A]: DONE
[14:01:10.316]   info   [GS]       [LONG_TASK]: DONE
[14:01:10.316]   info   [GS]       [SOME_BOT_A]: DONE
[14:01:10.317]   info   [GS]       [WAIT_FOR_INIT]: DONE
[14:01:10.424]   info   [GS]       [CLEAR_DECK]: DONE
[14:01:10.426]   info   [GS]       [INIT_A]: DONE
[14:01:10.427]   info   [GS]       [LONG_TASK]: DONE
[14:01:10.427]   info   [GS]       [SOME_BOT_A]: DONE
[14:01:10.428]   info   [GS]       [WAIT_FOR_INIT]: DONE
[14:01:10.532]   info   [GS]       [CLEAR_DECK]: DONE
[14:01:10.532]   info   [GS]       [INIT_A]: DONE
[14:01:10.534]   info   [GS]       [LONG_TASK]: DONE
[14:01:10.535]   info   [GS]       [SOME_BOT_A]: DONE
[14:01:10.535]   info   [GS]       [WAIT_FOR_INIT]: DONE
[14:01:10.638]   info   [GS]       [CLEAR_DECK]: DONE
[14:01:10.638]   info   [GS]       [INIT_A]: DONE
[14:01:10.639]   info   [GS]       [LONG_TASK]: DONE
[14:01:10.639]   info   [GS]       [SOME_BOT_A]: DONE
[14:01:10.640]   info   [GS]       [WAIT_FOR_INIT]: DONE
[14:01:10.742]   info   [GS]       [CLEAR_DECK]: DONE
[14:01:10.743]   info   [GS]       [INIT_A]: DONE
[14:01:10.744]   info   [GS]       [LONG_TASK]: DONE
[14:01:10.744]   info   [GS]       [SOME_BOT_A]: DONE
[14:01:10.745]   info   [GS]       [WAIT_FOR_INIT]: DONE
[14:01:10.848]   info   [GS]       [CLEAR_DECK]: DONE
[14:01:10.848]   info   [GS]       [INIT_A]: DONE
[14:01:10.849]   info   [GS]       [LONG_TASK]: DONE
[14:01:10.849]   info   [GS]       [SOME_BOT_A]: DONE
[14:01:10.850]   info   [GS]       [WAIT_FOR_INIT]: DONE
[14:01:10.952]   info   [GS]       [CLEAR_DECK]: DONE
[14:01:10.952]   info   [GS]       [INIT_A]: DONE
[14:01:10.953]   info   [GS]       [LONG_TASK]: DONE
[14:01:10.954]   info   [GS]       [SOME_BOT_A]: DONE
[14:01:10.955]   info   [GS]       [WAIT_FOR_INIT]: DONE
[14:01:11.056]   info   [GS]       [CLEAR_DECK]: DONE
[14:01:11.057]   info   [GS]       [INIT_A]: DONE
[14:01:11.058]   info   [GS]       [LONG_TASK]: DONE
[14:01:11.058]   info   [GS]       [SOME_BOT_A]: DONE
[14:01:11.059]   info   [GS]       [WAIT_FOR_INIT]: DONE
[14:01:11.164]   info   [GS]       [CLEAR_DECK]: DONE
[14:01:11.166]   info   [GS]       [INIT_A]: DONE
[14:01:11.166]   info   [GS]       [LONG_TASK]: DONE
[14:01:11.167]   info   [GS]       [SOME_BOT_A]: DONE
[14:01:11.167]   info   [GS]       [WAIT_FOR_INIT]: DONE
[14:01:11.271]   info   [GS]       [CLEAR_DECK]: DONE
[14:01:11.272]   info   [GS]       [INIT_A]: DONE
[14:01:11.272]   info   [GS]       [LONG_TASK]: DONE
[14:01:11.273]   info   [GS]       [SOME_BOT_A]: DONE
[14:01:11.273]   info   [GS]       [WAIT_FOR_INIT]: DONE
[14:01:11.379]   info   [GS]       [CLEAR_DECK]: DONE
[14:01:11.380]   info   [GS]       [INIT_A]: DONE
[14:01:11.381]   info   [GS]       [LONG_TASK]: DONE
[14:01:11.382]   info   [GS]       [SOME_BOT_A]: DONE
[14:01:11.382]   info   [GS]       [WAIT_FOR_INIT]: DONE
[14:01:11.487]   info   [GS]       [CLEAR_DECK]: DONE
[14:01:11.487]   info   [GS]       [INIT_A]: DONE
[14:01:11.488]   info   [GS]       [LONG_TASK]: DONE
[14:01:11.489]   info   [GS]       [SOME_BOT_A]: DONE
[14:01:11.489]   info   [GS]       [WAIT_FOR_INIT]: DONE
[14:01:11.591]   info   [GS]       [CLEAR_DECK]: DONE
[14:01:11.592]   info   [GS]       [INIT_A]: DONE
[14:01:11.593]   info   [GS]       [LONG_TASK]: DONE
[14:01:11.594]   info   [GS]       [SOME_BOT_A]: DONE
[14:01:11.595]   info   [GS]       [WAIT_FOR_INIT]: DONE
[14:01:11.697]   info   [GS]       [CLEAR_DECK]: DONE
[14:01:11.698]   info   [GS]       [INIT_A]: DONE
[14:01:11.701]   info   [GS]       [LONG_TASK]: DONE
[14:01:11.702]   info   [GS]       [SOME_BOT_A]: DONE
[14:01:11.702]   info   [GS]       [WAIT_FOR_INIT]: DONE
[14:01:11.807]   info   [GS]       [CLEAR_DECK]: DONE
[14:01:11.808]   info   [GS]       [INIT_A]: DONE
[14:01:11.809]   info   [GS]       [LONG_TASK]: DONE
[14:01:11.809]   info   [GS]       [SOME_BOT_A]: DONE
[14:01:11.810]   info   [GS]       [WAIT_FOR_INIT]: DONE
[14:01:11.915]   info   [GS]       [CLEAR_DECK]: DONE
[14:01:11.916]   info   [GS]       [INIT_A]: DONE
[14:01:11.916]   info   [GS]       [LONG_TASK]: DONE
[14:01:11.917]   info   [GS]       [SOME_BOT_A]: DONE
[14:01:11.917]   info   [GS]       [WAIT_FOR_INIT]: DONE
[14:01:12.020]   info   [GS]       [CLEAR_DECK]: DONE
[14:01:12.021]   info   [GS]       [INIT_A]: DONE
[14:01:12.022]   info   [GS]       [LONG_TASK]: DONE
[14:01:12.022]   info   [GS]       [SOME_BOT_A]: DONE
[14:01:12.022]   info   [GS]       [WAIT_FOR_INIT]: DONE
[14:01:12.125]   info   [GS]       [CLEAR_DECK]: DONE
[14:01:12.126]   info   [GS]       [INIT_A]: DONE
[14:01:12.127]   info   [GS]       [LONG_TASK]: DONE
[14:01:12.127]   info   [GS]       [SOME_BOT_A]: DONE
[14:01:12.128]   info   [GS]       [WAIT_FOR_INIT]: DONE
[14:01:12.233]   info   [GS]       [CLEAR_DECK]: DONE
[14:01:12.241]   info   [GS]       [INIT_A]: DONE
[14:01:12.242]   info   [GS]       [LONG_TASK]: DONE
[14:01:12.244]   info   [GS]       [SOME_BOT_A]: DONE
[14:01:12.244]   info   [GS]       [WAIT_FOR_INIT]: DONE
[14:01:12.349]   info   [GS]       [CLEAR_DECK]: DONE
[14:01:12.350]   info   [GS]       [INIT_A]: DONE
[14:01:12.350]   info   [GS]       [LONG_TASK]: DONE
[14:01:12.350]   info   [GS]       [SOME_BOT_A]: DONE
[14:01:12.350]   info   [GS]       [WAIT_FOR_INIT]: DONE
[14:01:12.454]   info   [GS]       [CLEAR_DECK]: DONE
[14:01:12.455]   info   [GS]       [INIT_A]: DONE
[14:01:12.459]   info   [GS]       [LONG_TASK]: DONE
[14:01:12.459]   info   [GS]       [SOME_BOT_A]: DONE
[14:01:12.459]   info   [GS]       [WAIT_FOR_INIT]: DONE
[14:01:12.561]   info   [GS]       [CLEAR_DECK]: DONE
[14:01:12.562]   info   [GS]       [INIT_A]: DONE
[14:01:12.563]   info   [GS]       [LONG_TASK]: DONE
[14:01:12.564]   info   [GS]       [SOME_BOT_A]: DONE
[14:01:12.564]   info   [GS]       [WAIT_FOR_INIT]: DONE
[14:01:12.667]   info   [GS]       [CLEAR_DECK]: DONE
[14:01:12.668]   info   [GS]       [INIT_A]: DONE
[14:01:12.668]   info   [GS]       [LONG_TASK]: DONE
[14:01:12.670]   info   [GS]       [SOME_BOT_A]: DONE
[14:01:12.671]   info   [GS]       [WAIT_FOR_INIT]: DONE
[14:01:12.773]   info   [GS]       [CLEAR_DECK]: DONE
[14:01:12.774]   info   [GS]       [INIT_A]: DONE
[14:01:12.775]   info   [GS]       [LONG_TASK]: DONE
[14:01:12.779]   info   [GS]       [SOME_BOT_A]: DONE
[14:01:12.780]   info   [GS]       [WAIT_FOR_INIT]: DONE
[14:01:12.884]   info   [GS]       [CLEAR_DECK]: DONE
[14:01:12.885]   info   [GS]       [INIT_A]: DONE
[14:01:12.885]   info   [GS]       [LONG_TASK]: DONE
[14:01:12.886]   info   [GS]       [SOME_BOT_A]: DONE
[14:01:12.886]   info   [GS]       [WAIT_FOR_INIT]: DONE
[14:01:12.992]   info   [GS]       [CLEAR_DECK]: DONE
[14:01:12.993]   info   [GS]       [INIT_A]: DONE
[14:01:12.994]   info   [GS]       [LONG_TASK]: DONE
[14:01:12.995]   info   [GS]       [SOME_BOT_A]: DONE
[14:01:12.995]   info   [GS]       [WAIT_FOR_INIT]: DONE
[14:01:13.098]   info   [GS]       [CLEAR_DECK]: DONE
[14:01:13.099]   info   [GS]       [INIT_A]: DONE
[14:01:13.100]   info   [GS]       [LONG_TASK]: DONE
[14:01:13.101]   info   [GS]       [SOME_BOT_A]: DONE
[14:01:13.101]   info   [GS]       [WAIT_FOR_INIT]: DONE
[14:01:13.202]   info   [GS]       [CLEAR_DECK]: DONE
[14:01:13.203]   info   [GS]       [INIT_A]: DONE
[14:01:13.203]   info   [GS]       [LONG_TASK]: DONE
[14:01:13.204]   info   [GS]       [SOME_BOT_A]: DONE
[14:01:13.205]   info   [GS]       [WAIT_FOR_INIT]: DONE
[14:01:13.307]   info   [GS]       [CLEAR_DECK]: DONE
[14:01:13.307]   info   [GS]       [INIT_A]: DONE
[14:01:13.308]   info   [GS]       [LONG_TASK]: DONE
[14:01:13.310]   info   [GS]       [SOME_BOT_A]: DONE
[14:01:13.310]   info   [GS]       [WAIT_FOR_INIT]: DONE
[14:01:13.412]   info   [GS]       [CLEAR_DECK]: DONE
[14:01:13.413]   info   [GS]       [INIT_A]: DONE
[14:01:13.414]   info   [GS]       [LONG_TASK]: DONE
[14:01:13.414]   info   [GS]       [SOME_BOT_A]: DONE
[14:01:13.414]   info   [GS]       [WAIT_FOR_INIT]: DONE
[14:01:13.519]   info   [GS]       [CLEAR_DECK]: DONE
[14:01:13.520]   info   [GS]       [INIT_A]: DONE
[14:01:13.521]   info   [GS]       [LONG_TASK]: DONE
[14:01:13.521]   info   [GS]       [SOME_BOT_A]: DONE
[14:01:13.522]   info   [GS]       [WAIT_FOR_INIT]: DONE
[14:01:13.627]   info   [GS]       [CLEAR_DECK]: DONE
[14:01:13.628]   info   [GS]       [INIT_A]: DONE
[14:01:13.628]   info   [GS]       [LONG_TASK]: DONE
[14:01:13.629]   info   [GS]       [SOME_BOT_A]: DONE
[14:01:13.631]   info   [GS]       [WAIT_FOR_INIT]: DONE
[14:01:13.733]   info   [GS]       [CLEAR_DECK]: DONE
[14:01:13.734]   info   [GS]       [INIT_A]: DONE
[14:01:13.734]   info   [GS]       [LONG_TASK]: DONE
[14:01:13.738]   info   [GS]       [SOME_BOT_A]: DONE
[14:01:13.738]   info   [GS]       [WAIT_FOR_INIT]: DONE
[14:01:13.841]   info   [GS]       [CLEAR_DECK]: DONE
[14:01:13.842]   info   [GS]       [INIT_A]: DONE
[14:01:13.842]   info   [GS]       [LONG_TASK]: DONE
[14:01:13.842]   info   [GS]       [SOME_BOT_A]: DONE
[14:01:13.843]   info   [GS]       [WAIT_FOR_INIT]: DONE
[14:01:13.949]   info   [GS]       [CLEAR_DECK]: DONE
[14:01:13.951]   info   [GS]       [INIT_A]: DONE
[14:01:13.951]   info   [GS]       [LONG_TASK]: DONE
[14:01:13.952]   info   [GS]       [SOME_BOT_A]: DONE
[14:01:13.952]   info   [GS]       [WAIT_FOR_INIT]: DONE
[14:01:14.056]   info   [GS]       [CLEAR_DECK]: DONE
[14:01:14.056]   info   [GS]       [INIT_A]: DONE
[14:01:14.061]   info   [GS]       [LONG_TASK]: DONE
[14:01:14.061]   info   [GS]       [SOME_BOT_A]: DONE
[14:01:14.061]   info   [GS]       [WAIT_FOR_INIT]: DONE
[14:01:14.168]   info   [GS]       [CLEAR_DECK]: DONE
[14:01:14.170]   info   [GS]       [INIT_A]: DONE
[14:01:14.170]   info   [GS]       [LONG_TASK]: DONE
[14:01:14.172]   info   [GS]       [SOME_BOT_A]: DONE
[14:01:14.172]   info   [GS]       [WAIT_FOR_INIT]: DONE
[14:01:14.279]   info   [GS]       [CLEAR_DECK]: DONE
[14:01:14.279]   info   [GS]       [INIT_A]: DONE
[14:01:14.280]   info   [GS]       [LONG_TASK]: DONE
[14:01:14.281]   info   [GS]       [SOME_BOT_A]: DONE
[14:01:14.281]   info   [GS]       [WAIT_FOR_INIT]: DONE
[14:01:14.387]   info   [GS]       [CLEAR_DECK]: DONE
[14:01:14.389]   info   [GS]       [INIT_A]: DONE
[14:01:14.390]   info   [GS]       [LONG_TASK]: DONE
[14:01:14.390]   info   [GS]       [SOME_BOT_A]: DONE
[14:01:14.391]   info   [GS]       [WAIT_FOR_INIT]: DONE
[14:01:14.494]   info   [GS]       [CLEAR_DECK]: DONE
[14:01:14.495]   info   [GS]       [INIT_A]: DONE
[14:01:14.496]   info   [GS]       [LONG_TASK]: DONE
[14:01:14.497]   info   [GS]       [SOME_BOT_A]: DONE
[14:01:14.497]   info   [GS]       [WAIT_FOR_INIT]: DONE
[14:01:14.598]   info   [GS]       [CLEAR_DECK]: DONE
[14:01:14.600]   info   [GS]       [INIT_A]: DONE
[14:01:14.601]   info   [GS]       [LONG_TASK]: DONE
[14:01:14.602]   info   [GS]       [SOME_BOT_A]: DONE
[14:01:14.603]   info   [GS]       [WAIT_FOR_INIT]: DONE
[14:01:14.707]   info   [GS]       [CLEAR_DECK]: DONE
[14:01:14.711]   info   [GS]       [INIT_A]: DONE
[14:01:14.712]   info   [GS]       [LONG_TASK]: DONE
[14:01:14.713]   info   [GS]       [SOME_BOT_A]: DONE
[14:01:14.714]   info   [GS]       [WAIT_FOR_INIT]: DONE
