[06:22:53.205]   info   [SERVER]   successfully created TableState
[06:22:53.207]   info   [SERVER]   successfully created PhaseState
[06:22:53.208]   info   [SERVER]   successfully created Config (GameState Config)
[06:22:53.210]   info   [SERVER]   listening on: 172.17.0.3:3000
[06:23:01.204]   info   [SERVER]   accepted connection from 172.17.0.2:58294
[06:23:01.215]   info   [GS]       get next best phase: bot_a
[06:23:01.216]  trace   [GS]       skipped phase CLEAR_DECK because agent is not allowed
[06:23:01.216]  trace   [GS]       updating phase CLEAR_DECK...
[06:23:01.216]  trace   [GS]       phase status CLEAR_DECK: 0
[06:23:01.216]   info   [GS]       potential of phase CLEAR_DECK: 0
[06:23:01.216]   info   [GS]       score of phase CLEAR_DECK: 48.5
[06:23:01.216]  trace   [GS]       skipped phase INIT_B because agent is not allowed
[06:23:01.216]  trace   [GS]       skipped phase LONG_TASK because agent is not allowed
[06:23:01.216]  trace   [GS]       updating phase LONG_TASK...
[06:23:01.216]  trace   [GS]       phase status LONG_TASK: 0
[06:23:01.216]   info   [GS]       potential of phase LONG_TASK: 0
[06:23:01.216]   info   [GS]       score of phase LONG_TASK: 50
[06:23:01.217]  trace   [GS]       skipped phase WAIT_FOR_INIT because agent is not allowed
[06:23:01.217]  trace   [GS]       updating phase WAIT_FOR_INIT...
[06:23:01.217]  trace   [GS]       phase status WAIT_FOR_INIT: 1
[06:23:01.217]  trace   [GS]       skipped phase WAIT_FOR_INIT because it is not open
[06:23:01.217]   info   [GS]       selected phase LONG_TASK as next phase
