[21:26:04.656]   info   [SERVER]   successfully created TableState
[21:26:04.657]   info   [SERVER]   successfully created PhaseState
[21:26:04.659]   info   [SERVER]   successfully created Config (GameState Config)
[21:26:04.660]   info   [SERVER]   listening on: 172.17.0.3:3000
[21:26:11.677]   info   [SERVER]   accepted connection from 172.17.0.4:56148
[21:26:11.678]   info   [GS]       phase 'INIT_A' done
[21:26:11.678]   info   [GS]       get next best phase: bot_a
[21:26:11.679]  trace   [GS]       skipped phase CLEAR_DECK because agent is not allowed
[21:26:11.679]  trace   [GS]       updating phase CLEAR_DECK...
[21:26:11.679]  trace   [GS]       phase status CLEAR_DECK: 0
[21:26:11.679]   info   [GS]       potential of phase CLEAR_DECK: 0
[21:26:11.681]   info   [GS]       score of phase CLEAR_DECK: 48.5
[21:26:11.681]  trace   [GS]       skipped phase INIT_B because agent is not allowed
[21:26:11.681]  trace   [GS]       skipped phase LONG_TASK because agent is not allowed
[21:26:11.681]  trace   [GS]       updating phase LONG_TASK...
[21:26:11.681]  trace   [GS]       phase status LONG_TASK: 0
[21:26:11.681]   info   [GS]       potential of phase LONG_TASK: 0
[21:26:11.682]   info   [GS]       score of phase LONG_TASK: 50
[21:26:11.682]  trace   [GS]       skipped phase WAIT_FOR_INIT because agent is not allowed
[21:26:11.682]  trace   [GS]       updating phase WAIT_FOR_INIT...
[21:26:11.682]  trace   [GS]       phase status WAIT_FOR_INIT: 1
[21:26:11.682]  trace   [GS]       skipped phase WAIT_FOR_INIT because it is not open
[21:26:11.682]   info   [GS]       selected phase LONG_TASK as next phase
[21:26:11.683]   info   [GS]       executing phase LONG_TASK
[21:26:11.683]   info   [GS]       phase 'LONG_TASK' done
