[15:47:25.769]   info   [SERVER]   successfully created TableState
[15:47:25.774]   info   [SERVER]   successfully created PhaseState
[15:47:25.776]   info   [SERVER]   successfully created Config (GameState Config)
[15:47:25.776]   info   [SERVER]   listening on: 172.17.0.2:3000
[15:47:56.670]   info   [SERVER]   accepted connection from 172.17.0.4:59248
[15:47:56.670]   info   [GS]       phase 'INIT_A' done
[15:47:56.671]   info   [GS]       get next best phase: bot_a
[15:47:56.672]  trace   [GS]       skipped phase CLEAR_DECK because agent is not allowed
[15:47:56.672]  trace   [GS]       updating phase CLEAR_DECK...
[15:47:56.672]  trace   [GS]       phase status CLEAR_DECK: 0
[15:47:56.672]   info   [GS]       potential of phase CLEAR_DECK: 0
[15:47:56.673]   info   [GS]       score of phase CLEAR_DECK: 48.5
[15:47:56.673]  trace   [GS]       skipped phase INIT_B because agent is not allowed
[15:47:56.673]  trace   [GS]       skipped phase LONG_TASK because agent is not allowed
[15:47:56.673]  trace   [GS]       updating phase LONG_TASK...
[15:47:56.673]  trace   [GS]       phase status LONG_TASK: 0
[15:47:56.673]   info   [GS]       potential of phase LONG_TASK: 0
[15:47:56.674]   info   [GS]       score of phase LONG_TASK: 50
[15:47:56.674]  trace   [GS]       skipped phase WAIT_FOR_INIT because agent is not allowed
[15:47:56.674]  trace   [GS]       updating phase WAIT_FOR_INIT...
[15:47:56.674]  trace   [GS]       phase status WAIT_FOR_INIT: 1
[15:47:56.674]  trace   [GS]       skipped phase WAIT_FOR_INIT because it is not open
[15:47:56.674]   info   [GS]       selected phase LONG_TASK as next phase
[15:47:56.675]   info   [GS]       executing phase LONG_TASK
[15:47:56.675]   info   [GS]       phase 'LONG_TASK' done
[15:47:56.676]   info   [GS]       get next best phase: bot_a
[15:47:56.676]  trace   [GS]       skipped phase CLEAR_DECK because agent is not allowed
[15:47:56.676]  trace   [GS]       updating phase CLEAR_DECK...
[15:47:56.676]  trace   [GS]       phase status CLEAR_DECK: 0
[15:47:56.676]   info   [GS]       potential of phase CLEAR_DECK: 0
[15:47:56.677]   info   [GS]       score of phase CLEAR_DECK: 48.5
[15:47:56.678]  trace   [GS]       skipped phase INIT_B because agent is not allowed
[15:47:56.678]  trace   [GS]       skipped phase WAIT_FOR_INIT because agent is not allowed
[15:47:56.678]  trace   [GS]       updating phase WAIT_FOR_INIT...
[15:47:56.678]  trace   [GS]       phase status WAIT_FOR_INIT: 1
[15:47:56.678]  trace   [GS]       skipped phase WAIT_FOR_INIT because it is not open
[15:47:56.678]   info   [GS]       selected phase CLEAR_DECK as next phase
[15:47:56.678]   info   [GS]       executing phase CLEAR_DECK
[15:47:56.678]   info   [GS]       phase 'CLEAR_DECK' done
[15:47:56.679]   info   [GS]       get next best phase: bot_a
[15:47:56.680]  trace   [GS]       skipped phase INIT_B because agent is not allowed
[15:47:56.680]  trace   [GS]       skipped phase WAIT_FOR_INIT because agent is not allowed
[15:47:56.680]  trace   [GS]       updating phase WAIT_FOR_INIT...
[15:47:56.680]  trace   [GS]       phase status WAIT_FOR_INIT: 1
[15:47:56.680]  trace   [GS]       skipped phase WAIT_FOR_INIT because it is not open
[15:47:56.680]   info   [GS]       no more phases to execute
[15:47:56.680]   info   [GS]       joining listening thread...
