[16:22:34.041]   info   [GS]       configuring Game State...
[16:22:34.042]   info   [GS]       configured game state successfully
[16:22:34.042]   info   [GS]       listening for a connection from bot_b
[16:22:34.042]   info   [GS]       phase 'INIT_A' done
[16:22:34.043]   info   [GS]       get next best phase: bot_a
[16:22:34.043]  trace   [GS]       skipped phase CLEAR_DECK because agent is not allowed
[16:22:34.043]  trace   [GS]       updating phase CLEAR_DECK...
[16:22:34.043]  trace   [GS]       phase status CLEAR_DECK: 0
[16:22:34.043]   info   [GS]       potential of phase CLEAR_DECK: 0
[16:22:34.043]   info   [GS]       score of phase CLEAR_DECK: 48.65
[16:22:34.044]  trace   [GS]       skipped phase INIT_B because agent is not allowed
[16:22:34.044]  trace   [GS]       skipped phase LONG_TASK because agent is not allowed
[16:22:34.044]  trace   [GS]       updating phase LONG_TASK...
[16:22:34.044]  trace   [GS]       phase status LONG_TASK: 0
[16:22:34.044]   info   [GS]       potential of phase LONG_TASK: 0
[16:22:34.044]   info   [GS]       score of phase LONG_TASK: 50
[16:22:34.044]  trace   [GS]       skipped phase WAIT_FOR_INIT because agent is not allowed
[16:22:34.044]  trace   [GS]       updating phase WAIT_FOR_INIT...
[16:22:34.044]  trace   [GS]       skipped phase WAIT_FOR_INIT because it is not open
[16:22:34.044]   info   [GS]       potential of phase WAIT_FOR_INIT: 0
[16:22:34.044]   info   [GS]       score of phase WAIT_FOR_INIT: 23.65
[16:22:34.044]   info   [GS]       selected phase LONG_TASK as next phase
[16:22:34.045]   info   [GS]       executing phase LONG_TASK
[16:22:34.045]   info   [GS]       phase 'LONG_TASK' done
[16:22:34.045]   info   [GS]       get next best phase: bot_a
[16:22:34.045]  trace   [GS]       skipped phase CLEAR_DECK because agent is not allowed
[16:22:34.045]  trace   [GS]       updating phase CLEAR_DECK...
[16:22:34.045]  trace   [GS]       phase status CLEAR_DECK: 0
[16:22:34.045]   info   [GS]       potential of phase CLEAR_DECK: 0
[16:22:34.046]   info   [GS]       score of phase CLEAR_DECK: 48.65
[16:22:34.046]  trace   [GS]       skipped phase INIT_B because agent is not allowed
[16:22:34.046]  trace   [GS]       skipped phase WAIT_FOR_INIT because agent is not allowed
[16:22:34.046]  trace   [GS]       updating phase WAIT_FOR_INIT...
[16:22:34.046]  trace   [GS]       skipped phase WAIT_FOR_INIT because it is not open
[16:22:34.046]   info   [GS]       potential of phase WAIT_FOR_INIT: 0
[16:22:34.046]   info   [GS]       score of phase WAIT_FOR_INIT: 23.65
[16:22:34.046]   info   [GS]       selected phase CLEAR_DECK as next phase
[16:22:34.047]   info   [GS]       executing phase CLEAR_DECK
[16:22:34.047]   info   [GS]       phase 'CLEAR_DECK' done
[16:22:34.047]   info   [GS]       get next best phase: bot_a
[16:22:34.047]  trace   [GS]       skipped phase INIT_B because agent is not allowed
[16:22:34.048]  trace   [GS]       skipped phase WAIT_FOR_INIT because agent is not allowed
[16:22:34.048]  trace   [GS]       updating phase WAIT_FOR_INIT...
[16:22:34.048]  trace   [GS]       skipped phase WAIT_FOR_INIT because it is not open
[16:22:34.048]   info   [GS]       potential of phase WAIT_FOR_INIT: 0
[16:22:34.048]   info   [GS]       score of phase WAIT_FOR_INIT: 23.65
[16:22:34.048]   info   [GS]       selected phase WAIT_FOR_INIT as next phase
[16:22:34.048]   info   [GS]       executing phase WAIT_FOR_INIT
[16:22:34.049]   info   [GS]       phase 'WAIT_FOR_INIT' done
[16:22:34.049]   info   [GS]       get next best phase: bot_a
[16:22:34.049]  trace   [GS]       skipped phase INIT_B because agent is not allowed
[16:22:34.049]   info   [GS]       no more phases to execute
