[19:51:45.662]   info   [SERVER]   successfully created TableState
[19:51:45.663]   info   [SERVER]   successfully created PhaseState
[19:51:45.663]   info   [SERVER]   successfully created Config (GameState Config)
[19:51:45.668]   info   [SERVER]   listening on: 172.17.0.2:3000
[19:52:07.999]   info   [SERVER]   accepted connection from 172.17.0.3:53986
[19:52:08.011]   info   [GS]       Phase 'INIT_A' finished, removing.
[19:52:08.011]   info   [GS]       get next best phase: bot_a
[19:52:08.011]  trace   [GS]       skipped phase CLEAR_DECK because agent is not allowed
[19:52:08.011]  trace   [GS]       updating phase CLEAR_DECK...
[19:52:08.011]  trace   [GS]       phase status CLEAR_DECK: 0
[19:52:08.012]   info   [GS]       potential of phase CLEAR_DECK: 0
[19:52:08.012]   info   [GS]       score of phase CLEAR_DECK: 48.5
[19:52:08.012]  trace   [GS]       skipped phase INIT_B because agent is not allowed
[19:52:08.012]  trace   [GS]       skipped phase LONG_TASK because agent is not allowed
[19:52:08.012]  trace   [GS]       updating phase LONG_TASK...
[19:52:08.012]  trace   [GS]       phase status LONG_TASK: 0
[19:52:08.012]   info   [GS]       potential of phase LONG_TASK: 0
[19:52:08.012]   info   [GS]       score of phase LONG_TASK: 50
[19:52:08.013]  trace   [GS]       skipped phase WAIT_FOR_INIT because agent is not allowed
[19:52:08.013]  trace   [GS]       updating phase WAIT_FOR_INIT...
[19:52:08.013]  trace   [GS]       phase status WAIT_FOR_INIT: 1
[19:52:08.013]  trace   [GS]       skipped phase WAIT_FOR_INIT because it is not open
[19:52:08.013]   info   [GS]       selected phase LONG_TASK as next phase
[19:52:08.014]  debug   [GS]       Received update: {"init_b":true}
[19:52:08.025]   info   [GS]       Phase 'LONG_TASK' finished, removing.
[19:52:08.025]   info   [GS]       get next best phase: bot_a
[19:52:08.025]  trace   [GS]       skipped phase CLEAR_DECK because agent is not allowed
[19:52:08.025]  trace   [GS]       updating phase CLEAR_DECK...
[19:52:08.026]  trace   [GS]       phase status CLEAR_DECK: 0
[19:52:08.026]   info   [GS]       potential of phase CLEAR_DECK: 0
[19:52:08.026]   info   [GS]       score of phase CLEAR_DECK: 48.5
[19:52:08.026]  trace   [GS]       skipped phase INIT_B because agent is not allowed
[19:52:08.026]  trace   [GS]       skipped phase WAIT_FOR_INIT because agent is not allowed
[19:52:08.026]  trace   [GS]       updating phase WAIT_FOR_INIT...
[19:52:08.026]   info   [GS]       unlocked phase WAIT_FOR_INIT
[19:52:08.026]  trace   [GS]       phase status WAIT_FOR_INIT: 0
[19:52:08.026]   info   [GS]       potential of phase WAIT_FOR_INIT: 0
[19:52:08.027]   info   [GS]       score of phase WAIT_FOR_INIT: 23.5
[19:52:08.027]   info   [GS]       selected phase CLEAR_DECK as next phase
