[19:15:26.887]   info   [SERVER]   successfully created TableState
[19:15:26.889]   info   [SERVER]   successfully created PhaseState
[19:15:26.889]   info   [SERVER]   successfully created Config (GameState Config)
[19:15:26.890]   info   [SERVER]   listening on: 172.17.0.2:3000
[19:15:40.375]   info   [SERVER]   accepted connection from 172.17.0.3:54636
[19:15:40.375]   info   [GS]       phase 'INIT_A' done
[19:15:40.376]   info   [GS]       get next best phase: bot_a
[19:15:40.377]  trace   [GS]       skipped phase CLEAR_DECK because agent is not allowed
[19:15:40.377]  trace   [GS]       updating phase CLEAR_DECK...
[19:15:40.377]  trace   [GS]       phase status CLEAR_DECK: 0
[19:15:40.377]   info   [GS]       potential of phase CLEAR_DECK: 0
[19:15:40.378]   info   [GS]       score of phase CLEAR_DECK: 48.5
[19:15:40.379]  trace   [GS]       skipped phase INIT_B because agent is not allowed
[19:15:40.379]  trace   [GS]       skipped phase LONG_TASK because agent is not allowed
[19:15:40.379]  trace   [GS]       updating phase LONG_TASK...
[19:15:40.379]  trace   [GS]       phase status LONG_TASK: 0
[19:15:40.379]   info   [GS]       potential of phase LONG_TASK: 0
[19:15:40.380]   info   [GS]       score of phase LONG_TASK: 50
[19:15:40.381]  trace   [GS]       skipped phase WAIT_FOR_INIT because agent is not allowed
[19:15:40.381]  trace   [GS]       updating phase WAIT_FOR_INIT...
[19:15:40.381]  trace   [GS]       phase status WAIT_FOR_INIT: 1
[19:15:40.381]  trace   [GS]       skipped phase WAIT_FOR_INIT because it is not open
[19:15:40.381]   info   [GS]       selected phase LONG_TASK as next phase
[19:15:40.382]   info   [GS]       executing phase LONG_TASK
[19:15:40.384]   info   [GS]       phase 'LONG_TASK' done
[19:15:40.384]   info   [GS]       get next best phase: bot_a
[19:15:40.385]  trace   [GS]       skipped phase CLEAR_DECK because agent is not allowed
[19:15:40.385]  trace   [GS]       updating phase CLEAR_DECK...
[19:15:40.385]  trace   [GS]       phase status CLEAR_DECK: 0
[19:15:40.385]   info   [GS]       potential of phase CLEAR_DECK: 0
[19:15:40.386]   info   [GS]       score of phase CLEAR_DECK: 48.5
[19:15:40.386]  trace   [GS]       skipped phase INIT_B because agent is not allowed
[19:15:40.386]  trace   [GS]       skipped phase WAIT_FOR_INIT because agent is not allowed
[19:15:40.386]  trace   [GS]       updating phase WAIT_FOR_INIT...
[19:15:40.386]  trace   [GS]       phase status WAIT_FOR_INIT: 1
[19:15:40.386]  trace   [GS]       skipped phase WAIT_FOR_INIT because it is not open
[19:15:40.386]   info   [GS]       selected phase CLEAR_DECK as next phase
[19:15:40.387]   info   [GS]       executing phase CLEAR_DECK
