[19:25:51.682]   info   [SERVER]   successfully created TableState
[19:25:51.683]   info   [SERVER]   successfully created PhaseState
[19:25:51.685]   info   [SERVER]   successfully created Config (GameState Config)
[19:25:51.685]   info   [SERVER]   listening on: 172.17.0.2:3000
[19:25:59.125]   info   [SERVER]   accepted connection from 172.17.0.3:47930
[19:25:59.126]   info   [GS]       phase 'INIT_A' done
[19:25:59.127]   info   [GS]       get next best phase: bot_a
[19:25:59.127]  trace   [GS]       skipped phase CLEAR_DECK because agent is not allowed
[19:25:59.127]  trace   [GS]       updating phase CLEAR_DECK...
[19:25:59.127]  trace   [GS]       phase status CLEAR_DECK: 0
[19:25:59.127]   info   [GS]       potential of phase CLEAR_DECK: 0
[19:25:59.128]   info   [GS]       score of phase CLEAR_DECK: 48.5
[19:25:59.128]  trace   [GS]       skipped phase INIT_B because agent is not allowed
[19:25:59.128]  trace   [GS]       skipped phase LONG_TASK because agent is not allowed
[19:25:59.128]  trace   [GS]       updating phase LONG_TASK...
[19:25:59.128]  trace   [GS]       phase status LONG_TASK: 0
[19:25:59.128]   info   [GS]       potential of phase LONG_TASK: 0
[19:25:59.129]   info   [GS]       score of phase LONG_TASK: 50
[19:25:59.129]  trace   [GS]       skipped phase WAIT_FOR_INIT because agent is not allowed
[19:25:59.129]  trace   [GS]       updating phase WAIT_FOR_INIT...
[19:25:59.129]  trace   [GS]       phase status WAIT_FOR_INIT: 1
[19:25:59.129]  trace   [GS]       skipped phase WAIT_FOR_INIT because it is not open
[19:25:59.129]   info   [GS]       selected phase LONG_TASK as next phase
[19:25:59.130]   info   [GS]       executing phase LONG_TASK
[19:25:59.131]   info   [GS]       phase 'LONG_TASK' done
[19:25:59.132]   info   [GS]       get next best phase: bot_a
[19:25:59.134]  trace   [GS]       skipped phase CLEAR_DECK because agent is not allowed
[19:25:59.134]  trace   [GS]       updating phase CLEAR_DECK...
[19:25:59.134]  trace   [GS]       phase status CLEAR_DECK: 0
[19:25:59.134]   info   [GS]       potential of phase CLEAR_DECK: 0
[19:25:59.134]   info   [GS]       score of phase CLEAR_DECK: 48.5
[19:25:59.135]  trace   [GS]       skipped phase INIT_B because agent is not allowed
[19:25:59.135]  trace   [GS]       skipped phase WAIT_FOR_INIT because agent is not allowed
[19:25:59.135]  trace   [GS]       updating phase WAIT_FOR_INIT...
[19:25:59.135]  trace   [GS]       phase status WAIT_FOR_INIT: 1
[19:25:59.135]  trace   [GS]       skipped phase WAIT_FOR_INIT because it is not open
[19:25:59.135]   info   [GS]       selected phase CLEAR_DECK as next phase
[19:25:59.135]   info   [GS]       executing phase CLEAR_DECK
[19:25:59.136]   info   [GS]       phase 'CLEAR_DECK' done
[19:25:59.137]   info   [GS]       get next best phase: bot_a
[19:25:59.137]  trace   [GS]       skipped phase INIT_B because agent is not allowed
[19:25:59.137]  trace   [GS]       skipped phase WAIT_FOR_INIT because agent is not allowed
[19:25:59.137]  trace   [GS]       updating phase WAIT_FOR_INIT...
[19:25:59.137]  trace   [GS]       phase status WAIT_FOR_INIT: 1
[19:25:59.137]  trace   [GS]       skipped phase WAIT_FOR_INIT because it is not open
[19:25:59.137]   info   [GS]       no more phases to execute
[19:25:59.137]   info   [GS]       joining listening thread...
