[13:54:33.177]   info   [SERVER]   successfully created TableState
[13:54:33.178]   info   [SERVER]   successfully created PhaseState
[13:54:33.178]   info   [SERVER]   successfully created Config (GameState Config)
[13:54:33.184]   info   [SERVER]   listening on: 172.17.0.2:3000
[13:54:38.276]   info   [SERVER]   accepted connection from 172.17.0.3:57406
[13:54:38.277]   info   [GS]       get next best phase: bot_a
[13:54:38.277]  trace   [GS]       updating phase CLEAR_DECK...
[13:54:38.277]  trace   [GS]       phase status CLEAR_DECK: 0
[13:54:38.277]   info   [GS]       potential of phase CLEAR_DECK: 0
[13:54:38.278]   info   [GS]       score of phase CLEAR_DECK: 48.5
[13:54:38.278]  trace   [GS]       skipped phase INIT_B because agent is not allowed
[13:54:38.278]  trace   [GS]       updating phase LONG_TASK...
[13:54:38.278]  trace   [GS]       phase status LONG_TASK: 0
[13:54:38.279]   info   [GS]       potential of phase LONG_TASK: 0
[13:54:38.279]   info   [GS]       score of phase LONG_TASK: 50
[13:54:38.280]  trace   [GS]       updating phase SOME_BOT_A...
[13:54:38.280]  trace   [GS]       phase status SOME_BOT_A: 1
[13:54:38.280]  trace   [GS]       skipped phase SOME_BOT_A because phase is not open
[13:54:38.280]  trace   [GS]       skipped phase SOME_BOT_B because agent is not allowed
[13:54:38.280]  trace   [GS]       updating phase WAIT_FOR_INIT...
[13:54:38.280]  trace   [GS]       phase status WAIT_FOR_INIT: 1
[13:54:38.280]  trace   [GS]       skipped phase WAIT_FOR_INIT because phase is not open
[13:54:38.280]   info   [GS]       selected phase LONG_TASK as next phase
[13:54:38.280]   info   [GS]       Received update: {"init_b":true}
[13:54:38.280]   info   [GS]       get next best phase: bot_a
[13:54:38.281]  trace   [GS]       updating phase CLEAR_DECK...
[13:54:38.281]  trace   [GS]       phase status CLEAR_DECK: 0
[13:54:38.281]   info   [GS]       potential of phase CLEAR_DECK: 0
[13:54:38.281]   info   [GS]       score of phase CLEAR_DECK: 48.5
[13:54:38.282]  trace   [GS]       skipped phase INIT_B because agent is not allowed
[13:54:38.282]  trace   [GS]       updating phase SOME_BOT_A...
[13:54:38.282]  trace   [GS]       phase status SOME_BOT_A: 1
[13:54:38.282]  trace   [GS]       skipped phase SOME_BOT_A because phase is not open
[13:54:38.282]  trace   [GS]       skipped phase SOME_BOT_B because agent is not allowed
[13:54:38.282]  trace   [GS]       updating phase WAIT_FOR_INIT...
[13:54:38.282]  trace   [GS]       phase status WAIT_FOR_INIT: 1
[13:54:38.282]  trace   [GS]       skipped phase WAIT_FOR_INIT because phase is not open
[13:54:38.282]   info   [GS]       selected phase CLEAR_DECK as next phase
[13:54:38.284]   info   [GS]       get next best phase: bot_a
[13:54:38.285]  trace   [GS]       skipped phase INIT_B because agent is not allowed
[13:54:38.285]  trace   [GS]       updating phase SOME_BOT_A...
[13:54:38.285]  trace   [GS]       phase status SOME_BOT_A: 1
[13:54:38.285]  trace   [GS]       skipped phase SOME_BOT_A because phase is not open
[13:54:38.285]  trace   [GS]       skipped phase SOME_BOT_B because agent is not allowed
[13:54:38.285]  trace   [GS]       updating phase WAIT_FOR_INIT...
[13:54:38.285]  trace   [GS]       phase status WAIT_FOR_INIT: 1
[13:54:38.285]  trace   [GS]       skipped phase WAIT_FOR_INIT because phase is not open
[13:54:38.285]   info   [GS]       no more phases to execute
[13:54:38.285]   info   [GS]       get next best phase: bot_a
[13:54:38.286]  trace   [GS]       skipped phase INIT_B because agent is not allowed
[13:54:38.286]  trace   [GS]       updating phase SOME_BOT_A...
[13:54:38.286]  trace   [GS]       phase status SOME_BOT_A: 1
[13:54:38.286]  trace   [GS]       skipped phase SOME_BOT_A because phase is not open
[13:54:38.286]  trace   [GS]       skipped phase SOME_BOT_B because agent is not allowed
[13:54:38.286]  trace   [GS]       updating phase WAIT_FOR_INIT...
[13:54:38.286]  trace   [GS]       phase status WAIT_FOR_INIT: 1
[13:54:38.286]  trace   [GS]       skipped phase WAIT_FOR_INIT because phase is not open
[13:54:38.286]   info   [GS]       no more phases to execute
[13:54:38.286]   info   [GS]       get next best phase: bot_a
[13:54:38.288]  trace   [GS]       skipped phase INIT_B because agent is not allowed
[13:54:38.288]  trace   [GS]       updating phase SOME_BOT_A...
[13:54:38.288]  trace   [GS]       phase status SOME_BOT_A: 1
[13:54:38.288]  trace   [GS]       skipped phase SOME_BOT_A because phase is not open
[13:54:38.288]  trace   [GS]       skipped phase SOME_BOT_B because agent is not allowed
[13:54:38.288]  trace   [GS]       updating phase WAIT_FOR_INIT...
[13:54:38.288]  trace   [GS]       phase status WAIT_FOR_INIT: 1
[13:54:38.288]  trace   [GS]       skipped phase WAIT_FOR_INIT because phase is not open
[13:54:38.288]   info   [GS]       no more phases to execute
[13:54:38.289]   info   [GS]       get next best phase: bot_a
[13:54:38.295]  trace   [GS]       skipped phase INIT_B because agent is not allowed
[13:54:38.295]  trace   [GS]       updating phase SOME_BOT_A...
[13:54:38.295]  trace   [GS]       phase status SOME_BOT_A: 1
[13:54:38.295]  trace   [GS]       skipped phase SOME_BOT_A because phase is not open
[13:54:38.295]  trace   [GS]       skipped phase SOME_BOT_B because agent is not allowed
[13:54:38.295]  trace   [GS]       updating phase WAIT_FOR_INIT...
[13:54:38.295]  trace   [GS]       phase status WAIT_FOR_INIT: 1
[13:54:38.295]  trace   [GS]       skipped phase WAIT_FOR_INIT because phase is not open
[13:54:38.295]   info   [GS]       no more phases to execute
[13:54:38.297]   info   [GS]       get next best phase: bot_a
[13:54:38.297]  trace   [GS]       skipped phase INIT_B because agent is not allowed
[13:54:38.297]  trace   [GS]       updating phase SOME_BOT_A...
[13:54:38.297]  trace   [GS]       phase status SOME_BOT_A: 1
[13:54:38.297]  trace   [GS]       skipped phase SOME_BOT_A because phase is not open
[13:54:38.297]  trace   [GS]       skipped phase SOME_BOT_B because agent is not allowed
[13:54:38.297]  trace   [GS]       updating phase WAIT_FOR_INIT...
[13:54:38.297]  trace   [GS]       phase status WAIT_FOR_INIT: 1
[13:54:38.297]  trace   [GS]       skipped phase WAIT_FOR_INIT because phase is not open
[13:54:38.297]   info   [GS]       no more phases to execute
[13:54:38.298]   info   [GS]       get next best phase: bot_a
[13:54:38.298]  trace   [GS]       skipped phase INIT_B because agent is not allowed
[13:54:38.298]  trace   [GS]       updating phase SOME_BOT_A...
[13:54:38.298]  trace   [GS]       phase status SOME_BOT_A: 1
[13:54:38.298]  trace   [GS]       skipped phase SOME_BOT_A because phase is not open
[13:54:38.298]  trace   [GS]       skipped phase SOME_BOT_B because agent is not allowed
[13:54:38.298]  trace   [GS]       updating phase WAIT_FOR_INIT...
[13:54:38.298]  trace   [GS]       phase status WAIT_FOR_INIT: 1
[13:54:38.298]  trace   [GS]       skipped phase WAIT_FOR_INIT because phase is not open
[13:54:38.298]   info   [GS]       no more phases to execute
[13:54:38.299]   info   [GS]       get next best phase: bot_a
[13:54:38.299]  trace   [GS]       skipped phase INIT_B because agent is not allowed
[13:54:38.299]  trace   [GS]       updating phase SOME_BOT_A...
[13:54:38.299]  trace   [GS]       phase status SOME_BOT_A: 1
[13:54:38.299]  trace   [GS]       skipped phase SOME_BOT_A because phase is not open
[13:54:38.299]  trace   [GS]       skipped phase SOME_BOT_B because agent is not allowed
[13:54:38.299]  trace   [GS]       updating phase WAIT_FOR_INIT...
[13:54:38.299]  trace   [GS]       phase status WAIT_FOR_INIT: 1
[13:54:38.299]  trace   [GS]       skipped phase WAIT_FOR_INIT because phase is not open
[13:54:38.299]   info   [GS]       no more phases to execute
[13:54:38.299]   info   [GS]       get next best phase: bot_a
[13:54:38.301]  trace   [GS]       skipped phase INIT_B because agent is not allowed
[13:54:38.301]  trace   [GS]       updating phase SOME_BOT_A...
[13:54:38.301]  trace   [GS]       phase status SOME_BOT_A: 1
[13:54:38.301]  trace   [GS]       skipped phase SOME_BOT_A because phase is not open
[13:54:38.301]  trace   [GS]       skipped phase SOME_BOT_B because agent is not allowed
[13:54:38.301]  trace   [GS]       updating phase WAIT_FOR_INIT...
[13:54:38.301]  trace   [GS]       phase status WAIT_FOR_INIT: 1
[13:54:38.301]  trace   [GS]       skipped phase WAIT_FOR_INIT because phase is not open
[13:54:38.301]   info   [GS]       no more phases to execute
[13:54:38.302]   info   [GS]       get next best phase: bot_a
[13:54:38.302]  trace   [GS]       skipped phase INIT_B because agent is not allowed
[13:54:38.302]  trace   [GS]       updating phase SOME_BOT_A...
[13:54:38.302]  trace   [GS]       phase status SOME_BOT_A: 1
[13:54:38.302]  trace   [GS]       skipped phase SOME_BOT_A because phase is not open
[13:54:38.302]  trace   [GS]       skipped phase SOME_BOT_B because agent is not allowed
[13:54:38.302]  trace   [GS]       updating phase WAIT_FOR_INIT...
[13:54:38.302]  trace   [GS]       phase status WAIT_FOR_INIT: 1
[13:54:38.302]  trace   [GS]       skipped phase WAIT_FOR_INIT because phase is not open
[13:54:38.302]   info   [GS]       no more phases to execute
[13:54:38.303]   info   [GS]       get next best phase: bot_a
[13:54:38.303]  trace   [GS]       skipped phase INIT_B because agent is not allowed
[13:54:38.303]  trace   [GS]       updating phase SOME_BOT_A...
[13:54:38.303]  trace   [GS]       phase status SOME_BOT_A: 1
[13:54:38.303]  trace   [GS]       skipped phase SOME_BOT_A because phase is not open
[13:54:38.303]  trace   [GS]       skipped phase SOME_BOT_B because agent is not allowed
[13:54:38.303]  trace   [GS]       updating phase WAIT_FOR_INIT...
[13:54:38.303]  trace   [GS]       phase status WAIT_FOR_INIT: 1
[13:54:38.303]  trace   [GS]       skipped phase WAIT_FOR_INIT because phase is not open
[13:54:38.303]   info   [GS]       no more phases to execute
[13:54:38.304]   info   [GS]       get next best phase: bot_a
[13:54:38.304]  trace   [GS]       skipped phase INIT_B because agent is not allowed
[13:54:38.304]  trace   [GS]       updating phase SOME_BOT_A...
[13:54:38.304]  trace   [GS]       phase status SOME_BOT_A: 1
[13:54:38.304]  trace   [GS]       skipped phase SOME_BOT_A because phase is not open
[13:54:38.304]  trace   [GS]       skipped phase SOME_BOT_B because agent is not allowed
[13:54:38.304]  trace   [GS]       updating phase WAIT_FOR_INIT...
[13:54:38.304]  trace   [GS]       phase status WAIT_FOR_INIT: 1
[13:54:38.304]  trace   [GS]       skipped phase WAIT_FOR_INIT because phase is not open
[13:54:38.304]   info   [GS]       no more phases to execute
[13:54:38.304]   info   [GS]       get next best phase: bot_a
[13:54:38.305]  trace   [GS]       skipped phase INIT_B because agent is not allowed
[13:54:38.305]  trace   [GS]       updating phase SOME_BOT_A...
[13:54:38.305]  trace   [GS]       phase status SOME_BOT_A: 1
[13:54:38.305]  trace   [GS]       skipped phase SOME_BOT_A because phase is not open
[13:54:38.305]  trace   [GS]       skipped phase SOME_BOT_B because agent is not allowed
[13:54:38.305]  trace   [GS]       updating phase WAIT_FOR_INIT...
[13:54:38.305]  trace   [GS]       phase status WAIT_FOR_INIT: 1
[13:54:38.305]  trace   [GS]       skipped phase WAIT_FOR_INIT because phase is not open
[13:54:38.305]   info   [GS]       no more phases to execute
[13:54:38.305]   info   [GS]       get next best phase: bot_a
[13:54:38.306]  trace   [GS]       skipped phase INIT_B because agent is not allowed
[13:54:38.306]  trace   [GS]       updating phase SOME_BOT_A...
[13:54:38.306]  trace   [GS]       phase status SOME_BOT_A: 1
[13:54:38.306]  trace   [GS]       skipped phase SOME_BOT_A because phase is not open
[13:54:38.306]  trace   [GS]       skipped phase SOME_BOT_B because agent is not allowed
[13:54:38.306]  trace   [GS]       updating phase WAIT_FOR_INIT...
[13:54:38.306]  trace   [GS]       phase status WAIT_FOR_INIT: 1
[13:54:38.306]  trace   [GS]       skipped phase WAIT_FOR_INIT because phase is not open
[13:54:38.306]   info   [GS]       no more phases to execute
[13:54:38.306]   info   [GS]       get next best phase: bot_a
[13:54:38.307]  trace   [GS]       skipped phase INIT_B because agent is not allowed
[13:54:38.307]  trace   [GS]       updating phase SOME_BOT_A...
[13:54:38.307]  trace   [GS]       phase status SOME_BOT_A: 1
[13:54:38.307]  trace   [GS]       skipped phase SOME_BOT_A because phase is not open
[13:54:38.307]  trace   [GS]       skipped phase SOME_BOT_B because agent is not allowed
[13:54:38.307]  trace   [GS]       updating phase WAIT_FOR_INIT...
[13:54:38.307]  trace   [GS]       phase status WAIT_FOR_INIT: 1
[13:54:38.307]  trace   [GS]       skipped phase WAIT_FOR_INIT because phase is not open
[13:54:38.307]   info   [GS]       no more phases to execute
[13:54:38.307]   info   [GS]       get next best phase: bot_a
[13:54:38.308]  trace   [GS]       skipped phase INIT_B because agent is not allowed
[13:54:38.308]  trace   [GS]       updating phase SOME_BOT_A...
[13:54:38.308]  trace   [GS]       phase status SOME_BOT_A: 1
[13:54:38.308]  trace   [GS]       skipped phase SOME_BOT_A because phase is not open
[13:54:38.308]  trace   [GS]       skipped phase SOME_BOT_B because agent is not allowed
[13:54:38.308]  trace   [GS]       updating phase WAIT_FOR_INIT...
[13:54:38.308]  trace   [GS]       phase status WAIT_FOR_INIT: 1
[13:54:38.308]  trace   [GS]       skipped phase WAIT_FOR_INIT because phase is not open
[13:54:38.308]   info   [GS]       no more phases to execute
[13:54:38.308]   info   [GS]       get next best phase: bot_a
[13:54:38.309]  trace   [GS]       skipped phase INIT_B because agent is not allowed
[13:54:38.309]  trace   [GS]       updating phase SOME_BOT_A...
[13:54:38.309]  trace   [GS]       phase status SOME_BOT_A: 1
[13:54:38.309]  trace   [GS]       skipped phase SOME_BOT_A because phase is not open
[13:54:38.309]  trace   [GS]       skipped phase SOME_BOT_B because agent is not allowed
[13:54:38.309]  trace   [GS]       updating phase WAIT_FOR_INIT...
[13:54:38.309]  trace   [GS]       phase status WAIT_FOR_INIT: 1
[13:54:38.309]  trace   [GS]       skipped phase WAIT_FOR_INIT because phase is not open
[13:54:38.309]   info   [GS]       no more phases to execute
[13:54:38.309]   info   [GS]       get next best phase: bot_a
[13:54:38.310]  trace   [GS]       skipped phase INIT_B because agent is not allowed
[13:54:38.310]  trace   [GS]       updating phase SOME_BOT_A...
[13:54:38.310]  trace   [GS]       phase status SOME_BOT_A: 1
[13:54:38.310]  trace   [GS]       skipped phase SOME_BOT_A because phase is not open
[13:54:38.310]  trace   [GS]       skipped phase SOME_BOT_B because agent is not allowed
[13:54:38.310]  trace   [GS]       updating phase WAIT_FOR_INIT...
[13:54:38.310]  trace   [GS]       phase status WAIT_FOR_INIT: 1
[13:54:38.310]  trace   [GS]       skipped phase WAIT_FOR_INIT because phase is not open
[13:54:38.310]   info   [GS]       no more phases to execute
[13:54:38.310]   info   [GS]       get next best phase: bot_a
[13:54:38.311]  trace   [GS]       skipped phase INIT_B because agent is not allowed
[13:54:38.311]  trace   [GS]       updating phase SOME_BOT_A...
[13:54:38.311]  trace   [GS]       phase status SOME_BOT_A: 1
[13:54:38.311]  trace   [GS]       skipped phase SOME_BOT_A because phase is not open
[13:54:38.311]  trace   [GS]       skipped phase SOME_BOT_B because agent is not allowed
[13:54:38.311]  trace   [GS]       updating phase WAIT_FOR_INIT...
[13:54:38.311]  trace   [GS]       phase status WAIT_FOR_INIT: 1
[13:54:38.311]  trace   [GS]       skipped phase WAIT_FOR_INIT because phase is not open
[13:54:38.311]   info   [GS]       no more phases to execute
[13:54:38.311]   info   [GS]       get next best phase: bot_a
[13:54:38.312]  trace   [GS]       skipped phase INIT_B because agent is not allowed
[13:54:38.312]  trace   [GS]       updating phase SOME_BOT_A...
[13:54:38.312]  trace   [GS]       phase status SOME_BOT_A: 1
[13:54:38.312]  trace   [GS]       skipped phase SOME_BOT_A because phase is not open
[13:54:38.312]  trace   [GS]       skipped phase SOME_BOT_B because agent is not allowed
[13:54:38.312]  trace   [GS]       updating phase WAIT_FOR_INIT...
[13:54:38.312]  trace   [GS]       phase status WAIT_FOR_INIT: 1
[13:54:38.312]  trace   [GS]       skipped phase WAIT_FOR_INIT because phase is not open
[13:54:38.312]   info   [GS]       no more phases to execute
[13:54:38.312]   info   [GS]       get next best phase: bot_a
[13:54:38.312]  trace   [GS]       skipped phase INIT_B because agent is not allowed
[13:54:38.312]  trace   [GS]       updating phase SOME_BOT_A...
[13:54:38.312]  trace   [GS]       phase status SOME_BOT_A: 1
[13:54:38.312]  trace   [GS]       skipped phase SOME_BOT_A because phase is not open
[13:54:38.312]  trace   [GS]       skipped phase SOME_BOT_B because agent is not allowed
[13:54:38.312]  trace   [GS]       updating phase WAIT_FOR_INIT...
[13:54:38.312]  trace   [GS]       phase status WAIT_FOR_INIT: 1
[13:54:38.312]  trace   [GS]       skipped phase WAIT_FOR_INIT because phase is not open
[13:54:38.312]   info   [GS]       no more phases to execute
[13:54:38.313]   info   [GS]       get next best phase: bot_a
[13:54:38.313]  trace   [GS]       skipped phase INIT_B because agent is not allowed
[13:54:38.313]  trace   [GS]       updating phase SOME_BOT_A...
[13:54:38.313]  trace   [GS]       phase status SOME_BOT_A: 1
[13:54:38.313]  trace   [GS]       skipped phase SOME_BOT_A because phase is not open
[13:54:38.313]  trace   [GS]       skipped phase SOME_BOT_B because agent is not allowed
[13:54:38.313]  trace   [GS]       updating phase WAIT_FOR_INIT...
[13:54:38.313]  trace   [GS]       phase status WAIT_FOR_INIT: 1
[13:54:38.313]  trace   [GS]       skipped phase WAIT_FOR_INIT because phase is not open
[13:54:38.313]   info   [GS]       no more phases to execute
[13:54:38.314]   info   [GS]       Received update phase [INIT_B]: DONE
[13:54:38.314]   info   [GS]       get next best phase: bot_a
[13:54:38.314]  trace   [GS]       skipped phase INIT_B because agent is not allowed
[13:54:38.314]  trace   [GS]       updating phase SOME_BOT_A...
[13:54:38.314]  trace   [GS]       phase status SOME_BOT_A: 1
[13:54:38.314]  trace   [GS]       skipped phase SOME_BOT_A because phase is not open
[13:54:38.314]  trace   [GS]       skipped phase SOME_BOT_B because agent is not allowed
[13:54:38.314]  trace   [GS]       updating phase WAIT_FOR_INIT...
[13:54:38.314]   info   [GS]       unlocked phase {}
[13:54:38.315]  trace   [GS]       phase status WAIT_FOR_INIT: 0
[13:54:38.315]   info   [GS]       potential of phase WAIT_FOR_INIT: 0
[13:54:38.315]   info   [GS]       score of phase WAIT_FOR_INIT: 23.5
[13:54:38.315]   info   [GS]       selected phase WAIT_FOR_INIT as next phase
[13:54:38.316]   info   [GS]       get next best phase: bot_a
[13:54:38.316]  trace   [GS]       updating phase SOME_BOT_A...
[13:54:38.316]  trace   [GS]       phase status SOME_BOT_A: 1
[13:54:38.316]  trace   [GS]       skipped phase SOME_BOT_A because phase is not open
[13:54:38.316]  trace   [GS]       skipped phase SOME_BOT_B because agent is not allowed
[13:54:38.316]   info   [GS]       no more phases to execute
[13:54:38.316]   info   [GS]       get next best phase: bot_a
[13:54:38.317]  trace   [GS]       updating phase SOME_BOT_A...
[13:54:38.317]  trace   [GS]       phase status SOME_BOT_A: 1
[13:54:38.317]  trace   [GS]       skipped phase SOME_BOT_A because phase is not open
[13:54:38.317]  trace   [GS]       skipped phase SOME_BOT_B because agent is not allowed
[13:54:38.317]   info   [GS]       no more phases to execute
[13:54:38.318]   info   [GS]       get next best phase: bot_a
[13:54:38.318]  trace   [GS]       updating phase SOME_BOT_A...
[13:54:38.318]  trace   [GS]       phase status SOME_BOT_A: 1
[13:54:38.318]  trace   [GS]       skipped phase SOME_BOT_A because phase is not open
[13:54:38.318]  trace   [GS]       skipped phase SOME_BOT_B because agent is not allowed
[13:54:38.318]   info   [GS]       no more phases to execute
[13:54:38.318]   info   [GS]       get next best phase: bot_a
[13:54:38.319]  trace   [GS]       updating phase SOME_BOT_A...
[13:54:38.319]  trace   [GS]       phase status SOME_BOT_A: 1
[13:54:38.319]  trace   [GS]       skipped phase SOME_BOT_A because phase is not open
[13:54:38.319]  trace   [GS]       skipped phase SOME_BOT_B because agent is not allowed
[13:54:38.319]   info   [GS]       no more phases to execute
[13:54:38.320]   info   [GS]       get next best phase: bot_a
[13:54:38.320]  trace   [GS]       updating phase SOME_BOT_A...
[13:54:38.320]  trace   [GS]       phase status SOME_BOT_A: 1
[13:54:38.320]  trace   [GS]       skipped phase SOME_BOT_A because phase is not open
[13:54:38.320]  trace   [GS]       skipped phase SOME_BOT_B because agent is not allowed
[13:54:38.320]   info   [GS]       no more phases to execute
[13:54:38.321]   info   [GS]       get next best phase: bot_a
[13:54:38.321]  trace   [GS]       updating phase SOME_BOT_A...
[13:54:38.321]  trace   [GS]       phase status SOME_BOT_A: 1
[13:54:38.321]  trace   [GS]       skipped phase SOME_BOT_A because phase is not open
[13:54:38.321]  trace   [GS]       skipped phase SOME_BOT_B because agent is not allowed
[13:54:38.321]   info   [GS]       no more phases to execute
[13:54:38.322]   info   [GS]       get next best phase: bot_a
[13:54:38.322]  trace   [GS]       updating phase SOME_BOT_A...
[13:54:38.322]  trace   [GS]       phase status SOME_BOT_A: 1
[13:54:38.322]  trace   [GS]       skipped phase SOME_BOT_A because phase is not open
[13:54:38.322]  trace   [GS]       skipped phase SOME_BOT_B because agent is not allowed
[13:54:38.322]   info   [GS]       no more phases to execute
[13:54:38.323]   info   [GS]       get next best phase: bot_a
[13:54:38.323]  trace   [GS]       updating phase SOME_BOT_A...
[13:54:38.323]  trace   [GS]       phase status SOME_BOT_A: 1
[13:54:38.323]  trace   [GS]       skipped phase SOME_BOT_A because phase is not open
[13:54:38.323]  trace   [GS]       skipped phase SOME_BOT_B because agent is not allowed
[13:54:38.323]   info   [GS]       no more phases to execute
[13:54:38.323]   info   [GS]       get next best phase: bot_a
[13:54:38.324]  trace   [GS]       updating phase SOME_BOT_A...
[13:54:38.324]  trace   [GS]       phase status SOME_BOT_A: 1
[13:54:38.324]  trace   [GS]       skipped phase SOME_BOT_A because phase is not open
[13:54:38.324]  trace   [GS]       skipped phase SOME_BOT_B because agent is not allowed
[13:54:38.324]   info   [GS]       no more phases to execute
[13:54:38.324]   info   [GS]       get next best phase: bot_a
[13:54:38.325]  trace   [GS]       updating phase SOME_BOT_A...
[13:54:38.325]  trace   [GS]       phase status SOME_BOT_A: 1
[13:54:38.325]  trace   [GS]       skipped phase SOME_BOT_A because phase is not open
[13:54:38.325]  trace   [GS]       skipped phase SOME_BOT_B because agent is not allowed
[13:54:38.325]   info   [GS]       no more phases to execute
[13:54:38.326]   info   [GS]       get next best phase: bot_a
[13:54:38.326]  trace   [GS]       updating phase SOME_BOT_A...
[13:54:38.326]  trace   [GS]       phase status SOME_BOT_A: 1
[13:54:38.326]  trace   [GS]       skipped phase SOME_BOT_A because phase is not open
[13:54:38.326]  trace   [GS]       skipped phase SOME_BOT_B because agent is not allowed
[13:54:38.326]   info   [GS]       no more phases to execute
[13:54:38.326]   info   [GS]       get next best phase: bot_a
[13:54:38.327]  trace   [GS]       updating phase SOME_BOT_A...
[13:54:38.327]  trace   [GS]       phase status SOME_BOT_A: 1
[13:54:38.327]  trace   [GS]       skipped phase SOME_BOT_A because phase is not open
[13:54:38.327]  trace   [GS]       skipped phase SOME_BOT_B because agent is not allowed
[13:54:38.327]   info   [GS]       no more phases to execute
[13:54:38.328]   info   [GS]       get next best phase: bot_a
[13:54:38.328]  trace   [GS]       updating phase SOME_BOT_A...
[13:54:38.328]  trace   [GS]       phase status SOME_BOT_A: 1
[13:54:38.328]  trace   [GS]       skipped phase SOME_BOT_A because phase is not open
[13:54:38.328]  trace   [GS]       skipped phase SOME_BOT_B because agent is not allowed
[13:54:38.328]   info   [GS]       no more phases to execute
[13:54:38.328]   info   [GS]       get next best phase: bot_a
[13:54:38.329]  trace   [GS]       updating phase SOME_BOT_A...
[13:54:38.329]  trace   [GS]       phase status SOME_BOT_A: 1
[13:54:38.329]  trace   [GS]       skipped phase SOME_BOT_A because phase is not open
[13:54:38.329]  trace   [GS]       skipped phase SOME_BOT_B because agent is not allowed
[13:54:38.329]   info   [GS]       no more phases to execute
[13:54:38.329]   info   [GS]       get next best phase: bot_a
[13:54:38.329]  trace   [GS]       updating phase SOME_BOT_A...
[13:54:38.329]  trace   [GS]       phase status SOME_BOT_A: 1
[13:54:38.329]  trace   [GS]       skipped phase SOME_BOT_A because phase is not open
[13:54:38.329]  trace   [GS]       skipped phase SOME_BOT_B because agent is not allowed
[13:54:38.329]   info   [GS]       no more phases to execute
[13:54:38.329]   info   [GS]       get next best phase: bot_a
[13:54:38.330]  trace   [GS]       updating phase SOME_BOT_A...
[13:54:38.330]  trace   [GS]       phase status SOME_BOT_A: 1
[13:54:38.330]  trace   [GS]       skipped phase SOME_BOT_A because phase is not open
[13:54:38.330]  trace   [GS]       skipped phase SOME_BOT_B because agent is not allowed
[13:54:38.330]   info   [GS]       no more phases to execute
[13:54:38.330]   info   [GS]       get next best phase: bot_a
[13:54:38.330]  trace   [GS]       updating phase SOME_BOT_A...
[13:54:38.330]  trace   [GS]       phase status SOME_BOT_A: 1
[13:54:38.330]  trace   [GS]       skipped phase SOME_BOT_A because phase is not open
[13:54:38.330]  trace   [GS]       skipped phase SOME_BOT_B because agent is not allowed
[13:54:38.330]   info   [GS]       no more phases to execute
[13:54:38.330]   info   [GS]       get next best phase: bot_a
[13:54:38.330]  trace   [GS]       updating phase SOME_BOT_A...
[13:54:38.330]  trace   [GS]       phase status SOME_BOT_A: 1
[13:54:38.330]  trace   [GS]       skipped phase SOME_BOT_A because phase is not open
[13:54:38.330]  trace   [GS]       skipped phase SOME_BOT_B because agent is not allowed
[13:54:38.330]   info   [GS]       no more phases to execute
[13:54:38.331]   info   [GS]       get next best phase: bot_a
[13:54:38.331]  trace   [GS]       updating phase SOME_BOT_A...
[13:54:38.331]  trace   [GS]       phase status SOME_BOT_A: 1
[13:54:38.331]  trace   [GS]       skipped phase SOME_BOT_A because phase is not open
[13:54:38.331]  trace   [GS]       skipped phase SOME_BOT_B because agent is not allowed
[13:54:38.331]   info   [GS]       no more phases to execute
[13:54:38.331]   info   [GS]       get next best phase: bot_a
[13:54:38.331]  trace   [GS]       updating phase SOME_BOT_A...
[13:54:38.331]  trace   [GS]       phase status SOME_BOT_A: 1
[13:54:38.331]  trace   [GS]       skipped phase SOME_BOT_A because phase is not open
[13:54:38.331]  trace   [GS]       skipped phase SOME_BOT_B because agent is not allowed
[13:54:38.331]   info   [GS]       no more phases to execute
[13:54:38.331]   info   [GS]       get next best phase: bot_a
[13:54:38.331]  trace   [GS]       updating phase SOME_BOT_A...
[13:54:38.331]  trace   [GS]       phase status SOME_BOT_A: 1
[13:54:38.331]  trace   [GS]       skipped phase SOME_BOT_A because phase is not open
[13:54:38.331]  trace   [GS]       skipped phase SOME_BOT_B because agent is not allowed
[13:54:38.331]   info   [GS]       no more phases to execute
[13:54:38.332]   info   [GS]       get next best phase: bot_a
[13:54:38.332]  trace   [GS]       updating phase SOME_BOT_A...
[13:54:38.332]  trace   [GS]       phase status SOME_BOT_A: 1
[13:54:38.332]  trace   [GS]       skipped phase SOME_BOT_A because phase is not open
[13:54:38.332]  trace   [GS]       skipped phase SOME_BOT_B because agent is not allowed
[13:54:38.332]   info   [GS]       no more phases to execute
[13:54:38.332]   info   [GS]       get next best phase: bot_a
[13:54:38.332]  trace   [GS]       updating phase SOME_BOT_A...
[13:54:38.332]  trace   [GS]       phase status SOME_BOT_A: 1
[13:54:38.332]  trace   [GS]       skipped phase SOME_BOT_A because phase is not open
[13:54:38.332]  trace   [GS]       skipped phase SOME_BOT_B because agent is not allowed
[13:54:38.332]   info   [GS]       no more phases to execute
[13:54:38.332]   info   [GS]       get next best phase: bot_a
[13:54:38.333]  trace   [GS]       updating phase SOME_BOT_A...
[13:54:38.333]  trace   [GS]       phase status SOME_BOT_A: 1
[13:54:38.333]  trace   [GS]       skipped phase SOME_BOT_A because phase is not open
[13:54:38.333]  trace   [GS]       skipped phase SOME_BOT_B because agent is not allowed
[13:54:38.333]   info   [GS]       no more phases to execute
[13:54:38.333]   info   [GS]       get next best phase: bot_a
[13:54:38.333]  trace   [GS]       updating phase SOME_BOT_A...
[13:54:38.333]  trace   [GS]       phase status SOME_BOT_A: 1
[13:54:38.333]  trace   [GS]       skipped phase SOME_BOT_A because phase is not open
[13:54:38.333]  trace   [GS]       skipped phase SOME_BOT_B because agent is not allowed
[13:54:38.333]   info   [GS]       no more phases to execute
[13:54:38.333]   info   [GS]       get next best phase: bot_a
[13:54:38.333]  trace   [GS]       updating phase SOME_BOT_A...
[13:54:38.333]  trace   [GS]       phase status SOME_BOT_A: 1
[13:54:38.333]  trace   [GS]       skipped phase SOME_BOT_A because phase is not open
[13:54:38.333]  trace   [GS]       skipped phase SOME_BOT_B because agent is not allowed
[13:54:38.333]   info   [GS]       no more phases to execute
[13:54:38.333]   info   [GS]       get next best phase: bot_a
[13:54:38.334]  trace   [GS]       updating phase SOME_BOT_A...
[13:54:38.334]  trace   [GS]       phase status SOME_BOT_A: 1
[13:54:38.334]  trace   [GS]       skipped phase SOME_BOT_A because phase is not open
[13:54:38.334]  trace   [GS]       skipped phase SOME_BOT_B because agent is not allowed
[13:54:38.334]   info   [GS]       no more phases to execute
[13:54:38.334]   info   [GS]       get next best phase: bot_a
[13:54:38.334]  trace   [GS]       updating phase SOME_BOT_A...
[13:54:38.334]  trace   [GS]       phase status SOME_BOT_A: 1
[13:54:38.334]  trace   [GS]       skipped phase SOME_BOT_A because phase is not open
[13:54:38.334]  trace   [GS]       skipped phase SOME_BOT_B because agent is not allowed
[13:54:38.334]   info   [GS]       no more phases to execute
[13:54:38.334]   info   [GS]       get next best phase: bot_a
[13:54:38.334]  trace   [GS]       updating phase SOME_BOT_A...
[13:54:38.334]  trace   [GS]       phase status SOME_BOT_A: 1
[13:54:38.334]  trace   [GS]       skipped phase SOME_BOT_A because phase is not open
[13:54:38.334]  trace   [GS]       skipped phase SOME_BOT_B because agent is not allowed
[13:54:38.334]   info   [GS]       no more phases to execute
[13:54:38.335]   info   [GS]       get next best phase: bot_a
[13:54:38.335]  trace   [GS]       updating phase SOME_BOT_A...
[13:54:38.335]  trace   [GS]       phase status SOME_BOT_A: 1
[13:54:38.335]  trace   [GS]       skipped phase SOME_BOT_A because phase is not open
[13:54:38.335]  trace   [GS]       skipped phase SOME_BOT_B because agent is not allowed
[13:54:38.335]   info   [GS]       no more phases to execute
[13:54:38.335]   info   [GS]       get next best phase: bot_a
[13:54:38.335]  trace   [GS]       updating phase SOME_BOT_A...
[13:54:38.335]  trace   [GS]       phase status SOME_BOT_A: 1
[13:54:38.335]  trace   [GS]       skipped phase SOME_BOT_A because phase is not open
[13:54:38.335]  trace   [GS]       skipped phase SOME_BOT_B because agent is not allowed
[13:54:38.335]   info   [GS]       no more phases to execute
[13:54:38.336]   info   [GS]       get next best phase: bot_a
[13:54:38.336]  trace   [GS]       updating phase SOME_BOT_A...
[13:54:38.336]  trace   [GS]       phase status SOME_BOT_A: 1
[13:54:38.336]  trace   [GS]       skipped phase SOME_BOT_A because phase is not open
[13:54:38.336]  trace   [GS]       skipped phase SOME_BOT_B because agent is not allowed
[13:54:38.336]   info   [GS]       no more phases to execute
[13:54:38.336]   info   [GS]       get next best phase: bot_a
[13:54:38.336]  trace   [GS]       updating phase SOME_BOT_A...
[13:54:38.336]  trace   [GS]       phase status SOME_BOT_A: 1
[13:54:38.336]  trace   [GS]       skipped phase SOME_BOT_A because phase is not open
[13:54:38.336]  trace   [GS]       skipped phase SOME_BOT_B because agent is not allowed
[13:54:38.336]   info   [GS]       no more phases to execute
[13:54:38.336]   info   [GS]       get next best phase: bot_a
[13:54:38.336]  trace   [GS]       updating phase SOME_BOT_A...
[13:54:38.336]  trace   [GS]       phase status SOME_BOT_A: 1
[13:54:38.336]  trace   [GS]       skipped phase SOME_BOT_A because phase is not open
[13:54:38.336]  trace   [GS]       skipped phase SOME_BOT_B because agent is not allowed
[13:54:38.336]   info   [GS]       no more phases to execute
[13:54:38.336]   info   [GS]       get next best phase: bot_a
[13:54:38.337]  trace   [GS]       updating phase SOME_BOT_A...
[13:54:38.337]  trace   [GS]       phase status SOME_BOT_A: 1
[13:54:38.337]  trace   [GS]       skipped phase SOME_BOT_A because phase is not open
[13:54:38.337]  trace   [GS]       skipped phase SOME_BOT_B because agent is not allowed
[13:54:38.337]   info   [GS]       no more phases to execute
[13:54:38.337]   info   [GS]       get next best phase: bot_a
[13:54:38.337]  trace   [GS]       updating phase SOME_BOT_A...
[13:54:38.337]  trace   [GS]       phase status SOME_BOT_A: 1
[13:54:38.337]  trace   [GS]       skipped phase SOME_BOT_A because phase is not open
[13:54:38.337]  trace   [GS]       skipped phase SOME_BOT_B because agent is not allowed
[13:54:38.337]   info   [GS]       no more phases to execute
[13:54:38.337]   info   [GS]       get next best phase: bot_a
[13:54:38.337]  trace   [GS]       updating phase SOME_BOT_A...
[13:54:38.337]  trace   [GS]       phase status SOME_BOT_A: 1
[13:54:38.337]  trace   [GS]       skipped phase SOME_BOT_A because phase is not open
[13:54:38.337]  trace   [GS]       skipped phase SOME_BOT_B because agent is not allowed
[13:54:38.337]   info   [GS]       no more phases to execute
[13:54:38.337]   info   [GS]       get next best phase: bot_a
[13:54:38.337]  trace   [GS]       updating phase SOME_BOT_A...
[13:54:38.337]  trace   [GS]       phase status SOME_BOT_A: 1
[13:54:38.337]  trace   [GS]       skipped phase SOME_BOT_A because phase is not open
[13:54:38.337]  trace   [GS]       skipped phase SOME_BOT_B because agent is not allowed
[13:54:38.337]   info   [GS]       no more phases to execute
[13:54:38.337]   info   [GS]       get next best phase: bot_a
[13:54:38.337]  trace   [GS]       updating phase SOME_BOT_A...
[13:54:38.337]  trace   [GS]       phase status SOME_BOT_A: 1
[13:54:38.337]  trace   [GS]       skipped phase SOME_BOT_A because phase is not open
[13:54:38.337]  trace   [GS]       skipped phase SOME_BOT_B because agent is not allowed
[13:54:38.337]   info   [GS]       no more phases to execute
[13:54:38.316]   info   [GS]       Received update: {"some_task_bot_b_done":true}
[13:54:38.338]   info   [GS]       Received update phase [SOME_BOT_B]: DONE
[13:54:38.338]   info   [GS]       get next best phase: bot_a
[13:54:38.338]  trace   [GS]       updating phase SOME_BOT_A...
[13:54:38.338]   info   [GS]       unlocked phase {}
[13:54:38.338]  trace   [GS]       phase status SOME_BOT_A: 0
[13:54:38.338]   info   [GS]       potential of phase SOME_BOT_A: 0
[13:54:38.338]   info   [GS]       score of phase SOME_BOT_A: 40.5
[13:54:38.339]  trace   [GS]       skipped phase SOME_BOT_B because agent is not allowed
[13:54:38.339]   info   [GS]       selected phase SOME_BOT_A as next phase
[13:54:38.339]   info   [GS]       get next best phase: bot_a
[13:54:38.339]   info   [GS]       no more phases to execute
