[21:32:11.289]   info   [SERVER]   successfully created TableState
[21:32:11.291]   info   [SERVER]   successfully created PhaseState
[21:32:11.291]   info   [SERVER]   successfully created Config (GameState Config)
[21:32:11.292]   info   [SERVER]   listening on: 172.17.0.3:3000
[21:32:13.814]   info   [SERVER]   accepted connection from 172.17.0.4:53860
[21:32:13.815]  trace   [GS]       updating phase INIT_A...
[21:32:13.815]  trace   [GS]       phase status INIT_A: 0
[21:32:13.816]   info   [GS]       phase 'INIT_A' done
[21:32:13.816]   info   [GS]       get next best phase: bot_a
[21:32:13.816]  trace   [GS]       skipped phase CLEAR_DECK because agent is not allowed
[21:32:13.816]  trace   [GS]       updating phase CLEAR_DECK...
[21:32:13.816]  trace   [GS]       phase status CLEAR_DECK: 0
[21:32:13.816]   info   [GS]       potential of phase CLEAR_DECK: 0
[21:32:13.816]   info   [GS]       score of phase CLEAR_DECK: 48.5
[21:32:13.817]  trace   [GS]       skipped phase INIT_B because agent is not allowed
[21:32:13.817]  trace   [GS]       skipped phase LONG_TASK because agent is not allowed
[21:32:13.817]  trace   [GS]       updating phase LONG_TASK...
[21:32:13.817]  trace   [GS]       phase status LONG_TASK: 0
[21:32:13.817]   info   [GS]       potential of phase LONG_TASK: 0
[21:32:13.817]   info   [GS]       score of phase LONG_TASK: 50
[21:32:13.818]  trace   [GS]       skipped phase WAIT_FOR_INIT because agent is not allowed
[21:32:13.818]  trace   [GS]       updating phase WAIT_FOR_INIT...
[21:32:13.818]  trace   [GS]       phase status WAIT_FOR_INIT: 1
[21:32:13.818]  trace   [GS]       skipped phase WAIT_FOR_INIT because it is not open
[21:32:13.818]   info   [GS]       selected phase LONG_TASK as next phase
[21:32:13.818]   info   [GS]       switching to next phase: LONG_TASK
[21:32:13.819]  trace   [GS]       updating phase LONG_TASK...
[21:32:13.819]  trace   [GS]       phase status LONG_TASK: 0
[21:32:13.819]   info   [GS]       phase 'LONG_TASK' done
[21:32:13.819]   info   [GS]       get next best phase: bot_a
[21:32:13.820]  trace   [GS]       skipped phase CLEAR_DECK because agent is not allowed
[21:32:13.820]  trace   [GS]       updating phase CLEAR_DECK...
[21:32:13.820]  trace   [GS]       phase status CLEAR_DECK: 0
[21:32:13.820]   info   [GS]       potential of phase CLEAR_DECK: 0
[21:32:13.820]   info   [GS]       score of phase CLEAR_DECK: 48.5
[21:32:13.821]  trace   [GS]       skipped phase INIT_B because agent is not allowed
[21:32:13.821]  trace   [GS]       skipped phase WAIT_FOR_INIT because agent is not allowed
[21:32:13.821]  trace   [GS]       updating phase WAIT_FOR_INIT...
[21:32:13.821]  trace   [GS]       phase status WAIT_FOR_INIT: 1
[21:32:13.821]  trace   [GS]       skipped phase WAIT_FOR_INIT because it is not open
[21:32:13.821]   info   [GS]       selected phase CLEAR_DECK as next phase
[21:32:13.821]   info   [GS]       switching to next phase: CLEAR_DECK
[21:32:13.819]  debug   [GS]       Received update: {"init_b":true}
[21:32:13.821]  trace   [GS]       updating phase CLEAR_DECK...
[21:32:13.821]  trace   [GS]       phase status CLEAR_DECK: 0
[21:32:13.821]   info   [GS]       phase 'CLEAR_DECK' done
[21:32:13.822]   info   [GS]       get next best phase: bot_a
[21:32:13.822]  trace   [GS]       skipped phase INIT_B because agent is not allowed
[21:32:13.822]  trace   [GS]       skipped phase WAIT_FOR_INIT because agent is not allowed
[21:32:13.822]  trace   [GS]       updating phase WAIT_FOR_INIT...
[21:32:13.822]   info   [GS]       unlocked phase WAIT_FOR_INIT
[21:32:13.822]  trace   [GS]       phase status WAIT_FOR_INIT: 0
[21:32:13.822]   info   [GS]       potential of phase WAIT_FOR_INIT: 0
[21:32:13.822]   info   [GS]       score of phase WAIT_FOR_INIT: 23.5
[21:32:13.823]   info   [GS]       selected phase WAIT_FOR_INIT as next phase
[21:32:13.823]   info   [GS]       switching to next phase: WAIT_FOR_INIT
[21:32:13.823]  trace   [GS]       updating phase WAIT_FOR_INIT...
[21:32:13.823]  trace   [GS]       phase status WAIT_FOR_INIT: 0
[21:32:13.824]  error   [LOG]      action for phase 'WAIT_FOR_INIT' missing
