[06:39:01.708]   info   [SERVER]   successfully created TableState
[06:39:01.710]   info   [SERVER]   successfully created PhaseState
[06:39:01.710]   info   [SERVER]   successfully created Config (GameState Config)
[06:39:01.711]   info   [SERVER]   listening on: 172.17.0.3:3000
[06:39:12.741]   info   [SERVER]   accepted connection from 172.17.0.2:34566
[06:39:12.753]   info   [GS]       get next best phase: bot_a
[06:39:12.753]  trace   [GS]       skipped phase CLEAR_DECK because agent is not allowed
[06:39:12.753]  trace   [GS]       updating phase CLEAR_DECK...
[06:39:12.753]  trace   [GS]       phase status CLEAR_DECK: 0
[06:39:12.753]   info   [GS]       potential of phase CLEAR_DECK: 0
[06:39:12.754]   info   [GS]       score of phase CLEAR_DECK: 48.5
[06:39:12.755]  trace   [GS]       skipped phase INIT_B because agent is not allowed
[06:39:12.755]  trace   [GS]       skipped phase LONG_TASK because agent is not allowed
[06:39:12.755]  trace   [GS]       updating phase LONG_TASK...
[06:39:12.755]  trace   [GS]       phase status LONG_TASK: 0
[06:39:12.755]   info   [GS]       potential of phase LONG_TASK: 0
[06:39:12.755]   info   [GS]       score of phase LONG_TASK: 50
[06:39:12.756]  trace   [GS]       skipped phase WAIT_FOR_INIT because agent is not allowed
[06:39:12.756]  trace   [GS]       updating phase WAIT_FOR_INIT...
[06:39:12.756]  trace   [GS]       phase status WAIT_FOR_INIT: 1
[06:39:12.756]  trace   [GS]       skipped phase WAIT_FOR_INIT because it is not open
[06:39:12.756]   info   [GS]       selected phase LONG_TASK as next phase
[06:39:12.756]  debug   [GS]       Received update: {"init_b":true}
[06:39:12.766]   info   [GS]       get next best phase: bot_a
[06:39:12.766]  trace   [GS]       skipped phase CLEAR_DECK because agent is not allowed
[06:39:12.766]  trace   [GS]       updating phase CLEAR_DECK...
[06:39:12.766]  trace   [GS]       phase status CLEAR_DECK: 0
[06:39:12.766]   info   [GS]       potential of phase CLEAR_DECK: 0
[06:39:12.767]   info   [GS]       score of phase CLEAR_DECK: 48.5
[06:39:12.767]  trace   [GS]       skipped phase INIT_B because agent is not allowed
[06:39:12.767]  trace   [GS]       skipped phase WAIT_FOR_INIT because agent is not allowed
[06:39:12.767]  trace   [GS]       updating phase WAIT_FOR_INIT...
[06:39:12.767]   info   [GS]       unlocked phase WAIT_FOR_INIT
[06:39:12.767]  trace   [GS]       phase status WAIT_FOR_INIT: 0
[06:39:12.767]   info   [GS]       potential of phase WAIT_FOR_INIT: 0
[06:39:12.767]   info   [GS]       score of phase WAIT_FOR_INIT: 23.5
[06:39:12.767]   info   [GS]       selected phase CLEAR_DECK as next phase
