[16:11:28.885]   info   [SERVER]   successfully created TableState
[16:11:28.886]   info   [SERVER]   successfully created PhaseState
[16:11:28.886]   info   [SERVER]   successfully created Config (GameState Config)
[16:11:28.891]   info   [SERVER]   listening on: 172.17.0.3:3000
[16:12:08.929]   info   [SERVER]   accepted connection from 172.17.0.2:38102
[16:12:08.930]   info   [GS]       get next best phase: bot_a
[16:12:08.930]  trace   [GS]       skipped phase CLEAR_DECK because agent is not allowed
[16:12:08.930]  trace   [GS]       updating phase CLEAR_DECK...
[16:12:08.930]  trace   [GS]       phase status CLEAR_DECK: 1
[16:12:08.930]  trace   [GS]       skipped phase CLEAR_DECK because it is not open
[16:12:08.930]  trace   [GS]       skipped phase INIT_A because agent is not allowed
[16:12:08.930]  trace   [GS]       updating phase INIT_A...
[16:12:08.930]  trace   [GS]       phase status INIT_A: 0
[16:12:08.930]   info   [GS]       potential of phase INIT_A: 100
[16:12:08.931]   info   [GS]       score of phase INIT_A: 29.4
[16:12:08.931]  trace   [GS]       skipped phase INIT_B because agent is not allowed
[16:12:08.931]  trace   [GS]       skipped phase LONG_TASK because agent is not allowed
[16:12:08.931]  trace   [GS]       updating phase LONG_TASK...
[16:12:08.931]  trace   [GS]       phase status LONG_TASK: 0
[16:12:08.931]   info   [GS]       potential of phase LONG_TASK: 0
[16:12:08.932]   info   [GS]       score of phase LONG_TASK: 50
[16:12:08.932]  trace   [GS]       skipped phase WAIT_FOR_INIT because agent is not allowed
[16:12:08.932]  trace   [GS]       updating phase WAIT_FOR_INIT...
[16:12:08.932]  trace   [GS]       phase status WAIT_FOR_INIT: 1
[16:12:08.932]  trace   [GS]       skipped phase WAIT_FOR_INIT because it is not open
[16:12:08.932]   info   [GS]       selected phase LONG_TASK as next phase
[16:12:08.933]   info   [GS]       Executing phase: LONG_TASK
[16:12:08.933]   info   [GS]       get next best phase: bot_a
[16:12:08.933]  trace   [GS]       skipped phase CLEAR_DECK because agent is not allowed
[16:12:08.933]  trace   [GS]       updating phase CLEAR_DECK...
[16:12:08.934]  trace   [GS]       phase status CLEAR_DECK: 1
[16:12:08.934]  trace   [GS]       skipped phase CLEAR_DECK because it is not open
[16:12:08.934]  trace   [GS]       skipped phase INIT_A because agent is not allowed
[16:12:08.934]  trace   [GS]       updating phase INIT_A...
[16:12:08.934]  trace   [GS]       phase status INIT_A: 0
[16:12:08.934]   info   [GS]       potential of phase INIT_A: 100
[16:12:08.934]   info   [GS]       score of phase INIT_A: 29.4
[16:12:08.935]  trace   [GS]       skipped phase INIT_B because agent is not allowed
[16:12:08.935]  trace   [GS]       skipped phase WAIT_FOR_INIT because agent is not allowed
[16:12:08.935]  trace   [GS]       updating phase WAIT_FOR_INIT...
[16:12:08.935]  trace   [GS]       phase status WAIT_FOR_INIT: 1
[16:12:08.935]  trace   [GS]       skipped phase WAIT_FOR_INIT because it is not open
[16:12:08.935]   info   [GS]       selected phase INIT_A as next phase
[16:12:08.936]   info   [GS]       Executing phase: INIT_A
