[14:00:35.412]   info   [SERVER]   successfully created TableState
[14:00:35.413]   info   [SERVER]   successfully created PhaseState
[14:00:35.413]   info   [SERVER]   successfully created Config (GameState Config)
[14:00:35.414]   info   [SERVER]   listening on: 172.17.0.2:3000
[14:00:39.895]   info   [SERVER]   accepted connection from 172.17.0.3:57870
[14:00:39.897]   info   [GS]       get next best phase: bot_a
[14:00:39.898]  trace   [GS]       updating phase CLEAR_DECK...
[14:00:39.898]  trace   [GS]       phase status CLEAR_DECK: 0
[14:00:39.898]   info   [GS]       potential of phase CLEAR_DECK: 0
[14:00:39.898]   info   [GS]       score of phase CLEAR_DECK: 48.5
[14:00:39.900]  trace   [GS]       skipped phase INIT_B because agent is not allowed
[14:00:39.900]  trace   [GS]       updating phase LONG_TASK...
[14:00:39.900]  trace   [GS]       phase status LONG_TASK: 0
[14:00:39.900]   info   [GS]       potential of phase LONG_TASK: 0
[14:00:39.902]   info   [GS]       score of phase LONG_TASK: 50
[14:00:39.902]  trace   [GS]       updating phase SOME_BOT_A...
[14:00:39.903]  trace   [GS]       phase status SOME_BOT_A: 1
[14:00:39.903]  trace   [GS]       skipped phase SOME_BOT_A because phase is not open
[14:00:39.903]  trace   [GS]       skipped phase SOME_BOT_B because agent is not allowed
[14:00:39.903]  trace   [GS]       updating phase WAIT_FOR_INIT...
[14:00:39.903]  trace   [GS]       phase status WAIT_FOR_INIT: 1
[14:00:39.903]  trace   [GS]       skipped phase WAIT_FOR_INIT because phase is not open
[14:00:39.903]   info   [GS]       selected phase LONG_TASK as next phase
[14:00:39.903]   info   [GS]       get next best phase: bot_a
[14:00:39.905]  trace   [GS]       updating phase CLEAR_DECK...
[14:00:39.905]  trace   [GS]       phase status CLEAR_DECK: 0
[14:00:39.905]   info   [GS]       potential of phase CLEAR_DECK: 0
[14:00:39.907]   info   [GS]       score of phase CLEAR_DECK: 48.5
[14:00:39.908]  trace   [GS]       skipped phase INIT_B because agent is not allowed
[14:00:39.908]  trace   [GS]       updating phase SOME_BOT_A...
[14:00:39.908]  trace   [GS]       phase status SOME_BOT_A: 1
[14:00:39.908]  trace   [GS]       skipped phase SOME_BOT_A because phase is not open
[14:00:39.908]  trace   [GS]       skipped phase SOME_BOT_B because agent is not allowed
[14:00:39.908]  trace   [GS]       updating phase WAIT_FOR_INIT...
[14:00:39.908]  trace   [GS]       phase status WAIT_FOR_INIT: 1
[14:00:39.908]  trace   [GS]       skipped phase WAIT_FOR_INIT because phase is not open
[14:00:39.908]   info   [GS]       selected phase CLEAR_DECK as next phase
[14:00:39.909]   info   [GS]       get next best phase: bot_a
[14:00:39.910]  trace   [GS]       skipped phase INIT_B because agent is not allowed
[14:00:39.910]  trace   [GS]       updating phase SOME_BOT_A...
[14:00:39.910]  trace   [GS]       phase status SOME_BOT_A: 1
[14:00:39.910]  trace   [GS]       skipped phase SOME_BOT_A because phase is not open
[14:00:39.910]  trace   [GS]       skipped phase SOME_BOT_B because agent is not allowed
[14:00:39.910]  trace   [GS]       updating phase WAIT_FOR_INIT...
[14:00:39.910]  trace   [GS]       phase status WAIT_FOR_INIT: 1
[14:00:39.910]  trace   [GS]       skipped phase WAIT_FOR_INIT because phase is not open
[14:00:39.910]   info   [GS]       no more phases to execute
[14:00:39.911]   info   [GS]       get next best phase: bot_a
[14:00:39.914]  trace   [GS]       skipped phase INIT_B because agent is not allowed
[14:00:39.914]  trace   [GS]       updating phase SOME_BOT_A...
[14:00:39.914]  trace   [GS]       phase status SOME_BOT_A: 1
[14:00:39.914]  trace   [GS]       skipped phase SOME_BOT_A because phase is not open
[14:00:39.914]  trace   [GS]       skipped phase SOME_BOT_B because agent is not allowed
[14:00:39.914]  trace   [GS]       updating phase WAIT_FOR_INIT...
[14:00:39.914]  trace   [GS]       phase status WAIT_FOR_INIT: 1
[14:00:39.914]  trace   [GS]       skipped phase WAIT_FOR_INIT because phase is not open
[14:00:39.914]   info   [GS]       no more phases to execute
[14:00:39.915]   info   [GS]       get next best phase: bot_a
[14:00:39.918]  trace   [GS]       skipped phase INIT_B because agent is not allowed
[14:00:39.918]  trace   [GS]       updating phase SOME_BOT_A...
[14:00:39.918]  trace   [GS]       phase status SOME_BOT_A: 1
[14:00:39.918]  trace   [GS]       skipped phase SOME_BOT_A because phase is not open
[14:00:39.918]  trace   [GS]       skipped phase SOME_BOT_B because agent is not allowed
[14:00:39.918]  trace   [GS]       updating phase WAIT_FOR_INIT...
[14:00:39.918]  trace   [GS]       phase status WAIT_FOR_INIT: 1
[14:00:39.918]  trace   [GS]       skipped phase WAIT_FOR_INIT because phase is not open
[14:00:39.918]   info   [GS]       no more phases to execute
[14:00:39.918]   info   [GS]       get next best phase: bot_a
[14:00:39.918]  trace   [GS]       skipped phase INIT_B because agent is not allowed
[14:00:39.918]  trace   [GS]       updating phase SOME_BOT_A...
[14:00:39.918]  trace   [GS]       phase status SOME_BOT_A: 1
[14:00:39.918]  trace   [GS]       skipped phase SOME_BOT_A because phase is not open
[14:00:39.918]  trace   [GS]       skipped phase SOME_BOT_B because agent is not allowed
[14:00:39.918]  trace   [GS]       updating phase WAIT_FOR_INIT...
[14:00:39.918]  trace   [GS]       phase status WAIT_FOR_INIT: 1
[14:00:39.918]  trace   [GS]       skipped phase WAIT_FOR_INIT because phase is not open
[14:00:39.918]   info   [GS]       no more phases to execute
[14:00:39.919]   info   [GS]       get next best phase: bot_a
[14:00:39.919]  trace   [GS]       skipped phase INIT_B because agent is not allowed
[14:00:39.919]  trace   [GS]       updating phase SOME_BOT_A...
[14:00:39.919]  trace   [GS]       phase status SOME_BOT_A: 1
[14:00:39.919]  trace   [GS]       skipped phase SOME_BOT_A because phase is not open
[14:00:39.919]  trace   [GS]       skipped phase SOME_BOT_B because agent is not allowed
[14:00:39.919]  trace   [GS]       updating phase WAIT_FOR_INIT...
[14:00:39.919]  trace   [GS]       phase status WAIT_FOR_INIT: 1
[14:00:39.919]  trace   [GS]       skipped phase WAIT_FOR_INIT because phase is not open
[14:00:39.919]   info   [GS]       no more phases to execute
[14:00:39.903]   info   [GS]       Received update: {"init_b":true}
[14:00:39.920]   info   [GS]       get next best phase: bot_a
[14:00:39.921]  trace   [GS]       skipped phase INIT_B because agent is not allowed
[14:00:39.921]  trace   [GS]       updating phase SOME_BOT_A...
[14:00:39.921]  trace   [GS]       phase status SOME_BOT_A: 1
[14:00:39.921]  trace   [GS]       skipped phase SOME_BOT_A because phase is not open
[14:00:39.921]  trace   [GS]       skipped phase SOME_BOT_B because agent is not allowed
[14:00:39.921]  trace   [GS]       updating phase WAIT_FOR_INIT...
[14:00:39.921]  trace   [GS]       phase status WAIT_FOR_INIT: 1
[14:00:39.921]  trace   [GS]       skipped phase WAIT_FOR_INIT because phase is not open
[14:00:39.921]   info   [GS]       no more phases to execute
[14:00:39.922]   info   [GS]       get next best phase: bot_a
[14:00:39.922]  trace   [GS]       skipped phase INIT_B because agent is not allowed
[14:00:39.922]  trace   [GS]       updating phase SOME_BOT_A...
[14:00:39.922]  trace   [GS]       phase status SOME_BOT_A: 1
[14:00:39.922]  trace   [GS]       skipped phase SOME_BOT_A because phase is not open
[14:00:39.922]  trace   [GS]       skipped phase SOME_BOT_B because agent is not allowed
[14:00:39.922]  trace   [GS]       updating phase WAIT_FOR_INIT...
[14:00:39.922]  trace   [GS]       phase status WAIT_FOR_INIT: 1
[14:00:39.922]  trace   [GS]       skipped phase WAIT_FOR_INIT because phase is not open
[14:00:39.922]   info   [GS]       no more phases to execute
[14:00:39.923]   info   [GS]       get next best phase: bot_a
[14:00:39.924]  trace   [GS]       skipped phase INIT_B because agent is not allowed
[14:00:39.924]  trace   [GS]       updating phase SOME_BOT_A...
[14:00:39.924]  trace   [GS]       phase status SOME_BOT_A: 1
[14:00:39.924]  trace   [GS]       skipped phase SOME_BOT_A because phase is not open
[14:00:39.924]  trace   [GS]       skipped phase SOME_BOT_B because agent is not allowed
[14:00:39.924]  trace   [GS]       updating phase WAIT_FOR_INIT...
[14:00:39.924]  trace   [GS]       phase status WAIT_FOR_INIT: 1
[14:00:39.924]  trace   [GS]       skipped phase WAIT_FOR_INIT because phase is not open
[14:00:39.924]   info   [GS]       no more phases to execute
[14:00:39.924]   info   [GS]       get next best phase: bot_a
[14:00:39.925]  trace   [GS]       skipped phase INIT_B because agent is not allowed
[14:00:39.925]  trace   [GS]       updating phase SOME_BOT_A...
[14:00:39.925]  trace   [GS]       phase status SOME_BOT_A: 1
[14:00:39.925]  trace   [GS]       skipped phase SOME_BOT_A because phase is not open
[14:00:39.925]  trace   [GS]       skipped phase SOME_BOT_B because agent is not allowed
[14:00:39.925]  trace   [GS]       updating phase WAIT_FOR_INIT...
[14:00:39.925]  trace   [GS]       phase status WAIT_FOR_INIT: 1
[14:00:39.925]  trace   [GS]       skipped phase WAIT_FOR_INIT because phase is not open
[14:00:39.925]   info   [GS]       no more phases to execute
[14:00:39.927]   info   [GS]       get next best phase: bot_a
[14:00:39.928]  trace   [GS]       skipped phase INIT_B because agent is not allowed
[14:00:39.928]  trace   [GS]       updating phase SOME_BOT_A...
[14:00:39.928]  trace   [GS]       phase status SOME_BOT_A: 1
[14:00:39.928]  trace   [GS]       skipped phase SOME_BOT_A because phase is not open
[14:00:39.928]  trace   [GS]       skipped phase SOME_BOT_B because agent is not allowed
[14:00:39.928]  trace   [GS]       updating phase WAIT_FOR_INIT...
[14:00:39.928]  trace   [GS]       phase status WAIT_FOR_INIT: 1
[14:00:39.928]  trace   [GS]       skipped phase WAIT_FOR_INIT because phase is not open
[14:00:39.928]   info   [GS]       no more phases to execute
[14:00:39.929]   info   [GS]       get next best phase: bot_a
[14:00:39.930]  trace   [GS]       skipped phase INIT_B because agent is not allowed
[14:00:39.930]  trace   [GS]       updating phase SOME_BOT_A...
[14:00:39.930]  trace   [GS]       phase status SOME_BOT_A: 1
[14:00:39.930]  trace   [GS]       skipped phase SOME_BOT_A because phase is not open
[14:00:39.930]  trace   [GS]       skipped phase SOME_BOT_B because agent is not allowed
[14:00:39.930]  trace   [GS]       updating phase WAIT_FOR_INIT...
[14:00:39.930]  trace   [GS]       phase status WAIT_FOR_INIT: 1
[14:00:39.930]  trace   [GS]       skipped phase WAIT_FOR_INIT because phase is not open
[14:00:39.930]   info   [GS]       no more phases to execute
[14:00:39.930]   info   [GS]       get next best phase: bot_a
[14:00:39.931]  trace   [GS]       skipped phase INIT_B because agent is not allowed
[14:00:39.931]  trace   [GS]       updating phase SOME_BOT_A...
[14:00:39.931]  trace   [GS]       phase status SOME_BOT_A: 1
[14:00:39.931]  trace   [GS]       skipped phase SOME_BOT_A because phase is not open
[14:00:39.931]  trace   [GS]       skipped phase SOME_BOT_B because agent is not allowed
[14:00:39.931]  trace   [GS]       updating phase WAIT_FOR_INIT...
[14:00:39.931]  trace   [GS]       phase status WAIT_FOR_INIT: 1
[14:00:39.931]  trace   [GS]       skipped phase WAIT_FOR_INIT because phase is not open
[14:00:39.931]   info   [GS]       no more phases to execute
[14:00:39.931]   info   [GS]       get next best phase: bot_a
[14:00:39.932]  trace   [GS]       skipped phase INIT_B because agent is not allowed
[14:00:39.932]  trace   [GS]       updating phase SOME_BOT_A...
[14:00:39.932]  trace   [GS]       phase status SOME_BOT_A: 1
[14:00:39.932]  trace   [GS]       skipped phase SOME_BOT_A because phase is not open
[14:00:39.932]  trace   [GS]       skipped phase SOME_BOT_B because agent is not allowed
[14:00:39.932]  trace   [GS]       updating phase WAIT_FOR_INIT...
[14:00:39.932]  trace   [GS]       phase status WAIT_FOR_INIT: 1
[14:00:39.932]  trace   [GS]       skipped phase WAIT_FOR_INIT because phase is not open
[14:00:39.932]   info   [GS]       no more phases to execute
[14:00:39.933]   info   [GS]       get next best phase: bot_a
[14:00:39.933]  trace   [GS]       skipped phase INIT_B because agent is not allowed
[14:00:39.933]  trace   [GS]       updating phase SOME_BOT_A...
[14:00:39.933]  trace   [GS]       phase status SOME_BOT_A: 1
[14:00:39.933]  trace   [GS]       skipped phase SOME_BOT_A because phase is not open
[14:00:39.933]  trace   [GS]       skipped phase SOME_BOT_B because agent is not allowed
[14:00:39.933]  trace   [GS]       updating phase WAIT_FOR_INIT...
[14:00:39.933]  trace   [GS]       phase status WAIT_FOR_INIT: 1
[14:00:39.933]  trace   [GS]       skipped phase WAIT_FOR_INIT because phase is not open
[14:00:39.933]   info   [GS]       no more phases to execute
[14:00:39.933]   info   [GS]       get next best phase: bot_a
[14:00:39.934]  trace   [GS]       skipped phase INIT_B because agent is not allowed
[14:00:39.934]  trace   [GS]       updating phase SOME_BOT_A...
[14:00:39.934]  trace   [GS]       phase status SOME_BOT_A: 1
[14:00:39.934]  trace   [GS]       skipped phase SOME_BOT_A because phase is not open
[14:00:39.934]  trace   [GS]       skipped phase SOME_BOT_B because agent is not allowed
[14:00:39.934]  trace   [GS]       updating phase WAIT_FOR_INIT...
[14:00:39.934]  trace   [GS]       phase status WAIT_FOR_INIT: 1
[14:00:39.934]  trace   [GS]       skipped phase WAIT_FOR_INIT because phase is not open
[14:00:39.934]   info   [GS]       no more phases to execute
[14:00:39.935]   info   [GS]       get next best phase: bot_a
[14:00:39.935]  trace   [GS]       skipped phase INIT_B because agent is not allowed
[14:00:39.935]  trace   [GS]       updating phase SOME_BOT_A...
[14:00:39.935]  trace   [GS]       phase status SOME_BOT_A: 1
[14:00:39.935]  trace   [GS]       skipped phase SOME_BOT_A because phase is not open
[14:00:39.935]  trace   [GS]       skipped phase SOME_BOT_B because agent is not allowed
[14:00:39.935]  trace   [GS]       updating phase WAIT_FOR_INIT...
[14:00:39.935]  trace   [GS]       phase status WAIT_FOR_INIT: 1
[14:00:39.935]  trace   [GS]       skipped phase WAIT_FOR_INIT because phase is not open
[14:00:39.935]   info   [GS]       no more phases to execute
[14:00:39.936]   info   [GS]       get next best phase: bot_a
[14:00:39.936]  trace   [GS]       skipped phase INIT_B because agent is not allowed
[14:00:39.936]  trace   [GS]       updating phase SOME_BOT_A...
[14:00:39.936]  trace   [GS]       phase status SOME_BOT_A: 1
[14:00:39.936]  trace   [GS]       skipped phase SOME_BOT_A because phase is not open
[14:00:39.936]  trace   [GS]       skipped phase SOME_BOT_B because agent is not allowed
[14:00:39.936]  trace   [GS]       updating phase WAIT_FOR_INIT...
[14:00:39.936]  trace   [GS]       phase status WAIT_FOR_INIT: 1
[14:00:39.936]  trace   [GS]       skipped phase WAIT_FOR_INIT because phase is not open
[14:00:39.936]   info   [GS]       no more phases to execute
[14:00:39.936]   info   [GS]       get next best phase: bot_a
[14:00:39.937]  trace   [GS]       skipped phase INIT_B because agent is not allowed
[14:00:39.937]  trace   [GS]       updating phase SOME_BOT_A...
[14:00:39.937]  trace   [GS]       phase status SOME_BOT_A: 1
[14:00:39.937]  trace   [GS]       skipped phase SOME_BOT_A because phase is not open
[14:00:39.937]  trace   [GS]       skipped phase SOME_BOT_B because agent is not allowed
[14:00:39.937]  trace   [GS]       updating phase WAIT_FOR_INIT...
[14:00:39.937]  trace   [GS]       phase status WAIT_FOR_INIT: 1
[14:00:39.937]  trace   [GS]       skipped phase WAIT_FOR_INIT because phase is not open
[14:00:39.937]   info   [GS]       no more phases to execute
[14:00:39.937]   info   [GS]       get next best phase: bot_a
[14:00:39.938]  trace   [GS]       skipped phase INIT_B because agent is not allowed
[14:00:39.938]  trace   [GS]       updating phase SOME_BOT_A...
[14:00:39.938]  trace   [GS]       phase status SOME_BOT_A: 1
[14:00:39.938]  trace   [GS]       skipped phase SOME_BOT_A because phase is not open
[14:00:39.938]  trace   [GS]       skipped phase SOME_BOT_B because agent is not allowed
[14:00:39.938]  trace   [GS]       updating phase WAIT_FOR_INIT...
[14:00:39.938]  trace   [GS]       phase status WAIT_FOR_INIT: 1
[14:00:39.938]  trace   [GS]       skipped phase WAIT_FOR_INIT because phase is not open
[14:00:39.938]   info   [GS]       no more phases to execute
[14:00:39.939]   info   [GS]       get next best phase: bot_a
[14:00:39.939]  trace   [GS]       skipped phase INIT_B because agent is not allowed
[14:00:39.939]  trace   [GS]       updating phase SOME_BOT_A...
[14:00:39.939]  trace   [GS]       phase status SOME_BOT_A: 1
[14:00:39.939]  trace   [GS]       skipped phase SOME_BOT_A because phase is not open
[14:00:39.939]  trace   [GS]       skipped phase SOME_BOT_B because agent is not allowed
[14:00:39.939]  trace   [GS]       updating phase WAIT_FOR_INIT...
[14:00:39.939]  trace   [GS]       phase status WAIT_FOR_INIT: 1
[14:00:39.939]  trace   [GS]       skipped phase WAIT_FOR_INIT because phase is not open
[14:00:39.939]   info   [GS]       no more phases to execute
[14:00:39.940]   info   [GS]       get next best phase: bot_a
[14:00:39.940]  trace   [GS]       skipped phase INIT_B because agent is not allowed
[14:00:39.940]  trace   [GS]       updating phase SOME_BOT_A...
[14:00:39.940]  trace   [GS]       phase status SOME_BOT_A: 1
[14:00:39.940]  trace   [GS]       skipped phase SOME_BOT_A because phase is not open
[14:00:39.940]  trace   [GS]       skipped phase SOME_BOT_B because agent is not allowed
[14:00:39.940]  trace   [GS]       updating phase WAIT_FOR_INIT...
[14:00:39.940]  trace   [GS]       phase status WAIT_FOR_INIT: 1
[14:00:39.940]  trace   [GS]       skipped phase WAIT_FOR_INIT because phase is not open
[14:00:39.940]   info   [GS]       no more phases to execute
[14:00:39.940]   info   [GS]       get next best phase: bot_a
[14:00:39.941]  trace   [GS]       skipped phase INIT_B because agent is not allowed
[14:00:39.941]  trace   [GS]       updating phase SOME_BOT_A...
[14:00:39.941]  trace   [GS]       phase status SOME_BOT_A: 1
[14:00:39.941]  trace   [GS]       skipped phase SOME_BOT_A because phase is not open
[14:00:39.941]  trace   [GS]       skipped phase SOME_BOT_B because agent is not allowed
[14:00:39.941]  trace   [GS]       updating phase WAIT_FOR_INIT...
[14:00:39.941]  trace   [GS]       phase status WAIT_FOR_INIT: 1
[14:00:39.941]  trace   [GS]       skipped phase WAIT_FOR_INIT because phase is not open
[14:00:39.941]   info   [GS]       no more phases to execute
[14:00:39.941]   info   [GS]       get next best phase: bot_a
[14:00:39.942]  trace   [GS]       skipped phase INIT_B because agent is not allowed
[14:00:39.942]  trace   [GS]       updating phase SOME_BOT_A...
[14:00:39.942]  trace   [GS]       phase status SOME_BOT_A: 1
[14:00:39.942]  trace   [GS]       skipped phase SOME_BOT_A because phase is not open
[14:00:39.942]  trace   [GS]       skipped phase SOME_BOT_B because agent is not allowed
[14:00:39.942]  trace   [GS]       updating phase WAIT_FOR_INIT...
[14:00:39.942]  trace   [GS]       phase status WAIT_FOR_INIT: 1
[14:00:39.942]  trace   [GS]       skipped phase WAIT_FOR_INIT because phase is not open
[14:00:39.942]   info   [GS]       no more phases to execute
[14:00:39.942]   info   [GS]       get next best phase: bot_a
[14:00:39.942]  trace   [GS]       skipped phase INIT_B because agent is not allowed
[14:00:39.942]  trace   [GS]       updating phase SOME_BOT_A...
[14:00:39.942]  trace   [GS]       phase status SOME_BOT_A: 1
[14:00:39.942]  trace   [GS]       skipped phase SOME_BOT_A because phase is not open
[14:00:39.942]  trace   [GS]       skipped phase SOME_BOT_B because agent is not allowed
[14:00:39.942]  trace   [GS]       updating phase WAIT_FOR_INIT...
[14:00:39.942]  trace   [GS]       phase status WAIT_FOR_INIT: 1
[14:00:39.942]  trace   [GS]       skipped phase WAIT_FOR_INIT because phase is not open
[14:00:39.942]   info   [GS]       no more phases to execute
[14:00:39.943]   info   [GS]       get next best phase: bot_a
[14:00:39.943]  trace   [GS]       skipped phase INIT_B because agent is not allowed
[14:00:39.943]  trace   [GS]       updating phase SOME_BOT_A...
[14:00:39.943]  trace   [GS]       phase status SOME_BOT_A: 1
[14:00:39.943]  trace   [GS]       skipped phase SOME_BOT_A because phase is not open
[14:00:39.943]  trace   [GS]       skipped phase SOME_BOT_B because agent is not allowed
[14:00:39.943]  trace   [GS]       updating phase WAIT_FOR_INIT...
[14:00:39.943]  trace   [GS]       phase status WAIT_FOR_INIT: 1
[14:00:39.943]  trace   [GS]       skipped phase WAIT_FOR_INIT because phase is not open
[14:00:39.943]   info   [GS]       no more phases to execute
[14:00:39.944]   info   [GS]       get next best phase: bot_a
[14:00:39.944]  trace   [GS]       skipped phase INIT_B because agent is not allowed
[14:00:39.944]  trace   [GS]       updating phase SOME_BOT_A...
[14:00:39.944]  trace   [GS]       phase status SOME_BOT_A: 1
[14:00:39.944]  trace   [GS]       skipped phase SOME_BOT_A because phase is not open
[14:00:39.944]  trace   [GS]       skipped phase SOME_BOT_B because agent is not allowed
[14:00:39.944]  trace   [GS]       updating phase WAIT_FOR_INIT...
[14:00:39.944]  trace   [GS]       phase status WAIT_FOR_INIT: 1
[14:00:39.944]  trace   [GS]       skipped phase WAIT_FOR_INIT because phase is not open
[14:00:39.944]   info   [GS]       no more phases to execute
[14:00:39.945]   info   [GS]       get next best phase: bot_a
[14:00:39.945]  trace   [GS]       skipped phase INIT_B because agent is not allowed
[14:00:39.945]  trace   [GS]       updating phase SOME_BOT_A...
[14:00:39.945]  trace   [GS]       phase status SOME_BOT_A: 1
[14:00:39.945]  trace   [GS]       skipped phase SOME_BOT_A because phase is not open
[14:00:39.945]  trace   [GS]       skipped phase SOME_BOT_B because agent is not allowed
[14:00:39.945]  trace   [GS]       updating phase WAIT_FOR_INIT...
[14:00:39.945]  trace   [GS]       phase status WAIT_FOR_INIT: 1
[14:00:39.945]  trace   [GS]       skipped phase WAIT_FOR_INIT because phase is not open
[14:00:39.945]   info   [GS]       no more phases to execute
[14:00:39.946]   info   [GS]       get next best phase: bot_a
[14:00:39.946]  trace   [GS]       skipped phase INIT_B because agent is not allowed
[14:00:39.946]  trace   [GS]       updating phase SOME_BOT_A...
[14:00:39.946]  trace   [GS]       phase status SOME_BOT_A: 1
[14:00:39.946]  trace   [GS]       skipped phase SOME_BOT_A because phase is not open
[14:00:39.946]  trace   [GS]       skipped phase SOME_BOT_B because agent is not allowed
[14:00:39.946]  trace   [GS]       updating phase WAIT_FOR_INIT...
[14:00:39.946]  trace   [GS]       phase status WAIT_FOR_INIT: 1
[14:00:39.946]  trace   [GS]       skipped phase WAIT_FOR_INIT because phase is not open
[14:00:39.946]   info   [GS]       no more phases to execute
[14:00:39.947]   info   [GS]       get next best phase: bot_a
[14:00:39.947]  trace   [GS]       skipped phase INIT_B because agent is not allowed
[14:00:39.947]  trace   [GS]       updating phase SOME_BOT_A...
[14:00:39.947]  trace   [GS]       phase status SOME_BOT_A: 1
[14:00:39.947]  trace   [GS]       skipped phase SOME_BOT_A because phase is not open
[14:00:39.947]  trace   [GS]       skipped phase SOME_BOT_B because agent is not allowed
[14:00:39.947]  trace   [GS]       updating phase WAIT_FOR_INIT...
[14:00:39.947]  trace   [GS]       phase status WAIT_FOR_INIT: 1
[14:00:39.947]  trace   [GS]       skipped phase WAIT_FOR_INIT because phase is not open
[14:00:39.947]   info   [GS]       no more phases to execute
[14:00:39.947]   info   [GS]       get next best phase: bot_a
[14:00:39.947]  trace   [GS]       skipped phase INIT_B because agent is not allowed
[14:00:39.947]  trace   [GS]       updating phase SOME_BOT_A...
[14:00:39.947]  trace   [GS]       phase status SOME_BOT_A: 1
[14:00:39.947]  trace   [GS]       skipped phase SOME_BOT_A because phase is not open
[14:00:39.947]  trace   [GS]       skipped phase SOME_BOT_B because agent is not allowed
[14:00:39.947]  trace   [GS]       updating phase WAIT_FOR_INIT...
[14:00:39.947]  trace   [GS]       phase status WAIT_FOR_INIT: 1
[14:00:39.947]  trace   [GS]       skipped phase WAIT_FOR_INIT because phase is not open
[14:00:39.947]   info   [GS]       no more phases to execute
[14:00:39.948]   info   [GS]       get next best phase: bot_a
[14:00:39.948]  trace   [GS]       skipped phase INIT_B because agent is not allowed
[14:00:39.948]  trace   [GS]       updating phase SOME_BOT_A...
[14:00:39.948]  trace   [GS]       phase status SOME_BOT_A: 1
[14:00:39.948]  trace   [GS]       skipped phase SOME_BOT_A because phase is not open
[14:00:39.948]  trace   [GS]       skipped phase SOME_BOT_B because agent is not allowed
[14:00:39.948]  trace   [GS]       updating phase WAIT_FOR_INIT...
[14:00:39.948]  trace   [GS]       phase status WAIT_FOR_INIT: 1
[14:00:39.948]  trace   [GS]       skipped phase WAIT_FOR_INIT because phase is not open
[14:00:39.948]   info   [GS]       no more phases to execute
[14:00:39.948]   info   [GS]       get next best phase: bot_a
[14:00:39.948]  trace   [GS]       skipped phase INIT_B because agent is not allowed
[14:00:39.948]  trace   [GS]       updating phase SOME_BOT_A...
[14:00:39.948]  trace   [GS]       phase status SOME_BOT_A: 1
[14:00:39.948]  trace   [GS]       skipped phase SOME_BOT_A because phase is not open
[14:00:39.948]  trace   [GS]       skipped phase SOME_BOT_B because agent is not allowed
[14:00:39.948]  trace   [GS]       updating phase WAIT_FOR_INIT...
[14:00:39.948]  trace   [GS]       phase status WAIT_FOR_INIT: 1
[14:00:39.948]  trace   [GS]       skipped phase WAIT_FOR_INIT because phase is not open
[14:00:39.948]   info   [GS]       no more phases to execute
[14:00:39.949]   info   [GS]       get next best phase: bot_a
[14:00:39.949]  trace   [GS]       skipped phase INIT_B because agent is not allowed
[14:00:39.949]  trace   [GS]       updating phase SOME_BOT_A...
[14:00:39.949]  trace   [GS]       phase status SOME_BOT_A: 1
[14:00:39.949]  trace   [GS]       skipped phase SOME_BOT_A because phase is not open
[14:00:39.949]  trace   [GS]       skipped phase SOME_BOT_B because agent is not allowed
[14:00:39.949]  trace   [GS]       updating phase WAIT_FOR_INIT...
[14:00:39.949]  trace   [GS]       phase status WAIT_FOR_INIT: 1
[14:00:39.949]  trace   [GS]       skipped phase WAIT_FOR_INIT because phase is not open
[14:00:39.949]   info   [GS]       no more phases to execute
[14:00:39.949]   info   [GS]       get next best phase: bot_a
[14:00:39.950]  trace   [GS]       skipped phase INIT_B because agent is not allowed
[14:00:39.950]  trace   [GS]       updating phase SOME_BOT_A...
[14:00:39.950]  trace   [GS]       phase status SOME_BOT_A: 1
[14:00:39.950]  trace   [GS]       skipped phase SOME_BOT_A because phase is not open
[14:00:39.950]  trace   [GS]       skipped phase SOME_BOT_B because agent is not allowed
[14:00:39.950]  trace   [GS]       updating phase WAIT_FOR_INIT...
[14:00:39.950]  trace   [GS]       phase status WAIT_FOR_INIT: 1
[14:00:39.950]  trace   [GS]       skipped phase WAIT_FOR_INIT because phase is not open
[14:00:39.950]   info   [GS]       no more phases to execute
[14:00:39.950]   info   [GS]       get next best phase: bot_a
[14:00:39.951]  trace   [GS]       skipped phase INIT_B because agent is not allowed
[14:00:39.951]  trace   [GS]       updating phase SOME_BOT_A...
[14:00:39.951]  trace   [GS]       phase status SOME_BOT_A: 1
[14:00:39.951]  trace   [GS]       skipped phase SOME_BOT_A because phase is not open
[14:00:39.951]  trace   [GS]       skipped phase SOME_BOT_B because agent is not allowed
[14:00:39.951]  trace   [GS]       updating phase WAIT_FOR_INIT...
[14:00:39.951]  trace   [GS]       phase status WAIT_FOR_INIT: 1
[14:00:39.951]  trace   [GS]       skipped phase WAIT_FOR_INIT because phase is not open
[14:00:39.951]   info   [GS]       no more phases to execute
[14:00:39.952]   info   [GS]       get next best phase: bot_a
[14:00:39.952]  trace   [GS]       skipped phase INIT_B because agent is not allowed
[14:00:39.952]  trace   [GS]       updating phase SOME_BOT_A...
[14:00:39.952]  trace   [GS]       phase status SOME_BOT_A: 1
[14:00:39.952]  trace   [GS]       skipped phase SOME_BOT_A because phase is not open
[14:00:39.952]  trace   [GS]       skipped phase SOME_BOT_B because agent is not allowed
[14:00:39.952]  trace   [GS]       updating phase WAIT_FOR_INIT...
[14:00:39.952]  trace   [GS]       phase status WAIT_FOR_INIT: 1
[14:00:39.952]  trace   [GS]       skipped phase WAIT_FOR_INIT because phase is not open
[14:00:39.952]   info   [GS]       no more phases to execute
[14:00:39.952]   info   [GS]       get next best phase: bot_a
[14:00:39.953]  trace   [GS]       skipped phase INIT_B because agent is not allowed
[14:00:39.953]  trace   [GS]       updating phase SOME_BOT_A...
[14:00:39.953]  trace   [GS]       phase status SOME_BOT_A: 1
[14:00:39.953]  trace   [GS]       skipped phase SOME_BOT_A because phase is not open
[14:00:39.953]  trace   [GS]       skipped phase SOME_BOT_B because agent is not allowed
[14:00:39.953]  trace   [GS]       updating phase WAIT_FOR_INIT...
[14:00:39.953]  trace   [GS]       phase status WAIT_FOR_INIT: 1
[14:00:39.953]  trace   [GS]       skipped phase WAIT_FOR_INIT because phase is not open
[14:00:39.953]   info   [GS]       no more phases to execute
[14:00:39.953]   info   [GS]       get next best phase: bot_a
[14:00:39.953]  trace   [GS]       skipped phase INIT_B because agent is not allowed
[14:00:39.953]  trace   [GS]       updating phase SOME_BOT_A...
[14:00:39.953]  trace   [GS]       phase status SOME_BOT_A: 1
[14:00:39.953]  trace   [GS]       skipped phase SOME_BOT_A because phase is not open
[14:00:39.953]  trace   [GS]       skipped phase SOME_BOT_B because agent is not allowed
[14:00:39.953]  trace   [GS]       updating phase WAIT_FOR_INIT...
[14:00:39.953]  trace   [GS]       phase status WAIT_FOR_INIT: 1
[14:00:39.953]  trace   [GS]       skipped phase WAIT_FOR_INIT because phase is not open
[14:00:39.953]   info   [GS]       no more phases to execute
[14:00:39.953]   info   [GS]       get next best phase: bot_a
[14:00:39.954]  trace   [GS]       skipped phase INIT_B because agent is not allowed
[14:00:39.954]  trace   [GS]       updating phase SOME_BOT_A...
[14:00:39.954]  trace   [GS]       phase status SOME_BOT_A: 1
[14:00:39.954]  trace   [GS]       skipped phase SOME_BOT_A because phase is not open
[14:00:39.954]  trace   [GS]       skipped phase SOME_BOT_B because agent is not allowed
[14:00:39.954]  trace   [GS]       updating phase WAIT_FOR_INIT...
[14:00:39.954]  trace   [GS]       phase status WAIT_FOR_INIT: 1
[14:00:39.954]  trace   [GS]       skipped phase WAIT_FOR_INIT because phase is not open
[14:00:39.954]   info   [GS]       no more phases to execute
[14:00:39.954]   info   [GS]       get next best phase: bot_a
[14:00:39.954]  trace   [GS]       skipped phase INIT_B because agent is not allowed
[14:00:39.954]  trace   [GS]       updating phase SOME_BOT_A...
[14:00:39.954]  trace   [GS]       phase status SOME_BOT_A: 1
[14:00:39.954]  trace   [GS]       skipped phase SOME_BOT_A because phase is not open
[14:00:39.954]  trace   [GS]       skipped phase SOME_BOT_B because agent is not allowed
[14:00:39.954]  trace   [GS]       updating phase WAIT_FOR_INIT...
[14:00:39.954]  trace   [GS]       phase status WAIT_FOR_INIT: 1
[14:00:39.954]  trace   [GS]       skipped phase WAIT_FOR_INIT because phase is not open
[14:00:39.954]   info   [GS]       no more phases to execute
[14:00:39.954]   info   [GS]       get next best phase: bot_a
[14:00:39.955]  trace   [GS]       skipped phase INIT_B because agent is not allowed
[14:00:39.955]  trace   [GS]       updating phase SOME_BOT_A...
[14:00:39.955]  trace   [GS]       phase status SOME_BOT_A: 1
[14:00:39.955]  trace   [GS]       skipped phase SOME_BOT_A because phase is not open
[14:00:39.955]  trace   [GS]       skipped phase SOME_BOT_B because agent is not allowed
[14:00:39.955]  trace   [GS]       updating phase WAIT_FOR_INIT...
[14:00:39.955]  trace   [GS]       phase status WAIT_FOR_INIT: 1
[14:00:39.955]  trace   [GS]       skipped phase WAIT_FOR_INIT because phase is not open
[14:00:39.955]   info   [GS]       no more phases to execute
[14:00:39.955]   info   [GS]       get next best phase: bot_a
[14:00:39.955]  trace   [GS]       skipped phase INIT_B because agent is not allowed
[14:00:39.955]  trace   [GS]       updating phase SOME_BOT_A...
[14:00:39.955]  trace   [GS]       phase status SOME_BOT_A: 1
[14:00:39.955]  trace   [GS]       skipped phase SOME_BOT_A because phase is not open
[14:00:39.955]  trace   [GS]       skipped phase SOME_BOT_B because agent is not allowed
[14:00:39.955]  trace   [GS]       updating phase WAIT_FOR_INIT...
[14:00:39.955]  trace   [GS]       phase status WAIT_FOR_INIT: 1
[14:00:39.955]  trace   [GS]       skipped phase WAIT_FOR_INIT because phase is not open
[14:00:39.955]   info   [GS]       no more phases to execute
[14:00:39.955]   info   [GS]       get next best phase: bot_a
[14:00:39.956]  trace   [GS]       skipped phase INIT_B because agent is not allowed
[14:00:39.956]  trace   [GS]       updating phase SOME_BOT_A...
[14:00:39.956]  trace   [GS]       phase status SOME_BOT_A: 1
[14:00:39.956]  trace   [GS]       skipped phase SOME_BOT_A because phase is not open
[14:00:39.956]  trace   [GS]       skipped phase SOME_BOT_B because agent is not allowed
[14:00:39.956]  trace   [GS]       updating phase WAIT_FOR_INIT...
[14:00:39.956]  trace   [GS]       phase status WAIT_FOR_INIT: 1
[14:00:39.956]  trace   [GS]       skipped phase WAIT_FOR_INIT because phase is not open
[14:00:39.956]   info   [GS]       no more phases to execute
[14:00:39.956]   info   [GS]       get next best phase: bot_a
[14:00:39.957]  trace   [GS]       skipped phase INIT_B because agent is not allowed
[14:00:39.957]  trace   [GS]       updating phase SOME_BOT_A...
[14:00:39.957]  trace   [GS]       phase status SOME_BOT_A: 1
[14:00:39.957]  trace   [GS]       skipped phase SOME_BOT_A because phase is not open
[14:00:39.957]  trace   [GS]       skipped phase SOME_BOT_B because agent is not allowed
[14:00:39.957]  trace   [GS]       updating phase WAIT_FOR_INIT...
[14:00:39.956]   info   [GS]       Received update phase [INIT_B]: DONE
[14:00:39.957]   info   [GS]       unlocked phase {}
[14:00:39.957]  trace   [GS]       phase status WAIT_FOR_INIT: 0
[14:00:39.957]   info   [GS]       potential of phase WAIT_FOR_INIT: 0
[14:00:39.957]   info   [GS]       score of phase WAIT_FOR_INIT: 23.5
[14:00:39.958]   info   [GS]       selected phase WAIT_FOR_INIT as next phase
[14:00:39.958]   info   [GS]       get next best phase: bot_a
[14:00:39.958]  trace   [GS]       updating phase SOME_BOT_A...
[14:00:39.958]  trace   [GS]       phase status SOME_BOT_A: 1
[14:00:39.958]  trace   [GS]       skipped phase SOME_BOT_A because phase is not open
[14:00:39.958]  trace   [GS]       skipped phase SOME_BOT_B because agent is not allowed
[14:00:39.958]   info   [GS]       no more phases to execute
[14:00:39.958]   info   [GS]       get next best phase: bot_a
[14:00:39.959]  trace   [GS]       updating phase SOME_BOT_A...
[14:00:39.959]  trace   [GS]       phase status SOME_BOT_A: 1
[14:00:39.959]  trace   [GS]       skipped phase SOME_BOT_A because phase is not open
[14:00:39.959]  trace   [GS]       skipped phase SOME_BOT_B because agent is not allowed
[14:00:39.959]   info   [GS]       no more phases to execute
[14:00:39.959]   info   [GS]       get next best phase: bot_a
[14:00:39.959]  trace   [GS]       updating phase SOME_BOT_A...
[14:00:39.959]  trace   [GS]       phase status SOME_BOT_A: 1
[14:00:39.959]  trace   [GS]       skipped phase SOME_BOT_A because phase is not open
[14:00:39.959]  trace   [GS]       skipped phase SOME_BOT_B because agent is not allowed
[14:00:39.959]   info   [GS]       no more phases to execute
[14:00:39.960]   info   [GS]       get next best phase: bot_a
[14:00:39.960]  trace   [GS]       updating phase SOME_BOT_A...
[14:00:39.960]  trace   [GS]       phase status SOME_BOT_A: 1
[14:00:39.960]  trace   [GS]       skipped phase SOME_BOT_A because phase is not open
[14:00:39.960]  trace   [GS]       skipped phase SOME_BOT_B because agent is not allowed
[14:00:39.960]   info   [GS]       no more phases to execute
[14:00:39.960]   info   [GS]       get next best phase: bot_a
[14:00:39.960]  trace   [GS]       updating phase SOME_BOT_A...
[14:00:39.960]  trace   [GS]       phase status SOME_BOT_A: 1
[14:00:39.960]  trace   [GS]       skipped phase SOME_BOT_A because phase is not open
[14:00:39.960]  trace   [GS]       skipped phase SOME_BOT_B because agent is not allowed
[14:00:39.960]   info   [GS]       no more phases to execute
[14:00:39.960]   info   [GS]       get next best phase: bot_a
[14:00:39.961]  trace   [GS]       updating phase SOME_BOT_A...
[14:00:39.961]  trace   [GS]       phase status SOME_BOT_A: 1
[14:00:39.961]  trace   [GS]       skipped phase SOME_BOT_A because phase is not open
[14:00:39.961]  trace   [GS]       skipped phase SOME_BOT_B because agent is not allowed
[14:00:39.961]   info   [GS]       no more phases to execute
[14:00:39.961]   info   [GS]       get next best phase: bot_a
[14:00:39.961]  trace   [GS]       updating phase SOME_BOT_A...
[14:00:39.961]  trace   [GS]       phase status SOME_BOT_A: 1
[14:00:39.961]  trace   [GS]       skipped phase SOME_BOT_A because phase is not open
[14:00:39.961]  trace   [GS]       skipped phase SOME_BOT_B because agent is not allowed
[14:00:39.961]   info   [GS]       no more phases to execute
[14:00:39.961]   info   [GS]       get next best phase: bot_a
[14:00:39.961]  trace   [GS]       updating phase SOME_BOT_A...
[14:00:39.961]  trace   [GS]       phase status SOME_BOT_A: 1
[14:00:39.961]  trace   [GS]       skipped phase SOME_BOT_A because phase is not open
[14:00:39.961]  trace   [GS]       skipped phase SOME_BOT_B because agent is not allowed
[14:00:39.961]   info   [GS]       no more phases to execute
[14:00:39.962]   info   [GS]       get next best phase: bot_a
[14:00:39.962]  trace   [GS]       updating phase SOME_BOT_A...
[14:00:39.962]  trace   [GS]       phase status SOME_BOT_A: 1
[14:00:39.962]  trace   [GS]       skipped phase SOME_BOT_A because phase is not open
[14:00:39.962]  trace   [GS]       skipped phase SOME_BOT_B because agent is not allowed
[14:00:39.962]   info   [GS]       no more phases to execute
[14:00:39.962]   info   [GS]       get next best phase: bot_a
[14:00:39.962]  trace   [GS]       updating phase SOME_BOT_A...
[14:00:39.962]  trace   [GS]       phase status SOME_BOT_A: 1
[14:00:39.962]  trace   [GS]       skipped phase SOME_BOT_A because phase is not open
[14:00:39.962]  trace   [GS]       skipped phase SOME_BOT_B because agent is not allowed
[14:00:39.962]   info   [GS]       no more phases to execute
[14:00:39.962]   info   [GS]       get next best phase: bot_a
[14:00:39.962]  trace   [GS]       updating phase SOME_BOT_A...
[14:00:39.962]  trace   [GS]       phase status SOME_BOT_A: 1
[14:00:39.962]  trace   [GS]       skipped phase SOME_BOT_A because phase is not open
[14:00:39.962]  trace   [GS]       skipped phase SOME_BOT_B because agent is not allowed
[14:00:39.962]   info   [GS]       no more phases to execute
[14:00:39.963]   info   [GS]       get next best phase: bot_a
[14:00:39.963]  trace   [GS]       updating phase SOME_BOT_A...
[14:00:39.963]  trace   [GS]       phase status SOME_BOT_A: 1
[14:00:39.963]  trace   [GS]       skipped phase SOME_BOT_A because phase is not open
[14:00:39.963]  trace   [GS]       skipped phase SOME_BOT_B because agent is not allowed
[14:00:39.963]   info   [GS]       no more phases to execute
[14:00:39.963]   info   [GS]       get next best phase: bot_a
[14:00:39.963]  trace   [GS]       updating phase SOME_BOT_A...
[14:00:39.963]  trace   [GS]       phase status SOME_BOT_A: 1
[14:00:39.963]  trace   [GS]       skipped phase SOME_BOT_A because phase is not open
[14:00:39.963]  trace   [GS]       skipped phase SOME_BOT_B because agent is not allowed
[14:00:39.963]   info   [GS]       no more phases to execute
[14:00:39.963]   info   [GS]       get next best phase: bot_a
[14:00:39.958]   info   [GS]       Received update: {"some_task_bot_b_done":true}
[14:00:39.964]  trace   [GS]       updating phase SOME_BOT_A...
[14:00:39.964]  trace   [GS]       phase status SOME_BOT_A: 1
[14:00:39.964]  trace   [GS]       skipped phase SOME_BOT_A because phase is not open
[14:00:39.964]  trace   [GS]       skipped phase SOME_BOT_B because agent is not allowed
[14:00:39.964]   info   [GS]       no more phases to execute
[14:00:39.964]   info   [GS]       get next best phase: bot_a
[14:00:39.964]  trace   [GS]       updating phase SOME_BOT_A...
[14:00:39.964]  trace   [GS]       phase status SOME_BOT_A: 1
[14:00:39.964]  trace   [GS]       skipped phase SOME_BOT_A because phase is not open
[14:00:39.964]  trace   [GS]       skipped phase SOME_BOT_B because agent is not allowed
[14:00:39.964]   info   [GS]       no more phases to execute
[14:00:39.964]   info   [GS]       get next best phase: bot_a
[14:00:39.964]  trace   [GS]       updating phase SOME_BOT_A...
[14:00:39.964]  trace   [GS]       phase status SOME_BOT_A: 1
[14:00:39.964]  trace   [GS]       skipped phase SOME_BOT_A because phase is not open
[14:00:39.964]  trace   [GS]       skipped phase SOME_BOT_B because agent is not allowed
[14:00:39.964]   info   [GS]       no more phases to execute
[14:00:39.965]   info   [GS]       get next best phase: bot_a
[14:00:39.965]  trace   [GS]       updating phase SOME_BOT_A...
[14:00:39.965]  trace   [GS]       phase status SOME_BOT_A: 1
[14:00:39.965]  trace   [GS]       skipped phase SOME_BOT_A because phase is not open
[14:00:39.965]  trace   [GS]       skipped phase SOME_BOT_B because agent is not allowed
[14:00:39.965]   info   [GS]       no more phases to execute
[14:00:39.965]   info   [GS]       get next best phase: bot_a
[14:00:39.965]  trace   [GS]       updating phase SOME_BOT_A...
[14:00:39.965]  trace   [GS]       phase status SOME_BOT_A: 1
[14:00:39.965]  trace   [GS]       skipped phase SOME_BOT_A because phase is not open
[14:00:39.965]  trace   [GS]       skipped phase SOME_BOT_B because agent is not allowed
[14:00:39.965]   info   [GS]       no more phases to execute
[14:00:39.965]   info   [GS]       get next best phase: bot_a
[14:00:39.965]  trace   [GS]       updating phase SOME_BOT_A...
[14:00:39.965]  trace   [GS]       phase status SOME_BOT_A: 1
[14:00:39.965]  trace   [GS]       skipped phase SOME_BOT_A because phase is not open
[14:00:39.965]  trace   [GS]       skipped phase SOME_BOT_B because agent is not allowed
[14:00:39.965]   info   [GS]       no more phases to execute
[14:00:39.965]   info   [GS]       get next best phase: bot_a
[14:00:39.965]  trace   [GS]       updating phase SOME_BOT_A...
[14:00:39.965]  trace   [GS]       phase status SOME_BOT_A: 1
[14:00:39.965]  trace   [GS]       skipped phase SOME_BOT_A because phase is not open
[14:00:39.965]  trace   [GS]       skipped phase SOME_BOT_B because agent is not allowed
[14:00:39.965]   info   [GS]       no more phases to execute
[14:00:39.966]   info   [GS]       get next best phase: bot_a
[14:00:39.966]  trace   [GS]       updating phase SOME_BOT_A...
[14:00:39.966]  trace   [GS]       phase status SOME_BOT_A: 1
[14:00:39.966]  trace   [GS]       skipped phase SOME_BOT_A because phase is not open
[14:00:39.966]  trace   [GS]       skipped phase SOME_BOT_B because agent is not allowed
[14:00:39.966]   info   [GS]       no more phases to execute
[14:00:39.966]   info   [GS]       get next best phase: bot_a
[14:00:39.967]  trace   [GS]       updating phase SOME_BOT_A...
[14:00:39.967]  trace   [GS]       phase status SOME_BOT_A: 1
[14:00:39.967]  trace   [GS]       skipped phase SOME_BOT_A because phase is not open
[14:00:39.967]  trace   [GS]       skipped phase SOME_BOT_B because agent is not allowed
[14:00:39.967]   info   [GS]       no more phases to execute
[14:00:39.967]   info   [GS]       get next best phase: bot_a
[14:00:39.968]  trace   [GS]       updating phase SOME_BOT_A...
[14:00:39.968]  trace   [GS]       phase status SOME_BOT_A: 1
[14:00:39.968]  trace   [GS]       skipped phase SOME_BOT_A because phase is not open
[14:00:39.968]  trace   [GS]       skipped phase SOME_BOT_B because agent is not allowed
[14:00:39.968]   info   [GS]       no more phases to execute
[14:00:39.968]   info   [GS]       get next best phase: bot_a
[14:00:39.968]  trace   [GS]       updating phase SOME_BOT_A...
[14:00:39.968]  trace   [GS]       phase status SOME_BOT_A: 1
[14:00:39.968]  trace   [GS]       skipped phase SOME_BOT_A because phase is not open
[14:00:39.968]  trace   [GS]       skipped phase SOME_BOT_B because agent is not allowed
[14:00:39.968]   info   [GS]       no more phases to execute
[14:00:39.968]   info   [GS]       get next best phase: bot_a
[14:00:39.969]  trace   [GS]       updating phase SOME_BOT_A...
[14:00:39.969]  trace   [GS]       phase status SOME_BOT_A: 1
[14:00:39.969]  trace   [GS]       skipped phase SOME_BOT_A because phase is not open
[14:00:39.969]  trace   [GS]       skipped phase SOME_BOT_B because agent is not allowed
[14:00:39.969]   info   [GS]       no more phases to execute
[14:00:39.969]   info   [GS]       get next best phase: bot_a
[14:00:39.969]  trace   [GS]       updating phase SOME_BOT_A...
[14:00:39.969]  trace   [GS]       phase status SOME_BOT_A: 1
[14:00:39.969]  trace   [GS]       skipped phase SOME_BOT_A because phase is not open
[14:00:39.969]  trace   [GS]       skipped phase SOME_BOT_B because agent is not allowed
[14:00:39.969]   info   [GS]       no more phases to execute
[14:00:39.969]   info   [GS]       get next best phase: bot_a
[14:00:39.969]  trace   [GS]       updating phase SOME_BOT_A...
[14:00:39.969]  trace   [GS]       phase status SOME_BOT_A: 1
[14:00:39.969]  trace   [GS]       skipped phase SOME_BOT_A because phase is not open
[14:00:39.969]  trace   [GS]       skipped phase SOME_BOT_B because agent is not allowed
[14:00:39.969]   info   [GS]       no more phases to execute
[14:00:39.970]   info   [GS]       get next best phase: bot_a
[14:00:39.970]  trace   [GS]       updating phase SOME_BOT_A...
[14:00:39.970]  trace   [GS]       phase status SOME_BOT_A: 1
[14:00:39.970]  trace   [GS]       skipped phase SOME_BOT_A because phase is not open
[14:00:39.970]  trace   [GS]       skipped phase SOME_BOT_B because agent is not allowed
[14:00:39.970]   info   [GS]       no more phases to execute
[14:00:39.970]   info   [GS]       get next best phase: bot_a
[14:00:39.971]  trace   [GS]       updating phase SOME_BOT_A...
[14:00:39.971]  trace   [GS]       phase status SOME_BOT_A: 1
[14:00:39.971]  trace   [GS]       skipped phase SOME_BOT_A because phase is not open
[14:00:39.971]  trace   [GS]       skipped phase SOME_BOT_B because agent is not allowed
[14:00:39.971]   info   [GS]       no more phases to execute
[14:00:39.971]   info   [GS]       get next best phase: bot_a
[14:00:39.971]  trace   [GS]       updating phase SOME_BOT_A...
[14:00:39.971]  trace   [GS]       phase status SOME_BOT_A: 1
[14:00:39.971]  trace   [GS]       skipped phase SOME_BOT_A because phase is not open
[14:00:39.971]  trace   [GS]       skipped phase SOME_BOT_B because agent is not allowed
[14:00:39.971]   info   [GS]       no more phases to execute
[14:00:39.971]   info   [GS]       get next best phase: bot_a
[14:00:39.971]  trace   [GS]       updating phase SOME_BOT_A...
[14:00:39.971]  trace   [GS]       phase status SOME_BOT_A: 1
[14:00:39.971]  trace   [GS]       skipped phase SOME_BOT_A because phase is not open
[14:00:39.971]  trace   [GS]       skipped phase SOME_BOT_B because agent is not allowed
[14:00:39.971]   info   [GS]       no more phases to execute
[14:00:39.972]   info   [GS]       get next best phase: bot_a
[14:00:39.972]  trace   [GS]       updating phase SOME_BOT_A...
[14:00:39.972]  trace   [GS]       phase status SOME_BOT_A: 1
[14:00:39.972]  trace   [GS]       skipped phase SOME_BOT_A because phase is not open
[14:00:39.972]  trace   [GS]       skipped phase SOME_BOT_B because agent is not allowed
[14:00:39.972]   info   [GS]       no more phases to execute
[14:00:39.972]   info   [GS]       get next best phase: bot_a
[14:00:39.972]  trace   [GS]       updating phase SOME_BOT_A...
[14:00:39.972]   info   [GS]       unlocked phase {}
[14:00:39.972]   info   [GS]       Received update phase [SOME_BOT_B]: DONE
[14:00:39.973]  trace   [GS]       phase status SOME_BOT_A: 0
[14:00:39.973]   info   [GS]       potential of phase SOME_BOT_A: 0
[14:00:39.973]   info   [GS]       score of phase SOME_BOT_A: 40.5
[14:00:39.973]  trace   [GS]       skipped phase SOME_BOT_B because agent is not allowed
[14:00:39.973]   info   [GS]       selected phase SOME_BOT_A as next phase
[14:00:39.973]   info   [GS]       get next best phase: bot_a
[14:00:39.974]   info   [GS]       no more phases to execute
