[06:37:53.739]   info   [SERVER]   successfully created TableState
[06:37:53.740]   info   [SERVER]   successfully created PhaseState
[06:37:53.741]   info   [SERVER]   successfully created Config (GameState Config)
[06:37:53.742]   info   [SERVER]   listening on: 172.17.0.3:3000
[06:38:13.131]   info   [SERVER]   accepted connection from 172.17.0.4:60214
[06:38:13.143]   info   [GS]       get next best phase: bot_a
[06:38:13.144]  trace   [GS]       skipped phase CLEAR_DECK because agent is not allowed
[06:38:13.144]  trace   [GS]       updating phase CLEAR_DECK...
[06:38:13.144]  trace   [GS]       phase status CLEAR_DECK: 0
[06:38:13.144]   info   [GS]       potential of phase CLEAR_DECK: 0
[06:38:13.144]   info   [GS]       score of phase CLEAR_DECK: 48.5
[06:38:13.144]  trace   [GS]       skipped phase INIT_B because agent is not allowed
[06:38:13.144]  trace   [GS]       skipped phase LONG_TASK because agent is not allowed
[06:38:13.144]  trace   [GS]       updating phase LONG_TASK...
[06:38:13.144]  trace   [GS]       phase status LONG_TASK: 0
[06:38:13.144]   info   [GS]       potential of phase LONG_TASK: 0
[06:38:13.144]   info   [GS]       score of phase LONG_TASK: 50
[06:38:13.145]  trace   [GS]       skipped phase WAIT_FOR_INIT because agent is not allowed
[06:38:13.145]  trace   [GS]       updating phase WAIT_FOR_INIT...
[06:38:13.145]  trace   [GS]       phase status WAIT_FOR_INIT: 1
[06:38:13.145]  trace   [GS]       skipped phase WAIT_FOR_INIT because it is not open
[06:38:13.145]   info   [GS]       selected phase LONG_TASK as next phase
[06:38:13.145]  debug   [GS]       Received update: {"init_b":true}
[06:38:13.155]   info   [GS]       get next best phase: bot_a
[06:38:13.156]  trace   [GS]       skipped phase CLEAR_DECK because agent is not allowed
[06:38:13.156]  trace   [GS]       updating phase CLEAR_DECK...
[06:38:13.156]  trace   [GS]       phase status CLEAR_DECK: 0
[06:38:13.156]   info   [GS]       potential of phase CLEAR_DECK: 0
[06:38:13.156]   info   [GS]       score of phase CLEAR_DECK: 48.5
[06:38:13.156]  trace   [GS]       skipped phase INIT_B because agent is not allowed
[06:38:13.156]  trace   [GS]       skipped phase WAIT_FOR_INIT because agent is not allowed
[06:38:13.156]  trace   [GS]       updating phase WAIT_FOR_INIT...
[06:38:13.156]   info   [GS]       unlocked phase WAIT_FOR_INIT
[06:38:13.156]  trace   [GS]       phase status WAIT_FOR_INIT: 0
[06:38:13.156]   info   [GS]       potential of phase WAIT_FOR_INIT: 0
[06:38:13.157]   info   [GS]       score of phase WAIT_FOR_INIT: 23.5
[06:38:13.157]   info   [GS]       selected phase CLEAR_DECK as next phase
[06:38:13.167]   info   [GS]       get next best phase: bot_a
[06:38:13.168]  trace   [GS]       skipped phase INIT_B because agent is not allowed
[06:38:13.168]  trace   [GS]       skipped phase WAIT_FOR_INIT because agent is not allowed
[06:38:13.168]  trace   [GS]       updating phase WAIT_FOR_INIT...
[06:38:13.168]  trace   [GS]       phase status WAIT_FOR_INIT: 0
[06:38:13.168]   info   [GS]       potential of phase WAIT_FOR_INIT: 0
[06:38:13.168]   info   [GS]       score of phase WAIT_FOR_INIT: 23.5
[06:38:13.168]   info   [GS]       selected phase WAIT_FOR_INIT as next phase
[06:38:13.179]   info   [GS]       get next best phase: bot_a
[06:38:13.180]  trace   [GS]       skipped phase INIT_B because agent is not allowed
[06:38:13.180]   info   [GS]       no more phases to execute
[06:38:13.180]   info   [GS]       No more phases for bot_a. Exiting.
