[13:22:39.393]   info   [SERVER]   successfully created TableState
[13:22:39.394]   info   [SERVER]   successfully created PhaseState
[13:22:39.395]   info   [SERVER]   successfully created Config (GameState Config)
[13:22:39.401]   info   [SERVER]   listening on: 172.17.0.2:3000
[13:22:49.336]   info   [SERVER]   accepted connection from 172.17.0.3:47378
[13:22:49.337]   info   [GS]       get next best phase: bot_a
[13:22:49.338]  trace   [GS]       updating phase CLEAR_DECK...
[13:22:49.338]  trace   [GS]       phase status CLEAR_DECK: 0
[13:22:49.338]   info   [GS]       potential of phase CLEAR_DECK: 0
[13:22:49.340]   info   [GS]       score of phase CLEAR_DECK: 48.5
[13:22:49.341]  trace   [GS]       skipped phase INIT_B because agent is not allowed
[13:22:49.341]  trace   [GS]       updating phase LONG_TASK...
[13:22:49.341]  trace   [GS]       phase status LONG_TASK: 0
[13:22:49.341]   info   [GS]       potential of phase LONG_TASK: 0
[13:22:49.341]   info   [GS]       score of phase LONG_TASK: 50
[13:22:49.342]  trace   [GS]       updating phase SOME_BOT_A...
[13:22:49.342]  trace   [GS]       phase status SOME_BOT_A: 1
[13:22:49.342]  trace   [GS]       skipped phase SOME_BOT_A because phase is not open
[13:22:49.342]  trace   [GS]       skipped phase SOME_BOT_B because agent is not allowed
[13:22:49.342]  trace   [GS]       updating phase WAIT_FOR_INIT...
[13:22:49.342]  trace   [GS]       phase status WAIT_FOR_INIT: 1
[13:22:49.342]  trace   [GS]       skipped phase WAIT_FOR_INIT because phase is not open
[13:22:49.342]   info   [GS]       selected phase LONG_TASK as next phase
[13:22:49.344]   info   [GS]       get next best phase: bot_a
[13:22:49.342]   info   [GS]       Received update: {"init_b":true}
[13:22:49.345]  trace   [GS]       updating phase CLEAR_DECK...
[13:22:49.346]  trace   [GS]       phase status CLEAR_DECK: 0
[13:22:49.346]   info   [GS]       potential of phase CLEAR_DECK: 0
[13:22:49.346]   info   [GS]       score of phase CLEAR_DECK: 48.5
[13:22:49.347]  trace   [GS]       skipped phase INIT_B because agent is not allowed
[13:22:49.347]  trace   [GS]       updating phase SOME_BOT_A...
[13:22:49.347]  trace   [GS]       phase status SOME_BOT_A: 1
[13:22:49.347]  trace   [GS]       skipped phase SOME_BOT_A because phase is not open
[13:22:49.347]  trace   [GS]       skipped phase SOME_BOT_B because agent is not allowed
[13:22:49.347]  trace   [GS]       updating phase WAIT_FOR_INIT...
[13:22:49.347]  trace   [GS]       phase status WAIT_FOR_INIT: 1
[13:22:49.347]  trace   [GS]       skipped phase WAIT_FOR_INIT because phase is not open
[13:22:49.347]   info   [GS]       selected phase CLEAR_DECK as next phase
[13:22:49.348]   info   [GS]       Received update phase [INIT_B]: DONE
[13:22:49.348]   info   [GS]       get next best phase: bot_a
[13:22:49.350]  trace   [GS]       skipped phase INIT_B because agent is not allowed
[13:22:49.350]  trace   [GS]       updating phase SOME_BOT_A...
[13:22:49.350]  trace   [GS]       phase status SOME_BOT_A: 1
[13:22:49.350]  trace   [GS]       skipped phase SOME_BOT_A because phase is not open
[13:22:49.350]  trace   [GS]       skipped phase SOME_BOT_B because agent is not allowed
[13:22:49.350]  trace   [GS]       updating phase WAIT_FOR_INIT...
[13:22:49.350]   info   [GS]       unlocked phase {}
[13:22:49.350]  trace   [GS]       phase status WAIT_FOR_INIT: 0
[13:22:49.350]   info   [GS]       potential of phase WAIT_FOR_INIT: 0
[13:22:49.350]   info   [GS]       score of phase WAIT_FOR_INIT: 23.5
[13:22:49.351]   info   [GS]       selected phase WAIT_FOR_INIT as next phase
[13:22:49.352]   info   [GS]       Received update: {"some_task_bot_b_done":true}
[13:22:49.352]   info   [GS]       get next best phase: bot_a
[13:22:49.354]  trace   [GS]       updating phase SOME_BOT_A...
[13:22:49.354]  trace   [GS]       phase status SOME_BOT_A: 1
[13:22:49.354]  trace   [GS]       skipped phase SOME_BOT_A because phase is not open
[13:22:49.354]  trace   [GS]       skipped phase SOME_BOT_B because agent is not allowed
[13:22:49.354]   info   [GS]       no more phases to execute
[13:22:49.356]   info   [GS]       get next best phase: bot_a
[13:22:49.357]  trace   [GS]       updating phase SOME_BOT_A...
[13:22:49.357]  trace   [GS]       phase status SOME_BOT_A: 1
[13:22:49.357]  trace   [GS]       skipped phase SOME_BOT_A because phase is not open
[13:22:49.357]  trace   [GS]       skipped phase SOME_BOT_B because agent is not allowed
[13:22:49.357]   info   [GS]       no more phases to execute
[13:22:49.358]   info   [GS]       get next best phase: bot_a
[13:22:49.359]  trace   [GS]       updating phase SOME_BOT_A...
[13:22:49.359]  trace   [GS]       phase status SOME_BOT_A: 1
[13:22:49.359]  trace   [GS]       skipped phase SOME_BOT_A because phase is not open
[13:22:49.359]  trace   [GS]       skipped phase SOME_BOT_B because agent is not allowed
[13:22:49.359]   info   [GS]       no more phases to execute
[13:22:49.359]   info   [GS]       get next best phase: bot_a
[13:22:49.360]  trace   [GS]       updating phase SOME_BOT_A...
[13:22:49.360]  trace   [GS]       phase status SOME_BOT_A: 1
[13:22:49.360]  trace   [GS]       skipped phase SOME_BOT_A because phase is not open
[13:22:49.360]  trace   [GS]       skipped phase SOME_BOT_B because agent is not allowed
[13:22:49.360]   info   [GS]       no more phases to execute
[13:22:49.361]   info   [GS]       get next best phase: bot_a
[13:22:49.362]  trace   [GS]       updating phase SOME_BOT_A...
[13:22:49.362]   info   [GS]       unlocked phase {}
[13:22:49.362]   info   [GS]       Received update phase [SOME_BOT_B]: DONE
[13:22:49.363]  trace   [GS]       phase status SOME_BOT_A: 0
[13:22:49.363]   info   [GS]       potential of phase SOME_BOT_A: 0
[13:22:49.364]   info   [GS]       score of phase SOME_BOT_A: 40.5
[13:22:49.365]  trace   [GS]       skipped phase SOME_BOT_B because agent is not allowed
[13:22:49.365]   info   [GS]       selected phase SOME_BOT_A as next phase
[13:22:49.365]   info   [GS]       get next best phase: bot_a
[13:22:49.366]  trace   [GS]       skipped phase SOME_BOT_B because agent is not allowed
[13:22:49.366]   info   [GS]       no more phases to execute
[13:22:49.366]   info   [GS]       get next best phase: bot_a
[13:22:49.367]  trace   [GS]       skipped phase SOME_BOT_B because agent is not allowed
[13:22:49.367]   info   [GS]       no more phases to execute
[13:22:49.368]   info   [GS]       get next best phase: bot_a
[13:22:49.369]  trace   [GS]       skipped phase SOME_BOT_B because agent is not allowed
[13:22:49.369]   info   [GS]       no more phases to execute
[13:22:49.369]   info   [GS]       get next best phase: bot_a
[13:22:49.369]  trace   [GS]       skipped phase SOME_BOT_B because agent is not allowed
[13:22:49.369]   info   [GS]       no more phases to execute
[13:22:49.370]   info   [GS]       get next best phase: bot_a
[13:22:49.371]   info   [GS]       no more phases to execute
