[16:06:22.411]   info   [GS]       configuring Game State...
[16:06:22.413]   info   [GS]       configured game state successfully
[16:06:22.413]   info   [GS]       listening for a connection from bot_b
[16:06:22.414]   info   [GS]       phase 'INIT_A' done
[16:06:22.415]  trace   [GS]       updating phase CLEAR_DECK...
[16:06:22.415]  trace   [GS]       phase status CLEAR_DECK: 0
[16:06:22.415]   info   [GS]       potential of phase CLEAR_DECK: 0
[16:06:22.416]   info   [GS]       score of phase CLEAR_DECK: 48.65
[16:06:22.416]  trace   [GS]       updating phase LONG_TASK...
[16:06:22.416]  trace   [GS]       phase status LONG_TASK: 0
[16:06:22.416]   info   [GS]       potential of phase LONG_TASK: 0
[16:06:22.416]   info   [GS]       score of phase LONG_TASK: 50
[16:06:22.416]  trace   [GS]       updating phase WAIT_FOR_INIT...
[16:06:22.416]   info   [GS]       selected phase LONG_TASK as next phase
[16:06:22.416]   info   [GS]       executing phase LONG_TASK
[16:06:22.417]   info   [GS]       phase 'LONG_TASK' done
[16:06:22.417]  trace   [GS]       updating phase CLEAR_DECK...
[16:06:22.417]  trace   [GS]       phase status CLEAR_DECK: 0
[16:06:22.417]   info   [GS]       potential of phase CLEAR_DECK: 0
[16:06:22.418]   info   [GS]       score of phase CLEAR_DECK: 48.65
[16:06:22.418]  trace   [GS]       updating phase WAIT_FOR_INIT...
[16:06:22.418]   info   [GS]       selected phase CLEAR_DECK as next phase
[16:06:22.418]   info   [GS]       executing phase CLEAR_DECK
[16:06:22.418]   info   [GS]       phase 'CLEAR_DECK' done
[16:06:22.418]  trace   [GS]       updating phase WAIT_FOR_INIT...
[16:06:22.418]   info   [GS]       no more phases to execute
