[05:57:10.835]   info   [SERVER]   successfully created TableState
[05:57:10.836]   info   [SERVER]   successfully created PhaseState
[05:57:10.836]   info   [SERVER]   successfully created Config (GameState Config)
[05:57:10.840]   info   [SERVER]   listening on: 172.17.0.3:3000
[05:57:31.746]   info   [SERVER]   accepted connection from 172.17.0.2:34004
[05:57:31.758]   info   [GS]       Phase 'INIT_A' finished, removing.
[05:57:31.758]   info   [GS]       get next best phase: bot_a
[05:57:31.758]  trace   [GS]       skipped phase CLEAR_DECK because agent is not allowed
[05:57:31.758]  trace   [GS]       updating phase CLEAR_DECK...
[05:57:31.758]  trace   [GS]       phase status CLEAR_DECK: 0
[05:57:31.758]   info   [GS]       potential of phase CLEAR_DECK: 0
[05:57:31.760]   info   [GS]       score of phase CLEAR_DECK: 48.5
[05:57:31.760]  trace   [GS]       skipped phase INIT_B because agent is not allowed
[05:57:31.760]  trace   [GS]       skipped phase LONG_TASK because agent is not allowed
[05:57:31.760]  trace   [GS]       updating phase LONG_TASK...
[05:57:31.760]  trace   [GS]       phase status LONG_TASK: 0
[05:57:31.760]   info   [GS]       potential of phase LONG_TASK: 0
[05:57:31.761]   info   [GS]       score of phase LONG_TASK: 50
[05:57:31.762]  trace   [GS]       skipped phase WAIT_FOR_INIT because agent is not allowed
[05:57:31.762]  trace   [GS]       updating phase WAIT_FOR_INIT...
[05:57:31.762]  trace   [GS]       phase status WAIT_FOR_INIT: 1
[05:57:31.762]  trace   [GS]       skipped phase WAIT_FOR_INIT because it is not open
[05:57:31.762]   info   [GS]       selected phase LONG_TASK as next phase
[05:57:31.762]  debug   [GS]       Received update: {"init_b":true}
[05:57:31.773]   info   [GS]       Phase 'LONG_TASK' finished, removing.
[05:57:31.773]   info   [GS]       get next best phase: bot_a
[05:57:31.773]  trace   [GS]       skipped phase CLEAR_DECK because agent is not allowed
[05:57:31.773]  trace   [GS]       updating phase CLEAR_DECK...
[05:57:31.773]  trace   [GS]       phase status CLEAR_DECK: 0
[05:57:31.773]   info   [GS]       potential of phase CLEAR_DECK: 0
[05:57:31.773]   info   [GS]       score of phase CLEAR_DECK: 48.5
[05:57:31.774]  trace   [GS]       skipped phase INIT_B because agent is not allowed
[05:57:31.774]  trace   [GS]       skipped phase WAIT_FOR_INIT because agent is not allowed
[05:57:31.774]  trace   [GS]       updating phase WAIT_FOR_INIT...
[05:57:31.774]   info   [GS]       unlocked phase WAIT_FOR_INIT
[05:57:31.774]  trace   [GS]       phase status WAIT_FOR_INIT: 0
[05:57:31.774]   info   [GS]       potential of phase WAIT_FOR_INIT: 0
[05:57:31.775]   info   [GS]       score of phase WAIT_FOR_INIT: 23.5
[05:57:31.775]   info   [GS]       selected phase CLEAR_DECK as next phase
