[13:39:03.744]   info   [CLIENT]   successfully created TableState
[13:39:03.745]   info   [CLIENT]   successfully created PhaseState
[13:39:03.745]   info   [CLIENT]   successfully created config (GameState config)
[13:39:03.746]   info   [GS]       get next best phase: bot_b
[13:39:03.746]  trace   [GS]       skipped phase CLEAR_DECK because agent is not allowed
[13:39:03.746]  trace   [GS]       skipped phase INIT_A because agent is not allowed
[13:39:03.746]  trace   [GS]       skipped phase LONG_TASK because agent is not allowed
[13:39:03.746]  trace   [GS]       skipped phase SOME_BOT_A because agent is not allowed
[13:39:03.746]  trace   [GS]       updating phase SOME_BOT_B...
[13:39:03.746]   info   [GS]       phase SOME_BOT_B timed out
[13:39:03.746]   info   [GS]       Received update: {"init_a":true}
[13:39:03.748]  trace   [GS]       phase status SOME_BOT_B: 2
[13:39:03.749]  trace   [GS]       skipped phase SOME_BOT_B because phase is not open
[13:39:03.749]  trace   [GS]       skipped phase WAIT_FOR_INIT because agent is not allowed
[13:39:03.749]   info   [GS]       no more phases to execute
[13:39:03.749]   info   [GS]       get next best phase: bot_b
[13:39:03.750]  trace   [GS]       skipped phase CLEAR_DECK because agent is not allowed
[13:39:03.750]  trace   [GS]       skipped phase INIT_A because agent is not allowed
[13:39:03.750]  trace   [GS]       skipped phase LONG_TASK because agent is not allowed
[13:39:03.750]  trace   [GS]       skipped phase SOME_BOT_A because agent is not allowed
[13:39:03.750]  trace   [GS]       skipped phase WAIT_FOR_INIT because agent is not allowed
[13:39:03.750]   info   [GS]       no more phases to execute
[13:39:03.750]   info   [GS]       Received update phase [INIT_A]: DONE
[13:39:03.752]   info   [GS]       Received update phase [CLEAR_DECK]: TIMEOUT
[13:39:03.752]   info   [GS]       Received update phase [LONG_TASK]: TIMEOUT
[13:39:03.753]   info   [GS]       Received update phase [SOME_BOT_A]: TIMEOUT
[13:39:03.753]   info   [GS]       Received update phase [WAIT_FOR_INIT]: TIMEOUT
