[13:51:33.791]   info   [SERVER]   successfully created TableState
[13:51:33.792]   info   [SERVER]   successfully created PhaseState
[13:51:33.793]   info   [SERVER]   successfully created Config (GameState Config)
[13:51:33.797]   info   [SERVER]   listening on: 172.17.0.3:3000
[13:51:40.923]   info   [SERVER]   accepted connection from 172.17.0.4:44528
[13:51:40.923]   info   [GS]       phase 'INIT_A' done
[13:51:40.923]   info   [GS]       get next best phase: bot_a
[13:51:40.924]  trace   [GS]       skipped phase CLEAR_DECK because agent is not allowed
[13:51:40.924]  trace   [GS]       updating phase CLEAR_DECK...
[13:51:40.924]  trace   [GS]       phase status CLEAR_DECK: 0
[13:51:40.924]   info   [GS]       potential of phase CLEAR_DECK: 0
[13:51:40.925]   info   [GS]       score of phase CLEAR_DECK: 48.5
[13:51:40.926]  trace   [GS]       skipped phase INIT_B because agent is not allowed
[13:51:40.926]  trace   [GS]       skipped phase LONG_TASK because agent is not allowed
[13:51:40.926]  trace   [GS]       updating phase LONG_TASK...
[13:51:40.926]  trace   [GS]       phase status LONG_TASK: 0
[13:51:40.926]   info   [GS]       potential of phase LONG_TASK: 0
[13:51:40.926]   info   [GS]       score of phase LONG_TASK: 50
[13:51:40.927]  trace   [GS]       skipped phase WAIT_FOR_INIT because agent is not allowed
[13:51:40.927]  trace   [GS]       updating phase WAIT_FOR_INIT...
[13:51:40.927]  trace   [GS]       phase status WAIT_FOR_INIT: 1
[13:51:40.927]  trace   [GS]       skipped phase WAIT_FOR_INIT because it is not open
[13:51:40.927]   info   [GS]       selected phase LONG_TASK as next phase
[13:51:40.928]   info   [GS]       executing phase LONG_TASK
[13:51:40.928]   info   [GS]       phase 'LONG_TASK' done
[13:51:40.929]   info   [GS]       get next best phase: bot_a
[13:51:40.929]  trace   [GS]       skipped phase CLEAR_DECK because agent is not allowed
[13:51:40.929]  trace   [GS]       updating phase CLEAR_DECK...
[13:51:40.929]  trace   [GS]       phase status CLEAR_DECK: 0
[13:51:40.929]   info   [GS]       potential of phase CLEAR_DECK: 0
[13:51:40.929]   info   [GS]       score of phase CLEAR_DECK: 48.5
[13:51:40.930]  trace   [GS]       skipped phase INIT_B because agent is not allowed
[13:51:40.930]  trace   [GS]       skipped phase WAIT_FOR_INIT because agent is not allowed
[13:51:40.930]  trace   [GS]       updating phase WAIT_FOR_INIT...
[13:51:40.930]  trace   [GS]       phase status WAIT_FOR_INIT: 1
[13:51:40.930]  trace   [GS]       skipped phase WAIT_FOR_INIT because it is not open
[13:51:40.930]   info   [GS]       selected phase CLEAR_DECK as next phase
[13:51:40.930]   info   [GS]       executing phase CLEAR_DECK
[13:51:40.931]   info   [GS]       phase 'CLEAR_DECK' done
[13:51:40.931]   info   [GS]       get next best phase: bot_a
[13:51:40.932]  trace   [GS]       skipped phase INIT_B because agent is not allowed
[13:51:40.932]  trace   [GS]       skipped phase WAIT_FOR_INIT because agent is not allowed
[13:51:40.932]  trace   [GS]       updating phase WAIT_FOR_INIT...
[13:51:40.932]  trace   [GS]       phase status WAIT_FOR_INIT: 1
[13:51:40.932]  trace   [GS]       skipped phase WAIT_FOR_INIT because it is not open
[13:51:40.932]   info   [GS]       no more phases to execute
[13:51:40.932]   info   [GS]       joining listening thread...
