[14:01:53.488]   info   [SERVER]   successfully created TableState
[14:01:53.489]   info   [SERVER]   successfully created PhaseState
[14:01:53.490]   info   [SERVER]   successfully created Config (GameState Config)
[14:01:53.493]   info   [SERVER]   listening on: 172.17.0.3:3000
[14:02:06.357]   info   [SERVER]   accepted connection from 172.17.0.4:59384
[14:02:06.358]   info   [GS]       phase 'INIT_A' done
[14:02:06.359]   info   [GS]       get next best phase: bot_a
[14:02:06.360]  trace   [GS]       skipped phase CLEAR_DECK because agent is not allowed
[14:02:06.360]  trace   [GS]       updating phase CLEAR_DECK...
[14:02:06.360]  trace   [GS]       phase status CLEAR_DECK: 0
[14:02:06.360]   info   [GS]       potential of phase CLEAR_DECK: 0
[14:02:06.361]   info   [GS]       score of phase CLEAR_DECK: 48.5
[14:02:06.362]  trace   [GS]       skipped phase INIT_B because agent is not allowed
[14:02:06.362]  trace   [GS]       skipped phase LONG_TASK because agent is not allowed
[14:02:06.362]  trace   [GS]       updating phase LONG_TASK...
[14:02:06.362]  trace   [GS]       phase status LONG_TASK: 0
[14:02:06.362]   info   [GS]       potential of phase LONG_TASK: 0
[14:02:06.362]   info   [GS]       score of phase LONG_TASK: 50
[14:02:06.363]  trace   [GS]       skipped phase WAIT_FOR_INIT because agent is not allowed
[14:02:06.363]  trace   [GS]       updating phase WAIT_FOR_INIT...
[14:02:06.363]  trace   [GS]       phase status WAIT_FOR_INIT: 1
[14:02:06.363]  trace   [GS]       skipped phase WAIT_FOR_INIT because it is not open
[14:02:06.363]   info   [GS]       selected phase LONG_TASK as next phase
[14:02:06.363]   info   [GS]       executing phase LONG_TASK
[14:02:06.363]   info   [GS]       phase 'LONG_TASK' done
[14:02:06.363]   info   [GS]       get next best phase: bot_a
[14:02:06.363]  trace   [GS]       skipped phase CLEAR_DECK because agent is not allowed
[14:02:06.363]  trace   [GS]       updating phase CLEAR_DECK...
[14:02:06.363]  trace   [GS]       phase status CLEAR_DECK: 0
[14:02:06.363]   info   [GS]       potential of phase CLEAR_DECK: 0
[14:02:06.364]   info   [GS]       score of phase CLEAR_DECK: 48.5
[14:02:06.364]  trace   [GS]       skipped phase INIT_B because agent is not allowed
[14:02:06.364]  trace   [GS]       skipped phase WAIT_FOR_INIT because agent is not allowed
[14:02:06.364]  trace   [GS]       updating phase WAIT_FOR_INIT...
[14:02:06.364]  trace   [GS]       phase status WAIT_FOR_INIT: 1
[14:02:06.364]  trace   [GS]       skipped phase WAIT_FOR_INIT because it is not open
[14:02:06.364]   info   [GS]       selected phase CLEAR_DECK as next phase
[14:02:06.364]   info   [GS]       executing phase CLEAR_DECK
[14:02:06.365]   info   [GS]       phase 'CLEAR_DECK' done
[14:02:06.365]   info   [GS]       get next best phase: bot_a
[14:02:06.365]  trace   [GS]       skipped phase INIT_B because agent is not allowed
[14:02:06.366]  trace   [GS]       skipped phase WAIT_FOR_INIT because agent is not allowed
[14:02:06.366]  trace   [GS]       updating phase WAIT_FOR_INIT...
[14:02:06.366]  trace   [GS]       phase status WAIT_FOR_INIT: 1
[14:02:06.366]  trace   [GS]       skipped phase WAIT_FOR_INIT because it is not open
[14:02:06.366]   info   [GS]       no more phases to execute
[14:02:06.366]   info   [GS]       joining listening thread...
