[12:35:16.122]   info   [CLIENT]   successfully created TableState
[12:35:16.123]   info   [CLIENT]   successfully created PhaseState
[12:35:16.123]   info   [CLIENT]   successfully created config (GameState config)
[12:35:16.124]   info   [GS]       get next best phase: bot_b
[12:35:16.125]  trace   [GS]       skipped phase CLEAR_DECK because agent is not allowed
[12:35:16.125]  trace   [GS]       updating phase COLLECT_DATA...
[12:35:16.125]  trace   [GS]       phase status COLLECT_DATA: 0
[12:35:16.125]   info   [GS]       potential of phase COLLECT_DATA: 200
[12:35:16.126]   info   [GS]       score of phase COLLECT_DATA: 104
[12:35:16.126]  trace   [GS]       skipped phase INIT_A because agent is not allowed
[12:35:16.126]  trace   [GS]       skipped phase LONG_TASK because agent is not allowed
[12:35:16.126]  trace   [GS]       skipped phase SOME_BOT_A because agent is not allowed
[12:35:16.126]  trace   [GS]       updating phase SOME_BOT_B...
[12:35:16.126]  trace   [GS]       phase status SOME_BOT_B: 0
[12:35:16.126]   info   [GS]       potential of phase SOME_BOT_B: 99
[12:35:16.126]   info   [GS]       score of phase SOME_BOT_B: 138.7
[12:35:16.126]  trace   [GS]       skipped phase WAIT_FOR_INIT because agent is not allowed
[12:35:16.126]  trace   [GS]       skipped phase WORK_WITH_COLLECTED_DATA because agent is not allowed
[12:35:16.126]   info   [GS]       selected phase SOME_BOT_B as next phase
[12:35:16.124]   info   [GS]       Received update: {"init_a":true}
[12:35:16.127]   info   [GS]       get next best phase: bot_b
[12:35:16.128]  trace   [GS]       skipped phase CLEAR_DECK because agent is not allowed
[12:35:16.128]  trace   [GS]       updating phase COLLECT_DATA...
[12:35:16.128]  trace   [GS]       phase status COLLECT_DATA: 0
[12:35:16.128]   info   [GS]       potential of phase COLLECT_DATA: 200
[12:35:16.128]   info   [GS]       score of phase COLLECT_DATA: 104
[12:35:16.128]  trace   [GS]       skipped phase INIT_A because agent is not allowed
[12:35:16.128]  trace   [GS]       skipped phase LONG_TASK because agent is not allowed
[12:35:16.128]  trace   [GS]       skipped phase SOME_BOT_A because agent is not allowed
[12:35:16.128]  trace   [GS]       skipped phase WAIT_FOR_INIT because agent is not allowed
[12:35:16.128]  trace   [GS]       skipped phase WORK_WITH_COLLECTED_DATA because agent is not allowed
[12:35:16.128]   info   [GS]       selected phase COLLECT_DATA as next phase
[12:35:16.128]   info   [GS]       Received update phase [INIT_A]: DONE
[12:35:16.128]   info   [GS]       get next best phase: bot_b
[12:35:16.129]  trace   [GS]       skipped phase CLEAR_DECK because agent is not allowed
[12:35:16.129]  trace   [GS]       skipped phase INIT_A because agent is not allowed
[12:35:16.129]  trace   [GS]       skipped phase LONG_TASK because agent is not allowed
[12:35:16.129]  trace   [GS]       skipped phase SOME_BOT_A because agent is not allowed
[12:35:16.129]  trace   [GS]       skipped phase WAIT_FOR_INIT because agent is not allowed
[12:35:16.129]  trace   [GS]       skipped phase WORK_WITH_COLLECTED_DATA because agent is not allowed
[12:35:16.129]   info   [GS]       no more phases to execute
