[21:40:21.105]   info   [CLIENT]   successfully created TableState
[21:40:21.106]   info   [CLIENT]   successfully created PhaseState
[21:40:21.106]   info   [CLIENT]   successfully created config (GameState config)
[21:40:21.107]   info   [GS]       get next best phase: bot_b
[21:40:21.109]  trace   [GS]       skipped phase CLEAR_DECK because agent is not allowed
[21:40:21.109]  trace   [GS]       skipped phase INIT_A because agent is not allowed
[21:40:21.109]  trace   [GS]       skipped phase LONG_TASK because agent is not allowed
[21:40:21.109]  trace   [GS]       skipped phase SOME_BOT_A because agent is not allowed
[21:40:21.109]  trace   [GS]       updating phase SOME_BOT_B...
[21:40:21.109]   info   [GS]       phase SOME_BOT_B timed out
[21:40:21.109]  trace   [GS]       phase status SOME_BOT_B: 2
[21:40:21.109]  trace   [GS]       skipped phase SOME_BOT_B because phase is not open
[21:40:21.109]  trace   [GS]       skipped phase WAIT_FOR_INIT because agent is not allowed
[21:40:21.109]   info   [GS]       no more phases to execute
[21:40:21.210]   info   [GS]       get next best phase: bot_b
[21:40:21.211]  trace   [GS]       skipped phase CLEAR_DECK because agent is not allowed
[21:40:21.211]  trace   [GS]       skipped phase INIT_A because agent is not allowed
[21:40:21.211]  trace   [GS]       skipped phase LONG_TASK because agent is not allowed
[21:40:21.211]  trace   [GS]       skipped phase SOME_BOT_A because agent is not allowed
[21:40:21.211]  trace   [GS]       skipped phase WAIT_FOR_INIT because agent is not allowed
[21:40:21.211]   info   [GS]       no more phases to execute
[21:40:21.313]   info   [GS]       get next best phase: bot_b
[21:40:21.314]  trace   [GS]       skipped phase CLEAR_DECK because agent is not allowed
[21:40:21.314]  trace   [GS]       skipped phase INIT_A because agent is not allowed
[21:40:21.314]  trace   [GS]       skipped phase LONG_TASK because agent is not allowed
[21:40:21.314]  trace   [GS]       skipped phase SOME_BOT_A because agent is not allowed
[21:40:21.314]  trace   [GS]       skipped phase WAIT_FOR_INIT because agent is not allowed
[21:40:21.314]   info   [GS]       no more phases to execute
[21:40:21.417]   info   [GS]       get next best phase: bot_b
[21:40:21.417]  trace   [GS]       skipped phase CLEAR_DECK because agent is not allowed
[21:40:21.417]  trace   [GS]       skipped phase INIT_A because agent is not allowed
[21:40:21.417]  trace   [GS]       skipped phase LONG_TASK because agent is not allowed
[21:40:21.417]  trace   [GS]       skipped phase SOME_BOT_A because agent is not allowed
[21:40:21.417]  trace   [GS]       skipped phase WAIT_FOR_INIT because agent is not allowed
[21:40:21.417]   info   [GS]       no more phases to execute
[21:40:21.522]   info   [GS]       get next best phase: bot_b
[21:40:21.523]  trace   [GS]       skipped phase CLEAR_DECK because agent is not allowed
[21:40:21.523]  trace   [GS]       skipped phase INIT_A because agent is not allowed
[21:40:21.523]  trace   [GS]       skipped phase LONG_TASK because agent is not allowed
[21:40:21.523]  trace   [GS]       skipped phase SOME_BOT_A because agent is not allowed
[21:40:21.523]  trace   [GS]       skipped phase WAIT_FOR_INIT because agent is not allowed
[21:40:21.523]   info   [GS]       no more phases to execute
[21:40:21.627]   info   [GS]       get next best phase: bot_b
[21:40:21.628]  trace   [GS]       skipped phase CLEAR_DECK because agent is not allowed
[21:40:21.628]  trace   [GS]       skipped phase INIT_A because agent is not allowed
[21:40:21.628]  trace   [GS]       skipped phase LONG_TASK because agent is not allowed
[21:40:21.628]  trace   [GS]       skipped phase SOME_BOT_A because agent is not allowed
[21:40:21.628]  trace   [GS]       skipped phase WAIT_FOR_INIT because agent is not allowed
[21:40:21.628]   info   [GS]       no more phases to execute
[21:40:21.734]   info   [GS]       get next best phase: bot_b
[21:40:21.734]  trace   [GS]       skipped phase CLEAR_DECK because agent is not allowed
[21:40:21.734]  trace   [GS]       skipped phase INIT_A because agent is not allowed
[21:40:21.734]  trace   [GS]       skipped phase LONG_TASK because agent is not allowed
[21:40:21.734]  trace   [GS]       skipped phase SOME_BOT_A because agent is not allowed
[21:40:21.734]  trace   [GS]       skipped phase WAIT_FOR_INIT because agent is not allowed
[21:40:21.734]   info   [GS]       no more phases to execute
[21:40:21.842]   info   [GS]       get next best phase: bot_b
[21:40:21.844]  trace   [GS]       skipped phase CLEAR_DECK because agent is not allowed
[21:40:21.844]  trace   [GS]       skipped phase INIT_A because agent is not allowed
[21:40:21.844]  trace   [GS]       skipped phase LONG_TASK because agent is not allowed
[21:40:21.844]  trace   [GS]       skipped phase SOME_BOT_A because agent is not allowed
[21:40:21.844]  trace   [GS]       skipped phase WAIT_FOR_INIT because agent is not allowed
[21:40:21.844]   info   [GS]       no more phases to execute
[21:40:21.949]   info   [GS]       get next best phase: bot_b
[21:40:21.950]  trace   [GS]       skipped phase CLEAR_DECK because agent is not allowed
[21:40:21.950]  trace   [GS]       skipped phase INIT_A because agent is not allowed
[21:40:21.950]  trace   [GS]       skipped phase LONG_TASK because agent is not allowed
[21:40:21.950]  trace   [GS]       skipped phase SOME_BOT_A because agent is not allowed
[21:40:21.950]  trace   [GS]       skipped phase WAIT_FOR_INIT because agent is not allowed
[21:40:21.950]   info   [GS]       no more phases to execute
[21:40:22.053]   info   [GS]       get next best phase: bot_b
[21:40:22.054]  trace   [GS]       skipped phase CLEAR_DECK because agent is not allowed
[21:40:22.054]  trace   [GS]       skipped phase INIT_A because agent is not allowed
[21:40:22.054]  trace   [GS]       skipped phase LONG_TASK because agent is not allowed
[21:40:22.054]  trace   [GS]       skipped phase SOME_BOT_A because agent is not allowed
[21:40:22.054]  trace   [GS]       skipped phase WAIT_FOR_INIT because agent is not allowed
[21:40:22.054]   info   [GS]       no more phases to execute
[21:40:22.163]   info   [GS]       get next best phase: bot_b
[21:40:22.165]  trace   [GS]       skipped phase CLEAR_DECK because agent is not allowed
[21:40:22.165]  trace   [GS]       skipped phase INIT_A because agent is not allowed
[21:40:22.165]  trace   [GS]       skipped phase LONG_TASK because agent is not allowed
[21:40:22.165]  trace   [GS]       skipped phase SOME_BOT_A because agent is not allowed
[21:40:22.165]  trace   [GS]       skipped phase WAIT_FOR_INIT because agent is not allowed
[21:40:22.165]   info   [GS]       no more phases to execute
[21:40:22.267]   info   [GS]       get next best phase: bot_b
[21:40:22.270]  trace   [GS]       skipped phase CLEAR_DECK because agent is not allowed
[21:40:22.270]  trace   [GS]       skipped phase INIT_A because agent is not allowed
[21:40:22.270]  trace   [GS]       skipped phase LONG_TASK because agent is not allowed
[21:40:22.270]  trace   [GS]       skipped phase SOME_BOT_A because agent is not allowed
[21:40:22.270]  trace   [GS]       skipped phase WAIT_FOR_INIT because agent is not allowed
[21:40:22.270]   info   [GS]       no more phases to execute
[21:40:22.374]   info   [GS]       get next best phase: bot_b
[21:40:22.375]  trace   [GS]       skipped phase CLEAR_DECK because agent is not allowed
[21:40:22.375]  trace   [GS]       skipped phase INIT_A because agent is not allowed
[21:40:22.375]  trace   [GS]       skipped phase LONG_TASK because agent is not allowed
[21:40:22.375]  trace   [GS]       skipped phase SOME_BOT_A because agent is not allowed
[21:40:22.375]  trace   [GS]       skipped phase WAIT_FOR_INIT because agent is not allowed
[21:40:22.375]   info   [GS]       no more phases to execute
[21:40:22.483]   info   [GS]       get next best phase: bot_b
[21:40:22.484]  trace   [GS]       skipped phase CLEAR_DECK because agent is not allowed
[21:40:22.484]  trace   [GS]       skipped phase INIT_A because agent is not allowed
[21:40:22.484]  trace   [GS]       skipped phase LONG_TASK because agent is not allowed
[21:40:22.484]  trace   [GS]       skipped phase SOME_BOT_A because agent is not allowed
[21:40:22.484]  trace   [GS]       skipped phase WAIT_FOR_INIT because agent is not allowed
[21:40:22.484]   info   [GS]       no more phases to execute
[21:40:22.589]   info   [GS]       get next best phase: bot_b
[21:40:22.591]  trace   [GS]       skipped phase CLEAR_DECK because agent is not allowed
[21:40:22.591]  trace   [GS]       skipped phase INIT_A because agent is not allowed
[21:40:22.591]  trace   [GS]       skipped phase LONG_TASK because agent is not allowed
[21:40:22.591]  trace   [GS]       skipped phase SOME_BOT_A because agent is not allowed
[21:40:22.591]  trace   [GS]       skipped phase WAIT_FOR_INIT because agent is not allowed
[21:40:22.591]   info   [GS]       no more phases to execute
[21:40:22.696]   info   [GS]       get next best phase: bot_b
[21:40:22.698]  trace   [GS]       skipped phase CLEAR_DECK because agent is not allowed
[21:40:22.698]  trace   [GS]       skipped phase INIT_A because agent is not allowed
[21:40:22.698]  trace   [GS]       skipped phase LONG_TASK because agent is not allowed
[21:40:22.698]  trace   [GS]       skipped phase SOME_BOT_A because agent is not allowed
[21:40:22.698]  trace   [GS]       skipped phase WAIT_FOR_INIT because agent is not allowed
[21:40:22.698]   info   [GS]       no more phases to execute
[21:40:22.802]   info   [GS]       get next best phase: bot_b
[21:40:22.803]  trace   [GS]       skipped phase CLEAR_DECK because agent is not allowed
[21:40:22.803]  trace   [GS]       skipped phase INIT_A because agent is not allowed
[21:40:22.803]  trace   [GS]       skipped phase LONG_TASK because agent is not allowed
[21:40:22.803]  trace   [GS]       skipped phase SOME_BOT_A because agent is not allowed
[21:40:22.803]  trace   [GS]       skipped phase WAIT_FOR_INIT because agent is not allowed
[21:40:22.803]   info   [GS]       no more phases to execute
[21:40:22.911]   info   [GS]       get next best phase: bot_b
[21:40:22.914]  trace   [GS]       skipped phase CLEAR_DECK because agent is not allowed
[21:40:22.914]  trace   [GS]       skipped phase INIT_A because agent is not allowed
[21:40:22.914]  trace   [GS]       skipped phase LONG_TASK because agent is not allowed
[21:40:22.914]  trace   [GS]       skipped phase SOME_BOT_A because agent is not allowed
[21:40:22.914]  trace   [GS]       skipped phase WAIT_FOR_INIT because agent is not allowed
[21:40:22.914]   info   [GS]       no more phases to execute
[21:40:23.017]   info   [GS]       get next best phase: bot_b
[21:40:23.019]  trace   [GS]       skipped phase CLEAR_DECK because agent is not allowed
[21:40:23.019]  trace   [GS]       skipped phase INIT_A because agent is not allowed
[21:40:23.019]  trace   [GS]       skipped phase LONG_TASK because agent is not allowed
[21:40:23.019]  trace   [GS]       skipped phase SOME_BOT_A because agent is not allowed
[21:40:23.019]  trace   [GS]       skipped phase WAIT_FOR_INIT because agent is not allowed
[21:40:23.019]   info   [GS]       no more phases to execute
[21:40:23.120]   info   [GS]       get next best phase: bot_b
[21:40:23.124]  trace   [GS]       skipped phase CLEAR_DECK because agent is not allowed
[21:40:23.124]  trace   [GS]       skipped phase INIT_A because agent is not allowed
[21:40:23.124]  trace   [GS]       skipped phase LONG_TASK because agent is not allowed
[21:40:23.124]  trace   [GS]       skipped phase SOME_BOT_A because agent is not allowed
[21:40:23.124]  trace   [GS]       skipped phase WAIT_FOR_INIT because agent is not allowed
[21:40:23.124]   info   [GS]       no more phases to execute
[21:40:23.230]   info   [GS]       get next best phase: bot_b
[21:40:23.230]  trace   [GS]       skipped phase CLEAR_DECK because agent is not allowed
[21:40:23.230]  trace   [GS]       skipped phase INIT_A because agent is not allowed
[21:40:23.230]  trace   [GS]       skipped phase LONG_TASK because agent is not allowed
[21:40:23.230]  trace   [GS]       skipped phase SOME_BOT_A because agent is not allowed
[21:40:23.230]  trace   [GS]       skipped phase WAIT_FOR_INIT because agent is not allowed
[21:40:23.230]   info   [GS]       no more phases to execute
[21:40:23.332]   info   [GS]       get next best phase: bot_b
[21:40:23.333]  trace   [GS]       skipped phase CLEAR_DECK because agent is not allowed
[21:40:23.333]  trace   [GS]       skipped phase INIT_A because agent is not allowed
[21:40:23.333]  trace   [GS]       skipped phase LONG_TASK because agent is not allowed
[21:40:23.333]  trace   [GS]       skipped phase SOME_BOT_A because agent is not allowed
[21:40:23.333]  trace   [GS]       skipped phase WAIT_FOR_INIT because agent is not allowed
[21:40:23.333]   info   [GS]       no more phases to execute
[21:40:23.438]   info   [GS]       get next best phase: bot_b
[21:40:23.438]  trace   [GS]       skipped phase CLEAR_DECK because agent is not allowed
[21:40:23.438]  trace   [GS]       skipped phase INIT_A because agent is not allowed
[21:40:23.438]  trace   [GS]       skipped phase LONG_TASK because agent is not allowed
[21:40:23.438]  trace   [GS]       skipped phase SOME_BOT_A because agent is not allowed
[21:40:23.438]  trace   [GS]       skipped phase WAIT_FOR_INIT because agent is not allowed
[21:40:23.438]   info   [GS]       no more phases to execute
[21:40:23.539]   info   [GS]       get next best phase: bot_b
[21:40:23.540]  trace   [GS]       skipped phase CLEAR_DECK because agent is not allowed
[21:40:23.540]  trace   [GS]       skipped phase INIT_A because agent is not allowed
[21:40:23.540]  trace   [GS]       skipped phase LONG_TASK because agent is not allowed
[21:40:23.540]  trace   [GS]       skipped phase SOME_BOT_A because agent is not allowed
[21:40:23.540]  trace   [GS]       skipped phase WAIT_FOR_INIT because agent is not allowed
[21:40:23.540]   info   [GS]       no more phases to execute
[21:40:23.646]   info   [GS]       get next best phase: bot_b
[21:40:23.646]  trace   [GS]       skipped phase CLEAR_DECK because agent is not allowed
[21:40:23.646]  trace   [GS]       skipped phase INIT_A because agent is not allowed
[21:40:23.646]  trace   [GS]       skipped phase LONG_TASK because agent is not allowed
[21:40:23.646]  trace   [GS]       skipped phase SOME_BOT_A because agent is not allowed
[21:40:23.646]  trace   [GS]       skipped phase WAIT_FOR_INIT because agent is not allowed
[21:40:23.646]   info   [GS]       no more phases to execute
[21:40:23.753]   info   [GS]       get next best phase: bot_b
[21:40:23.753]  trace   [GS]       skipped phase CLEAR_DECK because agent is not allowed
[21:40:23.753]  trace   [GS]       skipped phase INIT_A because agent is not allowed
[21:40:23.753]  trace   [GS]       skipped phase LONG_TASK because agent is not allowed
[21:40:23.753]  trace   [GS]       skipped phase SOME_BOT_A because agent is not allowed
[21:40:23.753]  trace   [GS]       skipped phase WAIT_FOR_INIT because agent is not allowed
[21:40:23.753]   info   [GS]       no more phases to execute
[21:40:23.855]   info   [GS]       get next best phase: bot_b
[21:40:23.855]  trace   [GS]       skipped phase CLEAR_DECK because agent is not allowed
[21:40:23.855]  trace   [GS]       skipped phase INIT_A because agent is not allowed
[21:40:23.855]  trace   [GS]       skipped phase LONG_TASK because agent is not allowed
[21:40:23.855]  trace   [GS]       skipped phase SOME_BOT_A because agent is not allowed
[21:40:23.855]  trace   [GS]       skipped phase WAIT_FOR_INIT because agent is not allowed
[21:40:23.855]   info   [GS]       no more phases to execute
[21:40:23.958]   info   [GS]       get next best phase: bot_b
[21:40:23.959]  trace   [GS]       skipped phase CLEAR_DECK because agent is not allowed
[21:40:23.959]  trace   [GS]       skipped phase INIT_A because agent is not allowed
[21:40:23.959]  trace   [GS]       skipped phase LONG_TASK because agent is not allowed
[21:40:23.959]  trace   [GS]       skipped phase SOME_BOT_A because agent is not allowed
[21:40:23.959]  trace   [GS]       skipped phase WAIT_FOR_INIT because agent is not allowed
[21:40:23.959]   info   [GS]       no more phases to execute
[21:40:24.062]   info   [GS]       get next best phase: bot_b
[21:40:24.063]  trace   [GS]       skipped phase CLEAR_DECK because agent is not allowed
[21:40:24.063]  trace   [GS]       skipped phase INIT_A because agent is not allowed
[21:40:24.063]  trace   [GS]       skipped phase LONG_TASK because agent is not allowed
[21:40:24.063]  trace   [GS]       skipped phase SOME_BOT_A because agent is not allowed
[21:40:24.063]  trace   [GS]       skipped phase WAIT_FOR_INIT because agent is not allowed
[21:40:24.063]   info   [GS]       no more phases to execute
[21:40:24.167]   info   [GS]       get next best phase: bot_b
[21:40:24.169]  trace   [GS]       skipped phase CLEAR_DECK because agent is not allowed
[21:40:24.170]  trace   [GS]       skipped phase INIT_A because agent is not allowed
[21:40:24.170]  trace   [GS]       skipped phase LONG_TASK because agent is not allowed
[21:40:24.170]  trace   [GS]       skipped phase SOME_BOT_A because agent is not allowed
[21:40:24.170]  trace   [GS]       skipped phase WAIT_FOR_INIT because agent is not allowed
[21:40:24.170]   info   [GS]       no more phases to execute
[21:40:24.272]   info   [GS]       get next best phase: bot_b
[21:40:24.275]  trace   [GS]       skipped phase CLEAR_DECK because agent is not allowed
[21:40:24.275]  trace   [GS]       skipped phase INIT_A because agent is not allowed
[21:40:24.275]  trace   [GS]       skipped phase LONG_TASK because agent is not allowed
[21:40:24.275]  trace   [GS]       skipped phase SOME_BOT_A because agent is not allowed
[21:40:24.275]  trace   [GS]       skipped phase WAIT_FOR_INIT because agent is not allowed
[21:40:24.275]   info   [GS]       no more phases to execute
[21:40:24.380]   info   [GS]       get next best phase: bot_b
[21:40:24.383]  trace   [GS]       skipped phase CLEAR_DECK because agent is not allowed
[21:40:24.383]  trace   [GS]       skipped phase INIT_A because agent is not allowed
[21:40:24.383]  trace   [GS]       skipped phase LONG_TASK because agent is not allowed
[21:40:24.383]  trace   [GS]       skipped phase SOME_BOT_A because agent is not allowed
[21:40:24.383]  trace   [GS]       skipped phase WAIT_FOR_INIT because agent is not allowed
[21:40:24.383]   info   [GS]       no more phases to execute
[21:40:24.488]   info   [GS]       get next best phase: bot_b
[21:40:24.490]  trace   [GS]       skipped phase CLEAR_DECK because agent is not allowed
[21:40:24.490]  trace   [GS]       skipped phase INIT_A because agent is not allowed
[21:40:24.490]  trace   [GS]       skipped phase LONG_TASK because agent is not allowed
[21:40:24.490]  trace   [GS]       skipped phase SOME_BOT_A because agent is not allowed
[21:40:24.490]  trace   [GS]       skipped phase WAIT_FOR_INIT because agent is not allowed
[21:40:24.490]   info   [GS]       no more phases to execute
[21:40:24.593]   info   [GS]       get next best phase: bot_b
[21:40:24.594]  trace   [GS]       skipped phase CLEAR_DECK because agent is not allowed
[21:40:24.594]  trace   [GS]       skipped phase INIT_A because agent is not allowed
[21:40:24.594]  trace   [GS]       skipped phase LONG_TASK because agent is not allowed
[21:40:24.594]  trace   [GS]       skipped phase SOME_BOT_A because agent is not allowed
[21:40:24.594]  trace   [GS]       skipped phase WAIT_FOR_INIT because agent is not allowed
[21:40:24.594]   info   [GS]       no more phases to execute
[21:40:24.696]   info   [GS]       get next best phase: bot_b
[21:40:24.698]  trace   [GS]       skipped phase CLEAR_DECK because agent is not allowed
[21:40:24.698]  trace   [GS]       skipped phase INIT_A because agent is not allowed
[21:40:24.698]  trace   [GS]       skipped phase LONG_TASK because agent is not allowed
[21:40:24.698]  trace   [GS]       skipped phase SOME_BOT_A because agent is not allowed
[21:40:24.698]  trace   [GS]       skipped phase WAIT_FOR_INIT because agent is not allowed
[21:40:24.698]   info   [GS]       no more phases to execute
[21:40:24.801]   info   [GS]       get next best phase: bot_b
[21:40:24.803]  trace   [GS]       skipped phase CLEAR_DECK because agent is not allowed
[21:40:24.803]  trace   [GS]       skipped phase INIT_A because agent is not allowed
[21:40:24.803]  trace   [GS]       skipped phase LONG_TASK because agent is not allowed
[21:40:24.803]  trace   [GS]       skipped phase SOME_BOT_A because agent is not allowed
[21:40:24.803]  trace   [GS]       skipped phase WAIT_FOR_INIT because agent is not allowed
[21:40:24.803]   info   [GS]       no more phases to execute
[21:40:24.905]   info   [GS]       get next best phase: bot_b
[21:40:24.907]  trace   [GS]       skipped phase CLEAR_DECK because agent is not allowed
[21:40:24.907]  trace   [GS]       skipped phase INIT_A because agent is not allowed
[21:40:24.907]  trace   [GS]       skipped phase LONG_TASK because agent is not allowed
[21:40:24.907]  trace   [GS]       skipped phase SOME_BOT_A because agent is not allowed
[21:40:24.907]  trace   [GS]       skipped phase WAIT_FOR_INIT because agent is not allowed
[21:40:24.907]   info   [GS]       no more phases to execute
[21:40:25.009]   info   [GS]       get next best phase: bot_b
[21:40:25.009]  trace   [GS]       skipped phase CLEAR_DECK because agent is not allowed
[21:40:25.009]  trace   [GS]       skipped phase INIT_A because agent is not allowed
[21:40:25.009]  trace   [GS]       skipped phase LONG_TASK because agent is not allowed
[21:40:25.009]  trace   [GS]       skipped phase SOME_BOT_A because agent is not allowed
[21:40:25.009]  trace   [GS]       skipped phase WAIT_FOR_INIT because agent is not allowed
[21:40:25.009]   info   [GS]       no more phases to execute
