[16:50:21.805]   info   [SERVER]   successfully created TableState
[16:50:21.805]   info   [SERVER]   successfully created PhaseState
[16:50:21.809]   info   [SERVER]   successfully created Config (GameState Config)
[16:50:21.810]   info   [SERVER]   listening on: 172.17.0.3:3000
[16:51:19.381]   info   [SERVER]   accepted connection from 172.17.0.4:49216
[16:51:19.381]   info   [GS]       phase 'INIT_A' done
[16:51:19.382]   info   [GS]       get next best phase: bot_a
[16:51:19.382]  trace   [GS]       skipped phase CLEAR_DECK because agent is not allowed
[16:51:19.382]  trace   [GS]       updating phase CLEAR_DECK...
[16:51:19.382]  trace   [GS]       phase status CLEAR_DECK: 0
[16:51:19.382]   info   [GS]       potential of phase CLEAR_DECK: 0
[16:51:19.383]   info   [GS]       score of phase CLEAR_DECK: 48.5
[16:51:19.384]  trace   [GS]       skipped phase INIT_B because agent is not allowed
[16:51:19.384]  trace   [GS]       skipped phase LONG_TASK because agent is not allowed
[16:51:19.384]  trace   [GS]       updating phase LONG_TASK...
[16:51:19.384]  trace   [GS]       phase status LONG_TASK: 0
[16:51:19.384]   info   [GS]       potential of phase LONG_TASK: 0
[16:51:19.385]   info   [GS]       score of phase LONG_TASK: 50
[16:51:19.386]  trace   [GS]       skipped phase WAIT_FOR_INIT because agent is not allowed
[16:51:19.386]  trace   [GS]       updating phase WAIT_FOR_INIT...
[16:51:19.386]  trace   [GS]       phase status WAIT_FOR_INIT: 1
[16:51:19.386]  trace   [GS]       skipped phase WAIT_FOR_INIT because it is not open
[16:51:19.386]   info   [GS]       selected phase LONG_TASK as next phase
[16:51:19.387]   info   [GS]       executing phase LONG_TASK
[16:51:19.388]   info   [GS]       phase 'LONG_TASK' done
[16:51:19.388]   info   [GS]       get next best phase: bot_a
[16:51:19.389]  trace   [GS]       skipped phase CLEAR_DECK because agent is not allowed
[16:51:19.389]  trace   [GS]       updating phase CLEAR_DECK...
[16:51:19.389]  trace   [GS]       phase status CLEAR_DECK: 0
[16:51:19.389]   info   [GS]       potential of phase CLEAR_DECK: 0
[16:51:19.390]   info   [GS]       score of phase CLEAR_DECK: 48.5
[16:51:19.391]  trace   [GS]       skipped phase INIT_B because agent is not allowed
[16:51:19.391]  trace   [GS]       skipped phase WAIT_FOR_INIT because agent is not allowed
[16:51:19.391]  trace   [GS]       updating phase WAIT_FOR_INIT...
[16:51:19.391]  trace   [GS]       phase status WAIT_FOR_INIT: 1
[16:51:19.391]  trace   [GS]       skipped phase WAIT_FOR_INIT because it is not open
[16:51:19.391]   info   [GS]       selected phase CLEAR_DECK as next phase
[16:51:19.392]   info   [GS]       executing phase CLEAR_DECK
[16:51:19.393]   info   [GS]       phase 'CLEAR_DECK' done
[16:51:19.393]   info   [GS]       get next best phase: bot_a
[16:51:19.393]  trace   [GS]       skipped phase INIT_B because agent is not allowed
[16:51:19.393]  trace   [GS]       skipped phase WAIT_FOR_INIT because agent is not allowed
[16:51:19.393]  trace   [GS]       updating phase WAIT_FOR_INIT...
[16:51:19.393]  trace   [GS]       phase status WAIT_FOR_INIT: 1
[16:51:19.393]  trace   [GS]       skipped phase WAIT_FOR_INIT because it is not open
[16:51:19.393]   info   [GS]       no more phases to execute
