[14:03:21.994]   info   [CLIENT]   successfully created TableState
[14:03:21.995]   info   [CLIENT]   successfully created PhaseState
[14:03:21.996]   info   [CLIENT]   successfully created config (GameState config)
[14:03:21.996]   info   [GS]       get next best phase: bot_b
[14:03:21.997]  trace   [GS]       skipped phase CLEAR_DECK because agent is not allowed
[14:03:21.997]  trace   [GS]       skipped phase INIT_A because agent is not allowed
[14:03:21.997]  trace   [GS]       skipped phase LONG_TASK because agent is not allowed
[14:03:21.997]  trace   [GS]       skipped phase SOME_BOT_A because agent is not allowed
[14:03:21.997]  trace   [GS]       updating phase SOME_BOT_B...
[14:03:21.996]   info   [GS]       Received update: {"init_a":true}
[14:03:21.997]  trace   [GS]       phase status SOME_BOT_B: 0
[14:03:21.998]   info   [GS]       potential of phase SOME_BOT_B: 99
[14:03:21.998]   info   [GS]       score of phase SOME_BOT_B: 138.7
[14:03:21.999]  trace   [GS]       skipped phase WAIT_FOR_INIT because agent is not allowed
[14:03:21.999]   info   [GS]       selected phase SOME_BOT_B as next phase
[14:03:21.999]   info   [GS]       Received update phase [INIT_A]: DONE
[14:03:21.999]   info   [GS]       get next best phase: bot_b
[14:03:22.000]  trace   [GS]       skipped phase CLEAR_DECK because agent is not allowed
[14:03:22.000]  trace   [GS]       skipped phase INIT_A because agent is not allowed
[14:03:22.000]  trace   [GS]       skipped phase LONG_TASK because agent is not allowed
[14:03:22.000]  trace   [GS]       skipped phase SOME_BOT_A because agent is not allowed
[14:03:22.000]  trace   [GS]       skipped phase WAIT_FOR_INIT because agent is not allowed
[14:03:22.000]   info   [GS]       no more phases to execute
[14:03:22.001]   info   [GS]       Received update phase [SOME_BOT_A]: BLOCKED
[14:03:22.001]   info   [GS]       Received update phase [WAIT_FOR_INIT]: BLOCKED
[14:03:22.002]   info   [GS]       Received update: {"dummy":true}
[14:03:22.003]   info   [GS]       Received update phase [LONG_TASK]: DONE
[14:03:22.004]   info   [GS]       Received update: {"deck_cleared":true}
[14:03:22.042]   info   [GS]       Received update phase [CLEAR_DECK]: DONE
[14:03:22.042]   info   [GS]       Received update phase [WAIT_FOR_INIT]: OPEN
[14:03:22.043]   info   [GS]       Received update: {"dummy":true}
[14:03:22.043]   info   [GS]       Received update phase [WAIT_FOR_INIT]: DONE
[14:03:22.043]   info   [GS]       Received update phase [SOME_BOT_A]: OPEN
[14:03:22.043]   info   [GS]       Received update phase [SOME_BOT_A]: DONE
