[13:47:44.233]   info   [CLIENT]   successfully created TableState
[13:47:44.234]   info   [CLIENT]   successfully created PhaseState
[13:47:44.235]   info   [CLIENT]   successfully created config (GameState config)
[13:47:44.235]   info   [GS]       get next best phase: bot_b
[13:47:44.235]  trace   [GS]       skipped phase CLEAR_DECK because agent is not allowed
[13:47:44.235]  trace   [GS]       skipped phase INIT_A because agent is not allowed
[13:47:44.235]  trace   [GS]       skipped phase LONG_TASK because agent is not allowed
[13:47:44.235]  trace   [GS]       skipped phase SOME_BOT_A because agent is not allowed
[13:47:44.235]  trace   [GS]       updating phase SOME_BOT_B...
[13:47:44.235]  trace   [GS]       phase status SOME_BOT_B: 0
[13:47:44.235]   info   [GS]       potential of phase SOME_BOT_B: 99
[13:47:44.236]   info   [GS]       score of phase SOME_BOT_B: 138.7
[13:47:44.235]   info   [GS]       Received update: {"init_a":true}
[13:47:44.236]  trace   [GS]       skipped phase WAIT_FOR_INIT because agent is not allowed
[13:47:44.236]   info   [GS]       selected phase SOME_BOT_B as next phase
[13:47:44.237]   info   [GS]       Received update phase [INIT_A]: DONE
[13:47:44.237]   info   [GS]       Received update phase [SOME_BOT_A]: BLOCKED
[13:47:44.237]   info   [GS]       get next best phase: bot_b
[13:47:44.238]  trace   [GS]       skipped phase CLEAR_DECK because agent is not allowed
[13:47:44.238]  trace   [GS]       skipped phase LONG_TASK because agent is not allowed
[13:47:44.238]  trace   [GS]       skipped phase SOME_BOT_A because agent is not allowed
[13:47:44.238]  trace   [GS]       skipped phase WAIT_FOR_INIT because agent is not allowed
[13:47:44.238]   info   [GS]       no more phases to execute
[13:47:44.239]   info   [GS]       Received update phase [WAIT_FOR_INIT]: BLOCKED
[13:47:44.239]   info   [GS]       Received update: {"dummy":true}
[13:47:44.239]   info   [GS]       Received update phase [LONG_TASK]: DONE
[13:47:44.240]   info   [GS]       Received update: {"deck_cleared":true}
[13:47:44.240]   info   [GS]       Received update phase [CLEAR_DECK]: DONE
[13:47:44.242]   info   [GS]       Received update phase [WAIT_FOR_INIT]: OPEN
[13:47:44.281]   info   [GS]       Received update: {"dummy":true}
[13:47:44.281]   info   [GS]       Received update phase [WAIT_FOR_INIT]: DONE
