[12:34:09.957]   info   [CLIENT]   successfully created TableState
[12:34:09.958]   info   [CLIENT]   successfully created PhaseState
[12:34:09.959]   info   [CLIENT]   successfully created config (GameState config)
[12:34:09.960]   info   [GS]       get next best phase: bot_b
[12:34:09.961]  trace   [GS]       skipped phase CLEAR_DECK because agent is not allowed
[12:34:09.961]  trace   [GS]       updating phase COLLECT_DATA...
[12:34:09.961]  trace   [GS]       phase status COLLECT_DATA: 0
[12:34:09.960]   info   [GS]       Received update: {"init_a":true}
[12:34:09.962]   info   [GS]       potential of phase COLLECT_DATA: 200
[12:34:09.962]   info   [GS]       score of phase COLLECT_DATA: 104
[12:34:09.963]  trace   [GS]       skipped phase INIT_A because agent is not allowed
[12:34:09.963]  trace   [GS]       skipped phase LONG_TASK because agent is not allowed
[12:34:09.963]  trace   [GS]       skipped phase SOME_BOT_A because agent is not allowed
[12:34:09.963]  trace   [GS]       updating phase SOME_BOT_B...
[12:34:09.963]  trace   [GS]       phase status SOME_BOT_B: 0
[12:34:09.963]   info   [GS]       potential of phase SOME_BOT_B: 99
[12:34:09.963]   info   [GS]       score of phase SOME_BOT_B: 138.7
[12:34:09.964]  trace   [GS]       skipped phase WAIT_FOR_INIT because agent is not allowed
[12:34:09.964]  trace   [GS]       skipped phase WORK_WITH_COLLECTED_DATA because agent is not allowed
[12:34:09.964]   info   [GS]       selected phase SOME_BOT_B as next phase
[12:34:09.964]   info   [GS]       get next best phase: bot_b
[12:34:09.964]  trace   [GS]       skipped phase CLEAR_DECK because agent is not allowed
[12:34:09.964]  trace   [GS]       updating phase COLLECT_DATA...
[12:34:09.964]  trace   [GS]       phase status COLLECT_DATA: 0
[12:34:09.964]   info   [GS]       potential of phase COLLECT_DATA: 200
[12:34:09.964]   info   [GS]       score of phase COLLECT_DATA: 104
[12:34:09.964]   info   [GS]       Received update phase [INIT_A]: DONE
[12:34:09.965]  trace   [GS]       skipped phase INIT_A because agent is not allowed
[12:34:09.965]  trace   [GS]       skipped phase LONG_TASK because agent is not allowed
[12:34:09.965]  trace   [GS]       skipped phase SOME_BOT_A because agent is not allowed
[12:34:09.965]  trace   [GS]       skipped phase WAIT_FOR_INIT because agent is not allowed
[12:34:09.965]  trace   [GS]       skipped phase WORK_WITH_COLLECTED_DATA because agent is not allowed
[12:34:09.965]   info   [GS]       selected phase COLLECT_DATA as next phase
[12:34:09.966]   info   [GS]       get next best phase: bot_b
[12:34:09.968]  trace   [GS]       skipped phase CLEAR_DECK because agent is not allowed
[12:34:09.968]  trace   [GS]       skipped phase INIT_A because agent is not allowed
[12:34:09.968]  trace   [GS]       skipped phase LONG_TASK because agent is not allowed
[12:34:09.968]  trace   [GS]       skipped phase SOME_BOT_A because agent is not allowed
[12:34:09.968]  trace   [GS]       skipped phase WAIT_FOR_INIT because agent is not allowed
[12:34:09.968]  trace   [GS]       skipped phase WORK_WITH_COLLECTED_DATA because agent is not allowed
[12:34:09.968]   info   [GS]       no more phases to execute
