[16:35:14.346]   info   [GS]       configuring Game State...
[16:35:14.347]   info   [GS]       configured game state successfully
[16:35:14.348]   info   [GS]       listening for a connection from bot_b
[16:35:14.348]   info   [GS]       phase 'INIT_A' done
[16:35:14.348]   info   [GS]       get next best phase: bot_a
[16:35:14.348]  trace   [GS]       skipped phase CLEAR_DECK because agent is not allowed
[16:35:14.348]  trace   [GS]       updating phase CLEAR_DECK...
[16:35:14.348]  trace   [GS]       phase status CLEAR_DECK: 0
[16:35:14.348]   info   [GS]       potential of phase CLEAR_DECK: 0
[16:35:14.348]   info   [GS]       score of phase CLEAR_DECK: 48.65
[16:35:14.349]  trace   [GS]       skipped phase INIT_B because agent is not allowed
[16:35:14.349]  trace   [GS]       skipped phase LONG_TASK because agent is not allowed
[16:35:14.349]  trace   [GS]       updating phase LONG_TASK...
[16:35:14.349]  trace   [GS]       phase status LONG_TASK: 0
[16:35:14.349]   info   [GS]       potential of phase LONG_TASK: 0
[16:35:14.349]   info   [GS]       score of phase LONG_TASK: 50
[16:35:14.349]  trace   [GS]       skipped phase WAIT_FOR_INIT because agent is not allowed
[16:35:14.349]  trace   [GS]       updating phase WAIT_FOR_INIT...
[16:35:14.349]  trace   [GS]       phase WAIT_FOR_INIT blocked by init_b
[16:35:14.349]  trace   [GS]       skipped phase WAIT_FOR_INIT because it is not open
[16:35:14.349]   info   [GS]       potential of phase WAIT_FOR_INIT: 0
[16:35:14.349]   info   [GS]       score of phase WAIT_FOR_INIT: 23.65
[16:35:14.350]   info   [GS]       selected phase LONG_TASK as next phase
[16:35:14.350]   info   [GS]       executing phase LONG_TASK
[16:35:14.351]   info   [GS]       phase 'LONG_TASK' done
[16:35:14.351]   info   [GS]       get next best phase: bot_a
[16:35:14.352]  trace   [GS]       skipped phase CLEAR_DECK because agent is not allowed
[16:35:14.352]  trace   [GS]       updating phase CLEAR_DECK...
[16:35:14.352]  trace   [GS]       phase status CLEAR_DECK: 0
[16:35:14.352]   info   [GS]       potential of phase CLEAR_DECK: 0
[16:35:14.352]   info   [GS]       score of phase CLEAR_DECK: 48.65
[16:35:14.352]  trace   [GS]       skipped phase INIT_B because agent is not allowed
[16:35:14.352]  trace   [GS]       skipped phase WAIT_FOR_INIT because agent is not allowed
[16:35:14.352]  trace   [GS]       updating phase WAIT_FOR_INIT...
[16:35:14.352]  trace   [GS]       phase WAIT_FOR_INIT blocked by init_b
[16:35:14.352]  trace   [GS]       skipped phase WAIT_FOR_INIT because it is not open
[16:35:14.352]   info   [GS]       potential of phase WAIT_FOR_INIT: 0
[16:35:14.353]   info   [GS]       score of phase WAIT_FOR_INIT: 23.65
[16:35:14.353]   info   [GS]       selected phase CLEAR_DECK as next phase
[16:35:14.353]   info   [GS]       executing phase CLEAR_DECK
[16:35:14.353]   info   [GS]       phase 'CLEAR_DECK' done
[16:35:14.354]   info   [GS]       get next best phase: bot_a
[16:35:14.354]  trace   [GS]       skipped phase INIT_B because agent is not allowed
[16:35:14.354]  trace   [GS]       skipped phase WAIT_FOR_INIT because agent is not allowed
[16:35:14.354]  trace   [GS]       updating phase WAIT_FOR_INIT...
[16:35:14.354]  trace   [GS]       phase WAIT_FOR_INIT blocked by init_b
[16:35:14.354]  trace   [GS]       skipped phase WAIT_FOR_INIT because it is not open
[16:35:14.354]   info   [GS]       potential of phase WAIT_FOR_INIT: 0
[16:35:14.354]   info   [GS]       score of phase WAIT_FOR_INIT: 23.65
[16:35:14.354]   info   [GS]       selected phase WAIT_FOR_INIT as next phase
[16:35:14.354]   info   [GS]       executing phase WAIT_FOR_INIT
[16:35:14.355]   info   [GS]       phase 'WAIT_FOR_INIT' done
[16:35:14.356]   info   [GS]       get next best phase: bot_a
[16:35:14.356]  trace   [GS]       skipped phase INIT_B because agent is not allowed
[16:35:14.356]   info   [GS]       no more phases to execute
