[21:42:33.792]   info   [CLIENT]   successfully created TableState
[21:42:33.793]   info   [CLIENT]   successfully created PhaseState
[21:42:33.794]   info   [CLIENT]   successfully created config (GameState config)
[21:42:33.795]   info   [GS]       get next best phase: bot_b
[21:42:33.797]  trace   [GS]       skipped phase CLEAR_DECK because agent is not allowed
[21:42:33.797]  trace   [GS]       skipped phase INIT_A because agent is not allowed
[21:42:33.797]  trace   [GS]       updating phase INIT_B...
[21:42:33.797]  trace   [GS]       skipped phase INIT_B because it is done
[21:42:33.797]  trace   [GS]       skipped phase INIT_B because phase is not open
[21:42:33.797]  trace   [GS]       skipped phase LONG_TASK because agent is not allowed
[21:42:33.797]  trace   [GS]       skipped phase SOME_BOT_A because agent is not allowed
[21:42:33.797]  trace   [GS]       updating phase SOME_BOT_B...
[21:42:33.797]   info   [GS]       phase SOME_BOT_B timed out
[21:42:33.799]  trace   [GS]       phase status SOME_BOT_B: 2
[21:42:33.799]  trace   [GS]       skipped phase SOME_BOT_B because phase is not open
[21:42:33.799]  trace   [GS]       skipped phase WAIT_FOR_INIT because agent is not allowed
[21:42:33.799]   info   [GS]       no more phases to execute
[21:42:33.903]   info   [GS]       get next best phase: bot_b
[21:42:33.904]  trace   [GS]       skipped phase CLEAR_DECK because agent is not allowed
[21:42:33.904]  trace   [GS]       skipped phase INIT_A because agent is not allowed
[21:42:33.904]  trace   [GS]       updating phase INIT_B...
[21:42:33.904]  trace   [GS]       skipped phase INIT_B because it is done
[21:42:33.904]  trace   [GS]       skipped phase INIT_B because phase is not open
[21:42:33.904]  trace   [GS]       skipped phase LONG_TASK because agent is not allowed
[21:42:33.904]  trace   [GS]       skipped phase SOME_BOT_A because agent is not allowed
[21:42:33.904]  trace   [GS]       updating phase SOME_BOT_B...
[21:42:33.904]  trace   [GS]       skipped phase SOME_BOT_B because it timed out
[21:42:33.904]  trace   [GS]       skipped phase SOME_BOT_B because phase is not open
[21:42:33.904]  trace   [GS]       skipped phase WAIT_FOR_INIT because agent is not allowed
[21:42:33.904]   info   [GS]       no more phases to execute
[21:42:34.005]   info   [GS]       get next best phase: bot_b
[21:42:34.005]  trace   [GS]       skipped phase CLEAR_DECK because agent is not allowed
[21:42:34.005]  trace   [GS]       skipped phase INIT_A because agent is not allowed
[21:42:34.005]  trace   [GS]       updating phase INIT_B...
[21:42:34.005]  trace   [GS]       skipped phase INIT_B because it is done
[21:42:34.005]  trace   [GS]       skipped phase INIT_B because phase is not open
[21:42:34.005]  trace   [GS]       skipped phase LONG_TASK because agent is not allowed
[21:42:34.005]  trace   [GS]       skipped phase SOME_BOT_A because agent is not allowed
[21:42:34.005]  trace   [GS]       updating phase SOME_BOT_B...
[21:42:34.005]  trace   [GS]       skipped phase SOME_BOT_B because it timed out
[21:42:34.005]  trace   [GS]       skipped phase SOME_BOT_B because phase is not open
[21:42:34.005]  trace   [GS]       skipped phase WAIT_FOR_INIT because agent is not allowed
[21:42:34.005]   info   [GS]       no more phases to execute
[21:42:34.109]   info   [GS]       get next best phase: bot_b
[21:42:34.111]  trace   [GS]       skipped phase CLEAR_DECK because agent is not allowed
[21:42:34.111]  trace   [GS]       skipped phase INIT_A because agent is not allowed
[21:42:34.111]  trace   [GS]       updating phase INIT_B...
[21:42:34.111]  trace   [GS]       skipped phase INIT_B because it is done
[21:42:34.111]  trace   [GS]       skipped phase INIT_B because phase is not open
[21:42:34.111]  trace   [GS]       skipped phase LONG_TASK because agent is not allowed
[21:42:34.111]  trace   [GS]       skipped phase SOME_BOT_A because agent is not allowed
[21:42:34.111]  trace   [GS]       updating phase SOME_BOT_B...
[21:42:34.111]  trace   [GS]       skipped phase SOME_BOT_B because it timed out
[21:42:34.111]  trace   [GS]       skipped phase SOME_BOT_B because phase is not open
[21:42:34.111]  trace   [GS]       skipped phase WAIT_FOR_INIT because agent is not allowed
[21:42:34.111]   info   [GS]       no more phases to execute
[21:42:34.217]   info   [GS]       get next best phase: bot_b
[21:42:34.219]  trace   [GS]       skipped phase CLEAR_DECK because agent is not allowed
[21:42:34.219]  trace   [GS]       skipped phase INIT_A because agent is not allowed
[21:42:34.219]  trace   [GS]       updating phase INIT_B...
[21:42:34.219]  trace   [GS]       skipped phase INIT_B because it is done
[21:42:34.219]  trace   [GS]       skipped phase INIT_B because phase is not open
[21:42:34.219]  trace   [GS]       skipped phase LONG_TASK because agent is not allowed
[21:42:34.219]  trace   [GS]       skipped phase SOME_BOT_A because agent is not allowed
[21:42:34.219]  trace   [GS]       updating phase SOME_BOT_B...
[21:42:34.219]  trace   [GS]       skipped phase SOME_BOT_B because it timed out
[21:42:34.219]  trace   [GS]       skipped phase SOME_BOT_B because phase is not open
[21:42:34.219]  trace   [GS]       skipped phase WAIT_FOR_INIT because agent is not allowed
[21:42:34.219]   info   [GS]       no more phases to execute
[21:42:34.322]   info   [GS]       get next best phase: bot_b
[21:42:34.324]  trace   [GS]       skipped phase CLEAR_DECK because agent is not allowed
[21:42:34.324]  trace   [GS]       skipped phase INIT_A because agent is not allowed
[21:42:34.324]  trace   [GS]       updating phase INIT_B...
[21:42:34.324]  trace   [GS]       skipped phase INIT_B because it is done
[21:42:34.324]  trace   [GS]       skipped phase INIT_B because phase is not open
[21:42:34.324]  trace   [GS]       skipped phase LONG_TASK because agent is not allowed
[21:42:34.324]  trace   [GS]       skipped phase SOME_BOT_A because agent is not allowed
[21:42:34.324]  trace   [GS]       updating phase SOME_BOT_B...
[21:42:34.324]  trace   [GS]       skipped phase SOME_BOT_B because it timed out
[21:42:34.324]  trace   [GS]       skipped phase SOME_BOT_B because phase is not open
[21:42:34.324]  trace   [GS]       skipped phase WAIT_FOR_INIT because agent is not allowed
[21:42:34.324]   info   [GS]       no more phases to execute
[21:42:34.425]   info   [GS]       get next best phase: bot_b
[21:42:34.426]  trace   [GS]       skipped phase CLEAR_DECK because agent is not allowed
[21:42:34.426]  trace   [GS]       skipped phase INIT_A because agent is not allowed
[21:42:34.426]  trace   [GS]       updating phase INIT_B...
[21:42:34.426]  trace   [GS]       skipped phase INIT_B because it is done
[21:42:34.426]  trace   [GS]       skipped phase INIT_B because phase is not open
[21:42:34.426]  trace   [GS]       skipped phase LONG_TASK because agent is not allowed
[21:42:34.426]  trace   [GS]       skipped phase SOME_BOT_A because agent is not allowed
[21:42:34.426]  trace   [GS]       updating phase SOME_BOT_B...
[21:42:34.426]  trace   [GS]       skipped phase SOME_BOT_B because it timed out
[21:42:34.426]  trace   [GS]       skipped phase SOME_BOT_B because phase is not open
[21:42:34.426]  trace   [GS]       skipped phase WAIT_FOR_INIT because agent is not allowed
[21:42:34.426]   info   [GS]       no more phases to execute
[21:42:34.528]   info   [GS]       get next best phase: bot_b
[21:42:34.529]  trace   [GS]       skipped phase CLEAR_DECK because agent is not allowed
[21:42:34.529]  trace   [GS]       skipped phase INIT_A because agent is not allowed
[21:42:34.529]  trace   [GS]       updating phase INIT_B...
[21:42:34.529]  trace   [GS]       skipped phase INIT_B because it is done
[21:42:34.529]  trace   [GS]       skipped phase INIT_B because phase is not open
[21:42:34.529]  trace   [GS]       skipped phase LONG_TASK because agent is not allowed
[21:42:34.529]  trace   [GS]       skipped phase SOME_BOT_A because agent is not allowed
[21:42:34.529]  trace   [GS]       updating phase SOME_BOT_B...
[21:42:34.529]  trace   [GS]       skipped phase SOME_BOT_B because it timed out
[21:42:34.529]  trace   [GS]       skipped phase SOME_BOT_B because phase is not open
[21:42:34.529]  trace   [GS]       skipped phase WAIT_FOR_INIT because agent is not allowed
[21:42:34.529]   info   [GS]       no more phases to execute
[21:42:34.632]   info   [GS]       get next best phase: bot_b
[21:42:34.633]  trace   [GS]       skipped phase CLEAR_DECK because agent is not allowed
[21:42:34.633]  trace   [GS]       skipped phase INIT_A because agent is not allowed
[21:42:34.633]  trace   [GS]       updating phase INIT_B...
[21:42:34.633]  trace   [GS]       skipped phase INIT_B because it is done
[21:42:34.633]  trace   [GS]       skipped phase INIT_B because phase is not open
[21:42:34.633]  trace   [GS]       skipped phase LONG_TASK because agent is not allowed
[21:42:34.633]  trace   [GS]       skipped phase SOME_BOT_A because agent is not allowed
[21:42:34.633]  trace   [GS]       updating phase SOME_BOT_B...
[21:42:34.633]  trace   [GS]       skipped phase SOME_BOT_B because it timed out
[21:42:34.633]  trace   [GS]       skipped phase SOME_BOT_B because phase is not open
[21:42:34.633]  trace   [GS]       skipped phase WAIT_FOR_INIT because agent is not allowed
[21:42:34.633]   info   [GS]       no more phases to execute
[21:42:34.738]   info   [GS]       get next best phase: bot_b
[21:42:34.740]  trace   [GS]       skipped phase CLEAR_DECK because agent is not allowed
[21:42:34.740]  trace   [GS]       skipped phase INIT_A because agent is not allowed
[21:42:34.740]  trace   [GS]       updating phase INIT_B...
[21:42:34.740]  trace   [GS]       skipped phase INIT_B because it is done
[21:42:34.740]  trace   [GS]       skipped phase INIT_B because phase is not open
[21:42:34.740]  trace   [GS]       skipped phase LONG_TASK because agent is not allowed
[21:42:34.740]  trace   [GS]       skipped phase SOME_BOT_A because agent is not allowed
[21:42:34.740]  trace   [GS]       updating phase SOME_BOT_B...
[21:42:34.740]  trace   [GS]       skipped phase SOME_BOT_B because it timed out
[21:42:34.740]  trace   [GS]       skipped phase SOME_BOT_B because phase is not open
[21:42:34.740]  trace   [GS]       skipped phase WAIT_FOR_INIT because agent is not allowed
[21:42:34.740]   info   [GS]       no more phases to execute
[21:42:34.845]   info   [GS]       get next best phase: bot_b
[21:42:34.847]  trace   [GS]       skipped phase CLEAR_DECK because agent is not allowed
[21:42:34.847]  trace   [GS]       skipped phase INIT_A because agent is not allowed
[21:42:34.847]  trace   [GS]       updating phase INIT_B...
[21:42:34.847]  trace   [GS]       skipped phase INIT_B because it is done
[21:42:34.847]  trace   [GS]       skipped phase INIT_B because phase is not open
[21:42:34.847]  trace   [GS]       skipped phase LONG_TASK because agent is not allowed
[21:42:34.847]  trace   [GS]       skipped phase SOME_BOT_A because agent is not allowed
[21:42:34.847]  trace   [GS]       updating phase SOME_BOT_B...
[21:42:34.847]  trace   [GS]       skipped phase SOME_BOT_B because it timed out
[21:42:34.847]  trace   [GS]       skipped phase SOME_BOT_B because phase is not open
[21:42:34.847]  trace   [GS]       skipped phase WAIT_FOR_INIT because agent is not allowed
[21:42:34.847]   info   [GS]       no more phases to execute
[21:42:34.953]   info   [GS]       get next best phase: bot_b
[21:42:34.953]  trace   [GS]       skipped phase CLEAR_DECK because agent is not allowed
[21:42:34.953]  trace   [GS]       skipped phase INIT_A because agent is not allowed
[21:42:34.953]  trace   [GS]       updating phase INIT_B...
[21:42:34.953]  trace   [GS]       skipped phase INIT_B because it is done
[21:42:34.953]  trace   [GS]       skipped phase INIT_B because phase is not open
[21:42:34.953]  trace   [GS]       skipped phase LONG_TASK because agent is not allowed
[21:42:34.953]  trace   [GS]       skipped phase SOME_BOT_A because agent is not allowed
[21:42:34.953]  trace   [GS]       updating phase SOME_BOT_B...
[21:42:34.953]  trace   [GS]       skipped phase SOME_BOT_B because it timed out
[21:42:34.953]  trace   [GS]       skipped phase SOME_BOT_B because phase is not open
[21:42:34.953]  trace   [GS]       skipped phase WAIT_FOR_INIT because agent is not allowed
[21:42:34.953]   info   [GS]       no more phases to execute
[21:42:35.061]   info   [GS]       get next best phase: bot_b
[21:42:35.062]  trace   [GS]       skipped phase CLEAR_DECK because agent is not allowed
[21:42:35.062]  trace   [GS]       skipped phase INIT_A because agent is not allowed
[21:42:35.062]  trace   [GS]       updating phase INIT_B...
[21:42:35.062]  trace   [GS]       skipped phase INIT_B because it is done
[21:42:35.062]  trace   [GS]       skipped phase INIT_B because phase is not open
[21:42:35.062]  trace   [GS]       skipped phase LONG_TASK because agent is not allowed
[21:42:35.062]  trace   [GS]       skipped phase SOME_BOT_A because agent is not allowed
[21:42:35.062]  trace   [GS]       updating phase SOME_BOT_B...
[21:42:35.062]  trace   [GS]       skipped phase SOME_BOT_B because it timed out
[21:42:35.062]  trace   [GS]       skipped phase SOME_BOT_B because phase is not open
[21:42:35.062]  trace   [GS]       skipped phase WAIT_FOR_INIT because agent is not allowed
[21:42:35.062]   info   [GS]       no more phases to execute
[21:42:35.166]   info   [GS]       get next best phase: bot_b
[21:42:35.167]  trace   [GS]       skipped phase CLEAR_DECK because agent is not allowed
[21:42:35.167]  trace   [GS]       skipped phase INIT_A because agent is not allowed
[21:42:35.167]  trace   [GS]       updating phase INIT_B...
[21:42:35.167]  trace   [GS]       skipped phase INIT_B because it is done
[21:42:35.167]  trace   [GS]       skipped phase INIT_B because phase is not open
[21:42:35.167]  trace   [GS]       skipped phase LONG_TASK because agent is not allowed
[21:42:35.167]  trace   [GS]       skipped phase SOME_BOT_A because agent is not allowed
[21:42:35.167]  trace   [GS]       updating phase SOME_BOT_B...
[21:42:35.167]  trace   [GS]       skipped phase SOME_BOT_B because it timed out
[21:42:35.167]  trace   [GS]       skipped phase SOME_BOT_B because phase is not open
[21:42:35.167]  trace   [GS]       skipped phase WAIT_FOR_INIT because agent is not allowed
[21:42:35.167]   info   [GS]       no more phases to execute
[21:42:35.272]   info   [GS]       get next best phase: bot_b
[21:42:35.273]  trace   [GS]       skipped phase CLEAR_DECK because agent is not allowed
[21:42:35.273]  trace   [GS]       skipped phase INIT_A because agent is not allowed
[21:42:35.273]  trace   [GS]       updating phase INIT_B...
[21:42:35.273]  trace   [GS]       skipped phase INIT_B because it is done
[21:42:35.273]  trace   [GS]       skipped phase INIT_B because phase is not open
[21:42:35.273]  trace   [GS]       skipped phase LONG_TASK because agent is not allowed
[21:42:35.273]  trace   [GS]       skipped phase SOME_BOT_A because agent is not allowed
[21:42:35.273]  trace   [GS]       updating phase SOME_BOT_B...
[21:42:35.273]  trace   [GS]       skipped phase SOME_BOT_B because it timed out
[21:42:35.273]  trace   [GS]       skipped phase SOME_BOT_B because phase is not open
[21:42:35.273]  trace   [GS]       skipped phase WAIT_FOR_INIT because agent is not allowed
[21:42:35.273]   info   [GS]       no more phases to execute
[21:42:35.377]   info   [GS]       get next best phase: bot_b
[21:42:35.378]  trace   [GS]       skipped phase CLEAR_DECK because agent is not allowed
[21:42:35.378]  trace   [GS]       skipped phase INIT_A because agent is not allowed
[21:42:35.378]  trace   [GS]       updating phase INIT_B...
[21:42:35.378]  trace   [GS]       skipped phase INIT_B because it is done
[21:42:35.378]  trace   [GS]       skipped phase INIT_B because phase is not open
[21:42:35.378]  trace   [GS]       skipped phase LONG_TASK because agent is not allowed
[21:42:35.378]  trace   [GS]       skipped phase SOME_BOT_A because agent is not allowed
[21:42:35.378]  trace   [GS]       updating phase SOME_BOT_B...
[21:42:35.378]  trace   [GS]       skipped phase SOME_BOT_B because it timed out
[21:42:35.378]  trace   [GS]       skipped phase SOME_BOT_B because phase is not open
[21:42:35.378]  trace   [GS]       skipped phase WAIT_FOR_INIT because agent is not allowed
[21:42:35.378]   info   [GS]       no more phases to execute
[21:42:35.486]   info   [GS]       get next best phase: bot_b
[21:42:35.487]  trace   [GS]       skipped phase CLEAR_DECK because agent is not allowed
[21:42:35.487]  trace   [GS]       skipped phase INIT_A because agent is not allowed
[21:42:35.487]  trace   [GS]       updating phase INIT_B...
[21:42:35.487]  trace   [GS]       skipped phase INIT_B because it is done
[21:42:35.487]  trace   [GS]       skipped phase INIT_B because phase is not open
[21:42:35.487]  trace   [GS]       skipped phase LONG_TASK because agent is not allowed
[21:42:35.487]  trace   [GS]       skipped phase SOME_BOT_A because agent is not allowed
[21:42:35.487]  trace   [GS]       updating phase SOME_BOT_B...
[21:42:35.487]  trace   [GS]       skipped phase SOME_BOT_B because it timed out
[21:42:35.487]  trace   [GS]       skipped phase SOME_BOT_B because phase is not open
[21:42:35.487]  trace   [GS]       skipped phase WAIT_FOR_INIT because agent is not allowed
[21:42:35.487]   info   [GS]       no more phases to execute
[21:42:35.592]   info   [GS]       get next best phase: bot_b
[21:42:35.593]  trace   [GS]       skipped phase CLEAR_DECK because agent is not allowed
[21:42:35.593]  trace   [GS]       skipped phase INIT_A because agent is not allowed
[21:42:35.593]  trace   [GS]       updating phase INIT_B...
[21:42:35.593]  trace   [GS]       skipped phase INIT_B because it is done
[21:42:35.593]  trace   [GS]       skipped phase INIT_B because phase is not open
[21:42:35.593]  trace   [GS]       skipped phase LONG_TASK because agent is not allowed
[21:42:35.593]  trace   [GS]       skipped phase SOME_BOT_A because agent is not allowed
[21:42:35.593]  trace   [GS]       updating phase SOME_BOT_B...
[21:42:35.593]  trace   [GS]       skipped phase SOME_BOT_B because it timed out
[21:42:35.593]  trace   [GS]       skipped phase SOME_BOT_B because phase is not open
[21:42:35.593]  trace   [GS]       skipped phase WAIT_FOR_INIT because agent is not allowed
[21:42:35.593]   info   [GS]       no more phases to execute
[21:42:35.694]   info   [GS]       get next best phase: bot_b
[21:42:35.695]  trace   [GS]       skipped phase CLEAR_DECK because agent is not allowed
[21:42:35.695]  trace   [GS]       skipped phase INIT_A because agent is not allowed
[21:42:35.695]  trace   [GS]       updating phase INIT_B...
[21:42:35.695]  trace   [GS]       skipped phase INIT_B because it is done
[21:42:35.695]  trace   [GS]       skipped phase INIT_B because phase is not open
[21:42:35.695]  trace   [GS]       skipped phase LONG_TASK because agent is not allowed
[21:42:35.695]  trace   [GS]       skipped phase SOME_BOT_A because agent is not allowed
[21:42:35.695]  trace   [GS]       updating phase SOME_BOT_B...
[21:42:35.695]  trace   [GS]       skipped phase SOME_BOT_B because it timed out
[21:42:35.695]  trace   [GS]       skipped phase SOME_BOT_B because phase is not open
[21:42:35.695]  trace   [GS]       skipped phase WAIT_FOR_INIT because agent is not allowed
[21:42:35.695]   info   [GS]       no more phases to execute
[21:42:35.797]   info   [GS]       get next best phase: bot_b
[21:42:35.798]  trace   [GS]       skipped phase CLEAR_DECK because agent is not allowed
[21:42:35.798]  trace   [GS]       skipped phase INIT_A because agent is not allowed
[21:42:35.798]  trace   [GS]       updating phase INIT_B...
[21:42:35.798]  trace   [GS]       skipped phase INIT_B because it is done
[21:42:35.798]  trace   [GS]       skipped phase INIT_B because phase is not open
[21:42:35.798]  trace   [GS]       skipped phase LONG_TASK because agent is not allowed
[21:42:35.798]  trace   [GS]       skipped phase SOME_BOT_A because agent is not allowed
[21:42:35.798]  trace   [GS]       updating phase SOME_BOT_B...
[21:42:35.798]  trace   [GS]       skipped phase SOME_BOT_B because it timed out
[21:42:35.798]  trace   [GS]       skipped phase SOME_BOT_B because phase is not open
[21:42:35.798]  trace   [GS]       skipped phase WAIT_FOR_INIT because agent is not allowed
[21:42:35.798]   info   [GS]       no more phases to execute
[21:42:35.900]   info   [GS]       get next best phase: bot_b
[21:42:35.902]  trace   [GS]       skipped phase CLEAR_DECK because agent is not allowed
[21:42:35.902]  trace   [GS]       skipped phase INIT_A because agent is not allowed
[21:42:35.902]  trace   [GS]       updating phase INIT_B...
[21:42:35.902]  trace   [GS]       skipped phase INIT_B because it is done
[21:42:35.902]  trace   [GS]       skipped phase INIT_B because phase is not open
[21:42:35.902]  trace   [GS]       skipped phase LONG_TASK because agent is not allowed
[21:42:35.902]  trace   [GS]       skipped phase SOME_BOT_A because agent is not allowed
[21:42:35.902]  trace   [GS]       updating phase SOME_BOT_B...
[21:42:35.902]  trace   [GS]       skipped phase SOME_BOT_B because it timed out
[21:42:35.902]  trace   [GS]       skipped phase SOME_BOT_B because phase is not open
[21:42:35.902]  trace   [GS]       skipped phase WAIT_FOR_INIT because agent is not allowed
[21:42:35.902]   info   [GS]       no more phases to execute
[21:42:36.008]   info   [GS]       get next best phase: bot_b
[21:42:36.009]  trace   [GS]       skipped phase CLEAR_DECK because agent is not allowed
[21:42:36.009]  trace   [GS]       skipped phase INIT_A because agent is not allowed
[21:42:36.009]  trace   [GS]       updating phase INIT_B...
[21:42:36.009]  trace   [GS]       skipped phase INIT_B because it is done
[21:42:36.009]  trace   [GS]       skipped phase INIT_B because phase is not open
[21:42:36.009]  trace   [GS]       skipped phase LONG_TASK because agent is not allowed
[21:42:36.009]  trace   [GS]       skipped phase SOME_BOT_A because agent is not allowed
[21:42:36.009]  trace   [GS]       updating phase SOME_BOT_B...
[21:42:36.009]  trace   [GS]       skipped phase SOME_BOT_B because it timed out
[21:42:36.009]  trace   [GS]       skipped phase SOME_BOT_B because phase is not open
[21:42:36.009]  trace   [GS]       skipped phase WAIT_FOR_INIT because agent is not allowed
[21:42:36.009]   info   [GS]       no more phases to execute
[21:42:36.113]   info   [GS]       get next best phase: bot_b
[21:42:36.114]  trace   [GS]       skipped phase CLEAR_DECK because agent is not allowed
[21:42:36.114]  trace   [GS]       skipped phase INIT_A because agent is not allowed
[21:42:36.114]  trace   [GS]       updating phase INIT_B...
[21:42:36.114]  trace   [GS]       skipped phase INIT_B because it is done
[21:42:36.114]  trace   [GS]       skipped phase INIT_B because phase is not open
[21:42:36.114]  trace   [GS]       skipped phase LONG_TASK because agent is not allowed
[21:42:36.114]  trace   [GS]       skipped phase SOME_BOT_A because agent is not allowed
[21:42:36.114]  trace   [GS]       updating phase SOME_BOT_B...
[21:42:36.114]  trace   [GS]       skipped phase SOME_BOT_B because it timed out
[21:42:36.114]  trace   [GS]       skipped phase SOME_BOT_B because phase is not open
[21:42:36.114]  trace   [GS]       skipped phase WAIT_FOR_INIT because agent is not allowed
[21:42:36.114]   info   [GS]       no more phases to execute
[21:42:36.220]   info   [GS]       get next best phase: bot_b
[21:42:36.222]  trace   [GS]       skipped phase CLEAR_DECK because agent is not allowed
[21:42:36.222]  trace   [GS]       skipped phase INIT_A because agent is not allowed
[21:42:36.222]  trace   [GS]       updating phase INIT_B...
[21:42:36.222]  trace   [GS]       skipped phase INIT_B because it is done
[21:42:36.222]  trace   [GS]       skipped phase INIT_B because phase is not open
[21:42:36.222]  trace   [GS]       skipped phase LONG_TASK because agent is not allowed
[21:42:36.222]  trace   [GS]       skipped phase SOME_BOT_A because agent is not allowed
[21:42:36.222]  trace   [GS]       updating phase SOME_BOT_B...
[21:42:36.222]  trace   [GS]       skipped phase SOME_BOT_B because it timed out
[21:42:36.222]  trace   [GS]       skipped phase SOME_BOT_B because phase is not open
[21:42:36.222]  trace   [GS]       skipped phase WAIT_FOR_INIT because agent is not allowed
[21:42:36.222]   info   [GS]       no more phases to execute
[21:42:36.328]   info   [GS]       get next best phase: bot_b
[21:42:36.331]  trace   [GS]       skipped phase CLEAR_DECK because agent is not allowed
[21:42:36.331]  trace   [GS]       skipped phase INIT_A because agent is not allowed
[21:42:36.331]  trace   [GS]       updating phase INIT_B...
[21:42:36.331]  trace   [GS]       skipped phase INIT_B because it is done
[21:42:36.331]  trace   [GS]       skipped phase INIT_B because phase is not open
[21:42:36.331]  trace   [GS]       skipped phase LONG_TASK because agent is not allowed
[21:42:36.331]  trace   [GS]       skipped phase SOME_BOT_A because agent is not allowed
[21:42:36.331]  trace   [GS]       updating phase SOME_BOT_B...
[21:42:36.331]  trace   [GS]       skipped phase SOME_BOT_B because it timed out
[21:42:36.331]  trace   [GS]       skipped phase SOME_BOT_B because phase is not open
[21:42:36.331]  trace   [GS]       skipped phase WAIT_FOR_INIT because agent is not allowed
[21:42:36.331]   info   [GS]       no more phases to execute
[21:42:36.436]   info   [GS]       get next best phase: bot_b
[21:42:36.437]  trace   [GS]       skipped phase CLEAR_DECK because agent is not allowed
[21:42:36.437]  trace   [GS]       skipped phase INIT_A because agent is not allowed
[21:42:36.437]  trace   [GS]       updating phase INIT_B...
[21:42:36.437]  trace   [GS]       skipped phase INIT_B because it is done
[21:42:36.437]  trace   [GS]       skipped phase INIT_B because phase is not open
[21:42:36.437]  trace   [GS]       skipped phase LONG_TASK because agent is not allowed
[21:42:36.437]  trace   [GS]       skipped phase SOME_BOT_A because agent is not allowed
[21:42:36.437]  trace   [GS]       updating phase SOME_BOT_B...
[21:42:36.437]  trace   [GS]       skipped phase SOME_BOT_B because it timed out
[21:42:36.437]  trace   [GS]       skipped phase SOME_BOT_B because phase is not open
[21:42:36.437]  trace   [GS]       skipped phase WAIT_FOR_INIT because agent is not allowed
[21:42:36.437]   info   [GS]       no more phases to execute
[21:42:36.539]   info   [GS]       get next best phase: bot_b
[21:42:36.539]  trace   [GS]       skipped phase CLEAR_DECK because agent is not allowed
[21:42:36.539]  trace   [GS]       skipped phase INIT_A because agent is not allowed
[21:42:36.539]  trace   [GS]       updating phase INIT_B...
[21:42:36.539]  trace   [GS]       skipped phase INIT_B because it is done
[21:42:36.539]  trace   [GS]       skipped phase INIT_B because phase is not open
[21:42:36.539]  trace   [GS]       skipped phase LONG_TASK because agent is not allowed
[21:42:36.539]  trace   [GS]       skipped phase SOME_BOT_A because agent is not allowed
[21:42:36.539]  trace   [GS]       updating phase SOME_BOT_B...
[21:42:36.539]  trace   [GS]       skipped phase SOME_BOT_B because it timed out
[21:42:36.539]  trace   [GS]       skipped phase SOME_BOT_B because phase is not open
[21:42:36.539]  trace   [GS]       skipped phase WAIT_FOR_INIT because agent is not allowed
[21:42:36.539]   info   [GS]       no more phases to execute
[21:42:36.645]   info   [GS]       get next best phase: bot_b
[21:42:36.646]  trace   [GS]       skipped phase CLEAR_DECK because agent is not allowed
[21:42:36.646]  trace   [GS]       skipped phase INIT_A because agent is not allowed
[21:42:36.646]  trace   [GS]       updating phase INIT_B...
[21:42:36.646]  trace   [GS]       skipped phase INIT_B because it is done
[21:42:36.646]  trace   [GS]       skipped phase INIT_B because phase is not open
[21:42:36.646]  trace   [GS]       skipped phase LONG_TASK because agent is not allowed
[21:42:36.646]  trace   [GS]       skipped phase SOME_BOT_A because agent is not allowed
[21:42:36.646]  trace   [GS]       updating phase SOME_BOT_B...
[21:42:36.646]  trace   [GS]       skipped phase SOME_BOT_B because it timed out
[21:42:36.646]  trace   [GS]       skipped phase SOME_BOT_B because phase is not open
[21:42:36.646]  trace   [GS]       skipped phase WAIT_FOR_INIT because agent is not allowed
[21:42:36.646]   info   [GS]       no more phases to execute
[21:42:36.750]   info   [GS]       get next best phase: bot_b
[21:42:36.751]  trace   [GS]       skipped phase CLEAR_DECK because agent is not allowed
[21:42:36.751]  trace   [GS]       skipped phase INIT_A because agent is not allowed
[21:42:36.751]  trace   [GS]       updating phase INIT_B...
[21:42:36.751]  trace   [GS]       skipped phase INIT_B because it is done
[21:42:36.751]  trace   [GS]       skipped phase INIT_B because phase is not open
[21:42:36.751]  trace   [GS]       skipped phase LONG_TASK because agent is not allowed
[21:42:36.751]  trace   [GS]       skipped phase SOME_BOT_A because agent is not allowed
[21:42:36.751]  trace   [GS]       updating phase SOME_BOT_B...
[21:42:36.751]  trace   [GS]       skipped phase SOME_BOT_B because it timed out
[21:42:36.751]  trace   [GS]       skipped phase SOME_BOT_B because phase is not open
[21:42:36.751]  trace   [GS]       skipped phase WAIT_FOR_INIT because agent is not allowed
[21:42:36.751]   info   [GS]       no more phases to execute
[21:42:36.857]   info   [GS]       get next best phase: bot_b
[21:42:36.859]  trace   [GS]       skipped phase CLEAR_DECK because agent is not allowed
[21:42:36.859]  trace   [GS]       skipped phase INIT_A because agent is not allowed
[21:42:36.859]  trace   [GS]       updating phase INIT_B...
[21:42:36.859]  trace   [GS]       skipped phase INIT_B because it is done
[21:42:36.859]  trace   [GS]       skipped phase INIT_B because phase is not open
[21:42:36.859]  trace   [GS]       skipped phase LONG_TASK because agent is not allowed
[21:42:36.859]  trace   [GS]       skipped phase SOME_BOT_A because agent is not allowed
[21:42:36.859]  trace   [GS]       updating phase SOME_BOT_B...
[21:42:36.859]  trace   [GS]       skipped phase SOME_BOT_B because it timed out
[21:42:36.859]  trace   [GS]       skipped phase SOME_BOT_B because phase is not open
[21:42:36.859]  trace   [GS]       skipped phase WAIT_FOR_INIT because agent is not allowed
[21:42:36.859]   info   [GS]       no more phases to execute
[21:42:36.962]   info   [GS]       get next best phase: bot_b
[21:42:36.964]  trace   [GS]       skipped phase CLEAR_DECK because agent is not allowed
[21:42:36.964]  trace   [GS]       skipped phase INIT_A because agent is not allowed
[21:42:36.964]  trace   [GS]       updating phase INIT_B...
[21:42:36.964]  trace   [GS]       skipped phase INIT_B because it is done
[21:42:36.964]  trace   [GS]       skipped phase INIT_B because phase is not open
[21:42:36.964]  trace   [GS]       skipped phase LONG_TASK because agent is not allowed
[21:42:36.964]  trace   [GS]       skipped phase SOME_BOT_A because agent is not allowed
[21:42:36.964]  trace   [GS]       updating phase SOME_BOT_B...
[21:42:36.964]  trace   [GS]       skipped phase SOME_BOT_B because it timed out
[21:42:36.964]  trace   [GS]       skipped phase SOME_BOT_B because phase is not open
[21:42:36.964]  trace   [GS]       skipped phase WAIT_FOR_INIT because agent is not allowed
[21:42:36.964]   info   [GS]       no more phases to execute
[21:42:37.065]   info   [GS]       get next best phase: bot_b
[21:42:37.066]  trace   [GS]       skipped phase CLEAR_DECK because agent is not allowed
[21:42:37.066]  trace   [GS]       skipped phase INIT_A because agent is not allowed
[21:42:37.066]  trace   [GS]       updating phase INIT_B...
[21:42:37.066]  trace   [GS]       skipped phase INIT_B because it is done
[21:42:37.066]  trace   [GS]       skipped phase INIT_B because phase is not open
[21:42:37.066]  trace   [GS]       skipped phase LONG_TASK because agent is not allowed
[21:42:37.066]  trace   [GS]       skipped phase SOME_BOT_A because agent is not allowed
[21:42:37.066]  trace   [GS]       updating phase SOME_BOT_B...
[21:42:37.066]  trace   [GS]       skipped phase SOME_BOT_B because it timed out
[21:42:37.066]  trace   [GS]       skipped phase SOME_BOT_B because phase is not open
[21:42:37.066]  trace   [GS]       skipped phase WAIT_FOR_INIT because agent is not allowed
[21:42:37.066]   info   [GS]       no more phases to execute
[21:42:37.167]   info   [GS]       get next best phase: bot_b
[21:42:37.169]  trace   [GS]       skipped phase CLEAR_DECK because agent is not allowed
[21:42:37.169]  trace   [GS]       skipped phase INIT_A because agent is not allowed
[21:42:37.169]  trace   [GS]       updating phase INIT_B...
[21:42:37.169]  trace   [GS]       skipped phase INIT_B because it is done
[21:42:37.169]  trace   [GS]       skipped phase INIT_B because phase is not open
[21:42:37.169]  trace   [GS]       skipped phase LONG_TASK because agent is not allowed
[21:42:37.169]  trace   [GS]       skipped phase SOME_BOT_A because agent is not allowed
[21:42:37.169]  trace   [GS]       updating phase SOME_BOT_B...
[21:42:37.169]  trace   [GS]       skipped phase SOME_BOT_B because it timed out
[21:42:37.169]  trace   [GS]       skipped phase SOME_BOT_B because phase is not open
[21:42:37.169]  trace   [GS]       skipped phase WAIT_FOR_INIT because agent is not allowed
[21:42:37.169]   info   [GS]       no more phases to execute
[21:42:37.274]   info   [GS]       get next best phase: bot_b
[21:42:37.275]  trace   [GS]       skipped phase CLEAR_DECK because agent is not allowed
[21:42:37.275]  trace   [GS]       skipped phase INIT_A because agent is not allowed
[21:42:37.275]  trace   [GS]       updating phase INIT_B...
[21:42:37.275]  trace   [GS]       skipped phase INIT_B because it is done
[21:42:37.275]  trace   [GS]       skipped phase INIT_B because phase is not open
[21:42:37.275]  trace   [GS]       skipped phase LONG_TASK because agent is not allowed
[21:42:37.275]  trace   [GS]       skipped phase SOME_BOT_A because agent is not allowed
[21:42:37.275]  trace   [GS]       updating phase SOME_BOT_B...
[21:42:37.275]  trace   [GS]       skipped phase SOME_BOT_B because it timed out
[21:42:37.275]  trace   [GS]       skipped phase SOME_BOT_B because phase is not open
[21:42:37.275]  trace   [GS]       skipped phase WAIT_FOR_INIT because agent is not allowed
[21:42:37.275]   info   [GS]       no more phases to execute
[21:42:37.382]   info   [GS]       get next best phase: bot_b
[21:42:37.382]  trace   [GS]       skipped phase CLEAR_DECK because agent is not allowed
[21:42:37.382]  trace   [GS]       skipped phase INIT_A because agent is not allowed
[21:42:37.382]  trace   [GS]       updating phase INIT_B...
[21:42:37.382]  trace   [GS]       skipped phase INIT_B because it is done
[21:42:37.382]  trace   [GS]       skipped phase INIT_B because phase is not open
[21:42:37.382]  trace   [GS]       skipped phase LONG_TASK because agent is not allowed
[21:42:37.382]  trace   [GS]       skipped phase SOME_BOT_A because agent is not allowed
[21:42:37.382]  trace   [GS]       updating phase SOME_BOT_B...
[21:42:37.382]  trace   [GS]       skipped phase SOME_BOT_B because it timed out
[21:42:37.382]  trace   [GS]       skipped phase SOME_BOT_B because phase is not open
[21:42:37.382]  trace   [GS]       skipped phase WAIT_FOR_INIT because agent is not allowed
[21:42:37.382]   info   [GS]       no more phases to execute
[21:42:37.486]   info   [GS]       get next best phase: bot_b
[21:42:37.489]  trace   [GS]       skipped phase CLEAR_DECK because agent is not allowed
[21:42:37.489]  trace   [GS]       skipped phase INIT_A because agent is not allowed
[21:42:37.489]  trace   [GS]       updating phase INIT_B...
[21:42:37.489]  trace   [GS]       skipped phase INIT_B because it is done
[21:42:37.489]  trace   [GS]       skipped phase INIT_B because phase is not open
[21:42:37.489]  trace   [GS]       skipped phase LONG_TASK because agent is not allowed
[21:42:37.489]  trace   [GS]       skipped phase SOME_BOT_A because agent is not allowed
[21:42:37.489]  trace   [GS]       updating phase SOME_BOT_B...
[21:42:37.489]  trace   [GS]       skipped phase SOME_BOT_B because it timed out
[21:42:37.489]  trace   [GS]       skipped phase SOME_BOT_B because phase is not open
[21:42:37.489]  trace   [GS]       skipped phase WAIT_FOR_INIT because agent is not allowed
[21:42:37.489]   info   [GS]       no more phases to execute
[21:42:37.595]   info   [GS]       get next best phase: bot_b
[21:42:37.598]  trace   [GS]       skipped phase CLEAR_DECK because agent is not allowed
[21:42:37.598]  trace   [GS]       skipped phase INIT_A because agent is not allowed
[21:42:37.598]  trace   [GS]       updating phase INIT_B...
[21:42:37.598]  trace   [GS]       skipped phase INIT_B because it is done
[21:42:37.598]  trace   [GS]       skipped phase INIT_B because phase is not open
[21:42:37.598]  trace   [GS]       skipped phase LONG_TASK because agent is not allowed
[21:42:37.598]  trace   [GS]       skipped phase SOME_BOT_A because agent is not allowed
[21:42:37.598]  trace   [GS]       updating phase SOME_BOT_B...
[21:42:37.598]  trace   [GS]       skipped phase SOME_BOT_B because it timed out
[21:42:37.598]  trace   [GS]       skipped phase SOME_BOT_B because phase is not open
[21:42:37.598]  trace   [GS]       skipped phase WAIT_FOR_INIT because agent is not allowed
[21:42:37.598]   info   [GS]       no more phases to execute
[21:42:37.700]   info   [GS]       get next best phase: bot_b
[21:42:37.700]  trace   [GS]       skipped phase CLEAR_DECK because agent is not allowed
[21:42:37.700]  trace   [GS]       skipped phase INIT_A because agent is not allowed
[21:42:37.700]  trace   [GS]       updating phase INIT_B...
[21:42:37.700]  trace   [GS]       skipped phase INIT_B because it is done
[21:42:37.700]  trace   [GS]       skipped phase INIT_B because phase is not open
[21:42:37.700]  trace   [GS]       skipped phase LONG_TASK because agent is not allowed
[21:42:37.700]  trace   [GS]       skipped phase SOME_BOT_A because agent is not allowed
[21:42:37.700]  trace   [GS]       updating phase SOME_BOT_B...
[21:42:37.700]  trace   [GS]       skipped phase SOME_BOT_B because it timed out
[21:42:37.700]  trace   [GS]       skipped phase SOME_BOT_B because phase is not open
[21:42:37.700]  trace   [GS]       skipped phase WAIT_FOR_INIT because agent is not allowed
[21:42:37.700]   info   [GS]       no more phases to execute
[21:42:37.805]   info   [GS]       get next best phase: bot_b
[21:42:37.805]  trace   [GS]       skipped phase CLEAR_DECK because agent is not allowed
[21:42:37.805]  trace   [GS]       skipped phase INIT_A because agent is not allowed
[21:42:37.805]  trace   [GS]       updating phase INIT_B...
[21:42:37.805]  trace   [GS]       skipped phase INIT_B because it is done
[21:42:37.805]  trace   [GS]       skipped phase INIT_B because phase is not open
[21:42:37.805]  trace   [GS]       skipped phase LONG_TASK because agent is not allowed
[21:42:37.805]  trace   [GS]       skipped phase SOME_BOT_A because agent is not allowed
[21:42:37.805]  trace   [GS]       updating phase SOME_BOT_B...
[21:42:37.805]  trace   [GS]       skipped phase SOME_BOT_B because it timed out
[21:42:37.805]  trace   [GS]       skipped phase SOME_BOT_B because phase is not open
[21:42:37.805]  trace   [GS]       skipped phase WAIT_FOR_INIT because agent is not allowed
[21:42:37.805]   info   [GS]       no more phases to execute
[21:42:37.912]   info   [GS]       get next best phase: bot_b
[21:42:37.912]  trace   [GS]       skipped phase CLEAR_DECK because agent is not allowed
[21:42:37.912]  trace   [GS]       skipped phase INIT_A because agent is not allowed
[21:42:37.912]  trace   [GS]       updating phase INIT_B...
[21:42:37.912]  trace   [GS]       skipped phase INIT_B because it is done
[21:42:37.912]  trace   [GS]       skipped phase INIT_B because phase is not open
[21:42:37.912]  trace   [GS]       skipped phase LONG_TASK because agent is not allowed
[21:42:37.912]  trace   [GS]       skipped phase SOME_BOT_A because agent is not allowed
[21:42:37.912]  trace   [GS]       updating phase SOME_BOT_B...
[21:42:37.912]  trace   [GS]       skipped phase SOME_BOT_B because it timed out
[21:42:37.912]  trace   [GS]       skipped phase SOME_BOT_B because phase is not open
[21:42:37.912]  trace   [GS]       skipped phase WAIT_FOR_INIT because agent is not allowed
[21:42:37.912]   info   [GS]       no more phases to execute
[21:42:38.018]   info   [GS]       get next best phase: bot_b
[21:42:38.019]  trace   [GS]       skipped phase CLEAR_DECK because agent is not allowed
[21:42:38.019]  trace   [GS]       skipped phase INIT_A because agent is not allowed
[21:42:38.019]  trace   [GS]       updating phase INIT_B...
[21:42:38.019]  trace   [GS]       skipped phase INIT_B because it is done
[21:42:38.019]  trace   [GS]       skipped phase INIT_B because phase is not open
[21:42:38.019]  trace   [GS]       skipped phase LONG_TASK because agent is not allowed
[21:42:38.019]  trace   [GS]       skipped phase SOME_BOT_A because agent is not allowed
[21:42:38.019]  trace   [GS]       updating phase SOME_BOT_B...
[21:42:38.019]  trace   [GS]       skipped phase SOME_BOT_B because it timed out
[21:42:38.019]  trace   [GS]       skipped phase SOME_BOT_B because phase is not open
[21:42:38.019]  trace   [GS]       skipped phase WAIT_FOR_INIT because agent is not allowed
[21:42:38.019]   info   [GS]       no more phases to execute
[21:42:38.128]   info   [GS]       get next best phase: bot_b
[21:42:38.130]  trace   [GS]       skipped phase CLEAR_DECK because agent is not allowed
[21:42:38.130]  trace   [GS]       skipped phase INIT_A because agent is not allowed
[21:42:38.130]  trace   [GS]       updating phase INIT_B...
[21:42:38.130]  trace   [GS]       skipped phase INIT_B because it is done
[21:42:38.130]  trace   [GS]       skipped phase INIT_B because phase is not open
[21:42:38.130]  trace   [GS]       skipped phase LONG_TASK because agent is not allowed
[21:42:38.130]  trace   [GS]       skipped phase SOME_BOT_A because agent is not allowed
[21:42:38.130]  trace   [GS]       updating phase SOME_BOT_B...
[21:42:38.130]  trace   [GS]       skipped phase SOME_BOT_B because it timed out
[21:42:38.130]  trace   [GS]       skipped phase SOME_BOT_B because phase is not open
[21:42:38.130]  trace   [GS]       skipped phase WAIT_FOR_INIT because agent is not allowed
[21:42:38.130]   info   [GS]       no more phases to execute
