[21:48:27.200]   info   [CLIENT]   successfully created TableState
[21:48:27.201]   info   [CLIENT]   successfully created PhaseState
[21:48:27.201]   info   [CLIENT]   successfully created config (GameState config)
[21:48:27.202]   info   [GS]       Starting game loop for agent: bot_b
[21:48:27.203]  trace   [GS]       updating phase INIT_B...
[21:48:27.203]  trace   [GS]       phase status INIT_B: 0
[21:48:27.203]   info   [GS]       Executing action for phase: INIT_B
[21:48:27.202]  debug   [GS]       Received update: {"init_a":true}
[21:48:27.203]  debug   [GS]       Received update: {"dummy":true}
[21:48:27.203]   info   [GS]       Phase 'INIT_B' is marked DONE locally.
[21:48:27.205]  debug   [GS]       Received update: {"deck_cleared":true}
[21:48:27.305]   info   [GS]       Phase 'INIT_B' is marked DONE locally.
[21:48:27.307]  debug   [GS]       Received update: {"dummy":true}
[21:48:27.410]   info   [GS]       Phase 'INIT_B' is marked DONE locally.
[21:48:28.437]   info   [GS]       Skipped 9 duplicate messages..
[21:48:28.437]   info   [GS]       Phase 'INIT_B' is marked DONE locally.
[21:48:29.480]   info   [GS]       Skipped 9 duplicate messages..
[21:48:29.480]   info   [GS]       Phase 'INIT_B' is marked DONE locally.
[21:48:30.509]   info   [GS]       Skipped 9 duplicate messages..
[21:48:30.509]   info   [GS]       Phase 'INIT_B' is marked DONE locally.
[21:48:31.541]   info   [GS]       Skipped 9 duplicate messages..
[21:48:31.541]   info   [GS]       Phase 'INIT_B' is marked DONE locally.
[21:48:32.591]   info   [GS]       Skipped 9 duplicate messages..
[21:48:32.590]   info   [GS]       Phase 'INIT_B' is marked DONE locally.
[21:48:33.631]   info   [GS]       Skipped 9 duplicate messages..
[21:48:33.631]   info   [GS]       Phase 'INIT_B' is marked DONE locally.
[21:48:34.664]   info   [GS]       Skipped 9 duplicate messages..
[21:48:34.664]   info   [GS]       Phase 'INIT_B' is marked DONE locally.
[21:48:35.705]   info   [GS]       Skipped 9 duplicate messages..
[21:48:35.705]   info   [GS]       Phase 'INIT_B' is marked DONE locally.
[21:48:36.744]   info   [GS]       Skipped 9 duplicate messages..
[21:48:36.744]   info   [GS]       Phase 'INIT_B' is marked DONE locally.
[21:48:37.782]   info   [GS]       Skipped 9 duplicate messages..
[21:48:37.782]   info   [GS]       Phase 'INIT_B' is marked DONE locally.
[21:48:38.824]   info   [GS]       Skipped 9 duplicate messages..
[21:48:38.824]   info   [GS]       Phase 'INIT_B' is marked DONE locally.
[21:48:39.864]   info   [GS]       Skipped 9 duplicate messages..
[21:48:39.864]   info   [GS]       Phase 'INIT_B' is marked DONE locally.
[21:48:40.895]   info   [GS]       Skipped 9 duplicate messages..
[21:48:40.895]   info   [GS]       Phase 'INIT_B' is marked DONE locally.
[21:48:41.940]   info   [GS]       Skipped 9 duplicate messages..
[21:48:41.940]   info   [GS]       Phase 'INIT_B' is marked DONE locally.
[21:48:42.972]   info   [GS]       Skipped 9 duplicate messages..
[21:48:42.972]   info   [GS]       Phase 'INIT_B' is marked DONE locally.
[21:48:44.006]   info   [GS]       Skipped 9 duplicate messages..
[21:48:44.006]   info   [GS]       Phase 'INIT_B' is marked DONE locally.
[21:48:45.039]   info   [GS]       Skipped 9 duplicate messages..
[21:48:45.039]   info   [GS]       Phase 'INIT_B' is marked DONE locally.
[21:48:46.078]   info   [GS]       Skipped 9 duplicate messages..
[21:48:46.078]   info   [GS]       Phase 'INIT_B' is marked DONE locally.
[21:48:47.110]   info   [GS]       Skipped 9 duplicate messages..
[21:48:47.110]   info   [GS]       Phase 'INIT_B' is marked DONE locally.
[21:48:48.151]   info   [GS]       Skipped 9 duplicate messages..
[21:48:48.151]   info   [GS]       Phase 'INIT_B' is marked DONE locally.
[21:48:49.182]   info   [GS]       Skipped 9 duplicate messages..
[21:48:49.182]   info   [GS]       Phase 'INIT_B' is marked DONE locally.
[21:48:50.217]   info   [GS]       Skipped 9 duplicate messages..
[21:48:50.217]   info   [GS]       Phase 'INIT_B' is marked DONE locally.
[21:48:51.251]   info   [GS]       Skipped 9 duplicate messages..
[21:48:51.251]   info   [GS]       Phase 'INIT_B' is marked DONE locally.
[21:48:52.293]   info   [GS]       Skipped 9 duplicate messages..
[21:48:52.293]   info   [GS]       Phase 'INIT_B' is marked DONE locally.
[21:48:53.333]   info   [GS]       Skipped 9 duplicate messages..
[21:48:53.333]   info   [GS]       Phase 'INIT_B' is marked DONE locally.
[21:48:54.364]   info   [GS]       Skipped 9 duplicate messages..
[21:48:54.364]   info   [GS]       Phase 'INIT_B' is marked DONE locally.
[21:48:55.400]   info   [GS]       Skipped 9 duplicate messages..
[21:48:55.399]   info   [GS]       Phase 'INIT_B' is marked DONE locally.
[21:48:56.438]   info   [GS]       Skipped 9 duplicate messages..
[21:48:56.438]   info   [GS]       Phase 'INIT_B' is marked DONE locally.
[21:48:57.473]   info   [GS]       Skipped 9 duplicate messages..
[21:48:57.473]   info   [GS]       Phase 'INIT_B' is marked DONE locally.
[21:48:58.507]   info   [GS]       Skipped 9 duplicate messages..
[21:48:58.507]   info   [GS]       Phase 'INIT_B' is marked DONE locally.
[21:48:59.548]   info   [GS]       Skipped 9 duplicate messages..
[21:48:59.548]   info   [GS]       Phase 'INIT_B' is marked DONE locally.
[21:49:00.588]   info   [GS]       Skipped 9 duplicate messages..
[21:49:00.588]   info   [GS]       Phase 'INIT_B' is marked DONE locally.
[21:49:01.622]   info   [GS]       Skipped 9 duplicate messages..
[21:49:01.622]   info   [GS]       Phase 'INIT_B' is marked DONE locally.
[21:49:02.657]   info   [GS]       Skipped 9 duplicate messages..
[21:49:02.657]   info   [GS]       Phase 'INIT_B' is marked DONE locally.
[21:49:03.694]   info   [GS]       Skipped 9 duplicate messages..
[21:49:03.694]   info   [GS]       Phase 'INIT_B' is marked DONE locally.
[21:49:04.727]   info   [GS]       Skipped 9 duplicate messages..
[21:49:04.727]   info   [GS]       Phase 'INIT_B' is marked DONE locally.
[21:49:05.762]   info   [GS]       Skipped 9 duplicate messages..
[21:49:05.762]   info   [GS]       Phase 'INIT_B' is marked DONE locally.
[21:49:06.799]   info   [GS]       Skipped 9 duplicate messages..
[21:49:06.799]   info   [GS]       Phase 'INIT_B' is marked DONE locally.
[21:49:07.841]   info   [GS]       Skipped 9 duplicate messages..
[21:49:07.841]   info   [GS]       Phase 'INIT_B' is marked DONE locally.
[21:49:08.878]   info   [GS]       Skipped 9 duplicate messages..
[21:49:08.878]   info   [GS]       Phase 'INIT_B' is marked DONE locally.
[21:49:09.916]   info   [GS]       Skipped 9 duplicate messages..
[21:49:09.916]   info   [GS]       Phase 'INIT_B' is marked DONE locally.
[21:49:10.956]   info   [GS]       Skipped 9 duplicate messages..
[21:49:10.956]   info   [GS]       Phase 'INIT_B' is marked DONE locally.
[21:49:11.993]   info   [GS]       Skipped 9 duplicate messages..
[21:49:11.993]   info   [GS]       Phase 'INIT_B' is marked DONE locally.
[21:49:13.037]   info   [GS]       Skipped 9 duplicate messages..
[21:49:13.037]   info   [GS]       Phase 'INIT_B' is marked DONE locally.
[21:49:14.082]   info   [GS]       Skipped 9 duplicate messages..
[21:49:14.082]   info   [GS]       Phase 'INIT_B' is marked DONE locally.
[21:49:15.116]   info   [GS]       Skipped 9 duplicate messages..
[21:49:15.116]   info   [GS]       Phase 'INIT_B' is marked DONE locally.
[21:49:16.157]   info   [GS]       Skipped 9 duplicate messages..
[21:49:16.157]   info   [GS]       Phase 'INIT_B' is marked DONE locally.
[21:49:17.184]   info   [GS]       Skipped 9 duplicate messages..
[21:49:17.184]   info   [GS]       Phase 'INIT_B' is marked DONE locally.
[21:49:18.215]   info   [GS]       Skipped 9 duplicate messages..
[21:49:18.215]   info   [GS]       Phase 'INIT_B' is marked DONE locally.
[21:49:19.240]   info   [GS]       Skipped 9 duplicate messages..
[21:49:19.240]   info   [GS]       Phase 'INIT_B' is marked DONE locally.
[21:49:20.267]   info   [GS]       Skipped 9 duplicate messages..
[21:49:20.267]   info   [GS]       Phase 'INIT_B' is marked DONE locally.
[21:49:21.300]   info   [GS]       Skipped 9 duplicate messages..
[21:49:21.300]   info   [GS]       Phase 'INIT_B' is marked DONE locally.
[21:49:22.328]   info   [GS]       Skipped 9 duplicate messages..
[21:49:22.328]   info   [GS]       Phase 'INIT_B' is marked DONE locally.
[21:49:23.363]   info   [GS]       Skipped 9 duplicate messages..
[21:49:23.363]   info   [GS]       Phase 'INIT_B' is marked DONE locally.
[21:49:24.389]   info   [GS]       Skipped 9 duplicate messages..
[21:49:24.389]   info   [GS]       Phase 'INIT_B' is marked DONE locally.
[21:49:25.428]   info   [GS]       Skipped 9 duplicate messages..
[21:49:25.428]   info   [GS]       Phase 'INIT_B' is marked DONE locally.
[21:49:26.461]   info   [GS]       Skipped 9 duplicate messages..
[21:49:26.461]   info   [GS]       Phase 'INIT_B' is marked DONE locally.
[21:49:27.498]   info   [GS]       Skipped 9 duplicate messages..
[21:49:27.498]   info   [GS]       Phase 'INIT_B' is marked DONE locally.
[21:49:28.532]   info   [GS]       Skipped 9 duplicate messages..
[21:49:28.532]   info   [GS]       Phase 'INIT_B' is marked DONE locally.
[21:49:29.569]   info   [GS]       Skipped 9 duplicate messages..
[21:49:29.569]   info   [GS]       Phase 'INIT_B' is marked DONE locally.
[21:49:30.608]   info   [GS]       Skipped 9 duplicate messages..
[21:49:30.608]   info   [GS]       Phase 'INIT_B' is marked DONE locally.
[21:49:31.637]   info   [GS]       Skipped 9 duplicate messages..
[21:49:31.637]   info   [GS]       Phase 'INIT_B' is marked DONE locally.
[21:49:32.671]   info   [GS]       Skipped 9 duplicate messages..
[21:49:32.671]   info   [GS]       Phase 'INIT_B' is marked DONE locally.
[21:49:33.700]   info   [GS]       Skipped 9 duplicate messages..
[21:49:33.700]   info   [GS]       Phase 'INIT_B' is marked DONE locally.
[21:49:34.742]   info   [GS]       Skipped 9 duplicate messages..
[21:49:34.742]   info   [GS]       Phase 'INIT_B' is marked DONE locally.
[21:49:35.782]   info   [GS]       Skipped 9 duplicate messages..
[21:49:35.782]   info   [GS]       Phase 'INIT_B' is marked DONE locally.
[21:49:36.821]   info   [GS]       Skipped 9 duplicate messages..
[21:49:36.821]   info   [GS]       Phase 'INIT_B' is marked DONE locally.
[21:49:37.856]   info   [GS]       Skipped 9 duplicate messages..
[21:49:37.855]   info   [GS]       Phase 'INIT_B' is marked DONE locally.
[21:49:38.889]   info   [GS]       Skipped 9 duplicate messages..
[21:49:38.889]   info   [GS]       Phase 'INIT_B' is marked DONE locally.
[21:49:39.926]   info   [GS]       Skipped 9 duplicate messages..
[21:49:39.926]   info   [GS]       Phase 'INIT_B' is marked DONE locally.
[21:49:40.961]   info   [GS]       Skipped 9 duplicate messages..
[21:49:40.961]   info   [GS]       Phase 'INIT_B' is marked DONE locally.
[21:49:41.998]   info   [GS]       Skipped 9 duplicate messages..
[21:49:41.998]   info   [GS]       Phase 'INIT_B' is marked DONE locally.
[21:49:43.033]   info   [GS]       Skipped 9 duplicate messages..
[21:49:43.033]   info   [GS]       Phase 'INIT_B' is marked DONE locally.
[21:49:44.066]   info   [GS]       Skipped 9 duplicate messages..
[21:49:44.066]   info   [GS]       Phase 'INIT_B' is marked DONE locally.
[21:49:45.106]   info   [GS]       Skipped 9 duplicate messages..
[21:49:45.106]   info   [GS]       Phase 'INIT_B' is marked DONE locally.
[21:49:46.150]   info   [GS]       Skipped 9 duplicate messages..
[21:49:46.150]   info   [GS]       Phase 'INIT_B' is marked DONE locally.
[21:49:47.190]   info   [GS]       Skipped 9 duplicate messages..
[21:49:47.190]   info   [GS]       Phase 'INIT_B' is marked DONE locally.
[21:49:48.223]   info   [GS]       Skipped 9 duplicate messages..
[21:49:48.223]   info   [GS]       Phase 'INIT_B' is marked DONE locally.
[21:49:49.266]   info   [GS]       Skipped 9 duplicate messages..
[21:49:49.266]   info   [GS]       Phase 'INIT_B' is marked DONE locally.
[21:49:50.306]   info   [GS]       Skipped 9 duplicate messages..
[21:49:50.306]   info   [GS]       Phase 'INIT_B' is marked DONE locally.
[21:49:51.341]   info   [GS]       Skipped 9 duplicate messages..
[21:49:51.341]   info   [GS]       Phase 'INIT_B' is marked DONE locally.
[21:49:52.377]   info   [GS]       Skipped 9 duplicate messages..
[21:49:52.377]   info   [GS]       Phase 'INIT_B' is marked DONE locally.
[21:49:53.415]   info   [GS]       Skipped 9 duplicate messages..
[21:49:53.415]   info   [GS]       Phase 'INIT_B' is marked DONE locally.
[21:49:54.451]   info   [GS]       Skipped 9 duplicate messages..
[21:49:54.451]   info   [GS]       Phase 'INIT_B' is marked DONE locally.
[21:49:55.491]   info   [GS]       Skipped 9 duplicate messages..
[21:49:55.491]   info   [GS]       Phase 'INIT_B' is marked DONE locally.
[21:49:56.526]   info   [GS]       Skipped 9 duplicate messages..
[21:49:56.526]   info   [GS]       Phase 'INIT_B' is marked DONE locally.
[21:49:57.557]   info   [GS]       Skipped 9 duplicate messages..
[21:49:57.557]   info   [GS]       Phase 'INIT_B' is marked DONE locally.
[21:49:58.590]   info   [GS]       Skipped 9 duplicate messages..
[21:49:58.590]   info   [GS]       Phase 'INIT_B' is marked DONE locally.
[21:49:59.635]   info   [GS]       Skipped 9 duplicate messages..
[21:49:59.635]   info   [GS]       Phase 'INIT_B' is marked DONE locally.
[21:50:00.670]   info   [GS]       Skipped 9 duplicate messages..
[21:50:00.670]   info   [GS]       Phase 'INIT_B' is marked DONE locally.
[21:50:01.710]   info   [GS]       Skipped 9 duplicate messages..
[21:50:01.710]   info   [GS]       Phase 'INIT_B' is marked DONE locally.
[21:50:02.747]   info   [GS]       Skipped 9 duplicate messages..
[21:50:02.747]   info   [GS]       Phase 'INIT_B' is marked DONE locally.
[21:50:03.789]   info   [GS]       Skipped 9 duplicate messages..
[21:50:03.789]   info   [GS]       Phase 'INIT_B' is marked DONE locally.
[21:50:04.812]   info   [GS]       Skipped 9 duplicate messages..
[21:50:04.812]   info   [GS]       Phase 'INIT_B' is marked DONE locally.
[21:50:05.842]   info   [GS]       Skipped 9 duplicate messages..
[21:50:05.842]   info   [GS]       Phase 'INIT_B' is marked DONE locally.
[21:50:06.879]   info   [GS]       Skipped 9 duplicate messages..
[21:50:06.879]   info   [GS]       Phase 'INIT_B' is marked DONE locally.
[21:50:07.922]   info   [GS]       Skipped 9 duplicate messages..
[21:50:07.922]   info   [GS]       Phase 'INIT_B' is marked DONE locally.
[21:50:08.960]   info   [GS]       Skipped 9 duplicate messages..
[21:50:08.960]   info   [GS]       Phase 'INIT_B' is marked DONE locally.
[21:50:09.997]   info   [GS]       Skipped 9 duplicate messages..
[21:50:09.997]   info   [GS]       Phase 'INIT_B' is marked DONE locally.
[21:50:11.039]   info   [GS]       Skipped 9 duplicate messages..
[21:50:11.039]   info   [GS]       Phase 'INIT_B' is marked DONE locally.
[21:50:12.080]   info   [GS]       Skipped 9 duplicate messages..
[21:50:12.080]   info   [GS]       Phase 'INIT_B' is marked DONE locally.
[21:50:13.117]   info   [GS]       Skipped 9 duplicate messages..
[21:50:13.117]   info   [GS]       Phase 'INIT_B' is marked DONE locally.
[21:50:14.154]   info   [GS]       Skipped 9 duplicate messages..
[21:50:14.153]   info   [GS]       Phase 'INIT_B' is marked DONE locally.
[21:50:15.194]   info   [GS]       Skipped 9 duplicate messages..
[21:50:15.194]   info   [GS]       Phase 'INIT_B' is marked DONE locally.
[21:50:16.228]   info   [GS]       Skipped 9 duplicate messages..
[21:50:16.228]   info   [GS]       Phase 'INIT_B' is marked DONE locally.
[21:50:17.275]   info   [GS]       Skipped 9 duplicate messages..
[21:50:17.275]   info   [GS]       Phase 'INIT_B' is marked DONE locally.
[21:50:18.316]   info   [GS]       Skipped 9 duplicate messages..
[21:50:18.316]   info   [GS]       Phase 'INIT_B' is marked DONE locally.
[21:50:19.352]   info   [GS]       Skipped 9 duplicate messages..
[21:50:19.352]   info   [GS]       Phase 'INIT_B' is marked DONE locally.
[21:50:20.393]   info   [GS]       Skipped 9 duplicate messages..
[21:50:20.393]   info   [GS]       Phase 'INIT_B' is marked DONE locally.
[21:50:21.433]   info   [GS]       Skipped 9 duplicate messages..
[21:50:21.433]   info   [GS]       Phase 'INIT_B' is marked DONE locally.
[21:50:22.472]   info   [GS]       Skipped 9 duplicate messages..
[21:50:22.472]   info   [GS]       Phase 'INIT_B' is marked DONE locally.
[21:50:23.510]   info   [GS]       Skipped 9 duplicate messages..
[21:50:23.510]   info   [GS]       Phase 'INIT_B' is marked DONE locally.
[21:50:24.546]   info   [GS]       Skipped 9 duplicate messages..
[21:50:24.546]   info   [GS]       Phase 'INIT_B' is marked DONE locally.
[21:50:25.574]   info   [GS]       Skipped 9 duplicate messages..
[21:50:25.574]   info   [GS]       Phase 'INIT_B' is marked DONE locally.
[21:50:26.599]   info   [GS]       Skipped 9 duplicate messages..
[21:50:26.599]   info   [GS]       Phase 'INIT_B' is marked DONE locally.
[21:50:27.635]   info   [GS]       Skipped 9 duplicate messages..
[21:50:27.635]   info   [GS]       Phase 'INIT_B' is marked DONE locally.
[21:50:28.672]   info   [GS]       Skipped 9 duplicate messages..
[21:50:28.672]   info   [GS]       Phase 'INIT_B' is marked DONE locally.
[21:50:29.708]   info   [GS]       Skipped 9 duplicate messages..
[21:50:29.708]   info   [GS]       Phase 'INIT_B' is marked DONE locally.
[21:50:30.755]   info   [GS]       Skipped 9 duplicate messages..
[21:50:30.755]   info   [GS]       Phase 'INIT_B' is marked DONE locally.
[21:50:31.799]   info   [GS]       Skipped 9 duplicate messages..
[21:50:31.798]   info   [GS]       Phase 'INIT_B' is marked DONE locally.
[21:50:32.838]   info   [GS]       Skipped 9 duplicate messages..
[21:50:32.838]   info   [GS]       Phase 'INIT_B' is marked DONE locally.
[21:50:33.881]   info   [GS]       Skipped 9 duplicate messages..
[21:50:33.881]   info   [GS]       Phase 'INIT_B' is marked DONE locally.
[21:50:34.926]   info   [GS]       Skipped 9 duplicate messages..
[21:50:34.926]   info   [GS]       Phase 'INIT_B' is marked DONE locally.
[21:50:35.965]   info   [GS]       Skipped 9 duplicate messages..
[21:50:35.965]   info   [GS]       Phase 'INIT_B' is marked DONE locally.
[21:50:36.995]   info   [GS]       Skipped 9 duplicate messages..
[21:50:36.995]   info   [GS]       Phase 'INIT_B' is marked DONE locally.
[21:50:38.036]   info   [GS]       Skipped 9 duplicate messages..
[21:50:38.036]   info   [GS]       Phase 'INIT_B' is marked DONE locally.
[21:50:39.070]   info   [GS]       Skipped 9 duplicate messages..
[21:50:39.070]   info   [GS]       Phase 'INIT_B' is marked DONE locally.
[21:50:40.105]   info   [GS]       Skipped 9 duplicate messages..
[21:50:40.105]   info   [GS]       Phase 'INIT_B' is marked DONE locally.
[21:50:41.138]   info   [GS]       Skipped 9 duplicate messages..
[21:50:41.138]   info   [GS]       Phase 'INIT_B' is marked DONE locally.
[21:50:42.171]   info   [GS]       Skipped 9 duplicate messages..
[21:50:42.171]   info   [GS]       Phase 'INIT_B' is marked DONE locally.
[21:50:43.202]   info   [GS]       Skipped 9 duplicate messages..
[21:50:43.202]   info   [GS]       Phase 'INIT_B' is marked DONE locally.
[21:50:44.238]   info   [GS]       Skipped 9 duplicate messages..
[21:50:44.238]   info   [GS]       Phase 'INIT_B' is marked DONE locally.
[21:50:45.271]   info   [GS]       Skipped 9 duplicate messages..
[21:50:45.271]   info   [GS]       Phase 'INIT_B' is marked DONE locally.
[21:50:46.304]   info   [GS]       Skipped 9 duplicate messages..
[21:50:46.304]   info   [GS]       Phase 'INIT_B' is marked DONE locally.
[21:50:47.340]   info   [GS]       Skipped 9 duplicate messages..
[21:50:47.340]   info   [GS]       Phase 'INIT_B' is marked DONE locally.
[21:50:48.372]   info   [GS]       Skipped 9 duplicate messages..
[21:50:48.372]   info   [GS]       Phase 'INIT_B' is marked DONE locally.
[21:50:49.407]   info   [GS]       Skipped 9 duplicate messages..
[21:50:49.407]   info   [GS]       Phase 'INIT_B' is marked DONE locally.
[21:50:50.443]   info   [GS]       Skipped 9 duplicate messages..
[21:50:50.443]   info   [GS]       Phase 'INIT_B' is marked DONE locally.
[21:50:51.481]   info   [GS]       Skipped 9 duplicate messages..
[21:50:51.481]   info   [GS]       Phase 'INIT_B' is marked DONE locally.
[21:50:52.517]   info   [GS]       Skipped 9 duplicate messages..
[21:50:52.517]   info   [GS]       Phase 'INIT_B' is marked DONE locally.
[21:50:53.553]   info   [GS]       Skipped 9 duplicate messages..
[21:50:53.553]   info   [GS]       Phase 'INIT_B' is marked DONE locally.
[21:50:54.588]   info   [GS]       Skipped 9 duplicate messages..
[21:50:54.588]   info   [GS]       Phase 'INIT_B' is marked DONE locally.
[21:50:55.624]   info   [GS]       Skipped 9 duplicate messages..
[21:50:55.624]   info   [GS]       Phase 'INIT_B' is marked DONE locally.
[21:50:56.662]   info   [GS]       Skipped 9 duplicate messages..
[21:50:56.662]   info   [GS]       Phase 'INIT_B' is marked DONE locally.
[21:50:57.691]   info   [GS]       Skipped 9 duplicate messages..
[21:50:57.691]   info   [GS]       Phase 'INIT_B' is marked DONE locally.
[21:50:58.740]   info   [GS]       Skipped 9 duplicate messages..
[21:50:58.740]   info   [GS]       Phase 'INIT_B' is marked DONE locally.
[21:50:59.778]   info   [GS]       Skipped 9 duplicate messages..
[21:50:59.778]   info   [GS]       Phase 'INIT_B' is marked DONE locally.
[21:51:00.820]   info   [GS]       Skipped 9 duplicate messages..
[21:51:00.820]   info   [GS]       Phase 'INIT_B' is marked DONE locally.
[21:51:01.862]   info   [GS]       Skipped 9 duplicate messages..
[21:51:01.862]   info   [GS]       Phase 'INIT_B' is marked DONE locally.
[21:51:02.892]   info   [GS]       Skipped 9 duplicate messages..
[21:51:02.892]   info   [GS]       Phase 'INIT_B' is marked DONE locally.
[21:51:03.934]   info   [GS]       Skipped 9 duplicate messages..
[21:51:03.934]   info   [GS]       Phase 'INIT_B' is marked DONE locally.
[21:51:04.974]   info   [GS]       Skipped 9 duplicate messages..
[21:51:04.974]   info   [GS]       Phase 'INIT_B' is marked DONE locally.
[21:51:06.017]   info   [GS]       Skipped 9 duplicate messages..
[21:51:06.017]   info   [GS]       Phase 'INIT_B' is marked DONE locally.
[21:51:07.061]   info   [GS]       Skipped 9 duplicate messages..
[21:51:07.061]   info   [GS]       Phase 'INIT_B' is marked DONE locally.
[21:51:08.096]   info   [GS]       Skipped 9 duplicate messages..
[21:51:08.096]   info   [GS]       Phase 'INIT_B' is marked DONE locally.
[21:51:09.131]   info   [GS]       Skipped 9 duplicate messages..
[21:51:09.131]   info   [GS]       Phase 'INIT_B' is marked DONE locally.
[21:51:10.177]   info   [GS]       Skipped 9 duplicate messages..
[21:51:10.177]   info   [GS]       Phase 'INIT_B' is marked DONE locally.
[21:51:11.219]   info   [GS]       Skipped 9 duplicate messages..
[21:51:11.219]   info   [GS]       Phase 'INIT_B' is marked DONE locally.
[21:51:12.256]   info   [GS]       Skipped 9 duplicate messages..
[21:51:12.256]   info   [GS]       Phase 'INIT_B' is marked DONE locally.
[21:51:13.305]   info   [GS]       Skipped 9 duplicate messages..
[21:51:13.305]   info   [GS]       Phase 'INIT_B' is marked DONE locally.
[21:51:14.342]   info   [GS]       Skipped 9 duplicate messages..
[21:51:14.342]   info   [GS]       Phase 'INIT_B' is marked DONE locally.
[21:51:15.386]   info   [GS]       Skipped 9 duplicate messages..
[21:51:15.386]   info   [GS]       Phase 'INIT_B' is marked DONE locally.
[21:51:16.423]   info   [GS]       Skipped 9 duplicate messages..
[21:51:16.423]   info   [GS]       Phase 'INIT_B' is marked DONE locally.
[21:51:17.458]   info   [GS]       Skipped 9 duplicate messages..
[21:51:17.458]   info   [GS]       Phase 'INIT_B' is marked DONE locally.
[21:51:18.490]   info   [GS]       Skipped 9 duplicate messages..
[21:51:18.490]   info   [GS]       Phase 'INIT_B' is marked DONE locally.
[21:51:19.527]   info   [GS]       Skipped 9 duplicate messages..
[21:51:19.527]   info   [GS]       Phase 'INIT_B' is marked DONE locally.
[21:51:20.561]   info   [GS]       Skipped 9 duplicate messages..
[21:51:20.561]   info   [GS]       Phase 'INIT_B' is marked DONE locally.
[21:51:21.598]   info   [GS]       Skipped 9 duplicate messages..
[21:51:21.598]   info   [GS]       Phase 'INIT_B' is marked DONE locally.
[21:51:22.642]   info   [GS]       Skipped 9 duplicate messages..
[21:51:22.642]   info   [GS]       Phase 'INIT_B' is marked DONE locally.
[21:51:23.679]   info   [GS]       Skipped 9 duplicate messages..
[21:51:23.679]   info   [GS]       Phase 'INIT_B' is marked DONE locally.
[21:51:24.721]   info   [GS]       Skipped 9 duplicate messages..
[21:51:24.721]   info   [GS]       Phase 'INIT_B' is marked DONE locally.
[21:51:25.761]   info   [GS]       Skipped 9 duplicate messages..
[21:51:25.761]   info   [GS]       Phase 'INIT_B' is marked DONE locally.
[21:51:26.790]   info   [GS]       Skipped 9 duplicate messages..
[21:51:26.790]   info   [GS]       Phase 'INIT_B' is marked DONE locally.
[21:51:27.833]   info   [GS]       Skipped 9 duplicate messages..
[21:51:27.833]   info   [GS]       Phase 'INIT_B' is marked DONE locally.
[21:51:28.870]   info   [GS]       Skipped 9 duplicate messages..
[21:51:28.870]   info   [GS]       Phase 'INIT_B' is marked DONE locally.
[21:51:29.904]   info   [GS]       Skipped 9 duplicate messages..
[21:51:29.904]   info   [GS]       Phase 'INIT_B' is marked DONE locally.
[21:51:30.946]   info   [GS]       Skipped 9 duplicate messages..
[21:51:30.946]   info   [GS]       Phase 'INIT_B' is marked DONE locally.
[21:51:31.988]   info   [GS]       Skipped 9 duplicate messages..
[21:51:31.988]   info   [GS]       Phase 'INIT_B' is marked DONE locally.
[21:51:33.024]   info   [GS]       Skipped 9 duplicate messages..
[21:51:33.024]   info   [GS]       Phase 'INIT_B' is marked DONE locally.
[21:51:34.070]   info   [GS]       Skipped 9 duplicate messages..
[21:51:34.070]   info   [GS]       Phase 'INIT_B' is marked DONE locally.
[21:51:35.110]   info   [GS]       Skipped 9 duplicate messages..
[21:51:35.110]   info   [GS]       Phase 'INIT_B' is marked DONE locally.
[21:51:36.149]   info   [GS]       Skipped 9 duplicate messages..
[21:51:36.149]   info   [GS]       Phase 'INIT_B' is marked DONE locally.
[21:51:37.187]   info   [GS]       Skipped 9 duplicate messages..
[21:51:37.187]   info   [GS]       Phase 'INIT_B' is marked DONE locally.
[21:51:38.225]   info   [GS]       Skipped 9 duplicate messages..
[21:51:38.225]   info   [GS]       Phase 'INIT_B' is marked DONE locally.
[21:51:39.274]   info   [GS]       Skipped 9 duplicate messages..
[21:51:39.274]   info   [GS]       Phase 'INIT_B' is marked DONE locally.
[21:51:40.317]   info   [GS]       Skipped 9 duplicate messages..
[21:51:40.317]   info   [GS]       Phase 'INIT_B' is marked DONE locally.
[21:51:41.359]   info   [GS]       Skipped 9 duplicate messages..
[21:51:41.359]   info   [GS]       Phase 'INIT_B' is marked DONE locally.
[21:51:42.406]   info   [GS]       Skipped 9 duplicate messages..
[21:51:42.406]   info   [GS]       Phase 'INIT_B' is marked DONE locally.
[21:51:43.444]   info   [GS]       Skipped 9 duplicate messages..
[21:51:43.444]   info   [GS]       Phase 'INIT_B' is marked DONE locally.
[21:51:44.477]   info   [GS]       Skipped 9 duplicate messages..
[21:51:44.477]   info   [GS]       Phase 'INIT_B' is marked DONE locally.
[21:51:45.510]   info   [GS]       Skipped 9 duplicate messages..
[21:51:45.510]   info   [GS]       Phase 'INIT_B' is marked DONE locally.
[21:51:46.549]   info   [GS]       Skipped 9 duplicate messages..
[21:51:46.549]   info   [GS]       Phase 'INIT_B' is marked DONE locally.
[21:51:47.588]   info   [GS]       Skipped 9 duplicate messages..
[21:51:47.588]   info   [GS]       Phase 'INIT_B' is marked DONE locally.
[21:51:48.624]   info   [GS]       Skipped 9 duplicate messages..
[21:51:48.624]   info   [GS]       Phase 'INIT_B' is marked DONE locally.
[21:51:49.663]   info   [GS]       Skipped 9 duplicate messages..
[21:51:49.663]   info   [GS]       Phase 'INIT_B' is marked DONE locally.
[21:51:50.694]   info   [GS]       Skipped 9 duplicate messages..
[21:51:50.694]   info   [GS]       Phase 'INIT_B' is marked DONE locally.
[21:51:51.737]   info   [GS]       Skipped 9 duplicate messages..
[21:51:51.737]   info   [GS]       Phase 'INIT_B' is marked DONE locally.
[21:51:52.772]   info   [GS]       Skipped 9 duplicate messages..
[21:51:52.772]   info   [GS]       Phase 'INIT_B' is marked DONE locally.
[21:51:53.813]   info   [GS]       Skipped 9 duplicate messages..
[21:51:53.813]   info   [GS]       Phase 'INIT_B' is marked DONE locally.
[21:51:54.843]   info   [GS]       Skipped 9 duplicate messages..
[21:51:54.843]   info   [GS]       Phase 'INIT_B' is marked DONE locally.
[21:51:55.884]   info   [GS]       Skipped 9 duplicate messages..
[21:51:55.884]   info   [GS]       Phase 'INIT_B' is marked DONE locally.
[21:51:56.923]   info   [GS]       Skipped 9 duplicate messages..
[21:51:56.923]   info   [GS]       Phase 'INIT_B' is marked DONE locally.
[21:51:57.961]   info   [GS]       Skipped 9 duplicate messages..
[21:51:57.961]   info   [GS]       Phase 'INIT_B' is marked DONE locally.
[21:51:59.004]   info   [GS]       Skipped 9 duplicate messages..
[21:51:59.004]   info   [GS]       Phase 'INIT_B' is marked DONE locally.
[21:52:00.042]   info   [GS]       Skipped 9 duplicate messages..
[21:52:00.042]   info   [GS]       Phase 'INIT_B' is marked DONE locally.
[21:52:01.071]   info   [GS]       Skipped 9 duplicate messages..
[21:52:01.071]   info   [GS]       Phase 'INIT_B' is marked DONE locally.
[21:52:02.105]   info   [GS]       Skipped 9 duplicate messages..
[21:52:02.105]   info   [GS]       Phase 'INIT_B' is marked DONE locally.
[21:52:03.137]   info   [GS]       Skipped 9 duplicate messages..
[21:52:03.137]   info   [GS]       Phase 'INIT_B' is marked DONE locally.
[21:52:04.182]   info   [GS]       Skipped 9 duplicate messages..
[21:52:04.182]   info   [GS]       Phase 'INIT_B' is marked DONE locally.
[21:52:05.223]   info   [GS]       Skipped 9 duplicate messages..
[21:52:05.223]   info   [GS]       Phase 'INIT_B' is marked DONE locally.
[21:52:06.255]   info   [GS]       Skipped 9 duplicate messages..
[21:52:06.255]   info   [GS]       Phase 'INIT_B' is marked DONE locally.
[21:52:07.296]   info   [GS]       Skipped 9 duplicate messages..
[21:52:07.296]   info   [GS]       Phase 'INIT_B' is marked DONE locally.
[21:52:08.319]   info   [GS]       Skipped 9 duplicate messages..
[21:52:08.319]   info   [GS]       Phase 'INIT_B' is marked DONE locally.
[21:52:09.345]   info   [GS]       Skipped 9 duplicate messages..
[21:52:09.345]   info   [GS]       Phase 'INIT_B' is marked DONE locally.
[21:52:10.379]   info   [GS]       Skipped 9 duplicate messages..
[21:52:10.379]   info   [GS]       Phase 'INIT_B' is marked DONE locally.
[21:52:11.417]   info   [GS]       Skipped 9 duplicate messages..
[21:52:11.417]   info   [GS]       Phase 'INIT_B' is marked DONE locally.
[21:52:12.451]   info   [GS]       Skipped 9 duplicate messages..
[21:52:12.451]   info   [GS]       Phase 'INIT_B' is marked DONE locally.
[21:52:13.495]   info   [GS]       Skipped 9 duplicate messages..
[21:52:13.495]   info   [GS]       Phase 'INIT_B' is marked DONE locally.
[21:52:14.531]   info   [GS]       Skipped 9 duplicate messages..
[21:52:14.531]   info   [GS]       Phase 'INIT_B' is marked DONE locally.
[21:52:15.569]   info   [GS]       Skipped 9 duplicate messages..
[21:52:15.569]   info   [GS]       Phase 'INIT_B' is marked DONE locally.
[21:52:16.617]   info   [GS]       Skipped 9 duplicate messages..
[21:52:16.617]   info   [GS]       Phase 'INIT_B' is marked DONE locally.
[21:52:17.642]   info   [GS]       Skipped 9 duplicate messages..
[21:52:17.642]   info   [GS]       Phase 'INIT_B' is marked DONE locally.
[21:52:18.678]   info   [GS]       Skipped 9 duplicate messages..
[21:52:18.678]   info   [GS]       Phase 'INIT_B' is marked DONE locally.
[21:52:19.714]   info   [GS]       Skipped 9 duplicate messages..
[21:52:19.714]   info   [GS]       Phase 'INIT_B' is marked DONE locally.
[21:52:20.751]   info   [GS]       Skipped 9 duplicate messages..
[21:52:20.751]   info   [GS]       Phase 'INIT_B' is marked DONE locally.
[21:52:21.791]   info   [GS]       Skipped 9 duplicate messages..
[21:52:21.791]   info   [GS]       Phase 'INIT_B' is marked DONE locally.
[21:52:22.831]   info   [GS]       Skipped 9 duplicate messages..
[21:52:22.831]   info   [GS]       Phase 'INIT_B' is marked DONE locally.
[21:52:23.867]   info   [GS]       Skipped 9 duplicate messages..
[21:52:23.867]   info   [GS]       Phase 'INIT_B' is marked DONE locally.
[21:52:24.903]   info   [GS]       Skipped 9 duplicate messages..
[21:52:24.903]   info   [GS]       Phase 'INIT_B' is marked DONE locally.
[21:52:25.948]   info   [GS]       Skipped 9 duplicate messages..
[21:52:25.948]   info   [GS]       Phase 'INIT_B' is marked DONE locally.
[21:52:26.983]   info   [GS]       Skipped 9 duplicate messages..
[21:52:26.983]   info   [GS]       Phase 'INIT_B' is marked DONE locally.
[21:52:28.033]   info   [GS]       Skipped 9 duplicate messages..
[21:52:28.033]   info   [GS]       Phase 'INIT_B' is marked DONE locally.
[21:52:29.079]   info   [GS]       Skipped 9 duplicate messages..
[21:52:29.079]   info   [GS]       Phase 'INIT_B' is marked DONE locally.
[21:52:30.120]   info   [GS]       Skipped 9 duplicate messages..
[21:52:30.120]   info   [GS]       Phase 'INIT_B' is marked DONE locally.
[21:52:31.156]   info   [GS]       Skipped 9 duplicate messages..
[21:52:31.156]   info   [GS]       Phase 'INIT_B' is marked DONE locally.
[21:52:32.194]   info   [GS]       Skipped 9 duplicate messages..
[21:52:32.194]   info   [GS]       Phase 'INIT_B' is marked DONE locally.
[21:52:33.232]   info   [GS]       Skipped 9 duplicate messages..
[21:52:33.232]   info   [GS]       Phase 'INIT_B' is marked DONE locally.
[21:52:34.273]   info   [GS]       Skipped 9 duplicate messages..
[21:52:34.273]   info   [GS]       Phase 'INIT_B' is marked DONE locally.
[21:52:35.307]   info   [GS]       Skipped 9 duplicate messages..
[21:52:35.307]   info   [GS]       Phase 'INIT_B' is marked DONE locally.
[21:52:36.343]   info   [GS]       Skipped 9 duplicate messages..
[21:52:36.343]   info   [GS]       Phase 'INIT_B' is marked DONE locally.
[21:52:37.378]   info   [GS]       Skipped 9 duplicate messages..
[21:52:37.378]   info   [GS]       Phase 'INIT_B' is marked DONE locally.
[21:52:38.413]   info   [GS]       Skipped 9 duplicate messages..
[21:52:38.413]   info   [GS]       Phase 'INIT_B' is marked DONE locally.
[21:52:39.452]   info   [GS]       Skipped 9 duplicate messages..
[21:52:39.452]   info   [GS]       Phase 'INIT_B' is marked DONE locally.
[21:52:40.481]   info   [GS]       Skipped 9 duplicate messages..
[21:52:40.481]   info   [GS]       Phase 'INIT_B' is marked DONE locally.
[21:52:41.510]   info   [GS]       Skipped 9 duplicate messages..
[21:52:41.510]   info   [GS]       Phase 'INIT_B' is marked DONE locally.
[21:52:42.548]   info   [GS]       Skipped 9 duplicate messages..
[21:52:42.548]   info   [GS]       Phase 'INIT_B' is marked DONE locally.
[21:52:43.580]   info   [GS]       Skipped 9 duplicate messages..
[21:52:43.580]   info   [GS]       Phase 'INIT_B' is marked DONE locally.
[21:52:44.612]   info   [GS]       Skipped 9 duplicate messages..
[21:52:44.612]   info   [GS]       Phase 'INIT_B' is marked DONE locally.
[21:52:45.655]   info   [GS]       Skipped 9 duplicate messages..
[21:52:45.655]   info   [GS]       Phase 'INIT_B' is marked DONE locally.
[21:52:46.688]   info   [GS]       Skipped 9 duplicate messages..
[21:52:46.688]   info   [GS]       Phase 'INIT_B' is marked DONE locally.
[21:52:47.727]   info   [GS]       Skipped 9 duplicate messages..
[21:52:47.727]   info   [GS]       Phase 'INIT_B' is marked DONE locally.
[21:52:48.763]   info   [GS]       Skipped 9 duplicate messages..
[21:52:48.763]   info   [GS]       Phase 'INIT_B' is marked DONE locally.
[21:52:49.793]   info   [GS]       Skipped 9 duplicate messages..
[21:52:49.793]   info   [GS]       Phase 'INIT_B' is marked DONE locally.
[21:52:50.826]   info   [GS]       Skipped 9 duplicate messages..
[21:52:50.826]   info   [GS]       Phase 'INIT_B' is marked DONE locally.
[21:52:51.865]   info   [GS]       Skipped 9 duplicate messages..
[21:52:51.865]   info   [GS]       Phase 'INIT_B' is marked DONE locally.
[21:52:52.887]   info   [GS]       Skipped 9 duplicate messages..
[21:52:52.887]   info   [GS]       Phase 'INIT_B' is marked DONE locally.
[21:52:53.924]   info   [GS]       Skipped 9 duplicate messages..
[21:52:53.924]   info   [GS]       Phase 'INIT_B' is marked DONE locally.
[21:52:54.958]   info   [GS]       Skipped 9 duplicate messages..
[21:52:54.958]   info   [GS]       Phase 'INIT_B' is marked DONE locally.
[21:52:55.993]   info   [GS]       Skipped 9 duplicate messages..
[21:52:55.993]   info   [GS]       Phase 'INIT_B' is marked DONE locally.
[21:52:57.028]   info   [GS]       Skipped 9 duplicate messages..
[21:52:57.027]   info   [GS]       Phase 'INIT_B' is marked DONE locally.
[21:52:58.068]   info   [GS]       Skipped 9 duplicate messages..
[21:52:58.068]   info   [GS]       Phase 'INIT_B' is marked DONE locally.
[21:52:59.096]   info   [GS]       Skipped 9 duplicate messages..
[21:52:59.096]   info   [GS]       Phase 'INIT_B' is marked DONE locally.
[21:53:00.123]   info   [GS]       Skipped 9 duplicate messages..
[21:53:00.123]   info   [GS]       Phase 'INIT_B' is marked DONE locally.
[21:53:01.157]   info   [GS]       Skipped 9 duplicate messages..
[21:53:01.157]   info   [GS]       Phase 'INIT_B' is marked DONE locally.
[21:53:02.189]   info   [GS]       Skipped 9 duplicate messages..
[21:53:02.189]   info   [GS]       Phase 'INIT_B' is marked DONE locally.
[21:53:03.220]   info   [GS]       Skipped 9 duplicate messages..
[21:53:03.220]   info   [GS]       Phase 'INIT_B' is marked DONE locally.
[21:53:04.262]   info   [GS]       Skipped 9 duplicate messages..
[21:53:04.262]   info   [GS]       Phase 'INIT_B' is marked DONE locally.
[21:53:05.301]   info   [GS]       Skipped 9 duplicate messages..
[21:53:05.301]   info   [GS]       Phase 'INIT_B' is marked DONE locally.
[21:53:06.333]   info   [GS]       Skipped 9 duplicate messages..
[21:53:06.333]   info   [GS]       Phase 'INIT_B' is marked DONE locally.
[21:53:07.371]   info   [GS]       Skipped 9 duplicate messages..
[21:53:07.371]   info   [GS]       Phase 'INIT_B' is marked DONE locally.
[21:53:08.410]   info   [GS]       Skipped 9 duplicate messages..
[21:53:08.410]   info   [GS]       Phase 'INIT_B' is marked DONE locally.
[21:53:09.454]   info   [GS]       Skipped 9 duplicate messages..
[21:53:09.454]   info   [GS]       Phase 'INIT_B' is marked DONE locally.
[21:53:10.489]   info   [GS]       Skipped 9 duplicate messages..
[21:53:10.489]   info   [GS]       Phase 'INIT_B' is marked DONE locally.
[21:53:11.525]   info   [GS]       Skipped 9 duplicate messages..
[21:53:11.525]   info   [GS]       Phase 'INIT_B' is marked DONE locally.
[21:53:12.571]   info   [GS]       Skipped 9 duplicate messages..
[21:53:12.570]   info   [GS]       Phase 'INIT_B' is marked DONE locally.
[21:53:13.601]   info   [GS]       Skipped 9 duplicate messages..
[21:53:13.601]   info   [GS]       Phase 'INIT_B' is marked DONE locally.
[21:53:14.637]   info   [GS]       Skipped 9 duplicate messages..
[21:53:14.637]   info   [GS]       Phase 'INIT_B' is marked DONE locally.
[21:53:15.671]   info   [GS]       Skipped 9 duplicate messages..
[21:53:15.671]   info   [GS]       Phase 'INIT_B' is marked DONE locally.
[21:53:16.711]   info   [GS]       Skipped 9 duplicate messages..
[21:53:16.711]   info   [GS]       Phase 'INIT_B' is marked DONE locally.
[21:53:17.745]   info   [GS]       Skipped 9 duplicate messages..
[21:53:17.745]   info   [GS]       Phase 'INIT_B' is marked DONE locally.
[21:53:18.778]   info   [GS]       Skipped 9 duplicate messages..
[21:53:18.778]   info   [GS]       Phase 'INIT_B' is marked DONE locally.
[21:53:19.813]   info   [GS]       Skipped 9 duplicate messages..
[21:53:19.813]   info   [GS]       Phase 'INIT_B' is marked DONE locally.
[21:53:20.848]   info   [GS]       Skipped 9 duplicate messages..
[21:53:20.848]   info   [GS]       Phase 'INIT_B' is marked DONE locally.
[21:53:21.880]   info   [GS]       Skipped 9 duplicate messages..
[21:53:21.880]   info   [GS]       Phase 'INIT_B' is marked DONE locally.
[21:53:22.925]   info   [GS]       Skipped 9 duplicate messages..
[21:53:22.925]   info   [GS]       Phase 'INIT_B' is marked DONE locally.
[21:53:23.959]   info   [GS]       Skipped 9 duplicate messages..
[21:53:23.959]   info   [GS]       Phase 'INIT_B' is marked DONE locally.
[21:53:24.994]   info   [GS]       Skipped 9 duplicate messages..
[21:53:24.994]   info   [GS]       Phase 'INIT_B' is marked DONE locally.
[21:53:26.034]   info   [GS]       Skipped 9 duplicate messages..
[21:53:26.034]   info   [GS]       Phase 'INIT_B' is marked DONE locally.
[21:53:27.061]   info   [GS]       Skipped 9 duplicate messages..
[21:53:27.061]   info   [GS]       Phase 'INIT_B' is marked DONE locally.
[21:53:28.095]   info   [GS]       Skipped 9 duplicate messages..
[21:53:28.095]   info   [GS]       Phase 'INIT_B' is marked DONE locally.
[21:53:29.135]   info   [GS]       Skipped 9 duplicate messages..
[21:53:29.135]   info   [GS]       Phase 'INIT_B' is marked DONE locally.
[21:53:30.168]   info   [GS]       Skipped 9 duplicate messages..
[21:53:30.168]   info   [GS]       Phase 'INIT_B' is marked DONE locally.
[21:53:31.213]   info   [GS]       Skipped 9 duplicate messages..
[21:53:31.213]   info   [GS]       Phase 'INIT_B' is marked DONE locally.
[21:53:32.245]   info   [GS]       Skipped 9 duplicate messages..
[21:53:32.245]   info   [GS]       Phase 'INIT_B' is marked DONE locally.
[21:53:33.280]   info   [GS]       Skipped 9 duplicate messages..
[21:53:33.280]   info   [GS]       Phase 'INIT_B' is marked DONE locally.
[21:53:34.316]   info   [GS]       Skipped 9 duplicate messages..
[21:53:34.316]   info   [GS]       Phase 'INIT_B' is marked DONE locally.
[21:53:35.356]   info   [GS]       Skipped 9 duplicate messages..
[21:53:35.355]   info   [GS]       Phase 'INIT_B' is marked DONE locally.
[21:53:36.395]   info   [GS]       Skipped 9 duplicate messages..
[21:53:36.394]   info   [GS]       Phase 'INIT_B' is marked DONE locally.
[21:53:37.431]   info   [GS]       Skipped 9 duplicate messages..
[21:53:37.431]   info   [GS]       Phase 'INIT_B' is marked DONE locally.
[21:53:38.468]   info   [GS]       Skipped 9 duplicate messages..
[21:53:38.468]   info   [GS]       Phase 'INIT_B' is marked DONE locally.
[21:53:39.507]   info   [GS]       Skipped 9 duplicate messages..
[21:53:39.507]   info   [GS]       Phase 'INIT_B' is marked DONE locally.
[21:53:40.543]   info   [GS]       Skipped 9 duplicate messages..
[21:53:40.543]   info   [GS]       Phase 'INIT_B' is marked DONE locally.
[21:53:41.579]   info   [GS]       Skipped 9 duplicate messages..
[21:53:41.579]   info   [GS]       Phase 'INIT_B' is marked DONE locally.
[21:53:42.612]   info   [GS]       Skipped 9 duplicate messages..
[21:53:42.612]   info   [GS]       Phase 'INIT_B' is marked DONE locally.
[21:53:43.648]   info   [GS]       Skipped 9 duplicate messages..
[21:53:43.648]   info   [GS]       Phase 'INIT_B' is marked DONE locally.
[21:53:44.681]   info   [GS]       Skipped 9 duplicate messages..
[21:53:44.681]   info   [GS]       Phase 'INIT_B' is marked DONE locally.
[21:53:45.720]   info   [GS]       Skipped 9 duplicate messages..
[21:53:45.720]   info   [GS]       Phase 'INIT_B' is marked DONE locally.
[21:53:46.757]   info   [GS]       Skipped 9 duplicate messages..
[21:53:46.757]   info   [GS]       Phase 'INIT_B' is marked DONE locally.
[21:53:47.803]   info   [GS]       Skipped 9 duplicate messages..
[21:53:47.803]   info   [GS]       Phase 'INIT_B' is marked DONE locally.
[21:53:48.839]   info   [GS]       Skipped 9 duplicate messages..
[21:53:48.839]   info   [GS]       Phase 'INIT_B' is marked DONE locally.
[21:53:49.878]   info   [GS]       Skipped 9 duplicate messages..
[21:53:49.878]   info   [GS]       Phase 'INIT_B' is marked DONE locally.
[21:53:50.916]   info   [GS]       Skipped 9 duplicate messages..
[21:53:50.916]   info   [GS]       Phase 'INIT_B' is marked DONE locally.
[21:53:51.961]   info   [GS]       Skipped 9 duplicate messages..
[21:53:51.961]   info   [GS]       Phase 'INIT_B' is marked DONE locally.
[21:53:52.999]   info   [GS]       Skipped 9 duplicate messages..
[21:53:52.999]   info   [GS]       Phase 'INIT_B' is marked DONE locally.
[21:53:54.049]   info   [GS]       Skipped 9 duplicate messages..
[21:53:54.049]   info   [GS]       Phase 'INIT_B' is marked DONE locally.
[21:53:55.094]   info   [GS]       Skipped 9 duplicate messages..
[21:53:55.094]   info   [GS]       Phase 'INIT_B' is marked DONE locally.
[21:53:56.138]   info   [GS]       Skipped 9 duplicate messages..
[21:53:56.138]   info   [GS]       Phase 'INIT_B' is marked DONE locally.
[21:53:57.179]   info   [GS]       Skipped 9 duplicate messages..
[21:53:57.179]   info   [GS]       Phase 'INIT_B' is marked DONE locally.
[21:53:58.213]   info   [GS]       Skipped 9 duplicate messages..
[21:53:58.213]   info   [GS]       Phase 'INIT_B' is marked DONE locally.
[21:53:59.250]   info   [GS]       Skipped 9 duplicate messages..
[21:53:59.250]   info   [GS]       Phase 'INIT_B' is marked DONE locally.
[21:54:00.292]   info   [GS]       Skipped 9 duplicate messages..
[21:54:00.292]   info   [GS]       Phase 'INIT_B' is marked DONE locally.
[21:54:01.329]   info   [GS]       Skipped 9 duplicate messages..
[21:54:01.329]   info   [GS]       Phase 'INIT_B' is marked DONE locally.
[21:54:02.370]   info   [GS]       Skipped 9 duplicate messages..
[21:54:02.370]   info   [GS]       Phase 'INIT_B' is marked DONE locally.
[21:54:03.413]   info   [GS]       Skipped 9 duplicate messages..
[21:54:03.413]   info   [GS]       Phase 'INIT_B' is marked DONE locally.
[21:54:04.452]   info   [GS]       Skipped 9 duplicate messages..
[21:54:04.452]   info   [GS]       Phase 'INIT_B' is marked DONE locally.
[21:54:05.486]   info   [GS]       Skipped 9 duplicate messages..
[21:54:05.485]   info   [GS]       Phase 'INIT_B' is marked DONE locally.
[21:54:06.516]   info   [GS]       Skipped 9 duplicate messages..
[21:54:06.516]   info   [GS]       Phase 'INIT_B' is marked DONE locally.
[21:54:07.553]   info   [GS]       Skipped 9 duplicate messages..
[21:54:07.553]   info   [GS]       Phase 'INIT_B' is marked DONE locally.
[21:54:08.591]   info   [GS]       Skipped 9 duplicate messages..
[21:54:08.591]   info   [GS]       Phase 'INIT_B' is marked DONE locally.
[21:54:09.647]   info   [GS]       Skipped 9 duplicate messages..
[21:54:09.647]   info   [GS]       Phase 'INIT_B' is marked DONE locally.
[21:54:10.689]   info   [GS]       Skipped 9 duplicate messages..
[21:54:10.689]   info   [GS]       Phase 'INIT_B' is marked DONE locally.
[21:54:11.732]   info   [GS]       Skipped 9 duplicate messages..
[21:54:11.732]   info   [GS]       Phase 'INIT_B' is marked DONE locally.
[21:54:12.769]   info   [GS]       Skipped 9 duplicate messages..
[21:54:12.769]   info   [GS]       Phase 'INIT_B' is marked DONE locally.
[21:54:13.811]   info   [GS]       Skipped 9 duplicate messages..
[21:54:13.811]   info   [GS]       Phase 'INIT_B' is marked DONE locally.
[21:54:14.851]   info   [GS]       Skipped 9 duplicate messages..
[21:54:14.851]   info   [GS]       Phase 'INIT_B' is marked DONE locally.
[21:54:15.887]   info   [GS]       Skipped 9 duplicate messages..
[21:54:15.887]   info   [GS]       Phase 'INIT_B' is marked DONE locally.
[21:54:16.930]   info   [GS]       Skipped 9 duplicate messages..
[21:54:16.930]   info   [GS]       Phase 'INIT_B' is marked DONE locally.
[21:54:17.965]   info   [GS]       Skipped 9 duplicate messages..
[21:54:17.965]   info   [GS]       Phase 'INIT_B' is marked DONE locally.
[21:54:19.004]   info   [GS]       Skipped 9 duplicate messages..
[21:54:19.004]   info   [GS]       Phase 'INIT_B' is marked DONE locally.
[21:54:20.033]   info   [GS]       Skipped 9 duplicate messages..
[21:54:20.033]   info   [GS]       Phase 'INIT_B' is marked DONE locally.
[21:54:21.066]   info   [GS]       Skipped 9 duplicate messages..
[21:54:21.066]   info   [GS]       Phase 'INIT_B' is marked DONE locally.
[21:54:22.105]   info   [GS]       Skipped 9 duplicate messages..
[21:54:22.105]   info   [GS]       Phase 'INIT_B' is marked DONE locally.
[21:54:23.131]   info   [GS]       Skipped 9 duplicate messages..
[21:54:23.131]   info   [GS]       Phase 'INIT_B' is marked DONE locally.
[21:54:24.168]   info   [GS]       Skipped 9 duplicate messages..
[21:54:24.167]   info   [GS]       Phase 'INIT_B' is marked DONE locally.
[21:54:25.200]   info   [GS]       Skipped 9 duplicate messages..
[21:54:25.200]   info   [GS]       Phase 'INIT_B' is marked DONE locally.
[21:54:26.235]   info   [GS]       Skipped 9 duplicate messages..
[21:54:26.235]   info   [GS]       Phase 'INIT_B' is marked DONE locally.
[21:54:27.271]   info   [GS]       Skipped 9 duplicate messages..
[21:54:27.271]   info   [GS]       Phase 'INIT_B' is marked DONE locally.
[21:54:28.304]   info   [GS]       Skipped 9 duplicate messages..
[21:54:28.304]   info   [GS]       Phase 'INIT_B' is marked DONE locally.
[21:54:29.346]   info   [GS]       Skipped 9 duplicate messages..
[21:54:29.346]   info   [GS]       Phase 'INIT_B' is marked DONE locally.
[21:54:30.384]   info   [GS]       Skipped 9 duplicate messages..
[21:54:30.384]   info   [GS]       Phase 'INIT_B' is marked DONE locally.
[21:54:31.416]   info   [GS]       Skipped 9 duplicate messages..
[21:54:31.416]   info   [GS]       Phase 'INIT_B' is marked DONE locally.
[21:54:32.450]   info   [GS]       Skipped 9 duplicate messages..
[21:54:32.450]   info   [GS]       Phase 'INIT_B' is marked DONE locally.
[21:54:33.492]   info   [GS]       Skipped 9 duplicate messages..
[21:54:33.492]   info   [GS]       Phase 'INIT_B' is marked DONE locally.
[21:54:34.527]   info   [GS]       Skipped 9 duplicate messages..
[21:54:34.527]   info   [GS]       Phase 'INIT_B' is marked DONE locally.
[21:54:35.566]   info   [GS]       Skipped 9 duplicate messages..
[21:54:35.566]   info   [GS]       Phase 'INIT_B' is marked DONE locally.
[21:54:36.601]   info   [GS]       Skipped 9 duplicate messages..
[21:54:36.601]   info   [GS]       Phase 'INIT_B' is marked DONE locally.
[21:54:37.634]   info   [GS]       Skipped 9 duplicate messages..
[21:54:37.634]   info   [GS]       Phase 'INIT_B' is marked DONE locally.
[21:54:38.671]   info   [GS]       Skipped 9 duplicate messages..
[21:54:38.671]   info   [GS]       Phase 'INIT_B' is marked DONE locally.
[21:54:39.713]   info   [GS]       Skipped 9 duplicate messages..
[21:54:39.713]   info   [GS]       Phase 'INIT_B' is marked DONE locally.
[21:54:40.746]   info   [GS]       Skipped 9 duplicate messages..
[21:54:40.746]   info   [GS]       Phase 'INIT_B' is marked DONE locally.
[21:54:41.789]   info   [GS]       Skipped 9 duplicate messages..
[21:54:41.789]   info   [GS]       Phase 'INIT_B' is marked DONE locally.
[21:54:42.823]   info   [GS]       Skipped 9 duplicate messages..
[21:54:42.823]   info   [GS]       Phase 'INIT_B' is marked DONE locally.
[21:54:43.859]   info   [GS]       Skipped 9 duplicate messages..
[21:54:43.859]   info   [GS]       Phase 'INIT_B' is marked DONE locally.
[21:54:44.891]   info   [GS]       Skipped 9 duplicate messages..
[21:54:44.891]   info   [GS]       Phase 'INIT_B' is marked DONE locally.
[21:54:45.923]   info   [GS]       Skipped 9 duplicate messages..
[21:54:45.923]   info   [GS]       Phase 'INIT_B' is marked DONE locally.
[21:54:46.953]   info   [GS]       Skipped 9 duplicate messages..
[21:54:46.953]   info   [GS]       Phase 'INIT_B' is marked DONE locally.
[21:54:47.984]   info   [GS]       Skipped 9 duplicate messages..
[21:54:47.984]   info   [GS]       Phase 'INIT_B' is marked DONE locally.
[21:54:49.011]   info   [GS]       Skipped 9 duplicate messages..
[21:54:49.011]   info   [GS]       Phase 'INIT_B' is marked DONE locally.
[21:54:50.041]   info   [GS]       Skipped 9 duplicate messages..
[21:54:50.040]   info   [GS]       Phase 'INIT_B' is marked DONE locally.
[21:54:51.078]   info   [GS]       Skipped 9 duplicate messages..
[21:54:51.078]   info   [GS]       Phase 'INIT_B' is marked DONE locally.
[21:54:52.118]   info   [GS]       Skipped 9 duplicate messages..
[21:54:52.118]   info   [GS]       Phase 'INIT_B' is marked DONE locally.
[21:54:53.155]   info   [GS]       Skipped 9 duplicate messages..
[21:54:53.155]   info   [GS]       Phase 'INIT_B' is marked DONE locally.
[21:54:54.189]   info   [GS]       Skipped 9 duplicate messages..
[21:54:54.189]   info   [GS]       Phase 'INIT_B' is marked DONE locally.
[21:54:55.224]   info   [GS]       Skipped 9 duplicate messages..
[21:54:55.224]   info   [GS]       Phase 'INIT_B' is marked DONE locally.
[21:54:56.266]   info   [GS]       Skipped 9 duplicate messages..
[21:54:56.266]   info   [GS]       Phase 'INIT_B' is marked DONE locally.
[21:54:57.300]   info   [GS]       Skipped 9 duplicate messages..
[21:54:57.300]   info   [GS]       Phase 'INIT_B' is marked DONE locally.
[21:54:58.334]   info   [GS]       Skipped 9 duplicate messages..
[21:54:58.334]   info   [GS]       Phase 'INIT_B' is marked DONE locally.
[21:54:59.376]   info   [GS]       Skipped 9 duplicate messages..
[21:54:59.376]   info   [GS]       Phase 'INIT_B' is marked DONE locally.
[21:55:00.412]   info   [GS]       Skipped 9 duplicate messages..
[21:55:00.412]   info   [GS]       Phase 'INIT_B' is marked DONE locally.
[21:55:01.454]   info   [GS]       Skipped 9 duplicate messages..
[21:55:01.454]   info   [GS]       Phase 'INIT_B' is marked DONE locally.
[21:55:02.486]   info   [GS]       Skipped 9 duplicate messages..
[21:55:02.486]   info   [GS]       Phase 'INIT_B' is marked DONE locally.
[21:55:03.516]   info   [GS]       Skipped 9 duplicate messages..
[21:55:03.516]   info   [GS]       Phase 'INIT_B' is marked DONE locally.
[21:55:04.558]   info   [GS]       Skipped 9 duplicate messages..
[21:55:04.558]   info   [GS]       Phase 'INIT_B' is marked DONE locally.
[21:55:05.596]   info   [GS]       Skipped 9 duplicate messages..
[21:55:05.596]   info   [GS]       Phase 'INIT_B' is marked DONE locally.
[21:55:06.638]   info   [GS]       Skipped 9 duplicate messages..
[21:55:06.637]   info   [GS]       Phase 'INIT_B' is marked DONE locally.
[21:55:07.678]   info   [GS]       Skipped 9 duplicate messages..
[21:55:07.678]   info   [GS]       Phase 'INIT_B' is marked DONE locally.
[21:55:08.712]   info   [GS]       Skipped 9 duplicate messages..
[21:55:08.712]   info   [GS]       Phase 'INIT_B' is marked DONE locally.
[21:55:09.759]   info   [GS]       Skipped 9 duplicate messages..
[21:55:09.759]   info   [GS]       Phase 'INIT_B' is marked DONE locally.
[21:55:10.799]   info   [GS]       Skipped 9 duplicate messages..
[21:55:10.799]   info   [GS]       Phase 'INIT_B' is marked DONE locally.
[21:55:11.837]   info   [GS]       Skipped 9 duplicate messages..
[21:55:11.837]   info   [GS]       Phase 'INIT_B' is marked DONE locally.
[21:55:12.872]   info   [GS]       Skipped 9 duplicate messages..
[21:55:12.872]   info   [GS]       Phase 'INIT_B' is marked DONE locally.
[21:55:13.916]   info   [GS]       Skipped 9 duplicate messages..
[21:55:13.916]   info   [GS]       Phase 'INIT_B' is marked DONE locally.
[21:55:14.952]   info   [GS]       Skipped 9 duplicate messages..
[21:55:14.952]   info   [GS]       Phase 'INIT_B' is marked DONE locally.
[21:55:15.988]   info   [GS]       Skipped 9 duplicate messages..
[21:55:15.988]   info   [GS]       Phase 'INIT_B' is marked DONE locally.
[21:55:17.025]   info   [GS]       Skipped 9 duplicate messages..
[21:55:17.025]   info   [GS]       Phase 'INIT_B' is marked DONE locally.
[21:55:18.065]   info   [GS]       Skipped 9 duplicate messages..
[21:55:18.065]   info   [GS]       Phase 'INIT_B' is marked DONE locally.
[21:55:19.106]   info   [GS]       Skipped 9 duplicate messages..
[21:55:19.106]   info   [GS]       Phase 'INIT_B' is marked DONE locally.
[21:55:20.142]   info   [GS]       Skipped 9 duplicate messages..
[21:55:20.142]   info   [GS]       Phase 'INIT_B' is marked DONE locally.
[21:55:21.177]   info   [GS]       Skipped 9 duplicate messages..
[21:55:21.177]   info   [GS]       Phase 'INIT_B' is marked DONE locally.
[21:55:22.208]   info   [GS]       Skipped 9 duplicate messages..
[21:55:22.208]   info   [GS]       Phase 'INIT_B' is marked DONE locally.
[21:55:23.250]   info   [GS]       Skipped 9 duplicate messages..
[21:55:23.250]   info   [GS]       Phase 'INIT_B' is marked DONE locally.
[21:55:24.283]   info   [GS]       Skipped 9 duplicate messages..
[21:55:24.283]   info   [GS]       Phase 'INIT_B' is marked DONE locally.
[21:55:25.325]   info   [GS]       Skipped 9 duplicate messages..
[21:55:25.325]   info   [GS]       Phase 'INIT_B' is marked DONE locally.
[21:55:26.362]   info   [GS]       Skipped 9 duplicate messages..
[21:55:26.362]   info   [GS]       Phase 'INIT_B' is marked DONE locally.
[21:55:27.387]   info   [GS]       Skipped 9 duplicate messages..
[21:55:27.387]   info   [GS]       Phase 'INIT_B' is marked DONE locally.
[21:55:28.427]   info   [GS]       Skipped 9 duplicate messages..
[21:55:28.427]   info   [GS]       Phase 'INIT_B' is marked DONE locally.
[21:55:29.473]   info   [GS]       Skipped 9 duplicate messages..
[21:55:29.473]   info   [GS]       Phase 'INIT_B' is marked DONE locally.
[21:55:30.517]   info   [GS]       Skipped 9 duplicate messages..
[21:55:30.517]   info   [GS]       Phase 'INIT_B' is marked DONE locally.
[21:55:31.558]   info   [GS]       Skipped 9 duplicate messages..
[21:55:31.558]   info   [GS]       Phase 'INIT_B' is marked DONE locally.
[21:55:32.598]   info   [GS]       Skipped 9 duplicate messages..
[21:55:32.598]   info   [GS]       Phase 'INIT_B' is marked DONE locally.
[21:55:33.636]   info   [GS]       Skipped 9 duplicate messages..
[21:55:33.636]   info   [GS]       Phase 'INIT_B' is marked DONE locally.
[21:55:34.675]   info   [GS]       Skipped 9 duplicate messages..
[21:55:34.675]   info   [GS]       Phase 'INIT_B' is marked DONE locally.
[21:55:35.707]   info   [GS]       Skipped 9 duplicate messages..
[21:55:35.707]   info   [GS]       Phase 'INIT_B' is marked DONE locally.
[21:55:36.745]   info   [GS]       Skipped 9 duplicate messages..
[21:55:36.745]   info   [GS]       Phase 'INIT_B' is marked DONE locally.
[21:55:37.784]   info   [GS]       Skipped 9 duplicate messages..
[21:55:37.784]   info   [GS]       Phase 'INIT_B' is marked DONE locally.
[21:55:38.827]   info   [GS]       Skipped 9 duplicate messages..
[21:55:38.827]   info   [GS]       Phase 'INIT_B' is marked DONE locally.
[21:55:39.855]   info   [GS]       Skipped 9 duplicate messages..
[21:55:39.855]   info   [GS]       Phase 'INIT_B' is marked DONE locally.
[21:55:40.896]   info   [GS]       Skipped 9 duplicate messages..
[21:55:40.896]   info   [GS]       Phase 'INIT_B' is marked DONE locally.
[21:55:41.929]   info   [GS]       Skipped 9 duplicate messages..
[21:55:41.929]   info   [GS]       Phase 'INIT_B' is marked DONE locally.
[21:55:42.970]   info   [GS]       Skipped 9 duplicate messages..
[21:55:42.970]   info   [GS]       Phase 'INIT_B' is marked DONE locally.
[21:55:44.006]   info   [GS]       Skipped 9 duplicate messages..
[21:55:44.006]   info   [GS]       Phase 'INIT_B' is marked DONE locally.
[21:55:45.041]   info   [GS]       Skipped 9 duplicate messages..
[21:55:45.041]   info   [GS]       Phase 'INIT_B' is marked DONE locally.
[21:55:46.075]   info   [GS]       Skipped 9 duplicate messages..
[21:55:46.075]   info   [GS]       Phase 'INIT_B' is marked DONE locally.
[21:55:47.116]   info   [GS]       Skipped 9 duplicate messages..
[21:55:47.116]   info   [GS]       Phase 'INIT_B' is marked DONE locally.
[21:55:48.149]   info   [GS]       Skipped 9 duplicate messages..
[21:55:48.149]   info   [GS]       Phase 'INIT_B' is marked DONE locally.
[21:55:49.193]   info   [GS]       Skipped 9 duplicate messages..
[21:55:49.193]   info   [GS]       Phase 'INIT_B' is marked DONE locally.
[21:55:50.228]   info   [GS]       Skipped 9 duplicate messages..
[21:55:50.228]   info   [GS]       Phase 'INIT_B' is marked DONE locally.
[21:55:51.259]   info   [GS]       Skipped 9 duplicate messages..
[21:55:51.258]   info   [GS]       Phase 'INIT_B' is marked DONE locally.
[21:55:52.298]   info   [GS]       Skipped 9 duplicate messages..
[21:55:52.298]   info   [GS]       Phase 'INIT_B' is marked DONE locally.
[21:55:53.341]   info   [GS]       Skipped 9 duplicate messages..
[21:55:53.341]   info   [GS]       Phase 'INIT_B' is marked DONE locally.
[21:55:54.386]   info   [GS]       Skipped 9 duplicate messages..
[21:55:54.386]   info   [GS]       Phase 'INIT_B' is marked DONE locally.
[21:55:55.414]   info   [GS]       Skipped 9 duplicate messages..
[21:55:55.414]   info   [GS]       Phase 'INIT_B' is marked DONE locally.
[21:55:56.447]   info   [GS]       Skipped 9 duplicate messages..
[21:55:56.447]   info   [GS]       Phase 'INIT_B' is marked DONE locally.
[21:55:57.480]   info   [GS]       Skipped 9 duplicate messages..
[21:55:57.480]   info   [GS]       Phase 'INIT_B' is marked DONE locally.
[21:55:58.521]   info   [GS]       Skipped 9 duplicate messages..
[21:55:58.521]   info   [GS]       Phase 'INIT_B' is marked DONE locally.
[21:55:59.550]   info   [GS]       Skipped 9 duplicate messages..
[21:55:59.550]   info   [GS]       Phase 'INIT_B' is marked DONE locally.
[21:56:00.588]   info   [GS]       Skipped 9 duplicate messages..
[21:56:00.588]   info   [GS]       Phase 'INIT_B' is marked DONE locally.
[21:56:01.614]   info   [GS]       Skipped 9 duplicate messages..
[21:56:01.614]   info   [GS]       Phase 'INIT_B' is marked DONE locally.
[21:56:02.654]   info   [GS]       Skipped 9 duplicate messages..
[21:56:02.654]   info   [GS]       Phase 'INIT_B' is marked DONE locally.
[21:56:03.696]   info   [GS]       Skipped 9 duplicate messages..
[21:56:03.696]   info   [GS]       Phase 'INIT_B' is marked DONE locally.
[21:56:04.729]   info   [GS]       Skipped 9 duplicate messages..
[21:56:04.729]   info   [GS]       Phase 'INIT_B' is marked DONE locally.
[21:56:05.766]   info   [GS]       Skipped 9 duplicate messages..
[21:56:05.766]   info   [GS]       Phase 'INIT_B' is marked DONE locally.
[21:56:06.797]   info   [GS]       Skipped 9 duplicate messages..
[21:56:06.797]   info   [GS]       Phase 'INIT_B' is marked DONE locally.
[21:56:07.833]   info   [GS]       Skipped 9 duplicate messages..
[21:56:07.833]   info   [GS]       Phase 'INIT_B' is marked DONE locally.
[21:56:08.869]   info   [GS]       Skipped 9 duplicate messages..
[21:56:08.869]   info   [GS]       Phase 'INIT_B' is marked DONE locally.
[21:56:09.903]   info   [GS]       Skipped 9 duplicate messages..
[21:56:09.903]   info   [GS]       Phase 'INIT_B' is marked DONE locally.
[21:56:10.937]   info   [GS]       Skipped 9 duplicate messages..
[21:56:10.937]   info   [GS]       Phase 'INIT_B' is marked DONE locally.
[21:56:11.977]   info   [GS]       Skipped 9 duplicate messages..
[21:56:11.977]   info   [GS]       Phase 'INIT_B' is marked DONE locally.
[21:56:13.017]   info   [GS]       Skipped 9 duplicate messages..
[21:56:13.017]   info   [GS]       Phase 'INIT_B' is marked DONE locally.
[21:56:14.053]   info   [GS]       Skipped 9 duplicate messages..
[21:56:14.053]   info   [GS]       Phase 'INIT_B' is marked DONE locally.
[21:56:15.095]   info   [GS]       Skipped 9 duplicate messages..
[21:56:15.095]   info   [GS]       Phase 'INIT_B' is marked DONE locally.
[21:56:16.131]   info   [GS]       Skipped 9 duplicate messages..
[21:56:16.131]   info   [GS]       Phase 'INIT_B' is marked DONE locally.
[21:56:17.167]   info   [GS]       Skipped 9 duplicate messages..
[21:56:17.167]   info   [GS]       Phase 'INIT_B' is marked DONE locally.
[21:56:18.212]   info   [GS]       Skipped 9 duplicate messages..
[21:56:18.212]   info   [GS]       Phase 'INIT_B' is marked DONE locally.
[21:56:19.256]   info   [GS]       Skipped 9 duplicate messages..
[21:56:19.256]   info   [GS]       Phase 'INIT_B' is marked DONE locally.
[21:56:20.288]   info   [GS]       Skipped 9 duplicate messages..
[21:56:20.288]   info   [GS]       Phase 'INIT_B' is marked DONE locally.
[21:56:21.326]   info   [GS]       Skipped 9 duplicate messages..
[21:56:21.326]   info   [GS]       Phase 'INIT_B' is marked DONE locally.
[21:56:22.367]   info   [GS]       Skipped 9 duplicate messages..
[21:56:22.367]   info   [GS]       Phase 'INIT_B' is marked DONE locally.
[21:56:23.409]   info   [GS]       Skipped 9 duplicate messages..
[21:56:23.409]   info   [GS]       Phase 'INIT_B' is marked DONE locally.
[21:56:24.438]   info   [GS]       Skipped 9 duplicate messages..
[21:56:24.438]   info   [GS]       Phase 'INIT_B' is marked DONE locally.
[21:56:25.474]   info   [GS]       Skipped 9 duplicate messages..
[21:56:25.474]   info   [GS]       Phase 'INIT_B' is marked DONE locally.
[21:56:26.510]   info   [GS]       Skipped 9 duplicate messages..
[21:56:26.510]   info   [GS]       Phase 'INIT_B' is marked DONE locally.
[21:56:27.537]   info   [GS]       Skipped 9 duplicate messages..
[21:56:27.537]   info   [GS]       Phase 'INIT_B' is marked DONE locally.
[21:56:28.580]   info   [GS]       Skipped 9 duplicate messages..
[21:56:28.580]   info   [GS]       Phase 'INIT_B' is marked DONE locally.
[21:56:29.615]   info   [GS]       Skipped 9 duplicate messages..
[21:56:29.615]   info   [GS]       Phase 'INIT_B' is marked DONE locally.
[21:56:30.653]   info   [GS]       Skipped 9 duplicate messages..
[21:56:30.653]   info   [GS]       Phase 'INIT_B' is marked DONE locally.
[21:56:31.695]   info   [GS]       Skipped 9 duplicate messages..
[21:56:31.695]   info   [GS]       Phase 'INIT_B' is marked DONE locally.
[21:56:32.730]   info   [GS]       Skipped 9 duplicate messages..
[21:56:32.729]   info   [GS]       Phase 'INIT_B' is marked DONE locally.
[21:56:33.765]   info   [GS]       Skipped 9 duplicate messages..
[21:56:33.765]   info   [GS]       Phase 'INIT_B' is marked DONE locally.
[21:56:34.796]   info   [GS]       Skipped 9 duplicate messages..
[21:56:34.796]   info   [GS]       Phase 'INIT_B' is marked DONE locally.
[21:56:35.833]   info   [GS]       Skipped 9 duplicate messages..
[21:56:35.833]   info   [GS]       Phase 'INIT_B' is marked DONE locally.
[21:56:36.879]   info   [GS]       Skipped 9 duplicate messages..
[21:56:36.879]   info   [GS]       Phase 'INIT_B' is marked DONE locally.
[21:56:37.913]   info   [GS]       Skipped 9 duplicate messages..
[21:56:37.913]   info   [GS]       Phase 'INIT_B' is marked DONE locally.
[21:56:38.945]   info   [GS]       Skipped 9 duplicate messages..
[21:56:38.945]   info   [GS]       Phase 'INIT_B' is marked DONE locally.
[21:56:39.987]   info   [GS]       Skipped 9 duplicate messages..
[21:56:39.987]   info   [GS]       Phase 'INIT_B' is marked DONE locally.
[21:56:41.021]   info   [GS]       Skipped 9 duplicate messages..
[21:56:41.021]   info   [GS]       Phase 'INIT_B' is marked DONE locally.
[21:56:42.054]   info   [GS]       Skipped 9 duplicate messages..
[21:56:42.054]   info   [GS]       Phase 'INIT_B' is marked DONE locally.
[21:56:43.092]   info   [GS]       Skipped 9 duplicate messages..
[21:56:43.092]   info   [GS]       Phase 'INIT_B' is marked DONE locally.
[21:56:44.129]   info   [GS]       Skipped 9 duplicate messages..
[21:56:44.129]   info   [GS]       Phase 'INIT_B' is marked DONE locally.
[21:56:45.167]   info   [GS]       Skipped 9 duplicate messages..
[21:56:45.167]   info   [GS]       Phase 'INIT_B' is marked DONE locally.
[21:56:46.198]   info   [GS]       Skipped 9 duplicate messages..
[21:56:46.198]   info   [GS]       Phase 'INIT_B' is marked DONE locally.
[21:56:47.228]   info   [GS]       Skipped 9 duplicate messages..
[21:56:47.228]   info   [GS]       Phase 'INIT_B' is marked DONE locally.
[21:56:48.260]   info   [GS]       Skipped 9 duplicate messages..
[21:56:48.260]   info   [GS]       Phase 'INIT_B' is marked DONE locally.
[21:56:49.300]   info   [GS]       Skipped 9 duplicate messages..
[21:56:49.299]   info   [GS]       Phase 'INIT_B' is marked DONE locally.
[21:56:50.338]   info   [GS]       Skipped 9 duplicate messages..
[21:56:50.338]   info   [GS]       Phase 'INIT_B' is marked DONE locally.
[21:56:51.375]   info   [GS]       Skipped 9 duplicate messages..
[21:56:51.375]   info   [GS]       Phase 'INIT_B' is marked DONE locally.
[21:56:52.407]   info   [GS]       Skipped 9 duplicate messages..
[21:56:52.407]   info   [GS]       Phase 'INIT_B' is marked DONE locally.
[21:56:53.439]   info   [GS]       Skipped 9 duplicate messages..
[21:56:53.439]   info   [GS]       Phase 'INIT_B' is marked DONE locally.
[21:56:54.474]   info   [GS]       Skipped 9 duplicate messages..
[21:56:54.474]   info   [GS]       Phase 'INIT_B' is marked DONE locally.
[21:56:55.513]   info   [GS]       Skipped 9 duplicate messages..
[21:56:55.513]   info   [GS]       Phase 'INIT_B' is marked DONE locally.
[21:56:56.549]   info   [GS]       Skipped 9 duplicate messages..
[21:56:56.549]   info   [GS]       Phase 'INIT_B' is marked DONE locally.
[21:56:57.583]   info   [GS]       Skipped 9 duplicate messages..
[21:56:57.583]   info   [GS]       Phase 'INIT_B' is marked DONE locally.
[21:56:58.614]   info   [GS]       Skipped 9 duplicate messages..
[21:56:58.614]   info   [GS]       Phase 'INIT_B' is marked DONE locally.
[21:56:59.649]   info   [GS]       Skipped 9 duplicate messages..
[21:56:59.649]   info   [GS]       Phase 'INIT_B' is marked DONE locally.
[21:57:00.691]   info   [GS]       Skipped 9 duplicate messages..
[21:57:00.691]   info   [GS]       Phase 'INIT_B' is marked DONE locally.
[21:57:01.731]   info   [GS]       Skipped 9 duplicate messages..
[21:57:01.730]   info   [GS]       Phase 'INIT_B' is marked DONE locally.
[21:57:02.758]   info   [GS]       Skipped 9 duplicate messages..
[21:57:02.758]   info   [GS]       Phase 'INIT_B' is marked DONE locally.
[21:57:03.788]   info   [GS]       Skipped 9 duplicate messages..
[21:57:03.788]   info   [GS]       Phase 'INIT_B' is marked DONE locally.
[21:57:04.833]   info   [GS]       Skipped 9 duplicate messages..
[21:57:04.833]   info   [GS]       Phase 'INIT_B' is marked DONE locally.
[21:57:05.870]   info   [GS]       Skipped 9 duplicate messages..
[21:57:05.870]   info   [GS]       Phase 'INIT_B' is marked DONE locally.
[21:57:06.911]   info   [GS]       Skipped 9 duplicate messages..
[21:57:06.911]   info   [GS]       Phase 'INIT_B' is marked DONE locally.
[21:57:07.947]   info   [GS]       Skipped 9 duplicate messages..
[21:57:07.947]   info   [GS]       Phase 'INIT_B' is marked DONE locally.
[21:57:08.984]   info   [GS]       Skipped 9 duplicate messages..
[21:57:08.984]   info   [GS]       Phase 'INIT_B' is marked DONE locally.
[21:57:10.018]   info   [GS]       Skipped 9 duplicate messages..
[21:57:10.018]   info   [GS]       Phase 'INIT_B' is marked DONE locally.
[21:57:11.049]   info   [GS]       Skipped 9 duplicate messages..
[21:57:11.049]   info   [GS]       Phase 'INIT_B' is marked DONE locally.
[21:57:12.092]   info   [GS]       Skipped 9 duplicate messages..
[21:57:12.092]   info   [GS]       Phase 'INIT_B' is marked DONE locally.
[21:57:13.135]   info   [GS]       Skipped 9 duplicate messages..
[21:57:13.135]   info   [GS]       Phase 'INIT_B' is marked DONE locally.
[21:57:14.173]   info   [GS]       Skipped 9 duplicate messages..
[21:57:14.173]   info   [GS]       Phase 'INIT_B' is marked DONE locally.
[21:57:15.206]   info   [GS]       Skipped 9 duplicate messages..
[21:57:15.206]   info   [GS]       Phase 'INIT_B' is marked DONE locally.
[21:57:16.235]   info   [GS]       Skipped 9 duplicate messages..
[21:57:16.235]   info   [GS]       Phase 'INIT_B' is marked DONE locally.
[21:57:17.268]   info   [GS]       Skipped 9 duplicate messages..
[21:57:17.268]   info   [GS]       Phase 'INIT_B' is marked DONE locally.
[21:57:18.315]   info   [GS]       Skipped 9 duplicate messages..
[21:57:18.315]   info   [GS]       Phase 'INIT_B' is marked DONE locally.
[21:57:19.349]   info   [GS]       Skipped 9 duplicate messages..
[21:57:19.349]   info   [GS]       Phase 'INIT_B' is marked DONE locally.
[21:57:20.386]   info   [GS]       Skipped 9 duplicate messages..
[21:57:20.386]   info   [GS]       Phase 'INIT_B' is marked DONE locally.
[21:57:21.428]   info   [GS]       Skipped 9 duplicate messages..
[21:57:21.428]   info   [GS]       Phase 'INIT_B' is marked DONE locally.
[21:57:22.459]   info   [GS]       Skipped 9 duplicate messages..
[21:57:22.459]   info   [GS]       Phase 'INIT_B' is marked DONE locally.
[21:57:23.495]   info   [GS]       Skipped 9 duplicate messages..
[21:57:23.495]   info   [GS]       Phase 'INIT_B' is marked DONE locally.
[21:57:24.535]   info   [GS]       Skipped 9 duplicate messages..
[21:57:24.535]   info   [GS]       Phase 'INIT_B' is marked DONE locally.
[21:57:25.566]   info   [GS]       Skipped 9 duplicate messages..
[21:57:25.566]   info   [GS]       Phase 'INIT_B' is marked DONE locally.
[21:57:26.608]   info   [GS]       Skipped 9 duplicate messages..
[21:57:26.608]   info   [GS]       Phase 'INIT_B' is marked DONE locally.
[21:57:27.643]   info   [GS]       Skipped 9 duplicate messages..
[21:57:27.643]   info   [GS]       Phase 'INIT_B' is marked DONE locally.
[21:57:28.687]   info   [GS]       Skipped 9 duplicate messages..
[21:57:28.687]   info   [GS]       Phase 'INIT_B' is marked DONE locally.
[21:57:29.721]   info   [GS]       Skipped 9 duplicate messages..
[21:57:29.721]   info   [GS]       Phase 'INIT_B' is marked DONE locally.
[21:57:30.750]   info   [GS]       Skipped 9 duplicate messages..
[21:57:30.750]   info   [GS]       Phase 'INIT_B' is marked DONE locally.
[21:57:31.785]   info   [GS]       Skipped 9 duplicate messages..
[21:57:31.785]   info   [GS]       Phase 'INIT_B' is marked DONE locally.
[21:57:32.820]   info   [GS]       Skipped 9 duplicate messages..
[21:57:32.820]   info   [GS]       Phase 'INIT_B' is marked DONE locally.
[21:57:33.856]   info   [GS]       Skipped 9 duplicate messages..
[21:57:33.856]   info   [GS]       Phase 'INIT_B' is marked DONE locally.
[21:57:34.883]   info   [GS]       Skipped 9 duplicate messages..
[21:57:34.883]   info   [GS]       Phase 'INIT_B' is marked DONE locally.
[21:57:35.911]   info   [GS]       Skipped 9 duplicate messages..
[21:57:35.911]   info   [GS]       Phase 'INIT_B' is marked DONE locally.
[21:57:36.949]   info   [GS]       Skipped 9 duplicate messages..
[21:57:36.949]   info   [GS]       Phase 'INIT_B' is marked DONE locally.
[21:57:37.995]   info   [GS]       Skipped 9 duplicate messages..
[21:57:37.995]   info   [GS]       Phase 'INIT_B' is marked DONE locally.
[21:57:39.028]   info   [GS]       Skipped 9 duplicate messages..
[21:57:39.028]   info   [GS]       Phase 'INIT_B' is marked DONE locally.
[21:57:40.072]   info   [GS]       Skipped 9 duplicate messages..
[21:57:40.072]   info   [GS]       Phase 'INIT_B' is marked DONE locally.
[21:57:41.102]   info   [GS]       Skipped 9 duplicate messages..
[21:57:41.102]   info   [GS]       Phase 'INIT_B' is marked DONE locally.
[21:57:42.136]   info   [GS]       Skipped 9 duplicate messages..
[21:57:42.136]   info   [GS]       Phase 'INIT_B' is marked DONE locally.
[21:57:43.166]   info   [GS]       Skipped 9 duplicate messages..
[21:57:43.166]   info   [GS]       Phase 'INIT_B' is marked DONE locally.
[21:57:44.191]   info   [GS]       Skipped 9 duplicate messages..
[21:57:44.191]   info   [GS]       Phase 'INIT_B' is marked DONE locally.
[21:57:45.223]   info   [GS]       Skipped 9 duplicate messages..
[21:57:45.223]   info   [GS]       Phase 'INIT_B' is marked DONE locally.
[21:57:46.253]   info   [GS]       Skipped 9 duplicate messages..
[21:57:46.253]   info   [GS]       Phase 'INIT_B' is marked DONE locally.
[21:57:47.289]   info   [GS]       Skipped 9 duplicate messages..
[21:57:47.289]   info   [GS]       Phase 'INIT_B' is marked DONE locally.
[21:57:48.327]   info   [GS]       Skipped 9 duplicate messages..
[21:57:48.327]   info   [GS]       Phase 'INIT_B' is marked DONE locally.
[21:57:49.356]   info   [GS]       Skipped 9 duplicate messages..
[21:57:49.356]   info   [GS]       Phase 'INIT_B' is marked DONE locally.
[21:57:50.393]   info   [GS]       Skipped 9 duplicate messages..
[21:57:50.393]   info   [GS]       Phase 'INIT_B' is marked DONE locally.
[21:57:51.445]   info   [GS]       Skipped 9 duplicate messages..
[21:57:51.445]   info   [GS]       Phase 'INIT_B' is marked DONE locally.
[21:57:52.491]   info   [GS]       Skipped 9 duplicate messages..
[21:57:52.491]   info   [GS]       Phase 'INIT_B' is marked DONE locally.
[21:57:53.522]   info   [GS]       Skipped 9 duplicate messages..
[21:57:53.522]   info   [GS]       Phase 'INIT_B' is marked DONE locally.
[21:57:54.553]   info   [GS]       Skipped 9 duplicate messages..
[21:57:54.553]   info   [GS]       Phase 'INIT_B' is marked DONE locally.
[21:57:55.585]   info   [GS]       Skipped 9 duplicate messages..
[21:57:55.585]   info   [GS]       Phase 'INIT_B' is marked DONE locally.
[21:57:56.626]   info   [GS]       Skipped 9 duplicate messages..
[21:57:56.626]   info   [GS]       Phase 'INIT_B' is marked DONE locally.
[21:57:57.666]   info   [GS]       Skipped 9 duplicate messages..
[21:57:57.666]   info   [GS]       Phase 'INIT_B' is marked DONE locally.
[21:57:58.695]   info   [GS]       Skipped 9 duplicate messages..
[21:57:58.695]   info   [GS]       Phase 'INIT_B' is marked DONE locally.
[21:57:59.728]   info   [GS]       Skipped 9 duplicate messages..
[21:57:59.728]   info   [GS]       Phase 'INIT_B' is marked DONE locally.
[21:58:00.767]   info   [GS]       Skipped 9 duplicate messages..
[21:58:00.767]   info   [GS]       Phase 'INIT_B' is marked DONE locally.
[21:58:01.800]   info   [GS]       Skipped 9 duplicate messages..
[21:58:01.800]   info   [GS]       Phase 'INIT_B' is marked DONE locally.
[21:58:02.835]   info   [GS]       Skipped 9 duplicate messages..
[21:58:02.835]   info   [GS]       Phase 'INIT_B' is marked DONE locally.
[21:58:03.876]   info   [GS]       Skipped 9 duplicate messages..
[21:58:03.876]   info   [GS]       Phase 'INIT_B' is marked DONE locally.
[21:58:04.907]   info   [GS]       Skipped 9 duplicate messages..
[21:58:04.907]   info   [GS]       Phase 'INIT_B' is marked DONE locally.
[21:58:05.955]   info   [GS]       Skipped 9 duplicate messages..
[21:58:05.955]   info   [GS]       Phase 'INIT_B' is marked DONE locally.
[21:58:06.995]   info   [GS]       Skipped 9 duplicate messages..
[21:58:06.995]   info   [GS]       Phase 'INIT_B' is marked DONE locally.
[21:58:08.035]   info   [GS]       Skipped 9 duplicate messages..
[21:58:08.035]   info   [GS]       Phase 'INIT_B' is marked DONE locally.
[21:58:09.074]   info   [GS]       Skipped 9 duplicate messages..
[21:58:09.074]   info   [GS]       Phase 'INIT_B' is marked DONE locally.
[21:58:10.108]   info   [GS]       Skipped 9 duplicate messages..
[21:58:10.108]   info   [GS]       Phase 'INIT_B' is marked DONE locally.
[21:58:11.154]   info   [GS]       Skipped 9 duplicate messages..
[21:58:11.154]   info   [GS]       Phase 'INIT_B' is marked DONE locally.
[21:58:12.186]   info   [GS]       Skipped 9 duplicate messages..
[21:58:12.186]   info   [GS]       Phase 'INIT_B' is marked DONE locally.
[21:58:13.229]   info   [GS]       Skipped 9 duplicate messages..
[21:58:13.229]   info   [GS]       Phase 'INIT_B' is marked DONE locally.
[21:58:14.267]   info   [GS]       Skipped 9 duplicate messages..
[21:58:14.267]   info   [GS]       Phase 'INIT_B' is marked DONE locally.
[21:58:15.304]   info   [GS]       Skipped 9 duplicate messages..
[21:58:15.304]   info   [GS]       Phase 'INIT_B' is marked DONE locally.
[21:58:16.348]   info   [GS]       Skipped 9 duplicate messages..
[21:58:16.348]   info   [GS]       Phase 'INIT_B' is marked DONE locally.
[21:58:17.396]   info   [GS]       Skipped 9 duplicate messages..
[21:58:17.396]   info   [GS]       Phase 'INIT_B' is marked DONE locally.
[21:58:18.428]   info   [GS]       Skipped 9 duplicate messages..
[21:58:18.428]   info   [GS]       Phase 'INIT_B' is marked DONE locally.
[21:58:19.466]   info   [GS]       Skipped 9 duplicate messages..
[21:58:19.466]   info   [GS]       Phase 'INIT_B' is marked DONE locally.
[21:58:20.510]   info   [GS]       Skipped 9 duplicate messages..
[21:58:20.510]   info   [GS]       Phase 'INIT_B' is marked DONE locally.
[21:58:21.555]   info   [GS]       Skipped 9 duplicate messages..
[21:58:21.555]   info   [GS]       Phase 'INIT_B' is marked DONE locally.
[21:58:22.587]   info   [GS]       Skipped 9 duplicate messages..
[21:58:22.587]   info   [GS]       Phase 'INIT_B' is marked DONE locally.
[21:58:23.619]   info   [GS]       Skipped 9 duplicate messages..
[21:58:23.619]   info   [GS]       Phase 'INIT_B' is marked DONE locally.
[21:58:24.652]   info   [GS]       Skipped 9 duplicate messages..
[21:58:24.652]   info   [GS]       Phase 'INIT_B' is marked DONE locally.
[21:58:25.686]   info   [GS]       Skipped 9 duplicate messages..
[21:58:25.686]   info   [GS]       Phase 'INIT_B' is marked DONE locally.
[21:58:26.719]   info   [GS]       Skipped 9 duplicate messages..
[21:58:26.719]   info   [GS]       Phase 'INIT_B' is marked DONE locally.
[21:58:27.751]   info   [GS]       Skipped 9 duplicate messages..
[21:58:27.751]   info   [GS]       Phase 'INIT_B' is marked DONE locally.
[21:58:28.786]   info   [GS]       Skipped 9 duplicate messages..
[21:58:28.786]   info   [GS]       Phase 'INIT_B' is marked DONE locally.
[21:58:29.817]   info   [GS]       Skipped 9 duplicate messages..
[21:58:29.817]   info   [GS]       Phase 'INIT_B' is marked DONE locally.
[21:58:30.856]   info   [GS]       Skipped 9 duplicate messages..
[21:58:30.856]   info   [GS]       Phase 'INIT_B' is marked DONE locally.
[21:58:31.891]   info   [GS]       Skipped 9 duplicate messages..
[21:58:31.891]   info   [GS]       Phase 'INIT_B' is marked DONE locally.
[21:58:32.928]   info   [GS]       Skipped 9 duplicate messages..
[21:58:32.928]   info   [GS]       Phase 'INIT_B' is marked DONE locally.
[21:58:33.968]   info   [GS]       Skipped 9 duplicate messages..
[21:58:33.967]   info   [GS]       Phase 'INIT_B' is marked DONE locally.
[21:58:35.002]   info   [GS]       Skipped 9 duplicate messages..
[21:58:35.002]   info   [GS]       Phase 'INIT_B' is marked DONE locally.
[21:58:36.043]   info   [GS]       Skipped 9 duplicate messages..
[21:58:36.043]   info   [GS]       Phase 'INIT_B' is marked DONE locally.
[21:58:37.077]   info   [GS]       Skipped 9 duplicate messages..
[21:58:37.077]   info   [GS]       Phase 'INIT_B' is marked DONE locally.
[21:58:38.122]   info   [GS]       Skipped 9 duplicate messages..
[21:58:38.122]   info   [GS]       Phase 'INIT_B' is marked DONE locally.
[21:58:39.159]   info   [GS]       Skipped 9 duplicate messages..
[21:58:39.159]   info   [GS]       Phase 'INIT_B' is marked DONE locally.
[21:58:40.190]   info   [GS]       Skipped 9 duplicate messages..
[21:58:40.190]   info   [GS]       Phase 'INIT_B' is marked DONE locally.
[21:58:41.223]   info   [GS]       Skipped 9 duplicate messages..
[21:58:41.223]   info   [GS]       Phase 'INIT_B' is marked DONE locally.
[21:58:42.264]   info   [GS]       Skipped 9 duplicate messages..
[21:58:42.264]   info   [GS]       Phase 'INIT_B' is marked DONE locally.
[21:58:43.290]   info   [GS]       Skipped 9 duplicate messages..
[21:58:43.290]   info   [GS]       Phase 'INIT_B' is marked DONE locally.
[21:58:44.333]   info   [GS]       Skipped 9 duplicate messages..
[21:58:44.333]   info   [GS]       Phase 'INIT_B' is marked DONE locally.
[21:58:45.364]   info   [GS]       Skipped 9 duplicate messages..
[21:58:45.364]   info   [GS]       Phase 'INIT_B' is marked DONE locally.
[21:58:46.412]   info   [GS]       Skipped 9 duplicate messages..
[21:58:46.412]   info   [GS]       Phase 'INIT_B' is marked DONE locally.
[21:58:47.458]   info   [GS]       Skipped 9 duplicate messages..
[21:58:47.458]   info   [GS]       Phase 'INIT_B' is marked DONE locally.
[21:58:48.498]   info   [GS]       Skipped 9 duplicate messages..
[21:58:48.497]   info   [GS]       Phase 'INIT_B' is marked DONE locally.
[21:58:49.533]   info   [GS]       Skipped 9 duplicate messages..
[21:58:49.533]   info   [GS]       Phase 'INIT_B' is marked DONE locally.
[21:58:50.571]   info   [GS]       Skipped 9 duplicate messages..
[21:58:50.571]   info   [GS]       Phase 'INIT_B' is marked DONE locally.
[21:58:51.612]   info   [GS]       Skipped 9 duplicate messages..
[21:58:51.612]   info   [GS]       Phase 'INIT_B' is marked DONE locally.
[21:58:52.642]   info   [GS]       Skipped 9 duplicate messages..
[21:58:52.642]   info   [GS]       Phase 'INIT_B' is marked DONE locally.
[21:58:53.686]   info   [GS]       Skipped 9 duplicate messages..
[21:58:53.686]   info   [GS]       Phase 'INIT_B' is marked DONE locally.
[21:58:54.726]   info   [GS]       Skipped 9 duplicate messages..
[21:58:54.726]   info   [GS]       Phase 'INIT_B' is marked DONE locally.
[21:58:55.767]   info   [GS]       Skipped 9 duplicate messages..
[21:58:55.765]   info   [GS]       Phase 'INIT_B' is marked DONE locally.
[21:58:56.794]   info   [GS]       Skipped 9 duplicate messages..
[21:58:56.793]   info   [GS]       Phase 'INIT_B' is marked DONE locally.
[21:58:57.832]   info   [GS]       Skipped 9 duplicate messages..
[21:58:57.832]   info   [GS]       Phase 'INIT_B' is marked DONE locally.
[21:58:58.875]   info   [GS]       Skipped 9 duplicate messages..
[21:58:58.875]   info   [GS]       Phase 'INIT_B' is marked DONE locally.
[21:58:59.911]   info   [GS]       Skipped 9 duplicate messages..
[21:58:59.911]   info   [GS]       Phase 'INIT_B' is marked DONE locally.
[21:59:00.952]   info   [GS]       Skipped 9 duplicate messages..
[21:59:00.952]   info   [GS]       Phase 'INIT_B' is marked DONE locally.
[21:59:01.994]   info   [GS]       Skipped 9 duplicate messages..
[21:59:01.994]   info   [GS]       Phase 'INIT_B' is marked DONE locally.
[21:59:03.028]   info   [GS]       Skipped 9 duplicate messages..
[21:59:03.027]   info   [GS]       Phase 'INIT_B' is marked DONE locally.
[21:59:04.061]   info   [GS]       Skipped 9 duplicate messages..
[21:59:04.061]   info   [GS]       Phase 'INIT_B' is marked DONE locally.
[21:59:05.103]   info   [GS]       Skipped 9 duplicate messages..
[21:59:05.103]   info   [GS]       Phase 'INIT_B' is marked DONE locally.
[21:59:06.137]   info   [GS]       Skipped 9 duplicate messages..
[21:59:06.137]   info   [GS]       Phase 'INIT_B' is marked DONE locally.
[21:59:07.171]   info   [GS]       Skipped 9 duplicate messages..
[21:59:07.171]   info   [GS]       Phase 'INIT_B' is marked DONE locally.
[21:59:08.208]   info   [GS]       Skipped 9 duplicate messages..
[21:59:08.207]   info   [GS]       Phase 'INIT_B' is marked DONE locally.
[21:59:09.257]   info   [GS]       Skipped 9 duplicate messages..
[21:59:09.257]   info   [GS]       Phase 'INIT_B' is marked DONE locally.
[21:59:10.291]   info   [GS]       Skipped 9 duplicate messages..
[21:59:10.291]   info   [GS]       Phase 'INIT_B' is marked DONE locally.
[21:59:11.336]   info   [GS]       Skipped 9 duplicate messages..
[21:59:11.336]   info   [GS]       Phase 'INIT_B' is marked DONE locally.
[21:59:12.382]   info   [GS]       Skipped 9 duplicate messages..
[21:59:12.382]   info   [GS]       Phase 'INIT_B' is marked DONE locally.
[21:59:13.418]   info   [GS]       Skipped 9 duplicate messages..
[21:59:13.418]   info   [GS]       Phase 'INIT_B' is marked DONE locally.
[21:59:14.466]   info   [GS]       Skipped 9 duplicate messages..
[21:59:14.466]   info   [GS]       Phase 'INIT_B' is marked DONE locally.
[21:59:15.505]   info   [GS]       Skipped 9 duplicate messages..
[21:59:15.505]   info   [GS]       Phase 'INIT_B' is marked DONE locally.
[21:59:16.551]   info   [GS]       Skipped 9 duplicate messages..
[21:59:16.551]   info   [GS]       Phase 'INIT_B' is marked DONE locally.
[21:59:17.579]   info   [GS]       Skipped 9 duplicate messages..
[21:59:17.579]   info   [GS]       Phase 'INIT_B' is marked DONE locally.
[21:59:18.617]   info   [GS]       Skipped 9 duplicate messages..
[21:59:18.617]   info   [GS]       Phase 'INIT_B' is marked DONE locally.
[21:59:19.650]   info   [GS]       Skipped 9 duplicate messages..
[21:59:19.650]   info   [GS]       Phase 'INIT_B' is marked DONE locally.
[21:59:20.682]   info   [GS]       Skipped 9 duplicate messages..
[21:59:20.682]   info   [GS]       Phase 'INIT_B' is marked DONE locally.
[21:59:21.712]   info   [GS]       Skipped 9 duplicate messages..
[21:59:21.712]   info   [GS]       Phase 'INIT_B' is marked DONE locally.
[21:59:22.748]   info   [GS]       Skipped 9 duplicate messages..
[21:59:22.748]   info   [GS]       Phase 'INIT_B' is marked DONE locally.
[21:59:23.784]   info   [GS]       Skipped 9 duplicate messages..
[21:59:23.784]   info   [GS]       Phase 'INIT_B' is marked DONE locally.
[21:59:24.827]   info   [GS]       Skipped 9 duplicate messages..
[21:59:24.827]   info   [GS]       Phase 'INIT_B' is marked DONE locally.
[21:59:25.869]   info   [GS]       Skipped 9 duplicate messages..
[21:59:25.869]   info   [GS]       Phase 'INIT_B' is marked DONE locally.
[21:59:26.910]   info   [GS]       Skipped 9 duplicate messages..
[21:59:26.910]   info   [GS]       Phase 'INIT_B' is marked DONE locally.
[21:59:27.949]   info   [GS]       Skipped 9 duplicate messages..
[21:59:27.949]   info   [GS]       Phase 'INIT_B' is marked DONE locally.
[21:59:28.987]   info   [GS]       Skipped 9 duplicate messages..
[21:59:28.987]   info   [GS]       Phase 'INIT_B' is marked DONE locally.
[21:59:30.038]   info   [GS]       Skipped 9 duplicate messages..
[21:59:30.038]   info   [GS]       Phase 'INIT_B' is marked DONE locally.
[21:59:31.088]   info   [GS]       Skipped 9 duplicate messages..
[21:59:31.088]   info   [GS]       Phase 'INIT_B' is marked DONE locally.
[21:59:32.120]   info   [GS]       Skipped 9 duplicate messages..
[21:59:32.120]   info   [GS]       Phase 'INIT_B' is marked DONE locally.
[21:59:33.149]   info   [GS]       Skipped 9 duplicate messages..
[21:59:33.149]   info   [GS]       Phase 'INIT_B' is marked DONE locally.
[21:59:34.175]   info   [GS]       Skipped 9 duplicate messages..
[21:59:34.175]   info   [GS]       Phase 'INIT_B' is marked DONE locally.
[21:59:35.201]   info   [GS]       Skipped 9 duplicate messages..
[21:59:35.201]   info   [GS]       Phase 'INIT_B' is marked DONE locally.
[21:59:36.236]   info   [GS]       Skipped 9 duplicate messages..
[21:59:36.236]   info   [GS]       Phase 'INIT_B' is marked DONE locally.
[21:59:37.275]   info   [GS]       Skipped 9 duplicate messages..
[21:59:37.275]   info   [GS]       Phase 'INIT_B' is marked DONE locally.
[21:59:38.302]   info   [GS]       Skipped 9 duplicate messages..
[21:59:38.302]   info   [GS]       Phase 'INIT_B' is marked DONE locally.
[21:59:39.344]   info   [GS]       Skipped 9 duplicate messages..
[21:59:39.344]   info   [GS]       Phase 'INIT_B' is marked DONE locally.
[21:59:40.382]   info   [GS]       Skipped 9 duplicate messages..
[21:59:40.382]   info   [GS]       Phase 'INIT_B' is marked DONE locally.
[21:59:41.420]   info   [GS]       Skipped 9 duplicate messages..
[21:59:41.420]   info   [GS]       Phase 'INIT_B' is marked DONE locally.
