[06:28:18.771]   info   [SERVER]   successfully created TableState
[06:28:18.771]   info   [SERVER]   successfully created PhaseState
[06:28:18.772]   info   [SERVER]   successfully created Config (GameState Config)
[06:28:18.772]   info   [SERVER]   listening on: 172.17.0.3:3000
[06:29:05.354]   info   [SERVER]   accepted connection from 172.17.0.2:33708
[06:29:05.365]   info   [GS]       get next best phase: bot_a
[06:29:05.366]  trace   [GS]       skipped phase CLEAR_DECK because agent is not allowed
[06:29:05.366]  trace   [GS]       updating phase CLEAR_DECK...
[06:29:05.366]  trace   [GS]       phase status CLEAR_DECK: 0
[06:29:05.366]   info   [GS]       potential of phase CLEAR_DECK: 0
[06:29:05.366]   info   [GS]       score of phase CLEAR_DECK: 48.5
[06:29:05.366]  trace   [GS]       skipped phase INIT_B because agent is not allowed
[06:29:05.366]  trace   [GS]       skipped phase LONG_TASK because agent is not allowed
[06:29:05.366]  trace   [GS]       updating phase LONG_TASK...
[06:29:05.366]  trace   [GS]       phase status LONG_TASK: 0
[06:29:05.366]   info   [GS]       potential of phase LONG_TASK: 0
[06:29:05.367]   info   [GS]       score of phase LONG_TASK: 50
[06:29:05.367]  trace   [GS]       skipped phase WAIT_FOR_INIT because agent is not allowed
[06:29:05.367]  trace   [GS]       updating phase WAIT_FOR_INIT...
[06:29:05.367]  trace   [GS]       phase status WAIT_FOR_INIT: 1
[06:29:05.367]  trace   [GS]       skipped phase WAIT_FOR_INIT because it is not open
[06:29:05.367]   info   [GS]       selected phase LONG_TASK as next phase
[06:29:05.367]  debug   [GS]       Received update: {"init_b":true}
[06:29:05.377]   info   [GS]       get next best phase: bot_a
[06:29:05.378]  trace   [GS]       skipped phase CLEAR_DECK because agent is not allowed
[06:29:05.378]  trace   [GS]       updating phase CLEAR_DECK...
[06:29:05.378]  trace   [GS]       phase status CLEAR_DECK: 0
[06:29:05.378]   info   [GS]       potential of phase CLEAR_DECK: 0
[06:29:05.378]   info   [GS]       score of phase CLEAR_DECK: 48.5
[06:29:05.378]  trace   [GS]       skipped phase INIT_B because agent is not allowed
[06:29:05.378]  trace   [GS]       skipped phase WAIT_FOR_INIT because agent is not allowed
[06:29:05.378]  trace   [GS]       updating phase WAIT_FOR_INIT...
[06:29:05.378]   info   [GS]       unlocked phase WAIT_FOR_INIT
[06:29:05.379]  trace   [GS]       phase status WAIT_FOR_INIT: 0
[06:29:05.379]   info   [GS]       potential of phase WAIT_FOR_INIT: 0
[06:29:05.379]   info   [GS]       score of phase WAIT_FOR_INIT: 23.5
[06:29:05.379]   info   [GS]       selected phase CLEAR_DECK as next phase
[06:29:05.390]   info   [GS]       get next best phase: bot_a
[06:29:05.391]  trace   [GS]       skipped phase INIT_B because agent is not allowed
[06:29:05.391]  trace   [GS]       skipped phase WAIT_FOR_INIT because agent is not allowed
[06:29:05.391]  trace   [GS]       updating phase WAIT_FOR_INIT...
[06:29:05.391]  trace   [GS]       phase status WAIT_FOR_INIT: 0
[06:29:05.391]   info   [GS]       potential of phase WAIT_FOR_INIT: 0
[06:29:05.391]   info   [GS]       score of phase WAIT_FOR_INIT: 23.5
[06:29:05.391]   info   [GS]       selected phase WAIT_FOR_INIT as next phase
[06:29:05.403]   info   [GS]       get next best phase: bot_a
[06:29:05.403]  trace   [GS]       skipped phase INIT_B because agent is not allowed
[06:29:05.403]   info   [GS]       no more phases to execute
[06:29:05.403]   info   [GS]       No more phases for bot_a. Exiting.
