[14:38:17.123]   info   [SERVER]   successfully created TableState
[14:38:17.124]   info   [SERVER]   successfully created PhaseState
[14:38:17.125]   info   [SERVER]   successfully created Config (GameState Config)
[14:38:17.126]   info   [SERVER]   listening on: 172.17.0.3:3000
[14:38:35.166]   info   [SERVER]   accepted connection from 172.17.0.2:60578
[14:38:35.167]   info   [GS]       phase 'INIT_A' done
[14:38:35.168]   info   [GS]       get next best phase: bot_a
[14:38:35.168]  trace   [GS]       skipped phase CLEAR_DECK because agent is not allowed
[14:38:35.168]  trace   [GS]       updating phase CLEAR_DECK...
[14:38:35.168]  trace   [GS]       phase status CLEAR_DECK: 0
[14:38:35.168]   info   [GS]       potential of phase CLEAR_DECK: 0
[14:38:35.168]   info   [GS]       score of phase CLEAR_DECK: 48.5
[14:38:35.169]  trace   [GS]       skipped phase INIT_B because agent is not allowed
[14:38:35.169]  trace   [GS]       skipped phase LONG_TASK because agent is not allowed
[14:38:35.169]  trace   [GS]       updating phase LONG_TASK...
[14:38:35.169]  trace   [GS]       phase status LONG_TASK: 0
[14:38:35.169]   info   [GS]       potential of phase LONG_TASK: 0
[14:38:35.170]   info   [GS]       score of phase LONG_TASK: 50
[14:38:35.170]  trace   [GS]       skipped phase WAIT_FOR_INIT because agent is not allowed
[14:38:35.170]  trace   [GS]       updating phase WAIT_FOR_INIT...
[14:38:35.170]  trace   [GS]       phase status WAIT_FOR_INIT: 1
[14:38:35.170]  trace   [GS]       skipped phase WAIT_FOR_INIT because it is not open
[14:38:35.170]   info   [GS]       selected phase LONG_TASK as next phase
[14:38:35.171]   info   [GS]       executing phase LONG_TASK
[14:38:35.173]   info   [GS]       phase 'LONG_TASK' done
[14:38:35.173]   info   [GS]       get next best phase: bot_a
[14:38:35.173]  trace   [GS]       skipped phase CLEAR_DECK because agent is not allowed
[14:38:35.173]  trace   [GS]       updating phase CLEAR_DECK...
[14:38:35.173]  trace   [GS]       phase status CLEAR_DECK: 0
[14:38:35.173]   info   [GS]       potential of phase CLEAR_DECK: 0
[14:38:35.174]   info   [GS]       score of phase CLEAR_DECK: 48.5
[14:38:35.174]  trace   [GS]       skipped phase INIT_B because agent is not allowed
[14:38:35.174]  trace   [GS]       skipped phase WAIT_FOR_INIT because agent is not allowed
[14:38:35.174]  trace   [GS]       updating phase WAIT_FOR_INIT...
[14:38:35.174]  trace   [GS]       phase status WAIT_FOR_INIT: 1
[14:38:35.174]  trace   [GS]       skipped phase WAIT_FOR_INIT because it is not open
[14:38:35.174]   info   [GS]       selected phase CLEAR_DECK as next phase
[14:38:35.174]   info   [GS]       executing phase CLEAR_DECK
[14:38:35.175]   info   [GS]       phase 'CLEAR_DECK' done
[14:38:35.175]   info   [GS]       get next best phase: bot_a
[14:38:35.175]  trace   [GS]       skipped phase INIT_B because agent is not allowed
[14:38:35.175]  trace   [GS]       skipped phase WAIT_FOR_INIT because agent is not allowed
[14:38:35.175]  trace   [GS]       updating phase WAIT_FOR_INIT...
[14:38:35.175]  trace   [GS]       phase status WAIT_FOR_INIT: 1
[14:38:35.175]  trace   [GS]       skipped phase WAIT_FOR_INIT because it is not open
[14:38:35.175]   info   [GS]       no more phases to execute
[14:38:35.176]   info   [GS]       joining listening thread...
