[07:22:27.027]   info   [SERVER]   successfully created TableState
[07:22:27.027]   info   [SERVER]   successfully created PhaseState
[07:22:27.028]   info   [SERVER]   successfully created Config (GameState Config)
[07:22:27.028]   info   [SERVER]   listening on: 172.17.0.2:3000
[07:22:57.370]   info   [SERVER]   accepted connection from 172.17.0.3:50048
[07:22:57.381]   info   [GS]       get next best phase: bot_a
[07:22:57.382]  trace   [GS]       skipped phase CLEAR_DECK because agent is not allowed
[07:22:57.382]  trace   [GS]       updating phase CLEAR_DECK...
[07:22:57.382]  trace   [GS]       phase status CLEAR_DECK: 0
[07:22:57.382]   info   [GS]       potential of phase CLEAR_DECK: 0
[07:22:57.383]   info   [GS]       score of phase CLEAR_DECK: 48.5
[07:22:57.384]  trace   [GS]       skipped phase INIT_B because agent is not allowed
[07:22:57.384]  trace   [GS]       skipped phase LONG_TASK because agent is not allowed
[07:22:57.384]  trace   [GS]       updating phase LONG_TASK...
[07:22:57.384]  trace   [GS]       phase status LONG_TASK: 0
[07:22:57.384]   info   [GS]       potential of phase LONG_TASK: 0
[07:22:57.385]   info   [GS]       score of phase LONG_TASK: 50
[07:22:57.386]  trace   [GS]       skipped phase WAIT_FOR_INIT because agent is not allowed
[07:22:57.386]  trace   [GS]       updating phase WAIT_FOR_INIT...
[07:22:57.386]  trace   [GS]       phase status WAIT_FOR_INIT: 1
[07:22:57.386]  trace   [GS]       skipped phase WAIT_FOR_INIT because it is not open
[07:22:57.386]   info   [GS]       selected phase LONG_TASK as next phase
[07:22:57.387]  debug   [GS]       Received update: {"init_b":true}
[07:22:57.397]   info   [GS]       get next best phase: bot_a
[07:22:57.398]  trace   [GS]       skipped phase CLEAR_DECK because agent is not allowed
[07:22:57.398]  trace   [GS]       updating phase CLEAR_DECK...
[07:22:57.398]  trace   [GS]       phase status CLEAR_DECK: 0
[07:22:57.398]   info   [GS]       potential of phase CLEAR_DECK: 0
[07:22:57.398]   info   [GS]       score of phase CLEAR_DECK: 48.5
[07:22:57.398]  trace   [GS]       skipped phase INIT_B because agent is not allowed
[07:22:57.398]  trace   [GS]       skipped phase WAIT_FOR_INIT because agent is not allowed
[07:22:57.398]  trace   [GS]       updating phase WAIT_FOR_INIT...
[07:22:57.398]   info   [GS]       unlocked phase WAIT_FOR_INIT
[07:22:57.399]  trace   [GS]       phase status WAIT_FOR_INIT: 0
[07:22:57.399]   info   [GS]       potential of phase WAIT_FOR_INIT: 0
[07:22:57.399]   info   [GS]       score of phase WAIT_FOR_INIT: 23.5
[07:22:57.400]   info   [GS]       selected phase CLEAR_DECK as next phase
[07:22:57.410]   info   [GS]       get next best phase: bot_a
[07:22:57.411]  trace   [GS]       skipped phase INIT_B because agent is not allowed
[07:22:57.411]  trace   [GS]       skipped phase WAIT_FOR_INIT because agent is not allowed
[07:22:57.411]  trace   [GS]       updating phase WAIT_FOR_INIT...
[07:22:57.411]  trace   [GS]       phase status WAIT_FOR_INIT: 0
[07:22:57.411]   info   [GS]       potential of phase WAIT_FOR_INIT: 0
[07:22:57.411]   info   [GS]       score of phase WAIT_FOR_INIT: 23.5
[07:22:57.411]   info   [GS]       selected phase WAIT_FOR_INIT as next phase
[07:22:57.422]   info   [GS]       get next best phase: bot_a
[07:22:57.423]  trace   [GS]       skipped phase INIT_B because agent is not allowed
[07:22:57.423]   info   [GS]       no more phases to execute
[07:22:57.423]   info   [GS]       No more phases for bot_a. Exiting.
[07:22:59.145]  error   [GS]       Listener error: [json.exception.parse_error.101] parse error at line 1, column 1: syntax error while parsing value - unexpected end of input; expected '[', '{', or a literal
[07:22:59.151]   info   [GS]       stopping listening thread...
