[13:36:59.106]   info   [SERVER]   successfully created TableState
[13:36:59.107]   info   [SERVER]   successfully created PhaseState
[13:36:59.108]   info   [SERVER]   successfully created Config (GameState Config)
[13:36:59.112]   info   [SERVER]   listening on: 172.17.0.3:3000
[13:37:14.026]   info   [SERVER]   accepted connection from 172.17.0.2:46008
[13:37:14.027]   info   [GS]       phase 'INIT_A' done
[13:37:14.027]   info   [GS]       get next best phase: bot_a
[13:37:14.028]  trace   [GS]       skipped phase CLEAR_DECK because agent is not allowed
[13:37:14.028]  trace   [GS]       updating phase CLEAR_DECK...
[13:37:14.028]  trace   [GS]       phase status CLEAR_DECK: 0
[13:37:14.028]   info   [GS]       potential of phase CLEAR_DECK: 0
[13:37:14.029]   info   [GS]       score of phase CLEAR_DECK: 48.5
[13:37:14.029]  trace   [GS]       skipped phase INIT_B because agent is not allowed
[13:37:14.029]  trace   [GS]       skipped phase LONG_TASK because agent is not allowed
[13:37:14.029]  trace   [GS]       updating phase LONG_TASK...
[13:37:14.029]  trace   [GS]       phase status LONG_TASK: 0
[13:37:14.029]   info   [GS]       potential of phase LONG_TASK: 0
[13:37:14.030]   info   [GS]       score of phase LONG_TASK: 50
[13:37:14.030]  trace   [GS]       skipped phase WAIT_FOR_INIT because agent is not allowed
[13:37:14.030]  trace   [GS]       updating phase WAIT_FOR_INIT...
[13:37:14.030]  trace   [GS]       phase status WAIT_FOR_INIT: 1
[13:37:14.030]  trace   [GS]       skipped phase WAIT_FOR_INIT because it is not open
[13:37:14.030]   info   [GS]       selected phase LONG_TASK as next phase
[13:37:14.030]   info   [GS]       executing phase LONG_TASK
[13:37:14.031]   info   [GS]       phase 'LONG_TASK' done
[13:37:14.031]   info   [GS]       get next best phase: bot_a
[13:37:14.031]  trace   [GS]       skipped phase CLEAR_DECK because agent is not allowed
[13:37:14.031]  trace   [GS]       updating phase CLEAR_DECK...
[13:37:14.031]  trace   [GS]       phase status CLEAR_DECK: 0
[13:37:14.031]   info   [GS]       potential of phase CLEAR_DECK: 0
[13:37:14.032]   info   [GS]       score of phase CLEAR_DECK: 48.5
[13:37:14.033]  trace   [GS]       skipped phase INIT_B because agent is not allowed
[13:37:14.033]  trace   [GS]       skipped phase WAIT_FOR_INIT because agent is not allowed
[13:37:14.033]  trace   [GS]       updating phase WAIT_FOR_INIT...
[13:37:14.033]  trace   [GS]       phase status WAIT_FOR_INIT: 1
[13:37:14.033]  trace   [GS]       skipped phase WAIT_FOR_INIT because it is not open
[13:37:14.033]   info   [GS]       selected phase CLEAR_DECK as next phase
[13:37:14.034]   info   [GS]       executing phase CLEAR_DECK
[13:37:14.035]   info   [GS]       phase 'CLEAR_DECK' done
[13:37:14.035]   info   [GS]       get next best phase: bot_a
[13:37:14.035]  trace   [GS]       skipped phase INIT_B because agent is not allowed
[13:37:14.035]  trace   [GS]       skipped phase WAIT_FOR_INIT because agent is not allowed
[13:37:14.035]  trace   [GS]       updating phase WAIT_FOR_INIT...
[13:37:14.035]  trace   [GS]       phase status WAIT_FOR_INIT: 1
[13:37:14.035]  trace   [GS]       skipped phase WAIT_FOR_INIT because it is not open
[13:37:14.035]   info   [GS]       no more phases to execute
