[19:33:00.133]   info   [SERVER]   successfully created TableState
[19:33:00.134]   info   [SERVER]   successfully created PhaseState
[19:33:00.135]   info   [SERVER]   successfully created Config (GameState Config)
[19:33:00.136]   info   [SERVER]   listening on: 172.17.0.3:3000
[19:33:33.808]   info   [SERVER]   accepted connection from 172.17.0.2:33550
[19:33:33.809]   info   [GS]       phase 'INIT_A' done
[19:33:33.809]   info   [GS]       get next best phase: bot_a
[19:33:33.810]  trace   [GS]       skipped phase CLEAR_DECK because agent is not allowed
[19:33:33.811]  trace   [GS]       updating phase CLEAR_DECK...
[19:33:33.811]  trace   [GS]       phase status CLEAR_DECK: 0
[19:33:33.811]   info   [GS]       potential of phase CLEAR_DECK: 0
[19:33:33.812]   info   [GS]       score of phase CLEAR_DECK: 48.5
[19:33:33.813]  trace   [GS]       skipped phase INIT_B because agent is not allowed
[19:33:33.813]  trace   [GS]       skipped phase LONG_TASK because agent is not allowed
[19:33:33.813]  trace   [GS]       updating phase LONG_TASK...
[19:33:33.813]  trace   [GS]       phase status LONG_TASK: 0
[19:33:33.813]   info   [GS]       potential of phase LONG_TASK: 0
[19:33:33.814]   info   [GS]       score of phase LONG_TASK: 50
[19:33:33.814]  trace   [GS]       skipped phase WAIT_FOR_INIT because agent is not allowed
[19:33:33.814]  trace   [GS]       updating phase WAIT_FOR_INIT...
[19:33:33.814]  trace   [GS]       phase status WAIT_FOR_INIT: 1
[19:33:33.814]  trace   [GS]       skipped phase WAIT_FOR_INIT because it is not open
[19:33:33.814]   info   [GS]       selected phase LONG_TASK as next phase
[19:33:33.815]   info   [GS]       executing phase LONG_TASK
[19:33:33.816]   info   [GS]       phase 'LONG_TASK' done
