[14:06:59.724]   info   [SERVER]   successfully created TableState
[14:06:59.725]   info   [SERVER]   successfully created PhaseState
[14:06:59.727]   info   [SERVER]   successfully created Config (GameState Config)
[14:06:59.727]   info   [SERVER]   listening on: 172.17.0.3:3000
[14:07:35.794]   info   [SERVER]   accepted connection from 172.17.0.2:38950
[14:07:35.794]   info   [GS]       phase 'INIT_A' done
[14:07:35.795]   info   [GS]       get next best phase: bot_a
[14:07:35.795]  trace   [GS]       skipped phase CLEAR_DECK because agent is not allowed
[14:07:35.795]  trace   [GS]       updating phase CLEAR_DECK...
[14:07:35.795]  trace   [GS]       phase status CLEAR_DECK: 0
[14:07:35.795]   info   [GS]       potential of phase CLEAR_DECK: 0
[14:07:35.796]   info   [GS]       score of phase CLEAR_DECK: 48.5
[14:07:35.796]  trace   [GS]       skipped phase INIT_B because agent is not allowed
[14:07:35.796]  trace   [GS]       skipped phase LONG_TASK because agent is not allowed
[14:07:35.796]  trace   [GS]       updating phase LONG_TASK...
[14:07:35.796]  trace   [GS]       phase status LONG_TASK: 0
[14:07:35.796]   info   [GS]       potential of phase LONG_TASK: 0
[14:07:35.797]   info   [GS]       score of phase LONG_TASK: 50
[14:07:35.798]  trace   [GS]       skipped phase WAIT_FOR_INIT because agent is not allowed
[14:07:35.798]  trace   [GS]       updating phase WAIT_FOR_INIT...
[14:07:35.798]  trace   [GS]       phase status WAIT_FOR_INIT: 1
[14:07:35.798]  trace   [GS]       skipped phase WAIT_FOR_INIT because it is not open
[14:07:35.798]   info   [GS]       selected phase LONG_TASK as next phase
[14:07:35.798]   info   [GS]       executing phase LONG_TASK
[14:07:35.799]   info   [GS]       phase 'LONG_TASK' done
[14:07:35.799]   info   [GS]       get next best phase: bot_a
[14:07:35.799]  trace   [GS]       skipped phase CLEAR_DECK because agent is not allowed
[14:07:35.799]  trace   [GS]       updating phase CLEAR_DECK...
[14:07:35.799]  trace   [GS]       phase status CLEAR_DECK: 0
[14:07:35.799]   info   [GS]       potential of phase CLEAR_DECK: 0
[14:07:35.800]   info   [GS]       score of phase CLEAR_DECK: 48.5
[14:07:35.800]  trace   [GS]       skipped phase INIT_B because agent is not allowed
[14:07:35.800]  trace   [GS]       skipped phase WAIT_FOR_INIT because agent is not allowed
[14:07:35.800]  trace   [GS]       updating phase WAIT_FOR_INIT...
[14:07:35.800]  trace   [GS]       phase status WAIT_FOR_INIT: 1
[14:07:35.800]  trace   [GS]       skipped phase WAIT_FOR_INIT because it is not open
[14:07:35.800]   info   [GS]       selected phase CLEAR_DECK as next phase
[14:07:35.800]   info   [GS]       executing phase CLEAR_DECK
[14:07:35.800]   info   [GS]       phase 'CLEAR_DECK' done
[14:07:35.801]   info   [GS]       get next best phase: bot_a
[14:07:35.801]  trace   [GS]       skipped phase INIT_B because agent is not allowed
[14:07:35.801]  trace   [GS]       skipped phase WAIT_FOR_INIT because agent is not allowed
[14:07:35.801]  trace   [GS]       updating phase WAIT_FOR_INIT...
[14:07:35.801]  trace   [GS]       phase status WAIT_FOR_INIT: 1
[14:07:35.801]  trace   [GS]       skipped phase WAIT_FOR_INIT because it is not open
[14:07:35.801]   info   [GS]       no more phases to execute
[14:07:35.801]   info   [GS]       joining listening thread...
