[13:42:00.250]   info   [CLIENT]   successfully created TableState
[13:42:00.250]   info   [CLIENT]   successfully created PhaseState
[13:42:00.251]   info   [CLIENT]   successfully created config (GameState config)
[13:42:00.251]   info   [GS]       Received update: {"init_a":true}
[13:42:00.251]   info   [GS]       get next best phase: bot_b
[13:42:00.252]  trace   [GS]       skipped phase CLEAR_DECK because agent is not allowed
[13:42:00.252]  trace   [GS]       skipped phase INIT_A because agent is not allowed
[13:42:00.252]  trace   [GS]       skipped phase LONG_TASK because agent is not allowed
[13:42:00.252]  trace   [GS]       skipped phase SOME_BOT_A because agent is not allowed
[13:42:00.252]  trace   [GS]       updating phase SOME_BOT_B...
[13:42:00.252]  trace   [GS]       phase status SOME_BOT_B: 0
[13:42:00.252]   info   [GS]       potential of phase SOME_BOT_B: 99
[13:42:00.252]   info   [GS]       score of phase SOME_BOT_B: 138.7
[13:42:00.252]  trace   [GS]       skipped phase WAIT_FOR_INIT because agent is not allowed
[13:42:00.252]   info   [GS]       selected phase SOME_BOT_B as next phase
[13:42:00.253]   info   [GS]       Received update phase [INIT_A]: DONE
[13:42:00.253]   info   [GS]       get next best phase: bot_b
[13:42:00.254]  trace   [GS]       skipped phase CLEAR_DECK because agent is not allowed
[13:42:00.254]  trace   [GS]       skipped phase INIT_A because agent is not allowed
[13:42:00.254]  trace   [GS]       skipped phase LONG_TASK because agent is not allowed
[13:42:00.254]  trace   [GS]       skipped phase SOME_BOT_A because agent is not allowed
[13:42:00.254]  trace   [GS]       skipped phase WAIT_FOR_INIT because agent is not allowed
[13:42:00.254]   info   [GS]       no more phases to execute
[13:42:00.254]   info   [GS]       Received update phase [SOME_BOT_A]: BLOCKED
[13:42:00.255]   info   [GS]       Received update phase [WAIT_FOR_INIT]: BLOCKED
[13:42:00.256]   info   [GS]       Received update: {"dummy":true}
[13:42:00.256]   info   [GS]       Received update phase [LONG_TASK]: DONE
[13:42:00.256]   info   [GS]       Received update: {"deck_cleared":true}
[13:42:00.296]   info   [GS]       Received update phase [CLEAR_DECK]: DONE
[13:42:00.297]   info   [GS]       Received update phase [WAIT_FOR_INIT]: OPEN
[13:42:00.297]   info   [GS]       Received update: {"dummy":true}
[13:42:00.298]   info   [GS]       Received update phase [WAIT_FOR_INIT]: DONE
[13:42:00.412]   info   [GS]       Received update phase [SOME_BOT_A]: OPEN
[13:42:00.413]   info   [GS]       Received update phase [SOME_BOT_A]: DONE
