[06:41:21.111]   info   [SERVER]   successfully created TableState
[06:41:21.113]   info   [SERVER]   successfully created PhaseState
[06:41:21.116]   info   [SERVER]   successfully created Config (GameState Config)
[06:41:21.117]   info   [SERVER]   listening on: 172.17.0.3:3000
[06:41:49.555]   info   [SERVER]   accepted connection from 172.17.0.4:40560
[06:41:49.566]   info   [GS]       get next best phase: bot_a
[06:41:49.567]  trace   [GS]       skipped phase CLEAR_DECK because agent is not allowed
[06:41:49.567]  trace   [GS]       updating phase CLEAR_DECK...
[06:41:49.567]  trace   [GS]       phase status CLEAR_DECK: 0
[06:41:49.567]   info   [GS]       potential of phase CLEAR_DECK: 0
[06:41:49.567]   info   [GS]       score of phase CLEAR_DECK: 48.5
[06:41:49.567]  trace   [GS]       skipped phase INIT_B because agent is not allowed
[06:41:49.567]  trace   [GS]       skipped phase LONG_TASK because agent is not allowed
[06:41:49.567]  trace   [GS]       updating phase LONG_TASK...
[06:41:49.567]  trace   [GS]       phase status LONG_TASK: 0
[06:41:49.567]   info   [GS]       potential of phase LONG_TASK: 0
[06:41:49.567]   info   [GS]       score of phase LONG_TASK: 50
[06:41:49.568]  trace   [GS]       skipped phase WAIT_FOR_INIT because agent is not allowed
[06:41:49.568]  trace   [GS]       updating phase WAIT_FOR_INIT...
[06:41:49.568]  trace   [GS]       phase status WAIT_FOR_INIT: 1
[06:41:49.568]  trace   [GS]       skipped phase WAIT_FOR_INIT because it is not open
[06:41:49.568]   info   [GS]       selected phase LONG_TASK as next phase
[06:41:49.568]  debug   [GS]       Received update: {"init_b":true}
[06:41:49.578]   info   [GS]       get next best phase: bot_a
[06:41:49.579]  trace   [GS]       skipped phase CLEAR_DECK because agent is not allowed
[06:41:49.579]  trace   [GS]       updating phase CLEAR_DECK...
[06:41:49.579]  trace   [GS]       phase status CLEAR_DECK: 0
[06:41:49.579]   info   [GS]       potential of phase CLEAR_DECK: 0
[06:41:49.579]   info   [GS]       score of phase CLEAR_DECK: 48.5
[06:41:49.579]  trace   [GS]       skipped phase INIT_B because agent is not allowed
[06:41:49.579]  trace   [GS]       skipped phase WAIT_FOR_INIT because agent is not allowed
[06:41:49.579]  trace   [GS]       updating phase WAIT_FOR_INIT...
[06:41:49.579]   info   [GS]       unlocked phase WAIT_FOR_INIT
[06:41:49.579]  trace   [GS]       phase status WAIT_FOR_INIT: 0
[06:41:49.579]   info   [GS]       potential of phase WAIT_FOR_INIT: 0
[06:41:49.579]   info   [GS]       score of phase WAIT_FOR_INIT: 23.5
[06:41:49.579]   info   [GS]       selected phase CLEAR_DECK as next phase
[06:41:49.590]   info   [GS]       get next best phase: bot_a
[06:41:49.591]  trace   [GS]       skipped phase INIT_B because agent is not allowed
[06:41:49.591]  trace   [GS]       skipped phase WAIT_FOR_INIT because agent is not allowed
[06:41:49.591]  trace   [GS]       updating phase WAIT_FOR_INIT...
[06:41:49.591]  trace   [GS]       phase status WAIT_FOR_INIT: 0
[06:41:49.591]   info   [GS]       potential of phase WAIT_FOR_INIT: 0
[06:41:49.591]   info   [GS]       score of phase WAIT_FOR_INIT: 23.5
[06:41:49.592]   info   [GS]       selected phase WAIT_FOR_INIT as next phase
[06:41:49.602]   info   [GS]       get next best phase: bot_a
[06:41:49.603]  trace   [GS]       skipped phase INIT_B because agent is not allowed
[06:41:49.603]   info   [GS]       no more phases to execute
[06:41:49.603]   info   [GS]       No more phases for bot_a. Exiting.
