[21:42:26.591]   info   [SERVER]   successfully created TableState
[21:42:26.592]   info   [SERVER]   successfully created PhaseState
[21:42:26.593]   info   [SERVER]   successfully created Config (GameState Config)
[21:42:26.593]   info   [SERVER]   listening on: 172.17.0.2:3000
[21:42:33.790]   info   [SERVER]   accepted connection from 172.17.0.3:36470
[21:42:33.792]   info   [GS]       get next best phase: bot_a
[21:42:33.792]  trace   [GS]       updating phase CLEAR_DECK...
[21:42:33.792]   info   [GS]       phase CLEAR_DECK timed out
[21:42:33.793]  trace   [GS]       phase status CLEAR_DECK: 2
[21:42:33.793]  trace   [GS]       skipped phase CLEAR_DECK because phase is not open
[21:42:33.793]  trace   [GS]       updating phase INIT_A...
[21:42:33.793]  trace   [GS]       skipped phase INIT_A because it is done
[21:42:33.793]  trace   [GS]       skipped phase INIT_A because phase is not open
[21:42:33.793]  trace   [GS]       skipped phase INIT_B because agent is not allowed
[21:42:33.793]  trace   [GS]       updating phase LONG_TASK...
[21:42:33.793]   info   [GS]       phase LONG_TASK timed out
[21:42:33.794]  trace   [GS]       phase status LONG_TASK: 2
[21:42:33.794]  trace   [GS]       skipped phase LONG_TASK because phase is not open
[21:42:33.794]  trace   [GS]       updating phase SOME_BOT_A...
[21:42:33.794]   info   [GS]       phase SOME_BOT_A timed out
[21:42:33.794]  trace   [GS]       phase status SOME_BOT_A: 2
[21:42:33.794]  trace   [GS]       skipped phase SOME_BOT_A because phase is not open
[21:42:33.794]  trace   [GS]       skipped phase SOME_BOT_B because agent is not allowed
[21:42:33.794]  trace   [GS]       updating phase WAIT_FOR_INIT...
[21:42:33.794]   info   [GS]       phase WAIT_FOR_INIT timed out
[21:42:33.796]  trace   [GS]       phase status WAIT_FOR_INIT: 2
[21:42:33.796]  trace   [GS]       skipped phase WAIT_FOR_INIT because phase is not open
[21:42:33.796]   info   [GS]       no more phases to execute
[21:42:33.900]   info   [GS]       get next best phase: bot_a
[21:42:33.901]  trace   [GS]       updating phase CLEAR_DECK...
[21:42:33.901]  trace   [GS]       skipped phase CLEAR_DECK because it timed out
[21:42:33.901]  trace   [GS]       skipped phase CLEAR_DECK because phase is not open
[21:42:33.901]  trace   [GS]       updating phase INIT_A...
[21:42:33.901]  trace   [GS]       skipped phase INIT_A because it is done
[21:42:33.901]  trace   [GS]       skipped phase INIT_A because phase is not open
[21:42:33.901]  trace   [GS]       skipped phase INIT_B because agent is not allowed
[21:42:33.901]  trace   [GS]       updating phase LONG_TASK...
[21:42:33.901]  trace   [GS]       skipped phase LONG_TASK because it timed out
[21:42:33.901]  trace   [GS]       skipped phase LONG_TASK because phase is not open
[21:42:33.901]  trace   [GS]       updating phase SOME_BOT_A...
[21:42:33.901]  trace   [GS]       skipped phase SOME_BOT_A because it timed out
[21:42:33.901]  trace   [GS]       skipped phase SOME_BOT_A because phase is not open
[21:42:33.901]  trace   [GS]       skipped phase SOME_BOT_B because agent is not allowed
[21:42:33.901]  trace   [GS]       updating phase WAIT_FOR_INIT...
[21:42:33.901]  trace   [GS]       skipped phase WAIT_FOR_INIT because it timed out
[21:42:33.901]  trace   [GS]       skipped phase WAIT_FOR_INIT because phase is not open
[21:42:33.901]   info   [GS]       no more phases to execute
[21:42:34.003]   info   [GS]       get next best phase: bot_a
[21:42:34.004]  trace   [GS]       updating phase CLEAR_DECK...
[21:42:34.004]  trace   [GS]       skipped phase CLEAR_DECK because it timed out
[21:42:34.004]  trace   [GS]       skipped phase CLEAR_DECK because phase is not open
[21:42:34.004]  trace   [GS]       updating phase INIT_A...
[21:42:34.004]  trace   [GS]       skipped phase INIT_A because it is done
[21:42:34.004]  trace   [GS]       skipped phase INIT_A because phase is not open
[21:42:34.004]  trace   [GS]       skipped phase INIT_B because agent is not allowed
[21:42:34.004]  trace   [GS]       updating phase LONG_TASK...
[21:42:34.004]  trace   [GS]       skipped phase LONG_TASK because it timed out
[21:42:34.004]  trace   [GS]       skipped phase LONG_TASK because phase is not open
[21:42:34.004]  trace   [GS]       updating phase SOME_BOT_A...
[21:42:34.004]  trace   [GS]       skipped phase SOME_BOT_A because it timed out
[21:42:34.004]  trace   [GS]       skipped phase SOME_BOT_A because phase is not open
[21:42:34.004]  trace   [GS]       skipped phase SOME_BOT_B because agent is not allowed
[21:42:34.004]  trace   [GS]       updating phase WAIT_FOR_INIT...
[21:42:34.004]  trace   [GS]       skipped phase WAIT_FOR_INIT because it timed out
[21:42:34.004]  trace   [GS]       skipped phase WAIT_FOR_INIT because phase is not open
[21:42:34.004]   info   [GS]       no more phases to execute
[21:42:34.109]   info   [GS]       get next best phase: bot_a
[21:42:34.111]  trace   [GS]       updating phase CLEAR_DECK...
[21:42:34.111]  trace   [GS]       skipped phase CLEAR_DECK because it timed out
[21:42:34.111]  trace   [GS]       skipped phase CLEAR_DECK because phase is not open
[21:42:34.111]  trace   [GS]       updating phase INIT_A...
[21:42:34.111]  trace   [GS]       skipped phase INIT_A because it is done
[21:42:34.111]  trace   [GS]       skipped phase INIT_A because phase is not open
[21:42:34.111]  trace   [GS]       skipped phase INIT_B because agent is not allowed
[21:42:34.111]  trace   [GS]       updating phase LONG_TASK...
[21:42:34.111]  trace   [GS]       skipped phase LONG_TASK because it timed out
[21:42:34.111]  trace   [GS]       skipped phase LONG_TASK because phase is not open
[21:42:34.111]  trace   [GS]       updating phase SOME_BOT_A...
[21:42:34.111]  trace   [GS]       skipped phase SOME_BOT_A because it timed out
[21:42:34.111]  trace   [GS]       skipped phase SOME_BOT_A because phase is not open
[21:42:34.111]  trace   [GS]       skipped phase SOME_BOT_B because agent is not allowed
[21:42:34.111]  trace   [GS]       updating phase WAIT_FOR_INIT...
[21:42:34.111]  trace   [GS]       skipped phase WAIT_FOR_INIT because it timed out
[21:42:34.111]  trace   [GS]       skipped phase WAIT_FOR_INIT because phase is not open
[21:42:34.111]   info   [GS]       no more phases to execute
[21:42:34.217]   info   [GS]       get next best phase: bot_a
[21:42:34.218]  trace   [GS]       updating phase CLEAR_DECK...
[21:42:34.218]  trace   [GS]       skipped phase CLEAR_DECK because it timed out
[21:42:34.218]  trace   [GS]       skipped phase CLEAR_DECK because phase is not open
[21:42:34.218]  trace   [GS]       updating phase INIT_A...
[21:42:34.218]  trace   [GS]       skipped phase INIT_A because it is done
[21:42:34.218]  trace   [GS]       skipped phase INIT_A because phase is not open
[21:42:34.218]  trace   [GS]       skipped phase INIT_B because agent is not allowed
[21:42:34.218]  trace   [GS]       updating phase LONG_TASK...
[21:42:34.218]  trace   [GS]       skipped phase LONG_TASK because it timed out
[21:42:34.218]  trace   [GS]       skipped phase LONG_TASK because phase is not open
[21:42:34.218]  trace   [GS]       updating phase SOME_BOT_A...
[21:42:34.218]  trace   [GS]       skipped phase SOME_BOT_A because it timed out
[21:42:34.218]  trace   [GS]       skipped phase SOME_BOT_A because phase is not open
[21:42:34.218]  trace   [GS]       skipped phase SOME_BOT_B because agent is not allowed
[21:42:34.218]  trace   [GS]       updating phase WAIT_FOR_INIT...
[21:42:34.218]  trace   [GS]       skipped phase WAIT_FOR_INIT because it timed out
[21:42:34.218]  trace   [GS]       skipped phase WAIT_FOR_INIT because phase is not open
[21:42:34.218]   info   [GS]       no more phases to execute
[21:42:34.322]   info   [GS]       get next best phase: bot_a
[21:42:34.323]  trace   [GS]       updating phase CLEAR_DECK...
[21:42:34.323]  trace   [GS]       skipped phase CLEAR_DECK because it timed out
[21:42:34.323]  trace   [GS]       skipped phase CLEAR_DECK because phase is not open
[21:42:34.323]  trace   [GS]       updating phase INIT_A...
[21:42:34.323]  trace   [GS]       skipped phase INIT_A because it is done
[21:42:34.323]  trace   [GS]       skipped phase INIT_A because phase is not open
[21:42:34.323]  trace   [GS]       skipped phase INIT_B because agent is not allowed
[21:42:34.323]  trace   [GS]       updating phase LONG_TASK...
[21:42:34.323]  trace   [GS]       skipped phase LONG_TASK because it timed out
[21:42:34.323]  trace   [GS]       skipped phase LONG_TASK because phase is not open
[21:42:34.323]  trace   [GS]       updating phase SOME_BOT_A...
[21:42:34.323]  trace   [GS]       skipped phase SOME_BOT_A because it timed out
[21:42:34.323]  trace   [GS]       skipped phase SOME_BOT_A because phase is not open
[21:42:34.323]  trace   [GS]       skipped phase SOME_BOT_B because agent is not allowed
[21:42:34.323]  trace   [GS]       updating phase WAIT_FOR_INIT...
[21:42:34.323]  trace   [GS]       skipped phase WAIT_FOR_INIT because it timed out
[21:42:34.323]  trace   [GS]       skipped phase WAIT_FOR_INIT because phase is not open
[21:42:34.323]   info   [GS]       no more phases to execute
[21:42:34.425]   info   [GS]       get next best phase: bot_a
[21:42:34.426]  trace   [GS]       updating phase CLEAR_DECK...
[21:42:34.426]  trace   [GS]       skipped phase CLEAR_DECK because it timed out
[21:42:34.426]  trace   [GS]       skipped phase CLEAR_DECK because phase is not open
[21:42:34.426]  trace   [GS]       updating phase INIT_A...
[21:42:34.426]  trace   [GS]       skipped phase INIT_A because it is done
[21:42:34.426]  trace   [GS]       skipped phase INIT_A because phase is not open
[21:42:34.426]  trace   [GS]       skipped phase INIT_B because agent is not allowed
[21:42:34.426]  trace   [GS]       updating phase LONG_TASK...
[21:42:34.426]  trace   [GS]       skipped phase LONG_TASK because it timed out
[21:42:34.426]  trace   [GS]       skipped phase LONG_TASK because phase is not open
[21:42:34.426]  trace   [GS]       updating phase SOME_BOT_A...
[21:42:34.426]  trace   [GS]       skipped phase SOME_BOT_A because it timed out
[21:42:34.426]  trace   [GS]       skipped phase SOME_BOT_A because phase is not open
[21:42:34.426]  trace   [GS]       skipped phase SOME_BOT_B because agent is not allowed
[21:42:34.426]  trace   [GS]       updating phase WAIT_FOR_INIT...
[21:42:34.426]  trace   [GS]       skipped phase WAIT_FOR_INIT because it timed out
[21:42:34.426]  trace   [GS]       skipped phase WAIT_FOR_INIT because phase is not open
[21:42:34.426]   info   [GS]       no more phases to execute
[21:42:34.528]   info   [GS]       get next best phase: bot_a
[21:42:34.530]  trace   [GS]       updating phase CLEAR_DECK...
[21:42:34.530]  trace   [GS]       skipped phase CLEAR_DECK because it timed out
[21:42:34.530]  trace   [GS]       skipped phase CLEAR_DECK because phase is not open
[21:42:34.530]  trace   [GS]       updating phase INIT_A...
[21:42:34.530]  trace   [GS]       skipped phase INIT_A because it is done
[21:42:34.530]  trace   [GS]       skipped phase INIT_A because phase is not open
[21:42:34.530]  trace   [GS]       skipped phase INIT_B because agent is not allowed
[21:42:34.530]  trace   [GS]       updating phase LONG_TASK...
[21:42:34.530]  trace   [GS]       skipped phase LONG_TASK because it timed out
[21:42:34.530]  trace   [GS]       skipped phase LONG_TASK because phase is not open
[21:42:34.530]  trace   [GS]       updating phase SOME_BOT_A...
[21:42:34.530]  trace   [GS]       skipped phase SOME_BOT_A because it timed out
[21:42:34.530]  trace   [GS]       skipped phase SOME_BOT_A because phase is not open
[21:42:34.530]  trace   [GS]       skipped phase SOME_BOT_B because agent is not allowed
[21:42:34.530]  trace   [GS]       updating phase WAIT_FOR_INIT...
[21:42:34.530]  trace   [GS]       skipped phase WAIT_FOR_INIT because it timed out
[21:42:34.530]  trace   [GS]       skipped phase WAIT_FOR_INIT because phase is not open
[21:42:34.530]   info   [GS]       no more phases to execute
[21:42:34.632]   info   [GS]       get next best phase: bot_a
[21:42:34.633]  trace   [GS]       updating phase CLEAR_DECK...
[21:42:34.633]  trace   [GS]       skipped phase CLEAR_DECK because it timed out
[21:42:34.633]  trace   [GS]       skipped phase CLEAR_DECK because phase is not open
[21:42:34.633]  trace   [GS]       updating phase INIT_A...
[21:42:34.633]  trace   [GS]       skipped phase INIT_A because it is done
[21:42:34.633]  trace   [GS]       skipped phase INIT_A because phase is not open
[21:42:34.633]  trace   [GS]       skipped phase INIT_B because agent is not allowed
[21:42:34.633]  trace   [GS]       updating phase LONG_TASK...
[21:42:34.633]  trace   [GS]       skipped phase LONG_TASK because it timed out
[21:42:34.633]  trace   [GS]       skipped phase LONG_TASK because phase is not open
[21:42:34.633]  trace   [GS]       updating phase SOME_BOT_A...
[21:42:34.633]  trace   [GS]       skipped phase SOME_BOT_A because it timed out
[21:42:34.633]  trace   [GS]       skipped phase SOME_BOT_A because phase is not open
[21:42:34.633]  trace   [GS]       skipped phase SOME_BOT_B because agent is not allowed
[21:42:34.633]  trace   [GS]       updating phase WAIT_FOR_INIT...
[21:42:34.633]  trace   [GS]       skipped phase WAIT_FOR_INIT because it timed out
[21:42:34.633]  trace   [GS]       skipped phase WAIT_FOR_INIT because phase is not open
[21:42:34.633]   info   [GS]       no more phases to execute
[21:42:34.738]   info   [GS]       get next best phase: bot_a
[21:42:34.740]  trace   [GS]       updating phase CLEAR_DECK...
[21:42:34.740]  trace   [GS]       skipped phase CLEAR_DECK because it timed out
[21:42:34.740]  trace   [GS]       skipped phase CLEAR_DECK because phase is not open
[21:42:34.740]  trace   [GS]       updating phase INIT_A...
[21:42:34.740]  trace   [GS]       skipped phase INIT_A because it is done
[21:42:34.740]  trace   [GS]       skipped phase INIT_A because phase is not open
[21:42:34.740]  trace   [GS]       skipped phase INIT_B because agent is not allowed
[21:42:34.740]  trace   [GS]       updating phase LONG_TASK...
[21:42:34.740]  trace   [GS]       skipped phase LONG_TASK because it timed out
[21:42:34.740]  trace   [GS]       skipped phase LONG_TASK because phase is not open
[21:42:34.740]  trace   [GS]       updating phase SOME_BOT_A...
[21:42:34.740]  trace   [GS]       skipped phase SOME_BOT_A because it timed out
[21:42:34.740]  trace   [GS]       skipped phase SOME_BOT_A because phase is not open
[21:42:34.740]  trace   [GS]       skipped phase SOME_BOT_B because agent is not allowed
[21:42:34.740]  trace   [GS]       updating phase WAIT_FOR_INIT...
[21:42:34.740]  trace   [GS]       skipped phase WAIT_FOR_INIT because it timed out
[21:42:34.740]  trace   [GS]       skipped phase WAIT_FOR_INIT because phase is not open
[21:42:34.740]   info   [GS]       no more phases to execute
[21:42:34.845]   info   [GS]       get next best phase: bot_a
[21:42:34.847]  trace   [GS]       updating phase CLEAR_DECK...
[21:42:34.847]  trace   [GS]       skipped phase CLEAR_DECK because it timed out
[21:42:34.847]  trace   [GS]       skipped phase CLEAR_DECK because phase is not open
[21:42:34.847]  trace   [GS]       updating phase INIT_A...
[21:42:34.847]  trace   [GS]       skipped phase INIT_A because it is done
[21:42:34.847]  trace   [GS]       skipped phase INIT_A because phase is not open
[21:42:34.847]  trace   [GS]       skipped phase INIT_B because agent is not allowed
[21:42:34.847]  trace   [GS]       updating phase LONG_TASK...
[21:42:34.847]  trace   [GS]       skipped phase LONG_TASK because it timed out
[21:42:34.847]  trace   [GS]       skipped phase LONG_TASK because phase is not open
[21:42:34.847]  trace   [GS]       updating phase SOME_BOT_A...
[21:42:34.847]  trace   [GS]       skipped phase SOME_BOT_A because it timed out
[21:42:34.847]  trace   [GS]       skipped phase SOME_BOT_A because phase is not open
[21:42:34.847]  trace   [GS]       skipped phase SOME_BOT_B because agent is not allowed
[21:42:34.847]  trace   [GS]       updating phase WAIT_FOR_INIT...
[21:42:34.847]  trace   [GS]       skipped phase WAIT_FOR_INIT because it timed out
[21:42:34.847]  trace   [GS]       skipped phase WAIT_FOR_INIT because phase is not open
[21:42:34.847]   info   [GS]       no more phases to execute
[21:42:34.953]   info   [GS]       get next best phase: bot_a
[21:42:34.954]  trace   [GS]       updating phase CLEAR_DECK...
[21:42:34.954]  trace   [GS]       skipped phase CLEAR_DECK because it timed out
[21:42:34.954]  trace   [GS]       skipped phase CLEAR_DECK because phase is not open
[21:42:34.954]  trace   [GS]       updating phase INIT_A...
[21:42:34.954]  trace   [GS]       skipped phase INIT_A because it is done
[21:42:34.954]  trace   [GS]       skipped phase INIT_A because phase is not open
[21:42:34.954]  trace   [GS]       skipped phase INIT_B because agent is not allowed
[21:42:34.954]  trace   [GS]       updating phase LONG_TASK...
[21:42:34.954]  trace   [GS]       skipped phase LONG_TASK because it timed out
[21:42:34.954]  trace   [GS]       skipped phase LONG_TASK because phase is not open
[21:42:34.954]  trace   [GS]       updating phase SOME_BOT_A...
[21:42:34.954]  trace   [GS]       skipped phase SOME_BOT_A because it timed out
[21:42:34.954]  trace   [GS]       skipped phase SOME_BOT_A because phase is not open
[21:42:34.954]  trace   [GS]       skipped phase SOME_BOT_B because agent is not allowed
[21:42:34.954]  trace   [GS]       updating phase WAIT_FOR_INIT...
[21:42:34.954]  trace   [GS]       skipped phase WAIT_FOR_INIT because it timed out
[21:42:34.954]  trace   [GS]       skipped phase WAIT_FOR_INIT because phase is not open
[21:42:34.954]   info   [GS]       no more phases to execute
[21:42:35.061]   info   [GS]       get next best phase: bot_a
[21:42:35.062]  trace   [GS]       updating phase CLEAR_DECK...
[21:42:35.062]  trace   [GS]       skipped phase CLEAR_DECK because it timed out
[21:42:35.062]  trace   [GS]       skipped phase CLEAR_DECK because phase is not open
[21:42:35.062]  trace   [GS]       updating phase INIT_A...
[21:42:35.062]  trace   [GS]       skipped phase INIT_A because it is done
[21:42:35.062]  trace   [GS]       skipped phase INIT_A because phase is not open
[21:42:35.062]  trace   [GS]       skipped phase INIT_B because agent is not allowed
[21:42:35.062]  trace   [GS]       updating phase LONG_TASK...
[21:42:35.062]  trace   [GS]       skipped phase LONG_TASK because it timed out
[21:42:35.062]  trace   [GS]       skipped phase LONG_TASK because phase is not open
[21:42:35.062]  trace   [GS]       updating phase SOME_BOT_A...
[21:42:35.062]  trace   [GS]       skipped phase SOME_BOT_A because it timed out
[21:42:35.062]  trace   [GS]       skipped phase SOME_BOT_A because phase is not open
[21:42:35.062]  trace   [GS]       skipped phase SOME_BOT_B because agent is not allowed
[21:42:35.062]  trace   [GS]       updating phase WAIT_FOR_INIT...
[21:42:35.062]  trace   [GS]       skipped phase WAIT_FOR_INIT because it timed out
[21:42:35.062]  trace   [GS]       skipped phase WAIT_FOR_INIT because phase is not open
[21:42:35.062]   info   [GS]       no more phases to execute
[21:42:35.166]   info   [GS]       get next best phase: bot_a
[21:42:35.167]  trace   [GS]       updating phase CLEAR_DECK...
[21:42:35.167]  trace   [GS]       skipped phase CLEAR_DECK because it timed out
[21:42:35.167]  trace   [GS]       skipped phase CLEAR_DECK because phase is not open
[21:42:35.167]  trace   [GS]       updating phase INIT_A...
[21:42:35.167]  trace   [GS]       skipped phase INIT_A because it is done
[21:42:35.167]  trace   [GS]       skipped phase INIT_A because phase is not open
[21:42:35.167]  trace   [GS]       skipped phase INIT_B because agent is not allowed
[21:42:35.167]  trace   [GS]       updating phase LONG_TASK...
[21:42:35.167]  trace   [GS]       skipped phase LONG_TASK because it timed out
[21:42:35.167]  trace   [GS]       skipped phase LONG_TASK because phase is not open
[21:42:35.167]  trace   [GS]       updating phase SOME_BOT_A...
[21:42:35.167]  trace   [GS]       skipped phase SOME_BOT_A because it timed out
[21:42:35.167]  trace   [GS]       skipped phase SOME_BOT_A because phase is not open
[21:42:35.167]  trace   [GS]       skipped phase SOME_BOT_B because agent is not allowed
[21:42:35.167]  trace   [GS]       updating phase WAIT_FOR_INIT...
[21:42:35.167]  trace   [GS]       skipped phase WAIT_FOR_INIT because it timed out
[21:42:35.167]  trace   [GS]       skipped phase WAIT_FOR_INIT because phase is not open
[21:42:35.167]   info   [GS]       no more phases to execute
[21:42:35.272]   info   [GS]       get next best phase: bot_a
[21:42:35.274]  trace   [GS]       updating phase CLEAR_DECK...
[21:42:35.274]  trace   [GS]       skipped phase CLEAR_DECK because it timed out
[21:42:35.274]  trace   [GS]       skipped phase CLEAR_DECK because phase is not open
[21:42:35.274]  trace   [GS]       updating phase INIT_A...
[21:42:35.274]  trace   [GS]       skipped phase INIT_A because it is done
[21:42:35.274]  trace   [GS]       skipped phase INIT_A because phase is not open
[21:42:35.274]  trace   [GS]       skipped phase INIT_B because agent is not allowed
[21:42:35.274]  trace   [GS]       updating phase LONG_TASK...
[21:42:35.274]  trace   [GS]       skipped phase LONG_TASK because it timed out
[21:42:35.274]  trace   [GS]       skipped phase LONG_TASK because phase is not open
[21:42:35.274]  trace   [GS]       updating phase SOME_BOT_A...
[21:42:35.274]  trace   [GS]       skipped phase SOME_BOT_A because it timed out
[21:42:35.274]  trace   [GS]       skipped phase SOME_BOT_A because phase is not open
[21:42:35.274]  trace   [GS]       skipped phase SOME_BOT_B because agent is not allowed
[21:42:35.274]  trace   [GS]       updating phase WAIT_FOR_INIT...
[21:42:35.274]  trace   [GS]       skipped phase WAIT_FOR_INIT because it timed out
[21:42:35.274]  trace   [GS]       skipped phase WAIT_FOR_INIT because phase is not open
[21:42:35.274]   info   [GS]       no more phases to execute
[21:42:35.377]   info   [GS]       get next best phase: bot_a
[21:42:35.378]  trace   [GS]       updating phase CLEAR_DECK...
[21:42:35.378]  trace   [GS]       skipped phase CLEAR_DECK because it timed out
[21:42:35.378]  trace   [GS]       skipped phase CLEAR_DECK because phase is not open
[21:42:35.378]  trace   [GS]       updating phase INIT_A...
[21:42:35.378]  trace   [GS]       skipped phase INIT_A because it is done
[21:42:35.378]  trace   [GS]       skipped phase INIT_A because phase is not open
[21:42:35.378]  trace   [GS]       skipped phase INIT_B because agent is not allowed
[21:42:35.378]  trace   [GS]       updating phase LONG_TASK...
[21:42:35.378]  trace   [GS]       skipped phase LONG_TASK because it timed out
[21:42:35.378]  trace   [GS]       skipped phase LONG_TASK because phase is not open
[21:42:35.378]  trace   [GS]       updating phase SOME_BOT_A...
[21:42:35.378]  trace   [GS]       skipped phase SOME_BOT_A because it timed out
[21:42:35.378]  trace   [GS]       skipped phase SOME_BOT_A because phase is not open
[21:42:35.378]  trace   [GS]       skipped phase SOME_BOT_B because agent is not allowed
[21:42:35.378]  trace   [GS]       updating phase WAIT_FOR_INIT...
[21:42:35.378]  trace   [GS]       skipped phase WAIT_FOR_INIT because it timed out
[21:42:35.378]  trace   [GS]       skipped phase WAIT_FOR_INIT because phase is not open
[21:42:35.378]   info   [GS]       no more phases to execute
[21:42:35.486]   info   [GS]       get next best phase: bot_a
[21:42:35.487]  trace   [GS]       updating phase CLEAR_DECK...
[21:42:35.487]  trace   [GS]       skipped phase CLEAR_DECK because it timed out
[21:42:35.487]  trace   [GS]       skipped phase CLEAR_DECK because phase is not open
[21:42:35.487]  trace   [GS]       updating phase INIT_A...
[21:42:35.487]  trace   [GS]       skipped phase INIT_A because it is done
[21:42:35.487]  trace   [GS]       skipped phase INIT_A because phase is not open
[21:42:35.487]  trace   [GS]       skipped phase INIT_B because agent is not allowed
[21:42:35.487]  trace   [GS]       updating phase LONG_TASK...
[21:42:35.487]  trace   [GS]       skipped phase LONG_TASK because it timed out
[21:42:35.487]  trace   [GS]       skipped phase LONG_TASK because phase is not open
[21:42:35.487]  trace   [GS]       updating phase SOME_BOT_A...
[21:42:35.487]  trace   [GS]       skipped phase SOME_BOT_A because it timed out
[21:42:35.487]  trace   [GS]       skipped phase SOME_BOT_A because phase is not open
[21:42:35.487]  trace   [GS]       skipped phase SOME_BOT_B because agent is not allowed
[21:42:35.487]  trace   [GS]       updating phase WAIT_FOR_INIT...
[21:42:35.487]  trace   [GS]       skipped phase WAIT_FOR_INIT because it timed out
[21:42:35.487]  trace   [GS]       skipped phase WAIT_FOR_INIT because phase is not open
[21:42:35.487]   info   [GS]       no more phases to execute
[21:42:35.592]   info   [GS]       get next best phase: bot_a
[21:42:35.592]  trace   [GS]       updating phase CLEAR_DECK...
[21:42:35.593]  trace   [GS]       skipped phase CLEAR_DECK because it timed out
[21:42:35.593]  trace   [GS]       skipped phase CLEAR_DECK because phase is not open
[21:42:35.593]  trace   [GS]       updating phase INIT_A...
[21:42:35.593]  trace   [GS]       skipped phase INIT_A because it is done
[21:42:35.593]  trace   [GS]       skipped phase INIT_A because phase is not open
[21:42:35.593]  trace   [GS]       skipped phase INIT_B because agent is not allowed
[21:42:35.593]  trace   [GS]       updating phase LONG_TASK...
[21:42:35.593]  trace   [GS]       skipped phase LONG_TASK because it timed out
[21:42:35.593]  trace   [GS]       skipped phase LONG_TASK because phase is not open
[21:42:35.593]  trace   [GS]       updating phase SOME_BOT_A...
[21:42:35.593]  trace   [GS]       skipped phase SOME_BOT_A because it timed out
[21:42:35.593]  trace   [GS]       skipped phase SOME_BOT_A because phase is not open
[21:42:35.593]  trace   [GS]       skipped phase SOME_BOT_B because agent is not allowed
[21:42:35.593]  trace   [GS]       updating phase WAIT_FOR_INIT...
[21:42:35.593]  trace   [GS]       skipped phase WAIT_FOR_INIT because it timed out
[21:42:35.593]  trace   [GS]       skipped phase WAIT_FOR_INIT because phase is not open
[21:42:35.593]   info   [GS]       no more phases to execute
[21:42:35.694]   info   [GS]       get next best phase: bot_a
[21:42:35.694]  trace   [GS]       updating phase CLEAR_DECK...
[21:42:35.694]  trace   [GS]       skipped phase CLEAR_DECK because it timed out
[21:42:35.694]  trace   [GS]       skipped phase CLEAR_DECK because phase is not open
[21:42:35.694]  trace   [GS]       updating phase INIT_A...
[21:42:35.694]  trace   [GS]       skipped phase INIT_A because it is done
[21:42:35.694]  trace   [GS]       skipped phase INIT_A because phase is not open
[21:42:35.694]  trace   [GS]       skipped phase INIT_B because agent is not allowed
[21:42:35.694]  trace   [GS]       updating phase LONG_TASK...
[21:42:35.694]  trace   [GS]       skipped phase LONG_TASK because it timed out
[21:42:35.694]  trace   [GS]       skipped phase LONG_TASK because phase is not open
[21:42:35.694]  trace   [GS]       updating phase SOME_BOT_A...
[21:42:35.694]  trace   [GS]       skipped phase SOME_BOT_A because it timed out
[21:42:35.694]  trace   [GS]       skipped phase SOME_BOT_A because phase is not open
[21:42:35.694]  trace   [GS]       skipped phase SOME_BOT_B because agent is not allowed
[21:42:35.694]  trace   [GS]       updating phase WAIT_FOR_INIT...
[21:42:35.694]  trace   [GS]       skipped phase WAIT_FOR_INIT because it timed out
[21:42:35.694]  trace   [GS]       skipped phase WAIT_FOR_INIT because phase is not open
[21:42:35.694]   info   [GS]       no more phases to execute
[21:42:35.797]   info   [GS]       get next best phase: bot_a
[21:42:35.798]  trace   [GS]       updating phase CLEAR_DECK...
[21:42:35.798]  trace   [GS]       skipped phase CLEAR_DECK because it timed out
[21:42:35.798]  trace   [GS]       skipped phase CLEAR_DECK because phase is not open
[21:42:35.798]  trace   [GS]       updating phase INIT_A...
[21:42:35.798]  trace   [GS]       skipped phase INIT_A because it is done
[21:42:35.798]  trace   [GS]       skipped phase INIT_A because phase is not open
[21:42:35.798]  trace   [GS]       skipped phase INIT_B because agent is not allowed
[21:42:35.798]  trace   [GS]       updating phase LONG_TASK...
[21:42:35.798]  trace   [GS]       skipped phase LONG_TASK because it timed out
[21:42:35.798]  trace   [GS]       skipped phase LONG_TASK because phase is not open
[21:42:35.798]  trace   [GS]       updating phase SOME_BOT_A...
[21:42:35.798]  trace   [GS]       skipped phase SOME_BOT_A because it timed out
[21:42:35.798]  trace   [GS]       skipped phase SOME_BOT_A because phase is not open
[21:42:35.798]  trace   [GS]       skipped phase SOME_BOT_B because agent is not allowed
[21:42:35.798]  trace   [GS]       updating phase WAIT_FOR_INIT...
[21:42:35.798]  trace   [GS]       skipped phase WAIT_FOR_INIT because it timed out
[21:42:35.798]  trace   [GS]       skipped phase WAIT_FOR_INIT because phase is not open
[21:42:35.798]   info   [GS]       no more phases to execute
[21:42:35.900]   info   [GS]       get next best phase: bot_a
[21:42:35.902]  trace   [GS]       updating phase CLEAR_DECK...
[21:42:35.902]  trace   [GS]       skipped phase CLEAR_DECK because it timed out
[21:42:35.902]  trace   [GS]       skipped phase CLEAR_DECK because phase is not open
[21:42:35.902]  trace   [GS]       updating phase INIT_A...
[21:42:35.902]  trace   [GS]       skipped phase INIT_A because it is done
[21:42:35.902]  trace   [GS]       skipped phase INIT_A because phase is not open
[21:42:35.902]  trace   [GS]       skipped phase INIT_B because agent is not allowed
[21:42:35.902]  trace   [GS]       updating phase LONG_TASK...
[21:42:35.902]  trace   [GS]       skipped phase LONG_TASK because it timed out
[21:42:35.902]  trace   [GS]       skipped phase LONG_TASK because phase is not open
[21:42:35.902]  trace   [GS]       updating phase SOME_BOT_A...
[21:42:35.902]  trace   [GS]       skipped phase SOME_BOT_A because it timed out
[21:42:35.902]  trace   [GS]       skipped phase SOME_BOT_A because phase is not open
[21:42:35.902]  trace   [GS]       skipped phase SOME_BOT_B because agent is not allowed
[21:42:35.902]  trace   [GS]       updating phase WAIT_FOR_INIT...
[21:42:35.902]  trace   [GS]       skipped phase WAIT_FOR_INIT because it timed out
[21:42:35.902]  trace   [GS]       skipped phase WAIT_FOR_INIT because phase is not open
[21:42:35.902]   info   [GS]       no more phases to execute
[21:42:36.008]   info   [GS]       get next best phase: bot_a
[21:42:36.008]  trace   [GS]       updating phase CLEAR_DECK...
[21:42:36.008]  trace   [GS]       skipped phase CLEAR_DECK because it timed out
[21:42:36.008]  trace   [GS]       skipped phase CLEAR_DECK because phase is not open
[21:42:36.008]  trace   [GS]       updating phase INIT_A...
[21:42:36.008]  trace   [GS]       skipped phase INIT_A because it is done
[21:42:36.008]  trace   [GS]       skipped phase INIT_A because phase is not open
[21:42:36.008]  trace   [GS]       skipped phase INIT_B because agent is not allowed
[21:42:36.008]  trace   [GS]       updating phase LONG_TASK...
[21:42:36.008]  trace   [GS]       skipped phase LONG_TASK because it timed out
[21:42:36.008]  trace   [GS]       skipped phase LONG_TASK because phase is not open
[21:42:36.008]  trace   [GS]       updating phase SOME_BOT_A...
[21:42:36.008]  trace   [GS]       skipped phase SOME_BOT_A because it timed out
[21:42:36.008]  trace   [GS]       skipped phase SOME_BOT_A because phase is not open
[21:42:36.008]  trace   [GS]       skipped phase SOME_BOT_B because agent is not allowed
[21:42:36.008]  trace   [GS]       updating phase WAIT_FOR_INIT...
[21:42:36.008]  trace   [GS]       skipped phase WAIT_FOR_INIT because it timed out
[21:42:36.008]  trace   [GS]       skipped phase WAIT_FOR_INIT because phase is not open
[21:42:36.008]   info   [GS]       no more phases to execute
[21:42:36.113]   info   [GS]       get next best phase: bot_a
[21:42:36.114]  trace   [GS]       updating phase CLEAR_DECK...
[21:42:36.114]  trace   [GS]       skipped phase CLEAR_DECK because it timed out
[21:42:36.114]  trace   [GS]       skipped phase CLEAR_DECK because phase is not open
[21:42:36.114]  trace   [GS]       updating phase INIT_A...
[21:42:36.114]  trace   [GS]       skipped phase INIT_A because it is done
[21:42:36.114]  trace   [GS]       skipped phase INIT_A because phase is not open
[21:42:36.114]  trace   [GS]       skipped phase INIT_B because agent is not allowed
[21:42:36.114]  trace   [GS]       updating phase LONG_TASK...
[21:42:36.114]  trace   [GS]       skipped phase LONG_TASK because it timed out
[21:42:36.114]  trace   [GS]       skipped phase LONG_TASK because phase is not open
[21:42:36.114]  trace   [GS]       updating phase SOME_BOT_A...
[21:42:36.114]  trace   [GS]       skipped phase SOME_BOT_A because it timed out
[21:42:36.114]  trace   [GS]       skipped phase SOME_BOT_A because phase is not open
[21:42:36.114]  trace   [GS]       skipped phase SOME_BOT_B because agent is not allowed
[21:42:36.114]  trace   [GS]       updating phase WAIT_FOR_INIT...
[21:42:36.114]  trace   [GS]       skipped phase WAIT_FOR_INIT because it timed out
[21:42:36.114]  trace   [GS]       skipped phase WAIT_FOR_INIT because phase is not open
[21:42:36.114]   info   [GS]       no more phases to execute
[21:42:36.220]   info   [GS]       get next best phase: bot_a
[21:42:36.222]  trace   [GS]       updating phase CLEAR_DECK...
[21:42:36.222]  trace   [GS]       skipped phase CLEAR_DECK because it timed out
[21:42:36.222]  trace   [GS]       skipped phase CLEAR_DECK because phase is not open
[21:42:36.222]  trace   [GS]       updating phase INIT_A...
[21:42:36.222]  trace   [GS]       skipped phase INIT_A because it is done
[21:42:36.222]  trace   [GS]       skipped phase INIT_A because phase is not open
[21:42:36.222]  trace   [GS]       skipped phase INIT_B because agent is not allowed
[21:42:36.222]  trace   [GS]       updating phase LONG_TASK...
[21:42:36.222]  trace   [GS]       skipped phase LONG_TASK because it timed out
[21:42:36.222]  trace   [GS]       skipped phase LONG_TASK because phase is not open
[21:42:36.222]  trace   [GS]       updating phase SOME_BOT_A...
[21:42:36.222]  trace   [GS]       skipped phase SOME_BOT_A because it timed out
[21:42:36.222]  trace   [GS]       skipped phase SOME_BOT_A because phase is not open
[21:42:36.222]  trace   [GS]       skipped phase SOME_BOT_B because agent is not allowed
[21:42:36.222]  trace   [GS]       updating phase WAIT_FOR_INIT...
[21:42:36.222]  trace   [GS]       skipped phase WAIT_FOR_INIT because it timed out
[21:42:36.222]  trace   [GS]       skipped phase WAIT_FOR_INIT because phase is not open
[21:42:36.222]   info   [GS]       no more phases to execute
[21:42:36.328]   info   [GS]       get next best phase: bot_a
[21:42:36.330]  trace   [GS]       updating phase CLEAR_DECK...
[21:42:36.330]  trace   [GS]       skipped phase CLEAR_DECK because it timed out
[21:42:36.330]  trace   [GS]       skipped phase CLEAR_DECK because phase is not open
[21:42:36.330]  trace   [GS]       updating phase INIT_A...
[21:42:36.330]  trace   [GS]       skipped phase INIT_A because it is done
[21:42:36.330]  trace   [GS]       skipped phase INIT_A because phase is not open
[21:42:36.330]  trace   [GS]       skipped phase INIT_B because agent is not allowed
[21:42:36.330]  trace   [GS]       updating phase LONG_TASK...
[21:42:36.330]  trace   [GS]       skipped phase LONG_TASK because it timed out
[21:42:36.330]  trace   [GS]       skipped phase LONG_TASK because phase is not open
[21:42:36.330]  trace   [GS]       updating phase SOME_BOT_A...
[21:42:36.330]  trace   [GS]       skipped phase SOME_BOT_A because it timed out
[21:42:36.330]  trace   [GS]       skipped phase SOME_BOT_A because phase is not open
[21:42:36.330]  trace   [GS]       skipped phase SOME_BOT_B because agent is not allowed
[21:42:36.330]  trace   [GS]       updating phase WAIT_FOR_INIT...
[21:42:36.330]  trace   [GS]       skipped phase WAIT_FOR_INIT because it timed out
[21:42:36.330]  trace   [GS]       skipped phase WAIT_FOR_INIT because phase is not open
[21:42:36.330]   info   [GS]       no more phases to execute
[21:42:36.436]   info   [GS]       get next best phase: bot_a
[21:42:36.436]  trace   [GS]       updating phase CLEAR_DECK...
[21:42:36.436]  trace   [GS]       skipped phase CLEAR_DECK because it timed out
[21:42:36.436]  trace   [GS]       skipped phase CLEAR_DECK because phase is not open
[21:42:36.436]  trace   [GS]       updating phase INIT_A...
[21:42:36.436]  trace   [GS]       skipped phase INIT_A because it is done
[21:42:36.436]  trace   [GS]       skipped phase INIT_A because phase is not open
[21:42:36.436]  trace   [GS]       skipped phase INIT_B because agent is not allowed
[21:42:36.436]  trace   [GS]       updating phase LONG_TASK...
[21:42:36.436]  trace   [GS]       skipped phase LONG_TASK because it timed out
[21:42:36.436]  trace   [GS]       skipped phase LONG_TASK because phase is not open
[21:42:36.436]  trace   [GS]       updating phase SOME_BOT_A...
[21:42:36.436]  trace   [GS]       skipped phase SOME_BOT_A because it timed out
[21:42:36.436]  trace   [GS]       skipped phase SOME_BOT_A because phase is not open
[21:42:36.436]  trace   [GS]       skipped phase SOME_BOT_B because agent is not allowed
[21:42:36.436]  trace   [GS]       updating phase WAIT_FOR_INIT...
[21:42:36.436]  trace   [GS]       skipped phase WAIT_FOR_INIT because it timed out
[21:42:36.436]  trace   [GS]       skipped phase WAIT_FOR_INIT because phase is not open
[21:42:36.436]   info   [GS]       no more phases to execute
[21:42:36.539]   info   [GS]       get next best phase: bot_a
[21:42:36.539]  trace   [GS]       updating phase CLEAR_DECK...
[21:42:36.539]  trace   [GS]       skipped phase CLEAR_DECK because it timed out
[21:42:36.539]  trace   [GS]       skipped phase CLEAR_DECK because phase is not open
[21:42:36.539]  trace   [GS]       updating phase INIT_A...
[21:42:36.539]  trace   [GS]       skipped phase INIT_A because it is done
[21:42:36.539]  trace   [GS]       skipped phase INIT_A because phase is not open
[21:42:36.539]  trace   [GS]       skipped phase INIT_B because agent is not allowed
[21:42:36.539]  trace   [GS]       updating phase LONG_TASK...
[21:42:36.539]  trace   [GS]       skipped phase LONG_TASK because it timed out
[21:42:36.539]  trace   [GS]       skipped phase LONG_TASK because phase is not open
[21:42:36.539]  trace   [GS]       updating phase SOME_BOT_A...
[21:42:36.539]  trace   [GS]       skipped phase SOME_BOT_A because it timed out
[21:42:36.539]  trace   [GS]       skipped phase SOME_BOT_A because phase is not open
[21:42:36.539]  trace   [GS]       skipped phase SOME_BOT_B because agent is not allowed
[21:42:36.539]  trace   [GS]       updating phase WAIT_FOR_INIT...
[21:42:36.539]  trace   [GS]       skipped phase WAIT_FOR_INIT because it timed out
[21:42:36.539]  trace   [GS]       skipped phase WAIT_FOR_INIT because phase is not open
[21:42:36.539]   info   [GS]       no more phases to execute
[21:42:36.645]   info   [GS]       get next best phase: bot_a
[21:42:36.647]  trace   [GS]       updating phase CLEAR_DECK...
[21:42:36.647]  trace   [GS]       skipped phase CLEAR_DECK because it timed out
[21:42:36.647]  trace   [GS]       skipped phase CLEAR_DECK because phase is not open
[21:42:36.647]  trace   [GS]       updating phase INIT_A...
[21:42:36.647]  trace   [GS]       skipped phase INIT_A because it is done
[21:42:36.647]  trace   [GS]       skipped phase INIT_A because phase is not open
[21:42:36.647]  trace   [GS]       skipped phase INIT_B because agent is not allowed
[21:42:36.647]  trace   [GS]       updating phase LONG_TASK...
[21:42:36.647]  trace   [GS]       skipped phase LONG_TASK because it timed out
[21:42:36.647]  trace   [GS]       skipped phase LONG_TASK because phase is not open
[21:42:36.647]  trace   [GS]       updating phase SOME_BOT_A...
[21:42:36.647]  trace   [GS]       skipped phase SOME_BOT_A because it timed out
[21:42:36.647]  trace   [GS]       skipped phase SOME_BOT_A because phase is not open
[21:42:36.647]  trace   [GS]       skipped phase SOME_BOT_B because agent is not allowed
[21:42:36.647]  trace   [GS]       updating phase WAIT_FOR_INIT...
[21:42:36.647]  trace   [GS]       skipped phase WAIT_FOR_INIT because it timed out
[21:42:36.647]  trace   [GS]       skipped phase WAIT_FOR_INIT because phase is not open
[21:42:36.647]   info   [GS]       no more phases to execute
[21:42:36.750]   info   [GS]       get next best phase: bot_a
[21:42:36.751]  trace   [GS]       updating phase CLEAR_DECK...
[21:42:36.751]  trace   [GS]       skipped phase CLEAR_DECK because it timed out
[21:42:36.751]  trace   [GS]       skipped phase CLEAR_DECK because phase is not open
[21:42:36.751]  trace   [GS]       updating phase INIT_A...
[21:42:36.751]  trace   [GS]       skipped phase INIT_A because it is done
[21:42:36.751]  trace   [GS]       skipped phase INIT_A because phase is not open
[21:42:36.751]  trace   [GS]       skipped phase INIT_B because agent is not allowed
[21:42:36.751]  trace   [GS]       updating phase LONG_TASK...
[21:42:36.751]  trace   [GS]       skipped phase LONG_TASK because it timed out
[21:42:36.751]  trace   [GS]       skipped phase LONG_TASK because phase is not open
[21:42:36.751]  trace   [GS]       updating phase SOME_BOT_A...
[21:42:36.751]  trace   [GS]       skipped phase SOME_BOT_A because it timed out
[21:42:36.751]  trace   [GS]       skipped phase SOME_BOT_A because phase is not open
[21:42:36.751]  trace   [GS]       skipped phase SOME_BOT_B because agent is not allowed
[21:42:36.751]  trace   [GS]       updating phase WAIT_FOR_INIT...
[21:42:36.751]  trace   [GS]       skipped phase WAIT_FOR_INIT because it timed out
[21:42:36.751]  trace   [GS]       skipped phase WAIT_FOR_INIT because phase is not open
[21:42:36.751]   info   [GS]       no more phases to execute
[21:42:36.857]   info   [GS]       get next best phase: bot_a
[21:42:36.858]  trace   [GS]       updating phase CLEAR_DECK...
[21:42:36.858]  trace   [GS]       skipped phase CLEAR_DECK because it timed out
[21:42:36.858]  trace   [GS]       skipped phase CLEAR_DECK because phase is not open
[21:42:36.858]  trace   [GS]       updating phase INIT_A...
[21:42:36.858]  trace   [GS]       skipped phase INIT_A because it is done
[21:42:36.858]  trace   [GS]       skipped phase INIT_A because phase is not open
[21:42:36.858]  trace   [GS]       skipped phase INIT_B because agent is not allowed
[21:42:36.858]  trace   [GS]       updating phase LONG_TASK...
[21:42:36.858]  trace   [GS]       skipped phase LONG_TASK because it timed out
[21:42:36.858]  trace   [GS]       skipped phase LONG_TASK because phase is not open
[21:42:36.858]  trace   [GS]       updating phase SOME_BOT_A...
[21:42:36.858]  trace   [GS]       skipped phase SOME_BOT_A because it timed out
[21:42:36.858]  trace   [GS]       skipped phase SOME_BOT_A because phase is not open
[21:42:36.858]  trace   [GS]       skipped phase SOME_BOT_B because agent is not allowed
[21:42:36.858]  trace   [GS]       updating phase WAIT_FOR_INIT...
[21:42:36.858]  trace   [GS]       skipped phase WAIT_FOR_INIT because it timed out
[21:42:36.858]  trace   [GS]       skipped phase WAIT_FOR_INIT because phase is not open
[21:42:36.858]   info   [GS]       no more phases to execute
[21:42:36.962]   info   [GS]       get next best phase: bot_a
[21:42:36.963]  trace   [GS]       updating phase CLEAR_DECK...
[21:42:36.963]  trace   [GS]       skipped phase CLEAR_DECK because it timed out
[21:42:36.963]  trace   [GS]       skipped phase CLEAR_DECK because phase is not open
[21:42:36.963]  trace   [GS]       updating phase INIT_A...
[21:42:36.963]  trace   [GS]       skipped phase INIT_A because it is done
[21:42:36.963]  trace   [GS]       skipped phase INIT_A because phase is not open
[21:42:36.963]  trace   [GS]       skipped phase INIT_B because agent is not allowed
[21:42:36.963]  trace   [GS]       updating phase LONG_TASK...
[21:42:36.963]  trace   [GS]       skipped phase LONG_TASK because it timed out
[21:42:36.963]  trace   [GS]       skipped phase LONG_TASK because phase is not open
[21:42:36.963]  trace   [GS]       updating phase SOME_BOT_A...
[21:42:36.963]  trace   [GS]       skipped phase SOME_BOT_A because it timed out
[21:42:36.963]  trace   [GS]       skipped phase SOME_BOT_A because phase is not open
[21:42:36.963]  trace   [GS]       skipped phase SOME_BOT_B because agent is not allowed
[21:42:36.963]  trace   [GS]       updating phase WAIT_FOR_INIT...
[21:42:36.963]  trace   [GS]       skipped phase WAIT_FOR_INIT because it timed out
[21:42:36.963]  trace   [GS]       skipped phase WAIT_FOR_INIT because phase is not open
[21:42:36.963]   info   [GS]       no more phases to execute
[21:42:37.065]   info   [GS]       get next best phase: bot_a
[21:42:37.066]  trace   [GS]       updating phase CLEAR_DECK...
[21:42:37.066]  trace   [GS]       skipped phase CLEAR_DECK because it timed out
[21:42:37.066]  trace   [GS]       skipped phase CLEAR_DECK because phase is not open
[21:42:37.066]  trace   [GS]       updating phase INIT_A...
[21:42:37.066]  trace   [GS]       skipped phase INIT_A because it is done
[21:42:37.066]  trace   [GS]       skipped phase INIT_A because phase is not open
[21:42:37.066]  trace   [GS]       skipped phase INIT_B because agent is not allowed
[21:42:37.066]  trace   [GS]       updating phase LONG_TASK...
[21:42:37.066]  trace   [GS]       skipped phase LONG_TASK because it timed out
[21:42:37.066]  trace   [GS]       skipped phase LONG_TASK because phase is not open
[21:42:37.066]  trace   [GS]       updating phase SOME_BOT_A...
[21:42:37.066]  trace   [GS]       skipped phase SOME_BOT_A because it timed out
[21:42:37.066]  trace   [GS]       skipped phase SOME_BOT_A because phase is not open
[21:42:37.066]  trace   [GS]       skipped phase SOME_BOT_B because agent is not allowed
[21:42:37.066]  trace   [GS]       updating phase WAIT_FOR_INIT...
[21:42:37.066]  trace   [GS]       skipped phase WAIT_FOR_INIT because it timed out
[21:42:37.066]  trace   [GS]       skipped phase WAIT_FOR_INIT because phase is not open
[21:42:37.066]   info   [GS]       no more phases to execute
[21:42:37.167]   info   [GS]       get next best phase: bot_a
[21:42:37.170]  trace   [GS]       updating phase CLEAR_DECK...
[21:42:37.170]  trace   [GS]       skipped phase CLEAR_DECK because it timed out
[21:42:37.170]  trace   [GS]       skipped phase CLEAR_DECK because phase is not open
[21:42:37.170]  trace   [GS]       updating phase INIT_A...
[21:42:37.170]  trace   [GS]       skipped phase INIT_A because it is done
[21:42:37.170]  trace   [GS]       skipped phase INIT_A because phase is not open
[21:42:37.170]  trace   [GS]       skipped phase INIT_B because agent is not allowed
[21:42:37.170]  trace   [GS]       updating phase LONG_TASK...
[21:42:37.170]  trace   [GS]       skipped phase LONG_TASK because it timed out
[21:42:37.170]  trace   [GS]       skipped phase LONG_TASK because phase is not open
[21:42:37.170]  trace   [GS]       updating phase SOME_BOT_A...
[21:42:37.170]  trace   [GS]       skipped phase SOME_BOT_A because it timed out
[21:42:37.170]  trace   [GS]       skipped phase SOME_BOT_A because phase is not open
[21:42:37.170]  trace   [GS]       skipped phase SOME_BOT_B because agent is not allowed
[21:42:37.170]  trace   [GS]       updating phase WAIT_FOR_INIT...
[21:42:37.170]  trace   [GS]       skipped phase WAIT_FOR_INIT because it timed out
[21:42:37.170]  trace   [GS]       skipped phase WAIT_FOR_INIT because phase is not open
[21:42:37.170]   info   [GS]       no more phases to execute
[21:42:37.274]   info   [GS]       get next best phase: bot_a
[21:42:37.276]  trace   [GS]       updating phase CLEAR_DECK...
[21:42:37.276]  trace   [GS]       skipped phase CLEAR_DECK because it timed out
[21:42:37.276]  trace   [GS]       skipped phase CLEAR_DECK because phase is not open
[21:42:37.276]  trace   [GS]       updating phase INIT_A...
[21:42:37.276]  trace   [GS]       skipped phase INIT_A because it is done
[21:42:37.276]  trace   [GS]       skipped phase INIT_A because phase is not open
[21:42:37.276]  trace   [GS]       skipped phase INIT_B because agent is not allowed
[21:42:37.276]  trace   [GS]       updating phase LONG_TASK...
[21:42:37.276]  trace   [GS]       skipped phase LONG_TASK because it timed out
[21:42:37.276]  trace   [GS]       skipped phase LONG_TASK because phase is not open
[21:42:37.276]  trace   [GS]       updating phase SOME_BOT_A...
[21:42:37.276]  trace   [GS]       skipped phase SOME_BOT_A because it timed out
[21:42:37.276]  trace   [GS]       skipped phase SOME_BOT_A because phase is not open
[21:42:37.276]  trace   [GS]       skipped phase SOME_BOT_B because agent is not allowed
[21:42:37.276]  trace   [GS]       updating phase WAIT_FOR_INIT...
[21:42:37.276]  trace   [GS]       skipped phase WAIT_FOR_INIT because it timed out
[21:42:37.276]  trace   [GS]       skipped phase WAIT_FOR_INIT because phase is not open
[21:42:37.276]   info   [GS]       no more phases to execute
[21:42:37.382]   info   [GS]       get next best phase: bot_a
[21:42:37.383]  trace   [GS]       updating phase CLEAR_DECK...
[21:42:37.383]  trace   [GS]       skipped phase CLEAR_DECK because it timed out
[21:42:37.383]  trace   [GS]       skipped phase CLEAR_DECK because phase is not open
[21:42:37.383]  trace   [GS]       updating phase INIT_A...
[21:42:37.383]  trace   [GS]       skipped phase INIT_A because it is done
[21:42:37.383]  trace   [GS]       skipped phase INIT_A because phase is not open
[21:42:37.383]  trace   [GS]       skipped phase INIT_B because agent is not allowed
[21:42:37.383]  trace   [GS]       updating phase LONG_TASK...
[21:42:37.383]  trace   [GS]       skipped phase LONG_TASK because it timed out
[21:42:37.383]  trace   [GS]       skipped phase LONG_TASK because phase is not open
[21:42:37.383]  trace   [GS]       updating phase SOME_BOT_A...
[21:42:37.383]  trace   [GS]       skipped phase SOME_BOT_A because it timed out
[21:42:37.383]  trace   [GS]       skipped phase SOME_BOT_A because phase is not open
[21:42:37.383]  trace   [GS]       skipped phase SOME_BOT_B because agent is not allowed
[21:42:37.383]  trace   [GS]       updating phase WAIT_FOR_INIT...
[21:42:37.383]  trace   [GS]       skipped phase WAIT_FOR_INIT because it timed out
[21:42:37.383]  trace   [GS]       skipped phase WAIT_FOR_INIT because phase is not open
[21:42:37.383]   info   [GS]       no more phases to execute
[21:42:37.488]   info   [GS]       get next best phase: bot_a
[21:42:37.489]  trace   [GS]       updating phase CLEAR_DECK...
[21:42:37.489]  trace   [GS]       skipped phase CLEAR_DECK because it timed out
[21:42:37.489]  trace   [GS]       skipped phase CLEAR_DECK because phase is not open
[21:42:37.489]  trace   [GS]       updating phase INIT_A...
[21:42:37.489]  trace   [GS]       skipped phase INIT_A because it is done
[21:42:37.489]  trace   [GS]       skipped phase INIT_A because phase is not open
[21:42:37.489]  trace   [GS]       skipped phase INIT_B because agent is not allowed
[21:42:37.489]  trace   [GS]       updating phase LONG_TASK...
[21:42:37.489]  trace   [GS]       skipped phase LONG_TASK because it timed out
[21:42:37.489]  trace   [GS]       skipped phase LONG_TASK because phase is not open
[21:42:37.489]  trace   [GS]       updating phase SOME_BOT_A...
[21:42:37.489]  trace   [GS]       skipped phase SOME_BOT_A because it timed out
[21:42:37.489]  trace   [GS]       skipped phase SOME_BOT_A because phase is not open
[21:42:37.489]  trace   [GS]       skipped phase SOME_BOT_B because agent is not allowed
[21:42:37.489]  trace   [GS]       updating phase WAIT_FOR_INIT...
[21:42:37.489]  trace   [GS]       skipped phase WAIT_FOR_INIT because it timed out
[21:42:37.489]  trace   [GS]       skipped phase WAIT_FOR_INIT because phase is not open
[21:42:37.489]   info   [GS]       no more phases to execute
[21:42:37.595]   info   [GS]       get next best phase: bot_a
[21:42:37.598]  trace   [GS]       updating phase CLEAR_DECK...
[21:42:37.598]  trace   [GS]       skipped phase CLEAR_DECK because it timed out
[21:42:37.598]  trace   [GS]       skipped phase CLEAR_DECK because phase is not open
[21:42:37.598]  trace   [GS]       updating phase INIT_A...
[21:42:37.598]  trace   [GS]       skipped phase INIT_A because it is done
[21:42:37.598]  trace   [GS]       skipped phase INIT_A because phase is not open
[21:42:37.598]  trace   [GS]       skipped phase INIT_B because agent is not allowed
[21:42:37.598]  trace   [GS]       updating phase LONG_TASK...
[21:42:37.598]  trace   [GS]       skipped phase LONG_TASK because it timed out
[21:42:37.598]  trace   [GS]       skipped phase LONG_TASK because phase is not open
[21:42:37.598]  trace   [GS]       updating phase SOME_BOT_A...
[21:42:37.598]  trace   [GS]       skipped phase SOME_BOT_A because it timed out
[21:42:37.598]  trace   [GS]       skipped phase SOME_BOT_A because phase is not open
[21:42:37.598]  trace   [GS]       skipped phase SOME_BOT_B because agent is not allowed
[21:42:37.598]  trace   [GS]       updating phase WAIT_FOR_INIT...
[21:42:37.598]  trace   [GS]       skipped phase WAIT_FOR_INIT because it timed out
[21:42:37.598]  trace   [GS]       skipped phase WAIT_FOR_INIT because phase is not open
[21:42:37.598]   info   [GS]       no more phases to execute
[21:42:37.701]   info   [GS]       get next best phase: bot_a
[21:42:37.701]  trace   [GS]       updating phase CLEAR_DECK...
[21:42:37.701]  trace   [GS]       skipped phase CLEAR_DECK because it timed out
[21:42:37.701]  trace   [GS]       skipped phase CLEAR_DECK because phase is not open
[21:42:37.701]  trace   [GS]       updating phase INIT_A...
[21:42:37.701]  trace   [GS]       skipped phase INIT_A because it is done
[21:42:37.701]  trace   [GS]       skipped phase INIT_A because phase is not open
[21:42:37.701]  trace   [GS]       skipped phase INIT_B because agent is not allowed
[21:42:37.701]  trace   [GS]       updating phase LONG_TASK...
[21:42:37.701]  trace   [GS]       skipped phase LONG_TASK because it timed out
[21:42:37.701]  trace   [GS]       skipped phase LONG_TASK because phase is not open
[21:42:37.701]  trace   [GS]       updating phase SOME_BOT_A...
[21:42:37.701]  trace   [GS]       skipped phase SOME_BOT_A because it timed out
[21:42:37.701]  trace   [GS]       skipped phase SOME_BOT_A because phase is not open
[21:42:37.701]  trace   [GS]       skipped phase SOME_BOT_B because agent is not allowed
[21:42:37.701]  trace   [GS]       updating phase WAIT_FOR_INIT...
[21:42:37.701]  trace   [GS]       skipped phase WAIT_FOR_INIT because it timed out
[21:42:37.701]  trace   [GS]       skipped phase WAIT_FOR_INIT because phase is not open
[21:42:37.701]   info   [GS]       no more phases to execute
[21:42:37.805]   info   [GS]       get next best phase: bot_a
[21:42:37.806]  trace   [GS]       updating phase CLEAR_DECK...
[21:42:37.806]  trace   [GS]       skipped phase CLEAR_DECK because it timed out
[21:42:37.806]  trace   [GS]       skipped phase CLEAR_DECK because phase is not open
[21:42:37.806]  trace   [GS]       updating phase INIT_A...
[21:42:37.806]  trace   [GS]       skipped phase INIT_A because it is done
[21:42:37.806]  trace   [GS]       skipped phase INIT_A because phase is not open
[21:42:37.806]  trace   [GS]       skipped phase INIT_B because agent is not allowed
[21:42:37.806]  trace   [GS]       updating phase LONG_TASK...
[21:42:37.806]  trace   [GS]       skipped phase LONG_TASK because it timed out
[21:42:37.806]  trace   [GS]       skipped phase LONG_TASK because phase is not open
[21:42:37.806]  trace   [GS]       updating phase SOME_BOT_A...
[21:42:37.806]  trace   [GS]       skipped phase SOME_BOT_A because it timed out
[21:42:37.806]  trace   [GS]       skipped phase SOME_BOT_A because phase is not open
[21:42:37.806]  trace   [GS]       skipped phase SOME_BOT_B because agent is not allowed
[21:42:37.806]  trace   [GS]       updating phase WAIT_FOR_INIT...
[21:42:37.806]  trace   [GS]       skipped phase WAIT_FOR_INIT because it timed out
[21:42:37.806]  trace   [GS]       skipped phase WAIT_FOR_INIT because phase is not open
[21:42:37.806]   info   [GS]       no more phases to execute
[21:42:37.912]   info   [GS]       get next best phase: bot_a
[21:42:37.913]  trace   [GS]       updating phase CLEAR_DECK...
[21:42:37.913]  trace   [GS]       skipped phase CLEAR_DECK because it timed out
[21:42:37.913]  trace   [GS]       skipped phase CLEAR_DECK because phase is not open
[21:42:37.913]  trace   [GS]       updating phase INIT_A...
[21:42:37.913]  trace   [GS]       skipped phase INIT_A because it is done
[21:42:37.913]  trace   [GS]       skipped phase INIT_A because phase is not open
[21:42:37.913]  trace   [GS]       skipped phase INIT_B because agent is not allowed
[21:42:37.913]  trace   [GS]       updating phase LONG_TASK...
[21:42:37.913]  trace   [GS]       skipped phase LONG_TASK because it timed out
[21:42:37.913]  trace   [GS]       skipped phase LONG_TASK because phase is not open
[21:42:37.913]  trace   [GS]       updating phase SOME_BOT_A...
[21:42:37.913]  trace   [GS]       skipped phase SOME_BOT_A because it timed out
[21:42:37.913]  trace   [GS]       skipped phase SOME_BOT_A because phase is not open
[21:42:37.913]  trace   [GS]       skipped phase SOME_BOT_B because agent is not allowed
[21:42:37.913]  trace   [GS]       updating phase WAIT_FOR_INIT...
[21:42:37.913]  trace   [GS]       skipped phase WAIT_FOR_INIT because it timed out
[21:42:37.913]  trace   [GS]       skipped phase WAIT_FOR_INIT because phase is not open
[21:42:37.913]   info   [GS]       no more phases to execute
[21:42:38.018]   info   [GS]       get next best phase: bot_a
[21:42:38.019]  trace   [GS]       updating phase CLEAR_DECK...
[21:42:38.019]  trace   [GS]       skipped phase CLEAR_DECK because it timed out
[21:42:38.019]  trace   [GS]       skipped phase CLEAR_DECK because phase is not open
[21:42:38.019]  trace   [GS]       updating phase INIT_A...
[21:42:38.019]  trace   [GS]       skipped phase INIT_A because it is done
[21:42:38.019]  trace   [GS]       skipped phase INIT_A because phase is not open
[21:42:38.019]  trace   [GS]       skipped phase INIT_B because agent is not allowed
[21:42:38.019]  trace   [GS]       updating phase LONG_TASK...
[21:42:38.019]  trace   [GS]       skipped phase LONG_TASK because it timed out
[21:42:38.019]  trace   [GS]       skipped phase LONG_TASK because phase is not open
[21:42:38.019]  trace   [GS]       updating phase SOME_BOT_A...
[21:42:38.019]  trace   [GS]       skipped phase SOME_BOT_A because it timed out
[21:42:38.019]  trace   [GS]       skipped phase SOME_BOT_A because phase is not open
[21:42:38.019]  trace   [GS]       skipped phase SOME_BOT_B because agent is not allowed
[21:42:38.019]  trace   [GS]       updating phase WAIT_FOR_INIT...
[21:42:38.019]  trace   [GS]       skipped phase WAIT_FOR_INIT because it timed out
[21:42:38.019]  trace   [GS]       skipped phase WAIT_FOR_INIT because phase is not open
[21:42:38.019]   info   [GS]       no more phases to execute
[21:42:38.128]   info   [GS]       get next best phase: bot_a
[21:42:38.130]  trace   [GS]       updating phase CLEAR_DECK...
[21:42:38.130]  trace   [GS]       skipped phase CLEAR_DECK because it timed out
[21:42:38.130]  trace   [GS]       skipped phase CLEAR_DECK because phase is not open
[21:42:38.130]  trace   [GS]       updating phase INIT_A...
[21:42:38.130]  trace   [GS]       skipped phase INIT_A because it is done
[21:42:38.130]  trace   [GS]       skipped phase INIT_A because phase is not open
[21:42:38.130]  trace   [GS]       skipped phase INIT_B because agent is not allowed
[21:42:38.130]  trace   [GS]       updating phase LONG_TASK...
[21:42:38.130]  trace   [GS]       skipped phase LONG_TASK because it timed out
[21:42:38.130]  trace   [GS]       skipped phase LONG_TASK because phase is not open
[21:42:38.130]  trace   [GS]       updating phase SOME_BOT_A...
[21:42:38.130]  trace   [GS]       skipped phase SOME_BOT_A because it timed out
[21:42:38.130]  trace   [GS]       skipped phase SOME_BOT_A because phase is not open
[21:42:38.130]  trace   [GS]       skipped phase SOME_BOT_B because agent is not allowed
[21:42:38.130]  trace   [GS]       updating phase WAIT_FOR_INIT...
[21:42:38.130]  trace   [GS]       skipped phase WAIT_FOR_INIT because it timed out
[21:42:38.130]  trace   [GS]       skipped phase WAIT_FOR_INIT because phase is not open
[21:42:38.130]   info   [GS]       no more phases to execute
