[01:45:29.043]   info   [CLIENT]   successfully created TableState
[01:45:29.047]   info   [CLIENT]   successfully created PhaseState
[01:45:29.048]   info   [CLIENT]   successfully created config (GameState config)
[01:45:29.049]   info   [GS]       get next best phase: bot_b
[01:45:29.052]  trace   [GS]       skipped phase CLEAR_DECK because agent is not allowed
[01:45:29.052]  trace   [GS]       updating phase COLLECT_DATA...
[01:45:29.052]  trace   [GS]       phase status COLLECT_DATA: 0
[01:45:29.052]   info   [GS]       potential of phase COLLECT_DATA: 200
[01:45:29.054]   info   [GS]       score of phase COLLECT_DATA: 104
[01:45:29.054]  trace   [GS]       skipped phase INIT_A because agent is not allowed
[01:45:29.054]  trace   [GS]       skipped phase LONG_TASK because agent is not allowed
[01:45:29.054]  trace   [GS]       skipped phase SOME_BOT_A because agent is not allowed
[01:45:29.054]  trace   [GS]       updating phase SOME_BOT_B...
[01:45:29.054]  trace   [GS]       phase status SOME_BOT_B: 0
[01:45:29.054]   info   [GS]       potential of phase SOME_BOT_B: 99
[01:45:29.055]   info   [GS]       score of phase SOME_BOT_B: 138.7
[01:45:29.056]  trace   [GS]       skipped phase WAIT_FOR_INIT because agent is not allowed
[01:45:29.056]  trace   [GS]       skipped phase WORK_WITH_COLLECTED_DATA because agent is not allowed
[01:45:29.056]   info   [GS]       selected phase SOME_BOT_B as next phase
[01:45:29.050]   info   [GS]       Received update: {"init_a":true}
[01:45:29.056]   info   [GS]       get next best phase: bot_b
[01:45:29.058]  trace   [GS]       skipped phase CLEAR_DECK because agent is not allowed
[01:45:29.058]  trace   [GS]       updating phase COLLECT_DATA...
[01:45:29.058]  trace   [GS]       phase status COLLECT_DATA: 0
[01:45:29.058]   info   [GS]       potential of phase COLLECT_DATA: 200
[01:45:29.058]   info   [GS]       score of phase COLLECT_DATA: 104
[01:45:29.059]  trace   [GS]       skipped phase INIT_A because agent is not allowed
[01:45:29.059]  trace   [GS]       skipped phase LONG_TASK because agent is not allowed
[01:45:29.059]  trace   [GS]       skipped phase SOME_BOT_A because agent is not allowed
[01:45:29.059]  trace   [GS]       skipped phase WAIT_FOR_INIT because agent is not allowed
[01:45:29.059]  trace   [GS]       skipped phase WORK_WITH_COLLECTED_DATA because agent is not allowed
[01:45:29.059]   info   [GS]       selected phase COLLECT_DATA as next phase
[01:45:29.060]   info   [GS]       get next best phase: bot_b
[01:45:29.060]  trace   [GS]       skipped phase CLEAR_DECK because agent is not allowed
[01:45:29.060]  trace   [GS]       skipped phase INIT_A because agent is not allowed
[01:45:29.060]  trace   [GS]       skipped phase LONG_TASK because agent is not allowed
[01:45:29.060]  trace   [GS]       skipped phase SOME_BOT_A because agent is not allowed
[01:45:29.060]  trace   [GS]       skipped phase WAIT_FOR_INIT because agent is not allowed
[01:45:29.060]  trace   [GS]       skipped phase WORK_WITH_COLLECTED_DATA because agent is not allowed
[01:45:29.060]   info   [GS]       no more phases to execute
[01:45:29.063]   info   [GS]       Received update phase [INIT_A]: DONE
