[12:41:09.908]   info   [SERVER]   successfully created TableState
[12:41:09.909]   info   [SERVER]   successfully created PhaseState
[12:41:09.909]   info   [SERVER]   successfully created Config (GameState Config)
[12:41:09.910]   info   [SERVER]   listening on: 172.17.0.2:3000
[12:41:21.093]   info   [SERVER]   accepted connection from 172.17.0.3:53524
[12:41:21.095]   info   [GS]       get next best phase: bot_a
[12:41:21.096]  trace   [GS]       updating phase CLEAR_DECK...
[12:41:21.096]  trace   [GS]       phase status CLEAR_DECK: 0
[12:41:21.096]   info   [GS]       potential of phase CLEAR_DECK: 0
[12:41:21.097]   info   [GS]       score of phase CLEAR_DECK: 48.5
[12:41:21.097]  trace   [GS]       skipped phase COLLECT_DATA because agent is not allowed
[12:41:21.097]  trace   [GS]       skipped phase INIT_B because agent is not allowed
[12:41:21.097]  trace   [GS]       updating phase LONG_TASK...
[12:41:21.097]  trace   [GS]       phase status LONG_TASK: 0
[12:41:21.097]   info   [GS]       potential of phase LONG_TASK: 0
[12:41:21.098]   info   [GS]       score of phase LONG_TASK: 50
[12:41:21.098]  trace   [GS]       updating phase SOME_BOT_A...
[12:41:21.098]  trace   [GS]       phase status SOME_BOT_A: 1
[12:41:21.098]  trace   [GS]       skipped phase SOME_BOT_A because phase is not open
[12:41:21.098]  trace   [GS]       skipped phase SOME_BOT_B because agent is not allowed
[12:41:21.098]  trace   [GS]       updating phase WAIT_FOR_INIT...
[12:41:21.098]  trace   [GS]       phase status WAIT_FOR_INIT: 1
[12:41:21.098]  trace   [GS]       skipped phase WAIT_FOR_INIT because phase is not open
[12:41:21.098]  trace   [GS]       updating phase WORK_WITH_COLLECTED_DATA...
[12:41:21.098]  trace   [GS]       phase status WORK_WITH_COLLECTED_DATA: 1
[12:41:21.098]  trace   [GS]       skipped phase WORK_WITH_COLLECTED_DATA because phase is not open
[12:41:21.098]   info   [GS]       selected phase LONG_TASK as next phase
[12:41:21.099]   info   [GS]       get next best phase: bot_a
[12:41:21.100]  trace   [GS]       updating phase CLEAR_DECK...
[12:41:21.100]  trace   [GS]       phase status CLEAR_DECK: 0
[12:41:21.100]   info   [GS]       potential of phase CLEAR_DECK: 0
[12:41:21.099]   info   [GS]       Received update: {"init_b":true}
[12:41:21.100]   info   [GS]       score of phase CLEAR_DECK: 48.5
[12:41:21.101]  trace   [GS]       skipped phase COLLECT_DATA because agent is not allowed
[12:41:21.101]  trace   [GS]       skipped phase INIT_B because agent is not allowed
[12:41:21.101]  trace   [GS]       updating phase SOME_BOT_A...
[12:41:21.101]  trace   [GS]       phase status SOME_BOT_A: 1
[12:41:21.101]  trace   [GS]       skipped phase SOME_BOT_A because phase is not open
[12:41:21.101]  trace   [GS]       skipped phase SOME_BOT_B because agent is not allowed
[12:41:21.101]  trace   [GS]       updating phase WAIT_FOR_INIT...
[12:41:21.101]  trace   [GS]       phase status WAIT_FOR_INIT: 1
[12:41:21.101]  trace   [GS]       skipped phase WAIT_FOR_INIT because phase is not open
[12:41:21.101]  trace   [GS]       updating phase WORK_WITH_COLLECTED_DATA...
[12:41:21.101]  trace   [GS]       phase status WORK_WITH_COLLECTED_DATA: 1
[12:41:21.101]  trace   [GS]       skipped phase WORK_WITH_COLLECTED_DATA because phase is not open
[12:41:21.101]   info   [GS]       selected phase CLEAR_DECK as next phase
[12:41:21.102]   info   [GS]       Received update phase [INIT_B]: DONE
[12:41:21.102]   info   [GS]       get next best phase: bot_a
[12:41:21.104]  trace   [GS]       skipped phase COLLECT_DATA because agent is not allowed
[12:41:21.104]  trace   [GS]       skipped phase INIT_B because agent is not allowed
[12:41:21.104]  trace   [GS]       updating phase SOME_BOT_A...
[12:41:21.104]  trace   [GS]       phase status SOME_BOT_A: 1
[12:41:21.104]  trace   [GS]       skipped phase SOME_BOT_A because phase is not open
[12:41:21.104]  trace   [GS]       skipped phase SOME_BOT_B because agent is not allowed
[12:41:21.104]  trace   [GS]       updating phase WAIT_FOR_INIT...
[12:41:21.104]   info   [GS]       unlocked phase WAIT_FOR_INIT
[12:41:21.105]  trace   [GS]       phase status WAIT_FOR_INIT: 0
[12:41:21.105]   info   [GS]       potential of phase WAIT_FOR_INIT: 0
[12:41:21.106]   info   [GS]       score of phase WAIT_FOR_INIT: 23.5
[12:41:21.106]  trace   [GS]       updating phase WORK_WITH_COLLECTED_DATA...
[12:41:21.106]  trace   [GS]       phase status WORK_WITH_COLLECTED_DATA: 1
[12:41:21.106]  trace   [GS]       skipped phase WORK_WITH_COLLECTED_DATA because phase is not open
[12:41:21.106]   info   [GS]       selected phase WAIT_FOR_INIT as next phase
[12:41:21.107]   info   [GS]       get next best phase: bot_a
[12:41:21.107]  trace   [GS]       skipped phase COLLECT_DATA because agent is not allowed
[12:41:21.107]  trace   [GS]       skipped phase INIT_B because agent is not allowed
[12:41:21.107]  trace   [GS]       updating phase SOME_BOT_A...
[12:41:21.107]  trace   [GS]       phase status SOME_BOT_A: 1
[12:41:21.107]  trace   [GS]       skipped phase SOME_BOT_A because phase is not open
[12:41:21.107]  trace   [GS]       skipped phase SOME_BOT_B because agent is not allowed
[12:41:21.107]  trace   [GS]       updating phase WORK_WITH_COLLECTED_DATA...
[12:41:21.107]  trace   [GS]       phase status WORK_WITH_COLLECTED_DATA: 1
[12:41:21.107]  trace   [GS]       skipped phase WORK_WITH_COLLECTED_DATA because phase is not open
[12:41:21.107]   info   [GS]       no more phases to execute
[12:41:21.108]   info   [GS]       Received update: {"some_task_bot_b_done":true}
[12:41:21.108]   info   [GS]       get next best phase: bot_a
[12:41:21.111]  trace   [GS]       skipped phase COLLECT_DATA because agent is not allowed
[12:41:21.111]  trace   [GS]       updating phase SOME_BOT_A...
[12:41:21.111]  trace   [GS]       phase status SOME_BOT_A: 1
[12:41:21.111]  trace   [GS]       skipped phase SOME_BOT_A because phase is not open
[12:41:21.111]  trace   [GS]       skipped phase SOME_BOT_B because agent is not allowed
[12:41:21.111]  trace   [GS]       updating phase WORK_WITH_COLLECTED_DATA...
[12:41:21.111]  trace   [GS]       phase status WORK_WITH_COLLECTED_DATA: 1
[12:41:21.111]  trace   [GS]       skipped phase WORK_WITH_COLLECTED_DATA because phase is not open
[12:41:21.111]   info   [GS]       no more phases to execute
[12:41:21.112]   info   [GS]       get next best phase: bot_a
[12:41:21.113]  trace   [GS]       skipped phase COLLECT_DATA because agent is not allowed
[12:41:21.113]  trace   [GS]       updating phase SOME_BOT_A...
[12:41:21.113]   info   [GS]       unlocked phase SOME_BOT_A
[12:41:21.114]  trace   [GS]       phase status SOME_BOT_A: 0
[12:41:21.114]   info   [GS]       potential of phase SOME_BOT_A: 0
[12:41:21.114]   info   [GS]       score of phase SOME_BOT_A: 40.5
[12:41:21.114]  trace   [GS]       skipped phase SOME_BOT_B because agent is not allowed
[12:41:21.114]  trace   [GS]       updating phase WORK_WITH_COLLECTED_DATA...
[12:41:21.114]  trace   [GS]       phase status WORK_WITH_COLLECTED_DATA: 1
[12:41:21.114]  trace   [GS]       skipped phase WORK_WITH_COLLECTED_DATA because phase is not open
[12:41:21.114]   info   [GS]       selected phase SOME_BOT_A as next phase
[12:41:21.115]   info   [GS]       get next best phase: bot_a
[12:41:21.115]  trace   [GS]       skipped phase COLLECT_DATA because agent is not allowed
[12:41:21.115]  trace   [GS]       skipped phase SOME_BOT_B because agent is not allowed
[12:41:21.115]  trace   [GS]       updating phase WORK_WITH_COLLECTED_DATA...
[12:41:21.115]  trace   [GS]       phase status WORK_WITH_COLLECTED_DATA: 1
[12:41:21.115]  trace   [GS]       skipped phase WORK_WITH_COLLECTED_DATA because phase is not open
[12:41:21.115]   info   [GS]       no more phases to execute
[12:41:21.115]   info   [GS]       get next best phase: bot_a
[12:41:21.116]  trace   [GS]       skipped phase COLLECT_DATA because agent is not allowed
[12:41:21.116]  trace   [GS]       skipped phase SOME_BOT_B because agent is not allowed
[12:41:21.116]  trace   [GS]       updating phase WORK_WITH_COLLECTED_DATA...
[12:41:21.116]  trace   [GS]       phase status WORK_WITH_COLLECTED_DATA: 1
[12:41:21.116]  trace   [GS]       skipped phase WORK_WITH_COLLECTED_DATA because phase is not open
[12:41:21.116]   info   [GS]       no more phases to execute
[12:41:21.116]   info   [GS]       get next best phase: bot_a
[12:41:21.117]  trace   [GS]       skipped phase COLLECT_DATA because agent is not allowed
[12:41:21.117]  trace   [GS]       skipped phase SOME_BOT_B because agent is not allowed
[12:41:21.117]  trace   [GS]       updating phase WORK_WITH_COLLECTED_DATA...
[12:41:21.117]  trace   [GS]       phase status WORK_WITH_COLLECTED_DATA: 1
[12:41:21.117]  trace   [GS]       skipped phase WORK_WITH_COLLECTED_DATA because phase is not open
[12:41:21.117]   info   [GS]       no more phases to execute
[12:41:21.117]   info   [GS]       get next best phase: bot_a
[12:41:21.117]  trace   [GS]       skipped phase COLLECT_DATA because agent is not allowed
[12:41:21.117]  trace   [GS]       skipped phase SOME_BOT_B because agent is not allowed
[12:41:21.117]  trace   [GS]       updating phase WORK_WITH_COLLECTED_DATA...
[12:41:21.117]  trace   [GS]       phase status WORK_WITH_COLLECTED_DATA: 1
[12:41:21.117]  trace   [GS]       skipped phase WORK_WITH_COLLECTED_DATA because phase is not open
[12:41:21.117]   info   [GS]       no more phases to execute
[12:41:21.118]   info   [GS]       get next best phase: bot_a
[12:41:21.118]  trace   [GS]       skipped phase COLLECT_DATA because agent is not allowed
[12:41:21.118]  trace   [GS]       skipped phase SOME_BOT_B because agent is not allowed
[12:41:21.118]  trace   [GS]       updating phase WORK_WITH_COLLECTED_DATA...
[12:41:21.118]  trace   [GS]       phase status WORK_WITH_COLLECTED_DATA: 1
[12:41:21.118]  trace   [GS]       skipped phase WORK_WITH_COLLECTED_DATA because phase is not open
[12:41:21.118]   info   [GS]       no more phases to execute
[12:41:21.118]   info   [GS]       get next best phase: bot_a
[12:41:21.119]  trace   [GS]       skipped phase COLLECT_DATA because agent is not allowed
[12:41:21.119]  trace   [GS]       skipped phase SOME_BOT_B because agent is not allowed
[12:41:21.119]  trace   [GS]       updating phase WORK_WITH_COLLECTED_DATA...
[12:41:21.119]  trace   [GS]       phase status WORK_WITH_COLLECTED_DATA: 1
[12:41:21.119]  trace   [GS]       skipped phase WORK_WITH_COLLECTED_DATA because phase is not open
[12:41:21.119]   info   [GS]       no more phases to execute
[12:41:21.119]   info   [GS]       get next best phase: bot_a
[12:41:21.119]  trace   [GS]       skipped phase COLLECT_DATA because agent is not allowed
[12:41:21.119]  trace   [GS]       skipped phase SOME_BOT_B because agent is not allowed
[12:41:21.119]  trace   [GS]       updating phase WORK_WITH_COLLECTED_DATA...
[12:41:21.119]  trace   [GS]       phase status WORK_WITH_COLLECTED_DATA: 1
[12:41:21.119]  trace   [GS]       skipped phase WORK_WITH_COLLECTED_DATA because phase is not open
[12:41:21.119]   info   [GS]       no more phases to execute
[12:41:21.119]   info   [GS]       get next best phase: bot_a
[12:41:21.119]  trace   [GS]       skipped phase COLLECT_DATA because agent is not allowed
[12:41:21.119]  trace   [GS]       skipped phase SOME_BOT_B because agent is not allowed
[12:41:21.119]  trace   [GS]       updating phase WORK_WITH_COLLECTED_DATA...
[12:41:21.119]  trace   [GS]       phase status WORK_WITH_COLLECTED_DATA: 1
[12:41:21.119]  trace   [GS]       skipped phase WORK_WITH_COLLECTED_DATA because phase is not open
[12:41:21.119]   info   [GS]       no more phases to execute
[12:41:21.120]   info   [GS]       get next best phase: bot_a
[12:41:21.120]  trace   [GS]       skipped phase COLLECT_DATA because agent is not allowed
[12:41:21.120]  trace   [GS]       skipped phase SOME_BOT_B because agent is not allowed
[12:41:21.120]  trace   [GS]       updating phase WORK_WITH_COLLECTED_DATA...
[12:41:21.120]  trace   [GS]       phase status WORK_WITH_COLLECTED_DATA: 1
[12:41:21.120]  trace   [GS]       skipped phase WORK_WITH_COLLECTED_DATA because phase is not open
[12:41:21.120]   info   [GS]       no more phases to execute
[12:41:21.120]   info   [GS]       get next best phase: bot_a
[12:41:21.121]  trace   [GS]       skipped phase COLLECT_DATA because agent is not allowed
[12:41:21.121]  trace   [GS]       skipped phase SOME_BOT_B because agent is not allowed
[12:41:21.121]  trace   [GS]       updating phase WORK_WITH_COLLECTED_DATA...
[12:41:21.121]  trace   [GS]       phase status WORK_WITH_COLLECTED_DATA: 1
[12:41:21.121]  trace   [GS]       skipped phase WORK_WITH_COLLECTED_DATA because phase is not open
[12:41:21.121]   info   [GS]       no more phases to execute
[12:41:21.121]   info   [GS]       get next best phase: bot_a
[12:41:21.121]  trace   [GS]       skipped phase COLLECT_DATA because agent is not allowed
[12:41:21.121]  trace   [GS]       skipped phase SOME_BOT_B because agent is not allowed
[12:41:21.121]  trace   [GS]       updating phase WORK_WITH_COLLECTED_DATA...
[12:41:21.121]  trace   [GS]       phase status WORK_WITH_COLLECTED_DATA: 1
[12:41:21.121]  trace   [GS]       skipped phase WORK_WITH_COLLECTED_DATA because phase is not open
[12:41:21.121]   info   [GS]       no more phases to execute
[12:41:21.121]   info   [GS]       get next best phase: bot_a
[12:41:21.122]  trace   [GS]       skipped phase COLLECT_DATA because agent is not allowed
[12:41:21.122]  trace   [GS]       skipped phase SOME_BOT_B because agent is not allowed
[12:41:21.122]  trace   [GS]       updating phase WORK_WITH_COLLECTED_DATA...
[12:41:21.122]  trace   [GS]       phase status WORK_WITH_COLLECTED_DATA: 1
[12:41:21.112]   info   [GS]       Received update phase [SOME_BOT_B]: DONE
[12:41:21.122]  trace   [GS]       skipped phase WORK_WITH_COLLECTED_DATA because phase is not open
[12:41:21.123]   info   [GS]       no more phases to execute
[12:41:21.123]   info   [GS]       get next best phase: bot_a
[12:41:21.124]  trace   [GS]       skipped phase COLLECT_DATA because agent is not allowed
[12:41:21.124]  trace   [GS]       skipped phase SOME_BOT_B because agent is not allowed
[12:41:21.124]  trace   [GS]       updating phase WORK_WITH_COLLECTED_DATA...
[12:41:21.124]  trace   [GS]       phase status WORK_WITH_COLLECTED_DATA: 1
[12:41:21.124]  trace   [GS]       skipped phase WORK_WITH_COLLECTED_DATA because phase is not open
[12:41:21.124]   info   [GS]       no more phases to execute
[12:41:21.124]   info   [GS]       get next best phase: bot_a
[12:41:21.124]  trace   [GS]       skipped phase COLLECT_DATA because agent is not allowed
[12:41:21.125]  trace   [GS]       skipped phase SOME_BOT_B because agent is not allowed
[12:41:21.125]  trace   [GS]       updating phase WORK_WITH_COLLECTED_DATA...
[12:41:21.125]  trace   [GS]       phase status WORK_WITH_COLLECTED_DATA: 1
[12:41:21.125]  trace   [GS]       skipped phase WORK_WITH_COLLECTED_DATA because phase is not open
[12:41:21.125]   info   [GS]       no more phases to execute
[12:41:21.125]   info   [GS]       get next best phase: bot_a
[12:41:21.125]  trace   [GS]       skipped phase COLLECT_DATA because agent is not allowed
[12:41:21.125]  trace   [GS]       skipped phase SOME_BOT_B because agent is not allowed
[12:41:21.125]  trace   [GS]       updating phase WORK_WITH_COLLECTED_DATA...
[12:41:21.125]  trace   [GS]       phase status WORK_WITH_COLLECTED_DATA: 1
[12:41:21.125]  trace   [GS]       skipped phase WORK_WITH_COLLECTED_DATA because phase is not open
[12:41:21.125]   info   [GS]       no more phases to execute
[12:41:21.125]   info   [GS]       get next best phase: bot_a
[12:41:21.125]  trace   [GS]       skipped phase COLLECT_DATA because agent is not allowed
[12:41:21.125]  trace   [GS]       skipped phase SOME_BOT_B because agent is not allowed
[12:41:21.125]  trace   [GS]       updating phase WORK_WITH_COLLECTED_DATA...
[12:41:21.125]  trace   [GS]       phase status WORK_WITH_COLLECTED_DATA: 1
[12:41:21.125]  trace   [GS]       skipped phase WORK_WITH_COLLECTED_DATA because phase is not open
[12:41:21.125]   info   [GS]       no more phases to execute
[12:41:21.126]   info   [GS]       get next best phase: bot_a
[12:41:21.126]  trace   [GS]       skipped phase COLLECT_DATA because agent is not allowed
[12:41:21.126]  trace   [GS]       skipped phase SOME_BOT_B because agent is not allowed
[12:41:21.126]  trace   [GS]       updating phase WORK_WITH_COLLECTED_DATA...
[12:41:21.126]  trace   [GS]       phase status WORK_WITH_COLLECTED_DATA: 1
[12:41:21.126]  trace   [GS]       skipped phase WORK_WITH_COLLECTED_DATA because phase is not open
[12:41:21.126]   info   [GS]       no more phases to execute
[12:41:21.126]   info   [GS]       get next best phase: bot_a
[12:41:21.126]  trace   [GS]       skipped phase COLLECT_DATA because agent is not allowed
[12:41:21.126]  trace   [GS]       skipped phase SOME_BOT_B because agent is not allowed
[12:41:21.126]  trace   [GS]       updating phase WORK_WITH_COLLECTED_DATA...
[12:41:21.126]  trace   [GS]       phase status WORK_WITH_COLLECTED_DATA: 1
[12:41:21.126]  trace   [GS]       skipped phase WORK_WITH_COLLECTED_DATA because phase is not open
[12:41:21.126]   info   [GS]       no more phases to execute
[12:41:21.127]   info   [GS]       get next best phase: bot_a
[12:41:21.127]  trace   [GS]       skipped phase COLLECT_DATA because agent is not allowed
[12:41:21.127]  trace   [GS]       skipped phase SOME_BOT_B because agent is not allowed
[12:41:21.127]  trace   [GS]       updating phase WORK_WITH_COLLECTED_DATA...
[12:41:21.127]  trace   [GS]       phase status WORK_WITH_COLLECTED_DATA: 1
[12:41:21.127]  trace   [GS]       skipped phase WORK_WITH_COLLECTED_DATA because phase is not open
[12:41:21.127]   info   [GS]       no more phases to execute
[12:41:21.127]   info   [GS]       get next best phase: bot_a
[12:41:21.128]  trace   [GS]       skipped phase COLLECT_DATA because agent is not allowed
[12:41:21.128]  trace   [GS]       skipped phase SOME_BOT_B because agent is not allowed
[12:41:21.128]  trace   [GS]       updating phase WORK_WITH_COLLECTED_DATA...
[12:41:21.128]  trace   [GS]       phase status WORK_WITH_COLLECTED_DATA: 1
[12:41:21.128]  trace   [GS]       skipped phase WORK_WITH_COLLECTED_DATA because phase is not open
[12:41:21.128]   info   [GS]       no more phases to execute
[12:41:21.128]   info   [GS]       get next best phase: bot_a
[12:41:21.128]  trace   [GS]       skipped phase COLLECT_DATA because agent is not allowed
[12:41:21.128]  trace   [GS]       updating phase WORK_WITH_COLLECTED_DATA...
[12:41:21.128]  trace   [GS]       phase status WORK_WITH_COLLECTED_DATA: 1
[12:41:21.128]  trace   [GS]       skipped phase WORK_WITH_COLLECTED_DATA because phase is not open
[12:41:21.128]   info   [GS]       no more phases to execute
[12:41:21.129]   info   [GS]       get next best phase: bot_a
[12:41:21.129]  trace   [GS]       skipped phase COLLECT_DATA because agent is not allowed
[12:41:21.129]  trace   [GS]       updating phase WORK_WITH_COLLECTED_DATA...
[12:41:21.129]  trace   [GS]       phase status WORK_WITH_COLLECTED_DATA: 1
[12:41:21.129]  trace   [GS]       skipped phase WORK_WITH_COLLECTED_DATA because phase is not open
[12:41:21.129]   info   [GS]       no more phases to execute
[12:41:21.129]   info   [GS]       get next best phase: bot_a
[12:41:21.129]  trace   [GS]       skipped phase COLLECT_DATA because agent is not allowed
[12:41:21.129]  trace   [GS]       updating phase WORK_WITH_COLLECTED_DATA...
[12:41:21.129]  trace   [GS]       phase status WORK_WITH_COLLECTED_DATA: 1
[12:41:21.129]  trace   [GS]       skipped phase WORK_WITH_COLLECTED_DATA because phase is not open
[12:41:21.129]   info   [GS]       no more phases to execute
[12:41:21.129]   info   [GS]       get next best phase: bot_a
[12:41:21.130]  trace   [GS]       skipped phase COLLECT_DATA because agent is not allowed
[12:41:21.130]  trace   [GS]       updating phase WORK_WITH_COLLECTED_DATA...
[12:41:21.130]  trace   [GS]       phase status WORK_WITH_COLLECTED_DATA: 1
[12:41:21.130]  trace   [GS]       skipped phase WORK_WITH_COLLECTED_DATA because phase is not open
[12:41:21.130]   info   [GS]       no more phases to execute
[12:41:21.130]   info   [GS]       get next best phase: bot_a
[12:41:21.130]  trace   [GS]       skipped phase COLLECT_DATA because agent is not allowed
[12:41:21.130]  trace   [GS]       updating phase WORK_WITH_COLLECTED_DATA...
[12:41:21.130]  trace   [GS]       phase status WORK_WITH_COLLECTED_DATA: 1
[12:41:21.130]  trace   [GS]       skipped phase WORK_WITH_COLLECTED_DATA because phase is not open
[12:41:21.130]   info   [GS]       no more phases to execute
[12:41:21.131]   info   [GS]       get next best phase: bot_a
[12:41:21.131]  trace   [GS]       skipped phase COLLECT_DATA because agent is not allowed
[12:41:21.131]  trace   [GS]       updating phase WORK_WITH_COLLECTED_DATA...
[12:41:21.131]  trace   [GS]       phase status WORK_WITH_COLLECTED_DATA: 1
[12:41:21.131]  trace   [GS]       skipped phase WORK_WITH_COLLECTED_DATA because phase is not open
[12:41:21.131]   info   [GS]       no more phases to execute
[12:41:21.131]   info   [GS]       get next best phase: bot_a
[12:41:21.131]  trace   [GS]       skipped phase COLLECT_DATA because agent is not allowed
[12:41:21.131]  trace   [GS]       updating phase WORK_WITH_COLLECTED_DATA...
[12:41:21.131]  trace   [GS]       phase status WORK_WITH_COLLECTED_DATA: 1
[12:41:21.131]  trace   [GS]       skipped phase WORK_WITH_COLLECTED_DATA because phase is not open
[12:41:21.131]   info   [GS]       no more phases to execute
[12:41:21.132]   info   [GS]       get next best phase: bot_a
[12:41:21.132]  trace   [GS]       skipped phase COLLECT_DATA because agent is not allowed
[12:41:21.132]  trace   [GS]       updating phase WORK_WITH_COLLECTED_DATA...
[12:41:21.132]  trace   [GS]       phase status WORK_WITH_COLLECTED_DATA: 1
[12:41:21.132]  trace   [GS]       skipped phase WORK_WITH_COLLECTED_DATA because phase is not open
[12:41:21.132]   info   [GS]       no more phases to execute
[12:41:21.132]   info   [GS]       get next best phase: bot_a
[12:41:21.132]  trace   [GS]       skipped phase COLLECT_DATA because agent is not allowed
[12:41:21.132]  trace   [GS]       updating phase WORK_WITH_COLLECTED_DATA...
[12:41:21.132]  trace   [GS]       phase status WORK_WITH_COLLECTED_DATA: 1
[12:41:21.132]  trace   [GS]       skipped phase WORK_WITH_COLLECTED_DATA because phase is not open
[12:41:21.132]   info   [GS]       no more phases to execute
[12:41:21.128]   info   [GS]       Received update: {"collected_data":[7,4,6]}
[12:41:21.133]   info   [GS]       get next best phase: bot_a
[12:41:21.133]  trace   [GS]       skipped phase COLLECT_DATA because agent is not allowed
[12:41:21.133]  trace   [GS]       updating phase WORK_WITH_COLLECTED_DATA...
[12:41:21.133]  trace   [GS]       phase status WORK_WITH_COLLECTED_DATA: 1
[12:41:21.133]  trace   [GS]       skipped phase WORK_WITH_COLLECTED_DATA because phase is not open
[12:41:21.133]   info   [GS]       no more phases to execute
[12:41:21.134]   info   [GS]       get next best phase: bot_a
[12:41:21.134]  trace   [GS]       skipped phase COLLECT_DATA because agent is not allowed
[12:41:21.134]  trace   [GS]       updating phase WORK_WITH_COLLECTED_DATA...
[12:41:21.134]  trace   [GS]       phase status WORK_WITH_COLLECTED_DATA: 1
[12:41:21.134]  trace   [GS]       skipped phase WORK_WITH_COLLECTED_DATA because phase is not open
[12:41:21.134]   info   [GS]       no more phases to execute
[12:41:21.134]   info   [GS]       get next best phase: bot_a
[12:41:21.134]  trace   [GS]       skipped phase COLLECT_DATA because agent is not allowed
[12:41:21.134]  trace   [GS]       updating phase WORK_WITH_COLLECTED_DATA...
[12:41:21.134]  trace   [GS]       phase status WORK_WITH_COLLECTED_DATA: 1
[12:41:21.134]  trace   [GS]       skipped phase WORK_WITH_COLLECTED_DATA because phase is not open
[12:41:21.134]   info   [GS]       no more phases to execute
[12:41:21.134]   info   [GS]       get next best phase: bot_a
[12:41:21.134]  trace   [GS]       skipped phase COLLECT_DATA because agent is not allowed
[12:41:21.134]  trace   [GS]       updating phase WORK_WITH_COLLECTED_DATA...
[12:41:21.134]  trace   [GS]       phase status WORK_WITH_COLLECTED_DATA: 1
[12:41:21.134]  trace   [GS]       skipped phase WORK_WITH_COLLECTED_DATA because phase is not open
[12:41:21.134]   info   [GS]       no more phases to execute
[12:41:21.135]   info   [GS]       get next best phase: bot_a
[12:41:21.135]  trace   [GS]       skipped phase COLLECT_DATA because agent is not allowed
[12:41:21.135]  trace   [GS]       updating phase WORK_WITH_COLLECTED_DATA...
[12:41:21.135]  trace   [GS]       phase status WORK_WITH_COLLECTED_DATA: 1
[12:41:21.135]  trace   [GS]       skipped phase WORK_WITH_COLLECTED_DATA because phase is not open
[12:41:21.135]   info   [GS]       no more phases to execute
[12:41:21.135]   info   [GS]       get next best phase: bot_a
[12:41:21.136]  trace   [GS]       skipped phase COLLECT_DATA because agent is not allowed
[12:41:21.136]  trace   [GS]       updating phase WORK_WITH_COLLECTED_DATA...
[12:41:21.136]  trace   [GS]       phase status WORK_WITH_COLLECTED_DATA: 1
[12:41:21.136]  trace   [GS]       skipped phase WORK_WITH_COLLECTED_DATA because phase is not open
[12:41:21.136]   info   [GS]       no more phases to execute
[12:41:21.136]   info   [GS]       get next best phase: bot_a
[12:41:21.136]  trace   [GS]       skipped phase COLLECT_DATA because agent is not allowed
[12:41:21.136]  trace   [GS]       updating phase WORK_WITH_COLLECTED_DATA...
[12:41:21.136]  trace   [GS]       phase status WORK_WITH_COLLECTED_DATA: 1
[12:41:21.136]  trace   [GS]       skipped phase WORK_WITH_COLLECTED_DATA because phase is not open
[12:41:21.136]   info   [GS]       no more phases to execute
[12:41:21.137]   info   [GS]       get next best phase: bot_a
[12:41:21.137]  trace   [GS]       skipped phase COLLECT_DATA because agent is not allowed
[12:41:21.137]  trace   [GS]       updating phase WORK_WITH_COLLECTED_DATA...
[12:41:21.137]  trace   [GS]       phase status WORK_WITH_COLLECTED_DATA: 1
[12:41:21.137]  trace   [GS]       skipped phase WORK_WITH_COLLECTED_DATA because phase is not open
[12:41:21.137]   info   [GS]       no more phases to execute
[12:41:21.137]   info   [GS]       get next best phase: bot_a
[12:41:21.138]  trace   [GS]       skipped phase COLLECT_DATA because agent is not allowed
[12:41:21.138]  trace   [GS]       updating phase WORK_WITH_COLLECTED_DATA...
[12:41:21.138]  trace   [GS]       phase status WORK_WITH_COLLECTED_DATA: 1
[12:41:21.138]  trace   [GS]       skipped phase WORK_WITH_COLLECTED_DATA because phase is not open
[12:41:21.138]   info   [GS]       no more phases to execute
[12:41:21.138]   info   [GS]       get next best phase: bot_a
[12:41:21.137]   info   [GS]       Received update: {"data_collected":true}
[12:41:21.138]  trace   [GS]       skipped phase COLLECT_DATA because agent is not allowed
[12:41:21.138]  trace   [GS]       updating phase WORK_WITH_COLLECTED_DATA...
[12:41:21.138]  trace   [GS]       phase status WORK_WITH_COLLECTED_DATA: 1
[12:41:21.138]  trace   [GS]       skipped phase WORK_WITH_COLLECTED_DATA because phase is not open
[12:41:21.138]   info   [GS]       no more phases to execute
[12:41:21.138]   info   [GS]       get next best phase: bot_a
[12:41:21.138]  trace   [GS]       skipped phase COLLECT_DATA because agent is not allowed
[12:41:21.138]  trace   [GS]       updating phase WORK_WITH_COLLECTED_DATA...
[12:41:21.138]  trace   [GS]       phase status WORK_WITH_COLLECTED_DATA: 1
[12:41:21.138]  trace   [GS]       skipped phase WORK_WITH_COLLECTED_DATA because phase is not open
[12:41:21.138]   info   [GS]       no more phases to execute
[12:41:21.139]   info   [GS]       get next best phase: bot_a
[12:41:21.139]  trace   [GS]       skipped phase COLLECT_DATA because agent is not allowed
[12:41:21.139]  trace   [GS]       updating phase WORK_WITH_COLLECTED_DATA...
[12:41:21.139]  trace   [GS]       phase status WORK_WITH_COLLECTED_DATA: 1
[12:41:21.139]  trace   [GS]       skipped phase WORK_WITH_COLLECTED_DATA because phase is not open
[12:41:21.139]   info   [GS]       no more phases to execute
[12:41:21.139]   info   [GS]       get next best phase: bot_a
[12:41:21.139]  trace   [GS]       skipped phase COLLECT_DATA because agent is not allowed
[12:41:21.139]  trace   [GS]       updating phase WORK_WITH_COLLECTED_DATA...
[12:41:21.139]  trace   [GS]       phase status WORK_WITH_COLLECTED_DATA: 1
[12:41:21.139]  trace   [GS]       skipped phase WORK_WITH_COLLECTED_DATA because phase is not open
[12:41:21.139]   info   [GS]       no more phases to execute
[12:41:21.140]   info   [GS]       get next best phase: bot_a
[12:41:21.140]  trace   [GS]       skipped phase COLLECT_DATA because agent is not allowed
[12:41:21.140]  trace   [GS]       updating phase WORK_WITH_COLLECTED_DATA...
[12:41:21.140]  trace   [GS]       phase status WORK_WITH_COLLECTED_DATA: 1
[12:41:21.140]  trace   [GS]       skipped phase WORK_WITH_COLLECTED_DATA because phase is not open
[12:41:21.140]   info   [GS]       no more phases to execute
[12:41:21.140]   info   [GS]       get next best phase: bot_a
[12:41:21.140]  trace   [GS]       skipped phase COLLECT_DATA because agent is not allowed
[12:41:21.140]  trace   [GS]       updating phase WORK_WITH_COLLECTED_DATA...
[12:41:21.140]  trace   [GS]       phase status WORK_WITH_COLLECTED_DATA: 1
[12:41:21.140]  trace   [GS]       skipped phase WORK_WITH_COLLECTED_DATA because phase is not open
[12:41:21.140]   info   [GS]       no more phases to execute
[12:41:21.140]   info   [GS]       get next best phase: bot_a
[12:41:21.140]  trace   [GS]       skipped phase COLLECT_DATA because agent is not allowed
[12:41:21.140]  trace   [GS]       updating phase WORK_WITH_COLLECTED_DATA...
[12:41:21.140]  trace   [GS]       phase status WORK_WITH_COLLECTED_DATA: 1
[12:41:21.140]  trace   [GS]       skipped phase WORK_WITH_COLLECTED_DATA because phase is not open
[12:41:21.140]   info   [GS]       no more phases to execute
[12:41:21.140]   info   [GS]       get next best phase: bot_a
[12:41:21.141]  trace   [GS]       skipped phase COLLECT_DATA because agent is not allowed
[12:41:21.141]  trace   [GS]       updating phase WORK_WITH_COLLECTED_DATA...
[12:41:21.141]  trace   [GS]       phase status WORK_WITH_COLLECTED_DATA: 1
[12:41:21.141]  trace   [GS]       skipped phase WORK_WITH_COLLECTED_DATA because phase is not open
[12:41:21.141]   info   [GS]       no more phases to execute
[12:41:21.141]   info   [GS]       get next best phase: bot_a
[12:41:21.141]  trace   [GS]       skipped phase COLLECT_DATA because agent is not allowed
[12:41:21.141]  trace   [GS]       updating phase WORK_WITH_COLLECTED_DATA...
[12:41:21.141]  trace   [GS]       phase status WORK_WITH_COLLECTED_DATA: 1
[12:41:21.141]  trace   [GS]       skipped phase WORK_WITH_COLLECTED_DATA because phase is not open
[12:41:21.141]   info   [GS]       no more phases to execute
[12:41:21.141]   info   [GS]       get next best phase: bot_a
[12:41:21.141]  trace   [GS]       skipped phase COLLECT_DATA because agent is not allowed
[12:41:21.141]  trace   [GS]       updating phase WORK_WITH_COLLECTED_DATA...
[12:41:21.141]  trace   [GS]       phase status WORK_WITH_COLLECTED_DATA: 1
[12:41:21.141]  trace   [GS]       skipped phase WORK_WITH_COLLECTED_DATA because phase is not open
[12:41:21.141]   info   [GS]       no more phases to execute
[12:41:21.141]   info   [GS]       get next best phase: bot_a
[12:41:21.141]  trace   [GS]       skipped phase COLLECT_DATA because agent is not allowed
[12:41:21.141]  trace   [GS]       updating phase WORK_WITH_COLLECTED_DATA...
[12:41:21.141]  trace   [GS]       phase status WORK_WITH_COLLECTED_DATA: 1
[12:41:21.141]  trace   [GS]       skipped phase WORK_WITH_COLLECTED_DATA because phase is not open
[12:41:21.141]   info   [GS]       no more phases to execute
[12:41:21.142]   info   [GS]       get next best phase: bot_a
[12:41:21.142]  trace   [GS]       skipped phase COLLECT_DATA because agent is not allowed
[12:41:21.142]  trace   [GS]       updating phase WORK_WITH_COLLECTED_DATA...
[12:41:21.142]  trace   [GS]       phase status WORK_WITH_COLLECTED_DATA: 1
[12:41:21.142]  trace   [GS]       skipped phase WORK_WITH_COLLECTED_DATA because phase is not open
[12:41:21.142]   info   [GS]       no more phases to execute
[12:41:21.142]   info   [GS]       get next best phase: bot_a
[12:41:21.142]  trace   [GS]       skipped phase COLLECT_DATA because agent is not allowed
[12:41:21.142]  trace   [GS]       updating phase WORK_WITH_COLLECTED_DATA...
[12:41:21.142]  trace   [GS]       phase status WORK_WITH_COLLECTED_DATA: 1
[12:41:21.142]  trace   [GS]       skipped phase WORK_WITH_COLLECTED_DATA because phase is not open
[12:41:21.142]   info   [GS]       no more phases to execute
[12:41:21.142]   info   [GS]       get next best phase: bot_a
[12:41:21.142]  trace   [GS]       skipped phase COLLECT_DATA because agent is not allowed
[12:41:21.142]  trace   [GS]       updating phase WORK_WITH_COLLECTED_DATA...
[12:41:21.142]  trace   [GS]       phase status WORK_WITH_COLLECTED_DATA: 1
[12:41:21.142]  trace   [GS]       skipped phase WORK_WITH_COLLECTED_DATA because phase is not open
[12:41:21.142]   info   [GS]       no more phases to execute
[12:41:21.143]   info   [GS]       get next best phase: bot_a
[12:41:21.143]  trace   [GS]       skipped phase COLLECT_DATA because agent is not allowed
[12:41:21.143]  trace   [GS]       updating phase WORK_WITH_COLLECTED_DATA...
[12:41:21.143]  trace   [GS]       phase status WORK_WITH_COLLECTED_DATA: 1
[12:41:21.143]  trace   [GS]       skipped phase WORK_WITH_COLLECTED_DATA because phase is not open
[12:41:21.143]   info   [GS]       no more phases to execute
[12:41:21.143]   info   [GS]       get next best phase: bot_a
[12:41:21.143]  trace   [GS]       skipped phase COLLECT_DATA because agent is not allowed
[12:41:21.143]  trace   [GS]       updating phase WORK_WITH_COLLECTED_DATA...
[12:41:21.143]  trace   [GS]       phase status WORK_WITH_COLLECTED_DATA: 1
[12:41:21.143]  trace   [GS]       skipped phase WORK_WITH_COLLECTED_DATA because phase is not open
[12:41:21.143]   info   [GS]       no more phases to execute
[12:41:21.143]   info   [GS]       get next best phase: bot_a
[12:41:21.143]  trace   [GS]       skipped phase COLLECT_DATA because agent is not allowed
[12:41:21.143]  trace   [GS]       updating phase WORK_WITH_COLLECTED_DATA...
[12:41:21.143]  trace   [GS]       phase status WORK_WITH_COLLECTED_DATA: 1
[12:41:21.143]  trace   [GS]       skipped phase WORK_WITH_COLLECTED_DATA because phase is not open
[12:41:21.143]   info   [GS]       no more phases to execute
[12:41:21.144]   info   [GS]       get next best phase: bot_a
[12:41:21.144]  trace   [GS]       skipped phase COLLECT_DATA because agent is not allowed
[12:41:21.144]  trace   [GS]       updating phase WORK_WITH_COLLECTED_DATA...
[12:41:21.144]  trace   [GS]       phase status WORK_WITH_COLLECTED_DATA: 1
[12:41:21.144]  trace   [GS]       skipped phase WORK_WITH_COLLECTED_DATA because phase is not open
[12:41:21.144]   info   [GS]       no more phases to execute
[12:41:21.144]   info   [GS]       get next best phase: bot_a
[12:41:21.144]  trace   [GS]       skipped phase COLLECT_DATA because agent is not allowed
[12:41:21.144]  trace   [GS]       updating phase WORK_WITH_COLLECTED_DATA...
[12:41:21.144]  trace   [GS]       phase status WORK_WITH_COLLECTED_DATA: 1
[12:41:21.144]  trace   [GS]       skipped phase WORK_WITH_COLLECTED_DATA because phase is not open
[12:41:21.144]   info   [GS]       no more phases to execute
[12:41:21.144]   info   [GS]       get next best phase: bot_a
[12:41:21.145]  trace   [GS]       skipped phase COLLECT_DATA because agent is not allowed
[12:41:21.145]  trace   [GS]       updating phase WORK_WITH_COLLECTED_DATA...
[12:41:21.145]  trace   [GS]       phase status WORK_WITH_COLLECTED_DATA: 1
[12:41:21.145]  trace   [GS]       skipped phase WORK_WITH_COLLECTED_DATA because phase is not open
[12:41:21.145]   info   [GS]       no more phases to execute
[12:41:21.145]   info   [GS]       get next best phase: bot_a
[12:41:21.145]  trace   [GS]       skipped phase COLLECT_DATA because agent is not allowed
[12:41:21.145]  trace   [GS]       updating phase WORK_WITH_COLLECTED_DATA...
[12:41:21.145]  trace   [GS]       phase status WORK_WITH_COLLECTED_DATA: 1
[12:41:21.145]  trace   [GS]       skipped phase WORK_WITH_COLLECTED_DATA because phase is not open
[12:41:21.145]   info   [GS]       no more phases to execute
[12:41:21.145]   info   [GS]       get next best phase: bot_a
[12:41:21.146]  trace   [GS]       skipped phase COLLECT_DATA because agent is not allowed
[12:41:21.146]  trace   [GS]       updating phase WORK_WITH_COLLECTED_DATA...
[12:41:21.146]  trace   [GS]       phase status WORK_WITH_COLLECTED_DATA: 1
[12:41:21.146]  trace   [GS]       skipped phase WORK_WITH_COLLECTED_DATA because phase is not open
[12:41:21.146]   info   [GS]       no more phases to execute
[12:41:21.146]   info   [GS]       Received update phase [COLLECT_DATA]: DONE
[12:41:21.146]   info   [GS]       get next best phase: bot_a
[12:41:21.146]  trace   [GS]       skipped phase COLLECT_DATA because agent is not allowed
[12:41:21.146]  trace   [GS]       updating phase WORK_WITH_COLLECTED_DATA...
[12:41:21.146]   info   [GS]       unlocked phase WORK_WITH_COLLECTED_DATA
[12:41:21.147]  trace   [GS]       phase status WORK_WITH_COLLECTED_DATA: 0
[12:41:21.147]   info   [GS]       potential of phase WORK_WITH_COLLECTED_DATA: 0
[12:41:21.147]   info   [GS]       score of phase WORK_WITH_COLLECTED_DATA: 94
[12:41:21.148]   info   [GS]       selected phase WORK_WITH_COLLECTED_DATA as next phase
[12:41:21.148]   info   [GS]       get next best phase: bot_a
[12:41:21.149]   info   [GS]       no more phases to execute
