[16:32:04.920]   info   [GS]       configuring Game State...
[16:32:04.921]   info   [GS]       configured game state successfully
[16:32:04.921]   info   [GS]       listening for a connection from bot_b
[16:32:04.921]   info   [GS]       phase 'INIT_A' done
[16:32:04.921]   info   [GS]       get next best phase: bot_a
[16:32:04.921]  trace   [GS]       skipped phase CLEAR_DECK because agent is not allowed
[16:32:04.921]  trace   [GS]       updating phase CLEAR_DECK...
[16:32:04.921]  trace   [GS]       phase status CLEAR_DECK: 0
[16:32:04.921]   info   [GS]       potential of phase CLEAR_DECK: 0
[16:32:04.922]   info   [GS]       score of phase CLEAR_DECK: 48.65
[16:32:04.922]  trace   [GS]       skipped phase INIT_B because agent is not allowed
[16:32:04.922]  trace   [GS]       skipped phase LONG_TASK because agent is not allowed
[16:32:04.922]  trace   [GS]       updating phase LONG_TASK...
[16:32:04.922]  trace   [GS]       phase status LONG_TASK: 0
[16:32:04.922]   info   [GS]       potential of phase LONG_TASK: 0
[16:32:04.922]   info   [GS]       score of phase LONG_TASK: 50
[16:32:04.922]  trace   [GS]       skipped phase WAIT_FOR_INIT because agent is not allowed
[16:32:04.922]  trace   [GS]       updating phase WAIT_FOR_INIT...
[16:32:04.922]  trace   [GS]       phase status WAIT_FOR_INIT: 1
[16:32:04.922]  trace   [GS]       skipped phase WAIT_FOR_INIT because it is not open
[16:32:04.922]   info   [GS]       potential of phase WAIT_FOR_INIT: 0
[16:32:04.923]   info   [GS]       score of phase WAIT_FOR_INIT: 23.65
[16:32:04.923]   info   [GS]       selected phase LONG_TASK as next phase
[16:32:04.923]   info   [GS]       executing phase LONG_TASK
[16:32:04.923]   info   [GS]       phase 'LONG_TASK' done
[16:32:04.924]   info   [GS]       get next best phase: bot_a
[16:32:04.924]  trace   [GS]       skipped phase CLEAR_DECK because agent is not allowed
[16:32:04.924]  trace   [GS]       updating phase CLEAR_DECK...
[16:32:04.924]  trace   [GS]       phase status CLEAR_DECK: 0
[16:32:04.924]   info   [GS]       potential of phase CLEAR_DECK: 0
[16:32:04.924]   info   [GS]       score of phase CLEAR_DECK: 48.65
[16:32:04.924]  trace   [GS]       skipped phase INIT_B because agent is not allowed
[16:32:04.924]  trace   [GS]       skipped phase WAIT_FOR_INIT because agent is not allowed
[16:32:04.924]  trace   [GS]       updating phase WAIT_FOR_INIT...
[16:32:04.924]  trace   [GS]       phase status WAIT_FOR_INIT: 1
[16:32:04.924]  trace   [GS]       skipped phase WAIT_FOR_INIT because it is not open
[16:32:04.924]   info   [GS]       potential of phase WAIT_FOR_INIT: 0
[16:32:04.924]   info   [GS]       score of phase WAIT_FOR_INIT: 23.65
[16:32:04.924]   info   [GS]       selected phase CLEAR_DECK as next phase
[16:32:04.925]   info   [GS]       executing phase CLEAR_DECK
[16:32:04.925]   info   [GS]       phase 'CLEAR_DECK' done
[16:32:04.925]   info   [GS]       get next best phase: bot_a
[16:32:04.925]  trace   [GS]       skipped phase INIT_B because agent is not allowed
[16:32:04.925]  trace   [GS]       skipped phase WAIT_FOR_INIT because agent is not allowed
[16:32:04.925]  trace   [GS]       updating phase WAIT_FOR_INIT...
[16:32:04.925]  trace   [GS]       phase status WAIT_FOR_INIT: 1
[16:32:04.925]  trace   [GS]       skipped phase WAIT_FOR_INIT because it is not open
[16:32:04.925]   info   [GS]       potential of phase WAIT_FOR_INIT: 0
[16:32:04.925]   info   [GS]       score of phase WAIT_FOR_INIT: 23.65
[16:32:04.925]   info   [GS]       selected phase WAIT_FOR_INIT as next phase
[16:32:04.925]   info   [GS]       executing phase WAIT_FOR_INIT
[16:32:04.925]   info   [GS]       phase 'WAIT_FOR_INIT' done
[16:32:04.925]   info   [GS]       get next best phase: bot_a
[16:32:04.925]  trace   [GS]       skipped phase INIT_B because agent is not allowed
[16:32:04.925]   info   [GS]       no more phases to execute
