[06:42:59.037]   info   [SERVER]   successfully created TableState
[06:42:59.038]   info   [SERVER]   successfully created PhaseState
[06:42:59.039]   info   [SERVER]   successfully created Config (GameState Config)
[06:42:59.039]   info   [SERVER]   listening on: 172.17.0.3:3000
[06:43:08.088]   info   [SERVER]   accepted connection from 172.17.0.2:42180
[06:43:08.100]   info   [GS]       get next best phase: bot_a
[06:43:08.100]  trace   [GS]       skipped phase CLEAR_DECK because agent is not allowed
[06:43:08.100]  trace   [GS]       updating phase CLEAR_DECK...
[06:43:08.100]  trace   [GS]       phase status CLEAR_DECK: 0
[06:43:08.100]   info   [GS]       potential of phase CLEAR_DECK: 0
[06:43:08.101]   info   [GS]       score of phase CLEAR_DECK: 48.5
[06:43:08.102]  trace   [GS]       skipped phase INIT_B because agent is not allowed
[06:43:08.102]  trace   [GS]       skipped phase LONG_TASK because agent is not allowed
[06:43:08.102]  trace   [GS]       updating phase LONG_TASK...
[06:43:08.102]  trace   [GS]       phase status LONG_TASK: 0
[06:43:08.102]   info   [GS]       potential of phase LONG_TASK: 0
[06:43:08.102]   info   [GS]       score of phase LONG_TASK: 50
[06:43:08.103]  trace   [GS]       skipped phase WAIT_FOR_INIT because agent is not allowed
[06:43:08.103]  trace   [GS]       updating phase WAIT_FOR_INIT...
[06:43:08.103]  trace   [GS]       phase status WAIT_FOR_INIT: 1
[06:43:08.103]  trace   [GS]       skipped phase WAIT_FOR_INIT because it is not open
[06:43:08.103]   info   [GS]       selected phase LONG_TASK as next phase
[06:43:08.103]  debug   [GS]       Received update: {"init_b":true}
[06:43:08.113]   info   [GS]       get next best phase: bot_a
[06:43:08.114]  trace   [GS]       skipped phase CLEAR_DECK because agent is not allowed
[06:43:08.114]  trace   [GS]       updating phase CLEAR_DECK...
[06:43:08.114]  trace   [GS]       phase status CLEAR_DECK: 0
[06:43:08.114]   info   [GS]       potential of phase CLEAR_DECK: 0
[06:43:08.114]   info   [GS]       score of phase CLEAR_DECK: 48.5
[06:43:08.115]  trace   [GS]       skipped phase INIT_B because agent is not allowed
[06:43:08.115]  trace   [GS]       skipped phase WAIT_FOR_INIT because agent is not allowed
[06:43:08.115]  trace   [GS]       updating phase WAIT_FOR_INIT...
[06:43:08.115]   info   [GS]       unlocked phase WAIT_FOR_INIT
[06:43:08.115]  trace   [GS]       phase status WAIT_FOR_INIT: 0
[06:43:08.115]   info   [GS]       potential of phase WAIT_FOR_INIT: 0
[06:43:08.115]   info   [GS]       score of phase WAIT_FOR_INIT: 23.5
[06:43:08.115]   info   [GS]       selected phase CLEAR_DECK as next phase
[06:43:08.126]   info   [GS]       get next best phase: bot_a
[06:43:08.127]  trace   [GS]       skipped phase INIT_B because agent is not allowed
[06:43:08.127]  trace   [GS]       skipped phase WAIT_FOR_INIT because agent is not allowed
[06:43:08.127]  trace   [GS]       updating phase WAIT_FOR_INIT...
[06:43:08.127]  trace   [GS]       phase status WAIT_FOR_INIT: 0
[06:43:08.127]   info   [GS]       potential of phase WAIT_FOR_INIT: 0
[06:43:08.127]   info   [GS]       score of phase WAIT_FOR_INIT: 23.5
[06:43:08.127]   info   [GS]       selected phase WAIT_FOR_INIT as next phase
[06:43:08.138]   info   [GS]       get next best phase: bot_a
[06:43:08.139]  trace   [GS]       skipped phase INIT_B because agent is not allowed
[06:43:08.139]   info   [GS]       no more phases to execute
[06:43:08.139]   info   [GS]       No more phases for bot_a. Exiting.
