[19:35:18.398]   info   [CLIENT]   successfully created TableState
[19:35:18.398]   info   [CLIENT]   successfully created PhaseState
[19:35:18.399]   info   [CLIENT]   successfully created config (GameState config)
[19:35:18.400]   info   [GS]       get next best phase: bot_b
[19:35:18.400]  trace   [GS]       skipped phase CLEAR_DECK because agent is not allowed
[19:35:18.400]  trace   [GS]       updating phase COLLECT_DATA...
[19:35:18.400]  trace   [GS]       phase status COLLECT_DATA: 0
[19:35:18.400]   info   [GS]       potential of phase COLLECT_DATA: 200
[19:35:18.400]   info   [GS]       Received update: {"init_a":true}
[19:35:18.401]   info   [GS]       score of phase COLLECT_DATA: 104
[19:35:18.402]  trace   [GS]       skipped phase INIT_A because agent is not allowed
[19:35:18.402]  trace   [GS]       skipped phase LONG_TASK because agent is not allowed
[19:35:18.402]  trace   [GS]       skipped phase SOME_BOT_A because agent is not allowed
[19:35:18.402]  trace   [GS]       updating phase SOME_BOT_B...
[19:35:18.402]  trace   [GS]       phase status SOME_BOT_B: 0
[19:35:18.402]   info   [GS]       potential of phase SOME_BOT_B: 99
[19:35:18.402]   info   [GS]       score of phase SOME_BOT_B: 138.7
[19:35:18.402]  trace   [GS]       skipped phase WAIT_FOR_INIT because agent is not allowed
[19:35:18.402]  trace   [GS]       skipped phase WORK_WITH_COLLECTED_DATA because agent is not allowed
[19:35:18.402]   info   [GS]       selected phase SOME_BOT_B as next phase
[19:35:18.403]   info   [GS]       Received update phase [INIT_A]: DONE
[19:35:18.403]   info   [GS]       get next best phase: bot_b
[19:35:18.403]  trace   [GS]       skipped phase CLEAR_DECK because agent is not allowed
[19:35:18.403]  trace   [GS]       updating phase COLLECT_DATA...
[19:35:18.403]  trace   [GS]       phase status COLLECT_DATA: 0
[19:35:18.403]   info   [GS]       potential of phase COLLECT_DATA: 200
[19:35:18.404]   info   [GS]       score of phase COLLECT_DATA: 104
[19:35:18.404]  trace   [GS]       skipped phase INIT_A because agent is not allowed
[19:35:18.404]  trace   [GS]       skipped phase LONG_TASK because agent is not allowed
[19:35:18.404]  trace   [GS]       skipped phase SOME_BOT_A because agent is not allowed
[19:35:18.404]  trace   [GS]       skipped phase WAIT_FOR_INIT because agent is not allowed
[19:35:18.404]  trace   [GS]       skipped phase WORK_WITH_COLLECTED_DATA because agent is not allowed
[19:35:18.404]   info   [GS]       selected phase COLLECT_DATA as next phase
