[07:00:47.284]   info   [SERVER]   successfully created TableState
[07:00:47.285]   info   [SERVER]   successfully created PhaseState
[07:00:47.286]   info   [SERVER]   successfully created Config (GameState Config)
[07:00:47.286]   info   [SERVER]   listening on: 172.17.0.3:3000
[07:01:01.842]   info   [SERVER]   accepted connection from 172.17.0.2:52572
[07:01:01.854]   info   [GS]       get next best phase: bot_a
[07:01:01.855]  trace   [GS]       skipped phase CLEAR_DECK because agent is not allowed
[07:01:01.855]  trace   [GS]       updating phase CLEAR_DECK...
[07:01:01.856]  trace   [GS]       phase status CLEAR_DECK: 0
[07:01:01.856]   info   [GS]       potential of phase CLEAR_DECK: 0
[07:01:01.856]   info   [GS]       score of phase CLEAR_DECK: 48.5
[07:01:01.856]  trace   [GS]       skipped phase INIT_B because agent is not allowed
[07:01:01.856]  trace   [GS]       skipped phase LONG_TASK because agent is not allowed
[07:01:01.856]  trace   [GS]       updating phase LONG_TASK...
[07:01:01.856]  trace   [GS]       phase status LONG_TASK: 0
[07:01:01.856]   info   [GS]       potential of phase LONG_TASK: 0
[07:01:01.857]   info   [GS]       score of phase LONG_TASK: 50
[07:01:01.857]  trace   [GS]       skipped phase WAIT_FOR_INIT because agent is not allowed
[07:01:01.857]  trace   [GS]       updating phase WAIT_FOR_INIT...
[07:01:01.857]  trace   [GS]       phase status WAIT_FOR_INIT: 1
[07:01:01.857]  trace   [GS]       skipped phase WAIT_FOR_INIT because it is not open
[07:01:01.857]   info   [GS]       selected phase LONG_TASK as next phase
[07:01:01.858]  debug   [GS]       Received update: {"init_b":true}
[07:01:01.869]   info   [GS]       get next best phase: bot_a
[07:01:01.869]  trace   [GS]       skipped phase CLEAR_DECK because agent is not allowed
[07:01:01.869]  trace   [GS]       updating phase CLEAR_DECK...
[07:01:01.869]  trace   [GS]       phase status CLEAR_DECK: 0
[07:01:01.869]   info   [GS]       potential of phase CLEAR_DECK: 0
[07:01:01.869]   info   [GS]       score of phase CLEAR_DECK: 48.5
[07:01:01.870]  trace   [GS]       skipped phase INIT_B because agent is not allowed
[07:01:01.870]  trace   [GS]       skipped phase WAIT_FOR_INIT because agent is not allowed
[07:01:01.870]  trace   [GS]       updating phase WAIT_FOR_INIT...
[07:01:01.870]   info   [GS]       unlocked phase WAIT_FOR_INIT
[07:01:01.870]  trace   [GS]       phase status WAIT_FOR_INIT: 0
[07:01:01.870]   info   [GS]       potential of phase WAIT_FOR_INIT: 0
[07:01:01.870]   info   [GS]       score of phase WAIT_FOR_INIT: 23.5
[07:01:01.870]   info   [GS]       selected phase CLEAR_DECK as next phase
[07:01:01.881]   info   [GS]       get next best phase: bot_a
[07:01:01.882]  trace   [GS]       skipped phase INIT_B because agent is not allowed
[07:01:01.882]  trace   [GS]       skipped phase WAIT_FOR_INIT because agent is not allowed
[07:01:01.882]  trace   [GS]       updating phase WAIT_FOR_INIT...
[07:01:01.882]  trace   [GS]       phase status WAIT_FOR_INIT: 0
[07:01:01.882]   info   [GS]       potential of phase WAIT_FOR_INIT: 0
[07:01:01.882]   info   [GS]       score of phase WAIT_FOR_INIT: 23.5
[07:01:01.882]   info   [GS]       selected phase WAIT_FOR_INIT as next phase
[07:01:01.893]   info   [GS]       get next best phase: bot_a
[07:01:01.893]  trace   [GS]       skipped phase INIT_B because agent is not allowed
[07:01:01.893]   info   [GS]       no more phases to execute
[07:01:01.893]   info   [GS]       No more phases for bot_a. Exiting.
