[21:10:55.355]   info   [SERVER]   successfully created TableState
[21:10:55.355]   info   [SERVER]   successfully created PhaseState
[21:10:55.356]   info   [SERVER]   successfully created Config (GameState Config)
[21:10:55.360]   info   [SERVER]   listening on: 172.17.0.3:3000
[21:11:10.446]   info   [SERVER]   accepted connection from 172.17.0.2:46490
[21:11:10.447]   info   [GS]       phase 'INIT_A' done
[21:11:10.447]   info   [GS]       get next best phase: bot_a
[21:11:10.448]  trace   [GS]       skipped phase CLEAR_DECK because agent is not allowed
[21:11:10.448]  trace   [GS]       updating phase CLEAR_DECK...
[21:11:10.448]  trace   [GS]       phase status CLEAR_DECK: 0
[21:11:10.448]   info   [GS]       potential of phase CLEAR_DECK: 0
[21:11:10.451]   info   [GS]       score of phase CLEAR_DECK: 48.5
[21:11:10.451]  trace   [GS]       skipped phase INIT_B because agent is not allowed
[21:11:10.451]  trace   [GS]       skipped phase LONG_TASK because agent is not allowed
[21:11:10.451]  trace   [GS]       updating phase LONG_TASK...
[21:11:10.451]  trace   [GS]       phase status LONG_TASK: 0
[21:11:10.451]   info   [GS]       potential of phase LONG_TASK: 0
[21:11:10.452]   info   [GS]       score of phase LONG_TASK: 50
[21:11:10.452]  trace   [GS]       skipped phase WAIT_FOR_INIT because agent is not allowed
[21:11:10.452]  trace   [GS]       updating phase WAIT_FOR_INIT...
[21:11:10.452]  trace   [GS]       phase status WAIT_FOR_INIT: 1
[21:11:10.452]  trace   [GS]       skipped phase WAIT_FOR_INIT because it is not open
[21:11:10.452]   info   [GS]       selected phase LONG_TASK as next phase
[21:11:10.453]   info   [GS]       executing phase LONG_TASK
