[21:40:07.371]   info   [SERVER]   successfully created TableState
[21:40:07.372]   info   [SERVER]   successfully created PhaseState
[21:40:07.372]   info   [SERVER]   successfully created Config (GameState Config)
[21:40:07.373]   info   [SERVER]   listening on: 172.17.0.2:3000
[21:40:21.103]   info   [SERVER]   accepted connection from 172.17.0.3:56502
[21:40:21.104]   info   [GS]       get next best phase: bot_a
[21:40:21.105]  trace   [GS]       updating phase CLEAR_DECK...
[21:40:21.105]   info   [GS]       phase CLEAR_DECK timed out
[21:40:21.106]  trace   [GS]       phase status CLEAR_DECK: 2
[21:40:21.106]  trace   [GS]       skipped phase CLEAR_DECK because phase is not open
[21:40:21.106]  trace   [GS]       skipped phase INIT_B because agent is not allowed
[21:40:21.106]  trace   [GS]       updating phase LONG_TASK...
[21:40:21.106]   info   [GS]       phase LONG_TASK timed out
[21:40:21.106]  trace   [GS]       phase status LONG_TASK: 2
[21:40:21.106]  trace   [GS]       skipped phase LONG_TASK because phase is not open
[21:40:21.106]  trace   [GS]       updating phase SOME_BOT_A...
[21:40:21.106]   info   [GS]       phase SOME_BOT_A timed out
[21:40:21.106]  trace   [GS]       phase status SOME_BOT_A: 2
[21:40:21.106]  trace   [GS]       skipped phase SOME_BOT_A because phase is not open
[21:40:21.106]  trace   [GS]       skipped phase SOME_BOT_B because agent is not allowed
[21:40:21.106]  trace   [GS]       updating phase WAIT_FOR_INIT...
[21:40:21.106]   info   [GS]       phase WAIT_FOR_INIT timed out
[21:40:21.107]  trace   [GS]       phase status WAIT_FOR_INIT: 2
[21:40:21.107]  trace   [GS]       skipped phase WAIT_FOR_INIT because phase is not open
[21:40:21.107]   info   [GS]       no more phases to execute
[21:40:21.209]   info   [GS]       get next best phase: bot_a
[21:40:21.210]  trace   [GS]       skipped phase INIT_B because agent is not allowed
[21:40:21.210]  trace   [GS]       skipped phase SOME_BOT_B because agent is not allowed
[21:40:21.210]   info   [GS]       no more phases to execute
[21:40:21.313]   info   [GS]       get next best phase: bot_a
[21:40:21.314]  trace   [GS]       skipped phase INIT_B because agent is not allowed
[21:40:21.314]  trace   [GS]       skipped phase SOME_BOT_B because agent is not allowed
[21:40:21.314]   info   [GS]       no more phases to execute
[21:40:21.416]   info   [GS]       get next best phase: bot_a
[21:40:21.417]  trace   [GS]       skipped phase INIT_B because agent is not allowed
[21:40:21.417]  trace   [GS]       skipped phase SOME_BOT_B because agent is not allowed
[21:40:21.417]   info   [GS]       no more phases to execute
[21:40:21.522]   info   [GS]       get next best phase: bot_a
[21:40:21.524]  trace   [GS]       skipped phase INIT_B because agent is not allowed
[21:40:21.524]  trace   [GS]       skipped phase SOME_BOT_B because agent is not allowed
[21:40:21.524]   info   [GS]       no more phases to execute
[21:40:21.627]   info   [GS]       get next best phase: bot_a
[21:40:21.628]  trace   [GS]       skipped phase INIT_B because agent is not allowed
[21:40:21.628]  trace   [GS]       skipped phase SOME_BOT_B because agent is not allowed
[21:40:21.628]   info   [GS]       no more phases to execute
[21:40:21.734]   info   [GS]       get next best phase: bot_a
[21:40:21.735]  trace   [GS]       skipped phase INIT_B because agent is not allowed
[21:40:21.735]  trace   [GS]       skipped phase SOME_BOT_B because agent is not allowed
[21:40:21.735]   info   [GS]       no more phases to execute
[21:40:21.842]   info   [GS]       get next best phase: bot_a
[21:40:21.844]  trace   [GS]       skipped phase INIT_B because agent is not allowed
[21:40:21.844]  trace   [GS]       skipped phase SOME_BOT_B because agent is not allowed
[21:40:21.844]   info   [GS]       no more phases to execute
[21:40:21.949]   info   [GS]       get next best phase: bot_a
[21:40:21.951]  trace   [GS]       skipped phase INIT_B because agent is not allowed
[21:40:21.951]  trace   [GS]       skipped phase SOME_BOT_B because agent is not allowed
[21:40:21.951]   info   [GS]       no more phases to execute
[21:40:22.053]   info   [GS]       get next best phase: bot_a
[21:40:22.057]  trace   [GS]       skipped phase INIT_B because agent is not allowed
[21:40:22.057]  trace   [GS]       skipped phase SOME_BOT_B because agent is not allowed
[21:40:22.057]   info   [GS]       no more phases to execute
[21:40:22.163]   info   [GS]       get next best phase: bot_a
[21:40:22.165]  trace   [GS]       skipped phase INIT_B because agent is not allowed
[21:40:22.165]  trace   [GS]       skipped phase SOME_BOT_B because agent is not allowed
[21:40:22.165]   info   [GS]       no more phases to execute
[21:40:22.267]   info   [GS]       get next best phase: bot_a
[21:40:22.271]  trace   [GS]       skipped phase INIT_B because agent is not allowed
[21:40:22.271]  trace   [GS]       skipped phase SOME_BOT_B because agent is not allowed
[21:40:22.271]   info   [GS]       no more phases to execute
[21:40:22.374]   info   [GS]       get next best phase: bot_a
[21:40:22.375]  trace   [GS]       skipped phase INIT_B because agent is not allowed
[21:40:22.375]  trace   [GS]       skipped phase SOME_BOT_B because agent is not allowed
[21:40:22.375]   info   [GS]       no more phases to execute
[21:40:22.484]   info   [GS]       get next best phase: bot_a
[21:40:22.485]  trace   [GS]       skipped phase INIT_B because agent is not allowed
[21:40:22.485]  trace   [GS]       skipped phase SOME_BOT_B because agent is not allowed
[21:40:22.485]   info   [GS]       no more phases to execute
[21:40:22.589]   info   [GS]       get next best phase: bot_a
[21:40:22.590]  trace   [GS]       skipped phase INIT_B because agent is not allowed
[21:40:22.590]  trace   [GS]       skipped phase SOME_BOT_B because agent is not allowed
[21:40:22.590]   info   [GS]       no more phases to execute
[21:40:22.695]   info   [GS]       get next best phase: bot_a
[21:40:22.697]  trace   [GS]       skipped phase INIT_B because agent is not allowed
[21:40:22.697]  trace   [GS]       skipped phase SOME_BOT_B because agent is not allowed
[21:40:22.697]   info   [GS]       no more phases to execute
[21:40:22.802]   info   [GS]       get next best phase: bot_a
[21:40:22.803]  trace   [GS]       skipped phase INIT_B because agent is not allowed
[21:40:22.803]  trace   [GS]       skipped phase SOME_BOT_B because agent is not allowed
[21:40:22.803]   info   [GS]       no more phases to execute
[21:40:22.911]   info   [GS]       get next best phase: bot_a
[21:40:22.913]  trace   [GS]       skipped phase INIT_B because agent is not allowed
[21:40:22.913]  trace   [GS]       skipped phase SOME_BOT_B because agent is not allowed
[21:40:22.913]   info   [GS]       no more phases to execute
[21:40:23.017]   info   [GS]       get next best phase: bot_a
[21:40:23.018]  trace   [GS]       skipped phase INIT_B because agent is not allowed
[21:40:23.018]  trace   [GS]       skipped phase SOME_BOT_B because agent is not allowed
[21:40:23.018]   info   [GS]       no more phases to execute
[21:40:23.120]   info   [GS]       get next best phase: bot_a
[21:40:23.122]  trace   [GS]       skipped phase INIT_B because agent is not allowed
[21:40:23.122]  trace   [GS]       skipped phase SOME_BOT_B because agent is not allowed
[21:40:23.122]   info   [GS]       no more phases to execute
[21:40:23.229]   info   [GS]       get next best phase: bot_a
[21:40:23.230]  trace   [GS]       skipped phase INIT_B because agent is not allowed
[21:40:23.230]  trace   [GS]       skipped phase SOME_BOT_B because agent is not allowed
[21:40:23.230]   info   [GS]       no more phases to execute
[21:40:23.332]   info   [GS]       get next best phase: bot_a
[21:40:23.332]  trace   [GS]       skipped phase INIT_B because agent is not allowed
[21:40:23.332]  trace   [GS]       skipped phase SOME_BOT_B because agent is not allowed
[21:40:23.332]   info   [GS]       no more phases to execute
[21:40:23.436]   info   [GS]       get next best phase: bot_a
[21:40:23.436]  trace   [GS]       skipped phase INIT_B because agent is not allowed
[21:40:23.436]  trace   [GS]       skipped phase SOME_BOT_B because agent is not allowed
[21:40:23.436]   info   [GS]       no more phases to execute
[21:40:23.538]   info   [GS]       get next best phase: bot_a
[21:40:23.540]  trace   [GS]       skipped phase INIT_B because agent is not allowed
[21:40:23.540]  trace   [GS]       skipped phase SOME_BOT_B because agent is not allowed
[21:40:23.540]   info   [GS]       no more phases to execute
[21:40:23.646]   info   [GS]       get next best phase: bot_a
[21:40:23.646]  trace   [GS]       skipped phase INIT_B because agent is not allowed
[21:40:23.646]  trace   [GS]       skipped phase SOME_BOT_B because agent is not allowed
[21:40:23.646]   info   [GS]       no more phases to execute
[21:40:23.753]   info   [GS]       get next best phase: bot_a
[21:40:23.753]  trace   [GS]       skipped phase INIT_B because agent is not allowed
[21:40:23.753]  trace   [GS]       skipped phase SOME_BOT_B because agent is not allowed
[21:40:23.753]   info   [GS]       no more phases to execute
[21:40:23.855]   info   [GS]       get next best phase: bot_a
[21:40:23.855]  trace   [GS]       skipped phase INIT_B because agent is not allowed
[21:40:23.855]  trace   [GS]       skipped phase SOME_BOT_B because agent is not allowed
[21:40:23.855]   info   [GS]       no more phases to execute
[21:40:23.958]   info   [GS]       get next best phase: bot_a
[21:40:23.959]  trace   [GS]       skipped phase INIT_B because agent is not allowed
[21:40:23.959]  trace   [GS]       skipped phase SOME_BOT_B because agent is not allowed
[21:40:23.959]   info   [GS]       no more phases to execute
[21:40:24.062]   info   [GS]       get next best phase: bot_a
[21:40:24.063]  trace   [GS]       skipped phase INIT_B because agent is not allowed
[21:40:24.063]  trace   [GS]       skipped phase SOME_BOT_B because agent is not allowed
[21:40:24.063]   info   [GS]       no more phases to execute
[21:40:24.166]   info   [GS]       get next best phase: bot_a
[21:40:24.169]  trace   [GS]       skipped phase INIT_B because agent is not allowed
[21:40:24.169]  trace   [GS]       skipped phase SOME_BOT_B because agent is not allowed
[21:40:24.169]   info   [GS]       no more phases to execute
[21:40:24.272]   info   [GS]       get next best phase: bot_a
[21:40:24.273]  trace   [GS]       skipped phase INIT_B because agent is not allowed
[21:40:24.273]  trace   [GS]       skipped phase SOME_BOT_B because agent is not allowed
[21:40:24.273]   info   [GS]       no more phases to execute
[21:40:24.380]   info   [GS]       get next best phase: bot_a
[21:40:24.383]  trace   [GS]       skipped phase INIT_B because agent is not allowed
[21:40:24.383]  trace   [GS]       skipped phase SOME_BOT_B because agent is not allowed
[21:40:24.383]   info   [GS]       no more phases to execute
[21:40:24.488]   info   [GS]       get next best phase: bot_a
[21:40:24.490]  trace   [GS]       skipped phase INIT_B because agent is not allowed
[21:40:24.490]  trace   [GS]       skipped phase SOME_BOT_B because agent is not allowed
[21:40:24.490]   info   [GS]       no more phases to execute
[21:40:24.593]   info   [GS]       get next best phase: bot_a
[21:40:24.593]  trace   [GS]       skipped phase INIT_B because agent is not allowed
[21:40:24.593]  trace   [GS]       skipped phase SOME_BOT_B because agent is not allowed
[21:40:24.593]   info   [GS]       no more phases to execute
[21:40:24.695]   info   [GS]       get next best phase: bot_a
[21:40:24.696]  trace   [GS]       skipped phase INIT_B because agent is not allowed
[21:40:24.696]  trace   [GS]       skipped phase SOME_BOT_B because agent is not allowed
[21:40:24.696]   info   [GS]       no more phases to execute
[21:40:24.801]   info   [GS]       get next best phase: bot_a
[21:40:24.803]  trace   [GS]       skipped phase INIT_B because agent is not allowed
[21:40:24.803]  trace   [GS]       skipped phase SOME_BOT_B because agent is not allowed
[21:40:24.803]   info   [GS]       no more phases to execute
[21:40:24.905]   info   [GS]       get next best phase: bot_a
[21:40:24.906]  trace   [GS]       skipped phase INIT_B because agent is not allowed
[21:40:24.906]  trace   [GS]       skipped phase SOME_BOT_B because agent is not allowed
[21:40:24.906]   info   [GS]       no more phases to execute
[21:40:25.009]   info   [GS]       get next best phase: bot_a
[21:40:25.009]  trace   [GS]       skipped phase INIT_B because agent is not allowed
[21:40:25.009]  trace   [GS]       skipped phase SOME_BOT_B because agent is not allowed
[21:40:25.009]   info   [GS]       no more phases to execute
