[16:42:54.777]   info   [GS]       configuring Game State...
[16:42:54.779]   info   [GS]       configured game state successfully
[16:42:54.779]   info   [GS]       listening for a connection from bot_b
[16:42:54.779]   info   [GS]       phase 'INIT_A' done
[16:42:54.779]   info   [GS]       get next best phase: bot_a
[16:42:54.779]  trace   [GS]       skipped phase CLEAR_DECK because agent is not allowed
[16:42:54.779]  trace   [GS]       updating phase CLEAR_DECK...
[16:42:54.779]  trace   [GS]       phase status CLEAR_DECK: 0
[16:42:54.779]   info   [GS]       potential of phase CLEAR_DECK: 0
[16:42:54.780]   info   [GS]       score of phase CLEAR_DECK: 48.65
[16:42:54.780]  trace   [GS]       skipped phase INIT_B because agent is not allowed
[16:42:54.780]  trace   [GS]       skipped phase LONG_TASK because agent is not allowed
[16:42:54.780]  trace   [GS]       updating phase LONG_TASK...
[16:42:54.780]  trace   [GS]       phase status LONG_TASK: 0
[16:42:54.780]   info   [GS]       potential of phase LONG_TASK: 0
[16:42:54.780]   info   [GS]       score of phase LONG_TASK: 50
[16:42:54.780]  trace   [GS]       skipped phase WAIT_FOR_INIT because agent is not allowed
[16:42:54.780]  trace   [GS]       updating phase WAIT_FOR_INIT...
[16:42:54.780]  trace   [GS]       phase status WAIT_FOR_INIT: 1
[16:42:54.780]  trace   [GS]       skipped phase WAIT_FOR_INIT because it is not open
[16:42:54.780]   info   [GS]       selected phase LONG_TASK as next phase
[16:42:54.780]   info   [GS]       executing phase LONG_TASK
[16:42:54.781]   info   [GS]       phase 'LONG_TASK' done
[16:42:54.781]   info   [GS]       get next best phase: bot_a
[16:42:54.781]  trace   [GS]       skipped phase CLEAR_DECK because agent is not allowed
[16:42:54.781]  trace   [GS]       updating phase CLEAR_DECK...
[16:42:54.781]  trace   [GS]       phase status CLEAR_DECK: 0
[16:42:54.781]   info   [GS]       potential of phase CLEAR_DECK: 0
[16:42:54.781]   info   [GS]       score of phase CLEAR_DECK: 48.65
[16:42:54.782]  trace   [GS]       skipped phase INIT_B because agent is not allowed
[16:42:54.782]  trace   [GS]       skipped phase WAIT_FOR_INIT because agent is not allowed
[16:42:54.782]  trace   [GS]       updating phase WAIT_FOR_INIT...
[16:42:54.782]  trace   [GS]       phase status WAIT_FOR_INIT: 1
[16:42:54.782]  trace   [GS]       skipped phase WAIT_FOR_INIT because it is not open
[16:42:54.782]   info   [GS]       selected phase CLEAR_DECK as next phase
[16:42:54.782]   info   [GS]       executing phase CLEAR_DECK
[16:42:54.782]   info   [GS]       phase 'CLEAR_DECK' done
[16:42:54.782]   info   [GS]       get next best phase: bot_a
[16:42:54.783]  trace   [GS]       skipped phase INIT_B because agent is not allowed
[16:42:54.783]  trace   [GS]       skipped phase WAIT_FOR_INIT because agent is not allowed
[16:42:54.783]  trace   [GS]       updating phase WAIT_FOR_INIT...
[16:42:54.783]  trace   [GS]       phase status WAIT_FOR_INIT: 1
[16:42:54.783]  trace   [GS]       skipped phase WAIT_FOR_INIT because it is not open
[16:42:54.783]   info   [GS]       no more phases to execute
