[06:23:58.217]   info   [SERVER]   successfully created TableState
[06:23:58.218]   info   [SERVER]   successfully created PhaseState
[06:23:58.220]   info   [SERVER]   successfully created Config (GameState Config)
[06:23:58.220]   info   [SERVER]   listening on: 172.17.0.2:3000
[06:24:15.160]   info   [SERVER]   accepted connection from 172.17.0.3:37416
[06:24:15.171]   info   [GS]       get next best phase: bot_a
[06:24:15.172]  trace   [GS]       skipped phase CLEAR_DECK because agent is not allowed
[06:24:15.172]  trace   [GS]       updating phase CLEAR_DECK...
[06:24:15.172]  trace   [GS]       phase status CLEAR_DECK: 0
[06:24:15.172]   info   [GS]       potential of phase CLEAR_DECK: 0
[06:24:15.172]   info   [GS]       score of phase CLEAR_DECK: 48.5
[06:24:15.172]  trace   [GS]       skipped phase INIT_B because agent is not allowed
[06:24:15.172]  trace   [GS]       skipped phase LONG_TASK because agent is not allowed
[06:24:15.172]  trace   [GS]       updating phase LONG_TASK...
[06:24:15.172]  trace   [GS]       phase status LONG_TASK: 0
[06:24:15.172]   info   [GS]       potential of phase LONG_TASK: 0
[06:24:15.172]   info   [GS]       score of phase LONG_TASK: 50
[06:24:15.173]  trace   [GS]       skipped phase WAIT_FOR_INIT because agent is not allowed
[06:24:15.173]  trace   [GS]       updating phase WAIT_FOR_INIT...
[06:24:15.173]  trace   [GS]       phase status WAIT_FOR_INIT: 1
[06:24:15.173]  trace   [GS]       skipped phase WAIT_FOR_INIT because it is not open
[06:24:15.173]   info   [GS]       selected phase LONG_TASK as next phase
[06:24:15.174]  debug   [GS]       Received update: {"init_b":true}
[06:24:15.184]   info   [GS]       get next best phase: bot_a
[06:24:15.184]  trace   [GS]       skipped phase CLEAR_DECK because agent is not allowed
[06:24:15.184]  trace   [GS]       updating phase CLEAR_DECK...
[06:24:15.184]  trace   [GS]       phase status CLEAR_DECK: 0
[06:24:15.184]   info   [GS]       potential of phase CLEAR_DECK: 0
[06:24:15.185]   info   [GS]       score of phase CLEAR_DECK: 48.5
[06:24:15.185]  trace   [GS]       skipped phase INIT_B because agent is not allowed
[06:24:15.185]  trace   [GS]       skipped phase WAIT_FOR_INIT because agent is not allowed
[06:24:15.185]  trace   [GS]       updating phase WAIT_FOR_INIT...
[06:24:15.185]   info   [GS]       unlocked phase WAIT_FOR_INIT
[06:24:15.185]  trace   [GS]       phase status WAIT_FOR_INIT: 0
[06:24:15.185]   info   [GS]       potential of phase WAIT_FOR_INIT: 0
[06:24:15.185]   info   [GS]       score of phase WAIT_FOR_INIT: 23.5
[06:24:15.186]   info   [GS]       selected phase CLEAR_DECK as next phase
[06:24:15.197]   info   [GS]       get next best phase: bot_a
[06:24:15.197]  trace   [GS]       skipped phase INIT_B because agent is not allowed
[06:24:15.197]  trace   [GS]       skipped phase WAIT_FOR_INIT because agent is not allowed
[06:24:15.197]  trace   [GS]       updating phase WAIT_FOR_INIT...
[06:24:15.197]  trace   [GS]       phase status WAIT_FOR_INIT: 0
[06:24:15.197]   info   [GS]       potential of phase WAIT_FOR_INIT: 0
[06:24:15.198]   info   [GS]       score of phase WAIT_FOR_INIT: 23.5
[06:24:15.198]   info   [GS]       selected phase WAIT_FOR_INIT as next phase
[06:24:15.209]   info   [GS]       get next best phase: bot_a
[06:24:15.209]  trace   [GS]       skipped phase INIT_B because agent is not allowed
[06:24:15.209]   info   [GS]       no more phases to execute
[06:24:15.210]   info   [GS]       No more phases for bot_a. Exiting.
