[06:08:51.715]   info   [SERVER]   successfully created TableState
[06:08:51.716]   info   [SERVER]   successfully created PhaseState
[06:08:51.717]   info   [SERVER]   successfully created Config (GameState Config)
[06:08:51.721]   info   [SERVER]   listening on: 172.17.0.2:3000
[06:10:19.255]   info   [SERVER]   accepted connection from 172.17.0.4:36288
[06:10:19.266]   info   [GS]       get next best phase: bot_a
[06:10:19.266]  trace   [GS]       skipped phase CLEAR_DECK because agent is not allowed
[06:10:19.266]  trace   [GS]       updating phase CLEAR_DECK...
[06:10:19.266]  trace   [GS]       phase status CLEAR_DECK: 0
[06:10:19.266]   info   [GS]       potential of phase CLEAR_DECK: 0
[06:10:19.267]   info   [GS]       score of phase CLEAR_DECK: 48.5
[06:10:19.267]  trace   [GS]       skipped phase INIT_B because agent is not allowed
[06:10:19.267]  trace   [GS]       skipped phase LONG_TASK because agent is not allowed
[06:10:19.267]  trace   [GS]       updating phase LONG_TASK...
[06:10:19.267]  trace   [GS]       phase status LONG_TASK: 0
[06:10:19.267]   info   [GS]       potential of phase LONG_TASK: 0
[06:10:19.267]   info   [GS]       score of phase LONG_TASK: 50
[06:10:19.268]  trace   [GS]       skipped phase WAIT_FOR_INIT because agent is not allowed
[06:10:19.268]  trace   [GS]       updating phase WAIT_FOR_INIT...
[06:10:19.268]  trace   [GS]       phase status WAIT_FOR_INIT: 1
[06:10:19.268]  trace   [GS]       skipped phase WAIT_FOR_INIT because it is not open
[06:10:19.268]   info   [GS]       selected phase LONG_TASK as next phase
[06:10:19.268]  debug   [GS]       Received update: {"init_b":true}
[06:10:19.278]   info   [GS]       get next best phase: bot_a
[06:10:19.279]  trace   [GS]       skipped phase CLEAR_DECK because agent is not allowed
[06:10:19.279]  trace   [GS]       updating phase CLEAR_DECK...
[06:10:19.279]  trace   [GS]       phase status CLEAR_DECK: 0
[06:10:19.279]   info   [GS]       potential of phase CLEAR_DECK: 0
[06:10:19.281]   info   [GS]       score of phase CLEAR_DECK: 48.5
[06:10:19.281]  trace   [GS]       skipped phase INIT_B because agent is not allowed
[06:10:19.281]  trace   [GS]       skipped phase WAIT_FOR_INIT because agent is not allowed
[06:10:19.281]  trace   [GS]       updating phase WAIT_FOR_INIT...
[06:10:19.281]   info   [GS]       unlocked phase WAIT_FOR_INIT
[06:10:19.281]  trace   [GS]       phase status WAIT_FOR_INIT: 0
[06:10:19.281]   info   [GS]       potential of phase WAIT_FOR_INIT: 0
[06:10:19.282]   info   [GS]       score of phase WAIT_FOR_INIT: 23.5
[06:10:19.282]   info   [GS]       selected phase CLEAR_DECK as next phase
[06:10:19.293]   info   [GS]       get next best phase: bot_a
[06:10:19.293]  trace   [GS]       skipped phase INIT_B because agent is not allowed
[06:10:19.293]  trace   [GS]       skipped phase WAIT_FOR_INIT because agent is not allowed
[06:10:19.293]  trace   [GS]       updating phase WAIT_FOR_INIT...
[06:10:19.293]  trace   [GS]       phase status WAIT_FOR_INIT: 0
[06:10:19.293]   info   [GS]       potential of phase WAIT_FOR_INIT: 0
[06:10:19.294]   info   [GS]       score of phase WAIT_FOR_INIT: 23.5
[06:10:19.294]   info   [GS]       selected phase WAIT_FOR_INIT as next phase
[06:10:19.305]   info   [GS]       get next best phase: bot_a
[06:10:19.305]  trace   [GS]       skipped phase INIT_B because agent is not allowed
[06:10:19.305]   info   [GS]       no more phases to execute
[06:10:19.306]   info   [GS]       No more phases for bot_a. Exiting.
