[18:42:37.052]   info   [SERVER]   successfully created TableState
[18:42:37.053]   info   [SERVER]   successfully created PhaseState
[18:42:37.054]   info   [SERVER]   successfully created Config (GameState Config)
[18:42:37.059]   info   [SERVER]   listening on: 172.17.0.2:3000
[18:43:10.470]   info   [SERVER]   accepted connection from 172.17.0.4:51176
[18:43:10.471]   info   [GS]       get next best phase: bot_a
[18:43:10.473]  trace   [GS]       skipped phase CLEAR_DECK because agent is not allowed
[18:43:10.473]  trace   [GS]       updating phase CLEAR_DECK...
[18:43:10.473]  trace   [GS]       phase status CLEAR_DECK: 1
[18:43:10.473]  trace   [GS]       skipped phase CLEAR_DECK because it is not open
[18:43:10.473]  trace   [GS]       skipped phase INIT_A because agent is not allowed
[18:43:10.473]  trace   [GS]       updating phase INIT_A...
[18:43:10.473]  trace   [GS]       phase status INIT_A: 0
[18:43:10.473]   info   [GS]       potential of phase INIT_A: 100
[18:43:10.475]   info   [GS]       score of phase INIT_A: 29.4
[18:43:10.477]  trace   [GS]       skipped phase INIT_B because agent is not allowed
[18:43:10.477]  trace   [GS]       skipped phase LONG_TASK because agent is not allowed
[18:43:10.477]  trace   [GS]       updating phase LONG_TASK...
[18:43:10.477]  trace   [GS]       phase status LONG_TASK: 0
[18:43:10.477]   info   [GS]       potential of phase LONG_TASK: 0
[18:43:10.478]   info   [GS]       score of phase LONG_TASK: 50
[18:43:10.478]  trace   [GS]       skipped phase WAIT_FOR_INIT because agent is not allowed
[18:43:10.478]  trace   [GS]       updating phase WAIT_FOR_INIT...
[18:43:10.478]  trace   [GS]       phase status WAIT_FOR_INIT: 1
[18:43:10.478]  trace   [GS]       skipped phase WAIT_FOR_INIT because it is not open
[18:43:10.478]   info   [GS]       selected phase LONG_TASK as next phase
[18:43:10.479]   info   [GS]       Executing phase: LONG_TASK
[18:43:10.480]   info   [GS]       get next best phase: bot_a
[18:43:10.481]  trace   [GS]       skipped phase CLEAR_DECK because agent is not allowed
[18:43:10.481]  trace   [GS]       updating phase CLEAR_DECK...
[18:43:10.481]  trace   [GS]       phase status CLEAR_DECK: 1
[18:43:10.481]  trace   [GS]       skipped phase CLEAR_DECK because it is not open
[18:43:10.481]  trace   [GS]       skipped phase INIT_A because agent is not allowed
[18:43:10.481]  trace   [GS]       updating phase INIT_A...
[18:43:10.481]  trace   [GS]       phase status INIT_A: 0
[18:43:10.481]   info   [GS]       potential of phase INIT_A: 100
[18:43:10.481]   info   [GS]       score of phase INIT_A: 29.4
[18:43:10.482]  trace   [GS]       skipped phase INIT_B because agent is not allowed
[18:43:10.482]  trace   [GS]       skipped phase WAIT_FOR_INIT because agent is not allowed
[18:43:10.482]  trace   [GS]       updating phase WAIT_FOR_INIT...
[18:43:10.482]  trace   [GS]       phase status WAIT_FOR_INIT: 1
[18:43:10.482]  trace   [GS]       skipped phase WAIT_FOR_INIT because it is not open
[18:43:10.482]   info   [GS]       selected phase INIT_A as next phase
[18:43:10.482]   info   [GS]       Executing phase: INIT_A
