[15:45:25.083]   info   [GS]       configuring Game State...
[15:45:25.084]   info   [GS]       configured game state successfully
[15:45:25.084]  trace   [GS]       updating phase CLEAR_DECK...
[15:45:25.084]  trace   [GS]       phase status CLEAR_DECK: 0
[15:45:25.084]   info   [GS]       potential of phae CLEAR_DECK: 0
[15:45:25.084]   info   [GS]       score of phase CLEAR_DECK: 48.65
[15:45:25.084]  trace   [GS]       updating phase LONG_TASK...
[15:45:25.084]  trace   [GS]       phase status LONG_TASK: 0
[15:45:25.084]   info   [GS]       potential of phae LONG_TASK: 0
[15:45:25.085]   info   [GS]       score of phase LONG_TASK: 50
[15:45:25.085]  trace   [GS]       updating phase WAIT_FOR_INIT...
[15:45:25.085]   info   [GS]       selected phase LONG_TASK as next phase
[15:45:25.085]   info   [GS]       executing phase LONG_TASK
[15:45:25.085]  trace   [GS]       updating phase CLEAR_DECK...
[15:45:25.085]  trace   [GS]       phase status CLEAR_DECK: 0
[15:45:25.085]   info   [GS]       potential of phae CLEAR_DECK: 0
[15:45:25.085]   info   [GS]       score of phase CLEAR_DECK: 48.65
[15:45:25.085]  trace   [GS]       updating phase WAIT_FOR_INIT...
[15:45:25.085]   info   [GS]       selected phase CLEAR_DECK as next phase
[15:45:25.085]   info   [GS]       executing phase CLEAR_DECK
[15:45:25.086]  trace   [GS]       updating phase WAIT_FOR_INIT...
[15:45:25.086]   info   [GS]       no more phases to execute
