[19:25:20.795]   info   [SERVER]   successfully created TableState
[19:25:20.797]   info   [SERVER]   successfully created PhaseState
[19:25:20.797]   info   [SERVER]   successfully created Config (GameState Config)
[19:25:20.803]   info   [SERVER]   listening on: 172.17.0.2:3000
[19:26:00.323]   info   [SERVER]   accepted connection from 172.17.0.3:58144
[19:26:00.334]   info   [GS]       phase 'INIT_A' done
[19:26:00.335]   info   [GS]       get next best phase: bot_a
[19:26:00.335]  trace   [GS]       skipped phase CLEAR_DECK because agent is not allowed
[19:26:00.335]  trace   [GS]       updating phase CLEAR_DECK...
[19:26:00.335]  trace   [GS]       phase status CLEAR_DECK: 0
[19:26:00.335]   info   [GS]       potential of phase CLEAR_DECK: 0
[19:26:00.336]   info   [GS]       score of phase CLEAR_DECK: 48.5
[19:26:00.337]  trace   [GS]       skipped phase INIT_B because agent is not allowed
[19:26:00.337]  trace   [GS]       skipped phase LONG_TASK because agent is not allowed
[19:26:00.337]  trace   [GS]       updating phase LONG_TASK...
[19:26:00.337]  trace   [GS]       phase status LONG_TASK: 0
[19:26:00.337]   info   [GS]       potential of phase LONG_TASK: 0
[19:26:00.337]   info   [GS]       score of phase LONG_TASK: 50
[19:26:00.338]  trace   [GS]       skipped phase WAIT_FOR_INIT because agent is not allowed
[19:26:00.338]  trace   [GS]       updating phase WAIT_FOR_INIT...
[19:26:00.338]  trace   [GS]       phase status WAIT_FOR_INIT: 1
[19:26:00.338]  trace   [GS]       skipped phase WAIT_FOR_INIT because it is not open
[19:26:00.338]   info   [GS]       selected phase LONG_TASK as next phase
[19:26:00.338]  debug   [GS]       Received update: {"init_b":true}
[19:26:00.348]   info   [GS]       phase 'LONG_TASK' done
[19:26:00.349]   info   [GS]       get next best phase: bot_a
[19:26:00.350]  trace   [GS]       skipped phase CLEAR_DECK because agent is not allowed
[19:26:00.350]  trace   [GS]       updating phase CLEAR_DECK...
[19:26:00.350]  trace   [GS]       phase status CLEAR_DECK: 0
[19:26:00.350]   info   [GS]       potential of phase CLEAR_DECK: 0
[19:26:00.350]   info   [GS]       score of phase CLEAR_DECK: 48.5
[19:26:00.351]  trace   [GS]       skipped phase INIT_B because agent is not allowed
[19:26:00.351]  trace   [GS]       skipped phase WAIT_FOR_INIT because agent is not allowed
[19:26:00.351]  trace   [GS]       updating phase WAIT_FOR_INIT...
[19:26:00.351]   info   [GS]       unlocked phase WAIT_FOR_INIT
[19:26:00.351]  trace   [GS]       phase status WAIT_FOR_INIT: 0
[19:26:00.351]   info   [GS]       potential of phase WAIT_FOR_INIT: 0
[19:26:00.351]   info   [GS]       score of phase WAIT_FOR_INIT: 23.5
[19:26:00.352]   info   [GS]       selected phase CLEAR_DECK as next phase
