[06:23:03.445]   info   [SERVER]   successfully created TableState
[06:23:03.451]   info   [SERVER]   successfully created PhaseState
[06:23:03.453]   info   [SERVER]   successfully created Config (GameState Config)
[06:23:03.455]   info   [SERVER]   listening on: 172.17.0.3:3000
[06:23:17.119]   info   [SERVER]   accepted connection from 172.17.0.5:51506
[06:23:17.120]   info   [GS]       phase 'INIT_A' done
[06:23:17.120]   info   [GS]       get next best phase: bot_a
[06:23:17.121]  trace   [GS]       skipped phase CLEAR_DECK because agent is not allowed
[06:23:17.121]  trace   [GS]       updating phase CLEAR_DECK...
[06:23:17.121]  trace   [GS]       phase status CLEAR_DECK: 0
[06:23:17.121]   info   [GS]       potential of phase CLEAR_DECK: 0
[06:23:17.122]   info   [GS]       score of phase CLEAR_DECK: 48.5
[06:23:17.122]  trace   [GS]       skipped phase INIT_B because agent is not allowed
[06:23:17.122]  trace   [GS]       skipped phase LONG_TASK because agent is not allowed
[06:23:17.122]  trace   [GS]       updating phase LONG_TASK...
[06:23:17.122]  trace   [GS]       phase status LONG_TASK: 0
[06:23:17.122]   info   [GS]       potential of phase LONG_TASK: 0
[06:23:17.124]   info   [GS]       score of phase LONG_TASK: 50
[06:23:17.124]  trace   [GS]       skipped phase WAIT_FOR_INIT because agent is not allowed
[06:23:17.124]  trace   [GS]       updating phase WAIT_FOR_INIT...
[06:23:17.124]  trace   [GS]       phase status WAIT_FOR_INIT: 1
[06:23:17.124]  trace   [GS]       skipped phase WAIT_FOR_INIT because it is not open
[06:23:17.124]   info   [GS]       selected phase LONG_TASK as next phase
[06:23:17.125]   info   [GS]       executing phase LONG_TASK
[06:23:17.126]   info   [GS]       phase 'LONG_TASK' done
[06:23:17.127]   info   [GS]       get next best phase: bot_a
[06:23:17.127]  trace   [GS]       skipped phase CLEAR_DECK because agent is not allowed
[06:23:17.127]  trace   [GS]       updating phase CLEAR_DECK...
[06:23:17.127]  trace   [GS]       phase status CLEAR_DECK: 0
[06:23:17.127]   info   [GS]       potential of phase CLEAR_DECK: 0
[06:23:17.128]   info   [GS]       score of phase CLEAR_DECK: 48.5
[06:23:17.128]  trace   [GS]       skipped phase INIT_B because agent is not allowed
[06:23:17.128]  trace   [GS]       skipped phase WAIT_FOR_INIT because agent is not allowed
[06:23:17.128]  trace   [GS]       updating phase WAIT_FOR_INIT...
[06:23:17.128]  trace   [GS]       phase status WAIT_FOR_INIT: 1
[06:23:17.128]  trace   [GS]       skipped phase WAIT_FOR_INIT because it is not open
[06:23:17.128]   info   [GS]       selected phase CLEAR_DECK as next phase
[06:23:17.128]   info   [GS]       executing phase CLEAR_DECK
[06:23:17.129]   info   [GS]       phase 'CLEAR_DECK' done
[06:23:17.129]   info   [GS]       get next best phase: bot_a
[06:23:17.130]  trace   [GS]       skipped phase INIT_B because agent is not allowed
[06:23:17.130]  trace   [GS]       skipped phase WAIT_FOR_INIT because agent is not allowed
[06:23:17.130]  trace   [GS]       updating phase WAIT_FOR_INIT...
[06:23:17.130]  trace   [GS]       phase status WAIT_FOR_INIT: 1
[06:23:17.130]  trace   [GS]       skipped phase WAIT_FOR_INIT because it is not open
[06:23:17.130]   info   [GS]       no more phases to execute
