[12:39:19.270]   info   [SERVER]   successfully created TableState
[12:39:19.272]   info   [SERVER]   successfully created PhaseState
[12:39:19.272]   info   [SERVER]   successfully created Config (GameState Config)
[12:39:19.273]   info   [SERVER]   listening on: 172.17.0.2:3000
[12:39:21.103]   info   [SERVER]   accepted connection from 172.17.0.3:50754
[12:39:21.104]   info   [GS]       get next best phase: bot_a
[12:39:21.105]  trace   [GS]       updating phase CLEAR_DECK...
[12:39:21.105]  trace   [GS]       phase status CLEAR_DECK: 0
[12:39:21.105]   info   [GS]       potential of phase CLEAR_DECK: 0
[12:39:21.106]   info   [GS]       score of phase CLEAR_DECK: 48.5
[12:39:21.106]  trace   [GS]       skipped phase COLLECT_DATA because agent is not allowed
[12:39:21.106]  trace   [GS]       skipped phase INIT_B because agent is not allowed
[12:39:21.106]  trace   [GS]       updating phase LONG_TASK...
[12:39:21.106]  trace   [GS]       phase status LONG_TASK: 0
[12:39:21.106]   info   [GS]       potential of phase LONG_TASK: 0
[12:39:21.107]   info   [GS]       score of phase LONG_TASK: 50
[12:39:21.107]  trace   [GS]       updating phase SOME_BOT_A...
[12:39:21.107]  trace   [GS]       phase status SOME_BOT_A: 1
[12:39:21.107]  trace   [GS]       skipped phase SOME_BOT_A because phase is not open
[12:39:21.107]  trace   [GS]       skipped phase SOME_BOT_B because agent is not allowed
[12:39:21.107]  trace   [GS]       updating phase WAIT_FOR_INIT...
[12:39:21.107]  trace   [GS]       phase status WAIT_FOR_INIT: 1
[12:39:21.107]  trace   [GS]       skipped phase WAIT_FOR_INIT because phase is not open
[12:39:21.107]  trace   [GS]       updating phase WORK_WITH_COLLECTED_DATA...
[12:39:21.107]  trace   [GS]       phase status WORK_WITH_COLLECTED_DATA: 1
[12:39:21.107]  trace   [GS]       skipped phase WORK_WITH_COLLECTED_DATA because phase is not open
[12:39:21.107]   info   [GS]       selected phase LONG_TASK as next phase
[12:39:21.107]   info   [GS]       Received update: {"init_b":true}
[12:39:21.107]   info   [GS]       get next best phase: bot_a
[12:39:21.108]  trace   [GS]       updating phase CLEAR_DECK...
[12:39:21.108]  trace   [GS]       phase status CLEAR_DECK: 0
[12:39:21.108]   info   [GS]       potential of phase CLEAR_DECK: 0
[12:39:21.108]   info   [GS]       score of phase CLEAR_DECK: 48.5
[12:39:21.108]  trace   [GS]       skipped phase COLLECT_DATA because agent is not allowed
[12:39:21.108]  trace   [GS]       skipped phase INIT_B because agent is not allowed
[12:39:21.108]  trace   [GS]       updating phase SOME_BOT_A...
[12:39:21.108]  trace   [GS]       phase status SOME_BOT_A: 1
[12:39:21.108]  trace   [GS]       skipped phase SOME_BOT_A because phase is not open
[12:39:21.108]  trace   [GS]       skipped phase SOME_BOT_B because agent is not allowed
[12:39:21.108]  trace   [GS]       updating phase WAIT_FOR_INIT...
[12:39:21.108]  trace   [GS]       phase status WAIT_FOR_INIT: 1
[12:39:21.108]  trace   [GS]       skipped phase WAIT_FOR_INIT because phase is not open
[12:39:21.108]  trace   [GS]       updating phase WORK_WITH_COLLECTED_DATA...
[12:39:21.108]  trace   [GS]       phase status WORK_WITH_COLLECTED_DATA: 1
[12:39:21.108]  trace   [GS]       skipped phase WORK_WITH_COLLECTED_DATA because phase is not open
[12:39:21.108]   info   [GS]       selected phase CLEAR_DECK as next phase
[12:39:21.109]   info   [GS]       get next best phase: bot_a
[12:39:21.110]  trace   [GS]       skipped phase COLLECT_DATA because agent is not allowed
[12:39:21.110]  trace   [GS]       skipped phase INIT_B because agent is not allowed
[12:39:21.110]  trace   [GS]       updating phase SOME_BOT_A...
[12:39:21.110]  trace   [GS]       phase status SOME_BOT_A: 1
[12:39:21.110]  trace   [GS]       skipped phase SOME_BOT_A because phase is not open
[12:39:21.110]  trace   [GS]       skipped phase SOME_BOT_B because agent is not allowed
[12:39:21.110]  trace   [GS]       updating phase WAIT_FOR_INIT...
[12:39:21.110]  trace   [GS]       phase status WAIT_FOR_INIT: 1
[12:39:21.110]  trace   [GS]       skipped phase WAIT_FOR_INIT because phase is not open
[12:39:21.110]  trace   [GS]       updating phase WORK_WITH_COLLECTED_DATA...
[12:39:21.110]  trace   [GS]       phase status WORK_WITH_COLLECTED_DATA: 1
[12:39:21.110]  trace   [GS]       skipped phase WORK_WITH_COLLECTED_DATA because phase is not open
[12:39:21.110]   info   [GS]       no more phases to execute
[12:39:21.110]   info   [GS]       get next best phase: bot_a
[12:39:21.111]  trace   [GS]       skipped phase COLLECT_DATA because agent is not allowed
[12:39:21.111]  trace   [GS]       skipped phase INIT_B because agent is not allowed
[12:39:21.111]  trace   [GS]       updating phase SOME_BOT_A...
[12:39:21.111]  trace   [GS]       phase status SOME_BOT_A: 1
[12:39:21.111]  trace   [GS]       skipped phase SOME_BOT_A because phase is not open
[12:39:21.111]  trace   [GS]       skipped phase SOME_BOT_B because agent is not allowed
[12:39:21.111]  trace   [GS]       updating phase WAIT_FOR_INIT...
[12:39:21.111]  trace   [GS]       phase status WAIT_FOR_INIT: 1
[12:39:21.111]  trace   [GS]       skipped phase WAIT_FOR_INIT because phase is not open
[12:39:21.111]  trace   [GS]       updating phase WORK_WITH_COLLECTED_DATA...
[12:39:21.111]  trace   [GS]       phase status WORK_WITH_COLLECTED_DATA: 1
[12:39:21.111]  trace   [GS]       skipped phase WORK_WITH_COLLECTED_DATA because phase is not open
[12:39:21.111]   info   [GS]       no more phases to execute
[12:39:21.112]   info   [GS]       get next best phase: bot_a
[12:39:21.112]  trace   [GS]       skipped phase COLLECT_DATA because agent is not allowed
[12:39:21.112]  trace   [GS]       skipped phase INIT_B because agent is not allowed
[12:39:21.112]  trace   [GS]       updating phase SOME_BOT_A...
[12:39:21.112]  trace   [GS]       phase status SOME_BOT_A: 1
[12:39:21.112]  trace   [GS]       skipped phase SOME_BOT_A because phase is not open
[12:39:21.112]  trace   [GS]       skipped phase SOME_BOT_B because agent is not allowed
[12:39:21.112]  trace   [GS]       updating phase WAIT_FOR_INIT...
[12:39:21.112]  trace   [GS]       phase status WAIT_FOR_INIT: 1
[12:39:21.112]  trace   [GS]       skipped phase WAIT_FOR_INIT because phase is not open
[12:39:21.112]  trace   [GS]       updating phase WORK_WITH_COLLECTED_DATA...
[12:39:21.112]  trace   [GS]       phase status WORK_WITH_COLLECTED_DATA: 1
[12:39:21.112]  trace   [GS]       skipped phase WORK_WITH_COLLECTED_DATA because phase is not open
[12:39:21.112]   info   [GS]       no more phases to execute
[12:39:21.114]   info   [GS]       get next best phase: bot_a
[12:39:21.115]  trace   [GS]       skipped phase COLLECT_DATA because agent is not allowed
[12:39:21.115]  trace   [GS]       skipped phase INIT_B because agent is not allowed
[12:39:21.115]  trace   [GS]       updating phase SOME_BOT_A...
[12:39:21.115]  trace   [GS]       phase status SOME_BOT_A: 1
[12:39:21.115]  trace   [GS]       skipped phase SOME_BOT_A because phase is not open
[12:39:21.115]  trace   [GS]       skipped phase SOME_BOT_B because agent is not allowed
[12:39:21.115]  trace   [GS]       updating phase WAIT_FOR_INIT...
[12:39:21.115]   info   [GS]       unlocked phase WAIT_FOR_INIT
[12:39:21.114]   info   [GS]       Received update phase [INIT_B]: DONE
[12:39:21.116]  trace   [GS]       phase status WAIT_FOR_INIT: 0
[12:39:21.116]   info   [GS]       potential of phase WAIT_FOR_INIT: 0
[12:39:21.118]   info   [GS]       score of phase WAIT_FOR_INIT: 23.5
[12:39:21.120]  trace   [GS]       updating phase WORK_WITH_COLLECTED_DATA...
[12:39:21.120]  trace   [GS]       phase status WORK_WITH_COLLECTED_DATA: 1
[12:39:21.120]  trace   [GS]       skipped phase WORK_WITH_COLLECTED_DATA because phase is not open
[12:39:21.120]   info   [GS]       selected phase WAIT_FOR_INIT as next phase
[12:39:21.120]   info   [GS]       Received update: {"some_task_bot_b_done":true}
[12:39:21.120]   info   [GS]       get next best phase: bot_a
[12:39:21.122]  trace   [GS]       skipped phase COLLECT_DATA because agent is not allowed
[12:39:21.122]  trace   [GS]       updating phase SOME_BOT_A...
[12:39:21.122]  trace   [GS]       phase status SOME_BOT_A: 1
[12:39:21.122]  trace   [GS]       skipped phase SOME_BOT_A because phase is not open
[12:39:21.122]  trace   [GS]       skipped phase SOME_BOT_B because agent is not allowed
[12:39:21.122]  trace   [GS]       updating phase WORK_WITH_COLLECTED_DATA...
[12:39:21.122]  trace   [GS]       phase status WORK_WITH_COLLECTED_DATA: 1
[12:39:21.122]  trace   [GS]       skipped phase WORK_WITH_COLLECTED_DATA because phase is not open
[12:39:21.122]   info   [GS]       no more phases to execute
[12:39:21.123]   info   [GS]       get next best phase: bot_a
[12:39:21.124]  trace   [GS]       skipped phase COLLECT_DATA because agent is not allowed
[12:39:21.124]  trace   [GS]       updating phase SOME_BOT_A...
[12:39:21.124]  trace   [GS]       phase status SOME_BOT_A: 1
[12:39:21.124]  trace   [GS]       skipped phase SOME_BOT_A because phase is not open
[12:39:21.124]  trace   [GS]       skipped phase SOME_BOT_B because agent is not allowed
[12:39:21.124]  trace   [GS]       updating phase WORK_WITH_COLLECTED_DATA...
[12:39:21.124]  trace   [GS]       phase status WORK_WITH_COLLECTED_DATA: 1
[12:39:21.124]  trace   [GS]       skipped phase WORK_WITH_COLLECTED_DATA because phase is not open
[12:39:21.124]   info   [GS]       no more phases to execute
[12:39:21.125]   info   [GS]       get next best phase: bot_a
[12:39:21.125]  trace   [GS]       skipped phase COLLECT_DATA because agent is not allowed
[12:39:21.125]  trace   [GS]       updating phase SOME_BOT_A...
[12:39:21.125]  trace   [GS]       phase status SOME_BOT_A: 1
[12:39:21.125]  trace   [GS]       skipped phase SOME_BOT_A because phase is not open
[12:39:21.125]  trace   [GS]       skipped phase SOME_BOT_B because agent is not allowed
[12:39:21.125]  trace   [GS]       updating phase WORK_WITH_COLLECTED_DATA...
[12:39:21.125]  trace   [GS]       phase status WORK_WITH_COLLECTED_DATA: 1
[12:39:21.125]  trace   [GS]       skipped phase WORK_WITH_COLLECTED_DATA because phase is not open
[12:39:21.125]   info   [GS]       no more phases to execute
[12:39:21.126]   info   [GS]       get next best phase: bot_a
[12:39:21.126]  trace   [GS]       skipped phase COLLECT_DATA because agent is not allowed
[12:39:21.126]  trace   [GS]       updating phase SOME_BOT_A...
[12:39:21.126]  trace   [GS]       phase status SOME_BOT_A: 1
[12:39:21.126]  trace   [GS]       skipped phase SOME_BOT_A because phase is not open
[12:39:21.126]  trace   [GS]       skipped phase SOME_BOT_B because agent is not allowed
[12:39:21.126]  trace   [GS]       updating phase WORK_WITH_COLLECTED_DATA...
[12:39:21.126]  trace   [GS]       phase status WORK_WITH_COLLECTED_DATA: 1
[12:39:21.126]  trace   [GS]       skipped phase WORK_WITH_COLLECTED_DATA because phase is not open
[12:39:21.126]   info   [GS]       no more phases to execute
[12:39:21.127]   info   [GS]       get next best phase: bot_a
[12:39:21.127]  trace   [GS]       skipped phase COLLECT_DATA because agent is not allowed
[12:39:21.127]  trace   [GS]       updating phase SOME_BOT_A...
[12:39:21.127]  trace   [GS]       phase status SOME_BOT_A: 1
[12:39:21.127]  trace   [GS]       skipped phase SOME_BOT_A because phase is not open
[12:39:21.127]  trace   [GS]       skipped phase SOME_BOT_B because agent is not allowed
[12:39:21.127]  trace   [GS]       updating phase WORK_WITH_COLLECTED_DATA...
[12:39:21.127]  trace   [GS]       phase status WORK_WITH_COLLECTED_DATA: 1
[12:39:21.127]  trace   [GS]       skipped phase WORK_WITH_COLLECTED_DATA because phase is not open
[12:39:21.127]   info   [GS]       no more phases to execute
[12:39:21.127]   info   [GS]       get next best phase: bot_a
[12:39:21.128]  trace   [GS]       skipped phase COLLECT_DATA because agent is not allowed
[12:39:21.128]  trace   [GS]       updating phase SOME_BOT_A...
[12:39:21.128]  trace   [GS]       phase status SOME_BOT_A: 1
[12:39:21.128]  trace   [GS]       skipped phase SOME_BOT_A because phase is not open
[12:39:21.128]  trace   [GS]       skipped phase SOME_BOT_B because agent is not allowed
[12:39:21.128]  trace   [GS]       updating phase WORK_WITH_COLLECTED_DATA...
[12:39:21.128]  trace   [GS]       phase status WORK_WITH_COLLECTED_DATA: 1
[12:39:21.128]  trace   [GS]       skipped phase WORK_WITH_COLLECTED_DATA because phase is not open
[12:39:21.128]   info   [GS]       no more phases to execute
[12:39:21.128]   info   [GS]       get next best phase: bot_a
[12:39:21.128]  trace   [GS]       skipped phase COLLECT_DATA because agent is not allowed
[12:39:21.128]  trace   [GS]       updating phase SOME_BOT_A...
[12:39:21.128]  trace   [GS]       phase status SOME_BOT_A: 1
[12:39:21.128]  trace   [GS]       skipped phase SOME_BOT_A because phase is not open
[12:39:21.128]  trace   [GS]       skipped phase SOME_BOT_B because agent is not allowed
[12:39:21.128]  trace   [GS]       updating phase WORK_WITH_COLLECTED_DATA...
[12:39:21.128]  trace   [GS]       phase status WORK_WITH_COLLECTED_DATA: 1
[12:39:21.128]  trace   [GS]       skipped phase WORK_WITH_COLLECTED_DATA because phase is not open
[12:39:21.128]   info   [GS]       no more phases to execute
[12:39:21.129]   info   [GS]       get next best phase: bot_a
[12:39:21.129]  trace   [GS]       skipped phase COLLECT_DATA because agent is not allowed
[12:39:21.129]  trace   [GS]       updating phase SOME_BOT_A...
[12:39:21.129]  trace   [GS]       phase status SOME_BOT_A: 1
[12:39:21.129]  trace   [GS]       skipped phase SOME_BOT_A because phase is not open
[12:39:21.129]  trace   [GS]       skipped phase SOME_BOT_B because agent is not allowed
[12:39:21.129]  trace   [GS]       updating phase WORK_WITH_COLLECTED_DATA...
[12:39:21.129]  trace   [GS]       phase status WORK_WITH_COLLECTED_DATA: 1
[12:39:21.129]  trace   [GS]       skipped phase WORK_WITH_COLLECTED_DATA because phase is not open
[12:39:21.129]   info   [GS]       no more phases to execute
[12:39:21.130]   info   [GS]       get next best phase: bot_a
[12:39:21.130]  trace   [GS]       skipped phase COLLECT_DATA because agent is not allowed
[12:39:21.130]  trace   [GS]       updating phase SOME_BOT_A...
[12:39:21.130]  trace   [GS]       phase status SOME_BOT_A: 1
[12:39:21.130]  trace   [GS]       skipped phase SOME_BOT_A because phase is not open
[12:39:21.130]  trace   [GS]       skipped phase SOME_BOT_B because agent is not allowed
[12:39:21.130]  trace   [GS]       updating phase WORK_WITH_COLLECTED_DATA...
[12:39:21.130]  trace   [GS]       phase status WORK_WITH_COLLECTED_DATA: 1
[12:39:21.130]  trace   [GS]       skipped phase WORK_WITH_COLLECTED_DATA because phase is not open
[12:39:21.130]   info   [GS]       no more phases to execute
[12:39:21.131]   info   [GS]       get next best phase: bot_a
[12:39:21.131]  trace   [GS]       skipped phase COLLECT_DATA because agent is not allowed
[12:39:21.131]  trace   [GS]       updating phase SOME_BOT_A...
[12:39:21.131]  trace   [GS]       phase status SOME_BOT_A: 1
[12:39:21.131]  trace   [GS]       skipped phase SOME_BOT_A because phase is not open
[12:39:21.131]  trace   [GS]       skipped phase SOME_BOT_B because agent is not allowed
[12:39:21.131]  trace   [GS]       updating phase WORK_WITH_COLLECTED_DATA...
[12:39:21.131]  trace   [GS]       phase status WORK_WITH_COLLECTED_DATA: 1
[12:39:21.131]  trace   [GS]       skipped phase WORK_WITH_COLLECTED_DATA because phase is not open
[12:39:21.131]   info   [GS]       no more phases to execute
[12:39:21.131]   info   [GS]       get next best phase: bot_a
[12:39:21.131]  trace   [GS]       skipped phase COLLECT_DATA because agent is not allowed
[12:39:21.131]  trace   [GS]       updating phase SOME_BOT_A...
[12:39:21.131]  trace   [GS]       phase status SOME_BOT_A: 1
[12:39:21.131]  trace   [GS]       skipped phase SOME_BOT_A because phase is not open
[12:39:21.131]  trace   [GS]       skipped phase SOME_BOT_B because agent is not allowed
[12:39:21.131]  trace   [GS]       updating phase WORK_WITH_COLLECTED_DATA...
[12:39:21.131]  trace   [GS]       phase status WORK_WITH_COLLECTED_DATA: 1
[12:39:21.131]  trace   [GS]       skipped phase WORK_WITH_COLLECTED_DATA because phase is not open
[12:39:21.131]   info   [GS]       no more phases to execute
[12:39:21.132]   info   [GS]       get next best phase: bot_a
[12:39:21.132]  trace   [GS]       skipped phase COLLECT_DATA because agent is not allowed
[12:39:21.132]  trace   [GS]       updating phase SOME_BOT_A...
[12:39:21.132]  trace   [GS]       phase status SOME_BOT_A: 1
[12:39:21.132]  trace   [GS]       skipped phase SOME_BOT_A because phase is not open
[12:39:21.132]  trace   [GS]       skipped phase SOME_BOT_B because agent is not allowed
[12:39:21.132]  trace   [GS]       updating phase WORK_WITH_COLLECTED_DATA...
[12:39:21.132]  trace   [GS]       phase status WORK_WITH_COLLECTED_DATA: 1
[12:39:21.132]  trace   [GS]       skipped phase WORK_WITH_COLLECTED_DATA because phase is not open
[12:39:21.132]   info   [GS]       no more phases to execute
[12:39:21.132]   info   [GS]       get next best phase: bot_a
[12:39:21.133]  trace   [GS]       skipped phase COLLECT_DATA because agent is not allowed
[12:39:21.133]  trace   [GS]       updating phase SOME_BOT_A...
[12:39:21.133]  trace   [GS]       phase status SOME_BOT_A: 1
[12:39:21.133]  trace   [GS]       skipped phase SOME_BOT_A because phase is not open
[12:39:21.133]  trace   [GS]       skipped phase SOME_BOT_B because agent is not allowed
[12:39:21.133]  trace   [GS]       updating phase WORK_WITH_COLLECTED_DATA...
[12:39:21.133]  trace   [GS]       phase status WORK_WITH_COLLECTED_DATA: 1
[12:39:21.133]  trace   [GS]       skipped phase WORK_WITH_COLLECTED_DATA because phase is not open
[12:39:21.133]   info   [GS]       no more phases to execute
[12:39:21.134]   info   [GS]       get next best phase: bot_a
[12:39:21.134]  trace   [GS]       skipped phase COLLECT_DATA because agent is not allowed
[12:39:21.134]  trace   [GS]       updating phase SOME_BOT_A...
[12:39:21.134]  trace   [GS]       phase status SOME_BOT_A: 1
[12:39:21.134]  trace   [GS]       skipped phase SOME_BOT_A because phase is not open
[12:39:21.134]  trace   [GS]       skipped phase SOME_BOT_B because agent is not allowed
[12:39:21.134]  trace   [GS]       updating phase WORK_WITH_COLLECTED_DATA...
[12:39:21.134]  trace   [GS]       phase status WORK_WITH_COLLECTED_DATA: 1
[12:39:21.134]  trace   [GS]       skipped phase WORK_WITH_COLLECTED_DATA because phase is not open
[12:39:21.134]   info   [GS]       no more phases to execute
[12:39:21.135]   info   [GS]       get next best phase: bot_a
[12:39:21.136]  trace   [GS]       skipped phase COLLECT_DATA because agent is not allowed
[12:39:21.136]  trace   [GS]       updating phase SOME_BOT_A...
[12:39:21.136]  trace   [GS]       phase status SOME_BOT_A: 1
[12:39:21.136]  trace   [GS]       skipped phase SOME_BOT_A because phase is not open
[12:39:21.136]  trace   [GS]       skipped phase SOME_BOT_B because agent is not allowed
[12:39:21.136]  trace   [GS]       updating phase WORK_WITH_COLLECTED_DATA...
[12:39:21.136]  trace   [GS]       phase status WORK_WITH_COLLECTED_DATA: 1
[12:39:21.136]  trace   [GS]       skipped phase WORK_WITH_COLLECTED_DATA because phase is not open
[12:39:21.136]   info   [GS]       no more phases to execute
[12:39:21.137]   info   [GS]       get next best phase: bot_a
[12:39:21.138]  trace   [GS]       skipped phase COLLECT_DATA because agent is not allowed
[12:39:21.138]  trace   [GS]       updating phase SOME_BOT_A...
[12:39:21.138]  trace   [GS]       phase status SOME_BOT_A: 1
[12:39:21.138]  trace   [GS]       skipped phase SOME_BOT_A because phase is not open
[12:39:21.138]  trace   [GS]       skipped phase SOME_BOT_B because agent is not allowed
[12:39:21.138]  trace   [GS]       updating phase WORK_WITH_COLLECTED_DATA...
[12:39:21.138]  trace   [GS]       phase status WORK_WITH_COLLECTED_DATA: 1
[12:39:21.138]  trace   [GS]       skipped phase WORK_WITH_COLLECTED_DATA because phase is not open
[12:39:21.138]   info   [GS]       no more phases to execute
[12:39:21.139]   info   [GS]       get next best phase: bot_a
[12:39:21.140]  trace   [GS]       skipped phase COLLECT_DATA because agent is not allowed
[12:39:21.140]  trace   [GS]       updating phase SOME_BOT_A...
[12:39:21.140]  trace   [GS]       phase status SOME_BOT_A: 1
[12:39:21.140]  trace   [GS]       skipped phase SOME_BOT_A because phase is not open
[12:39:21.140]  trace   [GS]       skipped phase SOME_BOT_B because agent is not allowed
[12:39:21.140]  trace   [GS]       updating phase WORK_WITH_COLLECTED_DATA...
[12:39:21.140]  trace   [GS]       phase status WORK_WITH_COLLECTED_DATA: 1
[12:39:21.140]  trace   [GS]       skipped phase WORK_WITH_COLLECTED_DATA because phase is not open
[12:39:21.140]   info   [GS]       no more phases to execute
[12:39:21.141]   info   [GS]       get next best phase: bot_a
[12:39:21.141]  trace   [GS]       skipped phase COLLECT_DATA because agent is not allowed
[12:39:21.141]  trace   [GS]       updating phase SOME_BOT_A...
[12:39:21.141]  trace   [GS]       phase status SOME_BOT_A: 1
[12:39:21.141]  trace   [GS]       skipped phase SOME_BOT_A because phase is not open
[12:39:21.141]  trace   [GS]       skipped phase SOME_BOT_B because agent is not allowed
[12:39:21.141]  trace   [GS]       updating phase WORK_WITH_COLLECTED_DATA...
[12:39:21.141]  trace   [GS]       phase status WORK_WITH_COLLECTED_DATA: 1
[12:39:21.141]  trace   [GS]       skipped phase WORK_WITH_COLLECTED_DATA because phase is not open
[12:39:21.141]   info   [GS]       no more phases to execute
[12:39:21.142]   info   [GS]       get next best phase: bot_a
[12:39:21.142]  trace   [GS]       skipped phase COLLECT_DATA because agent is not allowed
[12:39:21.142]  trace   [GS]       updating phase SOME_BOT_A...
[12:39:21.142]  trace   [GS]       phase status SOME_BOT_A: 1
[12:39:21.142]  trace   [GS]       skipped phase SOME_BOT_A because phase is not open
[12:39:21.142]  trace   [GS]       skipped phase SOME_BOT_B because agent is not allowed
[12:39:21.142]  trace   [GS]       updating phase WORK_WITH_COLLECTED_DATA...
[12:39:21.142]  trace   [GS]       phase status WORK_WITH_COLLECTED_DATA: 1
[12:39:21.142]  trace   [GS]       skipped phase WORK_WITH_COLLECTED_DATA because phase is not open
[12:39:21.142]   info   [GS]       no more phases to execute
[12:39:21.142]   info   [GS]       get next best phase: bot_a
[12:39:21.143]  trace   [GS]       skipped phase COLLECT_DATA because agent is not allowed
[12:39:21.143]  trace   [GS]       updating phase SOME_BOT_A...
[12:39:21.143]  trace   [GS]       phase status SOME_BOT_A: 1
[12:39:21.143]  trace   [GS]       skipped phase SOME_BOT_A because phase is not open
[12:39:21.143]  trace   [GS]       skipped phase SOME_BOT_B because agent is not allowed
[12:39:21.143]  trace   [GS]       updating phase WORK_WITH_COLLECTED_DATA...
[12:39:21.143]  trace   [GS]       phase status WORK_WITH_COLLECTED_DATA: 1
[12:39:21.143]  trace   [GS]       skipped phase WORK_WITH_COLLECTED_DATA because phase is not open
[12:39:21.143]   info   [GS]       no more phases to execute
[12:39:21.143]   info   [GS]       get next best phase: bot_a
[12:39:21.144]  trace   [GS]       skipped phase COLLECT_DATA because agent is not allowed
[12:39:21.144]  trace   [GS]       updating phase SOME_BOT_A...
[12:39:21.144]  trace   [GS]       phase status SOME_BOT_A: 1
[12:39:21.144]  trace   [GS]       skipped phase SOME_BOT_A because phase is not open
[12:39:21.144]  trace   [GS]       skipped phase SOME_BOT_B because agent is not allowed
[12:39:21.144]  trace   [GS]       updating phase WORK_WITH_COLLECTED_DATA...
[12:39:21.144]  trace   [GS]       phase status WORK_WITH_COLLECTED_DATA: 1
[12:39:21.144]  trace   [GS]       skipped phase WORK_WITH_COLLECTED_DATA because phase is not open
[12:39:21.144]   info   [GS]       no more phases to execute
[12:39:21.144]   info   [GS]       get next best phase: bot_a
[12:39:21.144]  trace   [GS]       skipped phase COLLECT_DATA because agent is not allowed
[12:39:21.144]  trace   [GS]       updating phase SOME_BOT_A...
[12:39:21.144]  trace   [GS]       phase status SOME_BOT_A: 1
[12:39:21.144]  trace   [GS]       skipped phase SOME_BOT_A because phase is not open
[12:39:21.144]  trace   [GS]       skipped phase SOME_BOT_B because agent is not allowed
[12:39:21.144]  trace   [GS]       updating phase WORK_WITH_COLLECTED_DATA...
[12:39:21.144]  trace   [GS]       phase status WORK_WITH_COLLECTED_DATA: 1
[12:39:21.144]  trace   [GS]       skipped phase WORK_WITH_COLLECTED_DATA because phase is not open
[12:39:21.144]   info   [GS]       no more phases to execute
[12:39:21.144]   info   [GS]       get next best phase: bot_a
[12:39:21.145]  trace   [GS]       skipped phase COLLECT_DATA because agent is not allowed
[12:39:21.145]  trace   [GS]       updating phase SOME_BOT_A...
[12:39:21.145]  trace   [GS]       phase status SOME_BOT_A: 1
[12:39:21.145]  trace   [GS]       skipped phase SOME_BOT_A because phase is not open
[12:39:21.145]  trace   [GS]       skipped phase SOME_BOT_B because agent is not allowed
[12:39:21.145]  trace   [GS]       updating phase WORK_WITH_COLLECTED_DATA...
[12:39:21.145]  trace   [GS]       phase status WORK_WITH_COLLECTED_DATA: 1
[12:39:21.145]  trace   [GS]       skipped phase WORK_WITH_COLLECTED_DATA because phase is not open
[12:39:21.145]   info   [GS]       no more phases to execute
[12:39:21.145]   info   [GS]       get next best phase: bot_a
[12:39:21.145]  trace   [GS]       skipped phase COLLECT_DATA because agent is not allowed
[12:39:21.145]  trace   [GS]       updating phase SOME_BOT_A...
[12:39:21.145]  trace   [GS]       phase status SOME_BOT_A: 1
[12:39:21.145]  trace   [GS]       skipped phase SOME_BOT_A because phase is not open
[12:39:21.145]  trace   [GS]       skipped phase SOME_BOT_B because agent is not allowed
[12:39:21.145]  trace   [GS]       updating phase WORK_WITH_COLLECTED_DATA...
[12:39:21.145]  trace   [GS]       phase status WORK_WITH_COLLECTED_DATA: 1
[12:39:21.145]  trace   [GS]       skipped phase WORK_WITH_COLLECTED_DATA because phase is not open
[12:39:21.145]   info   [GS]       no more phases to execute
[12:39:21.145]   info   [GS]       get next best phase: bot_a
[12:39:21.145]  trace   [GS]       skipped phase COLLECT_DATA because agent is not allowed
[12:39:21.145]  trace   [GS]       updating phase SOME_BOT_A...
[12:39:21.145]  trace   [GS]       phase status SOME_BOT_A: 1
[12:39:21.145]  trace   [GS]       skipped phase SOME_BOT_A because phase is not open
[12:39:21.145]  trace   [GS]       skipped phase SOME_BOT_B because agent is not allowed
[12:39:21.145]  trace   [GS]       updating phase WORK_WITH_COLLECTED_DATA...
[12:39:21.145]  trace   [GS]       phase status WORK_WITH_COLLECTED_DATA: 1
[12:39:21.145]  trace   [GS]       skipped phase WORK_WITH_COLLECTED_DATA because phase is not open
[12:39:21.145]   info   [GS]       no more phases to execute
[12:39:21.146]   info   [GS]       get next best phase: bot_a
[12:39:21.146]  trace   [GS]       skipped phase COLLECT_DATA because agent is not allowed
[12:39:21.146]  trace   [GS]       updating phase SOME_BOT_A...
[12:39:21.146]  trace   [GS]       phase status SOME_BOT_A: 1
[12:39:21.146]  trace   [GS]       skipped phase SOME_BOT_A because phase is not open
[12:39:21.146]  trace   [GS]       skipped phase SOME_BOT_B because agent is not allowed
[12:39:21.146]  trace   [GS]       updating phase WORK_WITH_COLLECTED_DATA...
[12:39:21.146]  trace   [GS]       phase status WORK_WITH_COLLECTED_DATA: 1
[12:39:21.146]  trace   [GS]       skipped phase WORK_WITH_COLLECTED_DATA because phase is not open
[12:39:21.146]   info   [GS]       no more phases to execute
[12:39:21.146]   info   [GS]       get next best phase: bot_a
[12:39:21.146]  trace   [GS]       skipped phase COLLECT_DATA because agent is not allowed
[12:39:21.146]  trace   [GS]       updating phase SOME_BOT_A...
[12:39:21.146]  trace   [GS]       phase status SOME_BOT_A: 1
[12:39:21.146]  trace   [GS]       skipped phase SOME_BOT_A because phase is not open
[12:39:21.146]  trace   [GS]       skipped phase SOME_BOT_B because agent is not allowed
[12:39:21.146]  trace   [GS]       updating phase WORK_WITH_COLLECTED_DATA...
[12:39:21.146]  trace   [GS]       phase status WORK_WITH_COLLECTED_DATA: 1
[12:39:21.146]  trace   [GS]       skipped phase WORK_WITH_COLLECTED_DATA because phase is not open
[12:39:21.146]   info   [GS]       no more phases to execute
[12:39:21.147]   info   [GS]       get next best phase: bot_a
[12:39:21.147]  trace   [GS]       skipped phase COLLECT_DATA because agent is not allowed
[12:39:21.147]  trace   [GS]       updating phase SOME_BOT_A...
[12:39:21.147]  trace   [GS]       phase status SOME_BOT_A: 1
[12:39:21.147]  trace   [GS]       skipped phase SOME_BOT_A because phase is not open
[12:39:21.147]  trace   [GS]       skipped phase SOME_BOT_B because agent is not allowed
[12:39:21.147]  trace   [GS]       updating phase WORK_WITH_COLLECTED_DATA...
[12:39:21.147]  trace   [GS]       phase status WORK_WITH_COLLECTED_DATA: 1
[12:39:21.147]  trace   [GS]       skipped phase WORK_WITH_COLLECTED_DATA because phase is not open
[12:39:21.147]   info   [GS]       no more phases to execute
[12:39:21.148]   info   [GS]       get next best phase: bot_a
[12:39:21.148]  trace   [GS]       skipped phase COLLECT_DATA because agent is not allowed
[12:39:21.148]  trace   [GS]       updating phase SOME_BOT_A...
[12:39:21.149]  trace   [GS]       phase status SOME_BOT_A: 1
[12:39:21.149]  trace   [GS]       skipped phase SOME_BOT_A because phase is not open
[12:39:21.149]  trace   [GS]       skipped phase SOME_BOT_B because agent is not allowed
[12:39:21.149]  trace   [GS]       updating phase WORK_WITH_COLLECTED_DATA...
[12:39:21.149]  trace   [GS]       phase status WORK_WITH_COLLECTED_DATA: 1
[12:39:21.149]  trace   [GS]       skipped phase WORK_WITH_COLLECTED_DATA because phase is not open
[12:39:21.149]   info   [GS]       no more phases to execute
[12:39:21.149]   info   [GS]       get next best phase: bot_a
[12:39:21.149]  trace   [GS]       skipped phase COLLECT_DATA because agent is not allowed
[12:39:21.149]  trace   [GS]       updating phase SOME_BOT_A...
[12:39:21.149]  trace   [GS]       phase status SOME_BOT_A: 1
[12:39:21.149]  trace   [GS]       skipped phase SOME_BOT_A because phase is not open
[12:39:21.149]  trace   [GS]       skipped phase SOME_BOT_B because agent is not allowed
[12:39:21.149]  trace   [GS]       updating phase WORK_WITH_COLLECTED_DATA...
[12:39:21.149]  trace   [GS]       phase status WORK_WITH_COLLECTED_DATA: 1
[12:39:21.149]  trace   [GS]       skipped phase WORK_WITH_COLLECTED_DATA because phase is not open
[12:39:21.149]   info   [GS]       no more phases to execute
[12:39:21.150]   info   [GS]       get next best phase: bot_a
[12:39:21.150]  trace   [GS]       skipped phase COLLECT_DATA because agent is not allowed
[12:39:21.150]  trace   [GS]       updating phase SOME_BOT_A...
[12:39:21.150]  trace   [GS]       phase status SOME_BOT_A: 1
[12:39:21.150]  trace   [GS]       skipped phase SOME_BOT_A because phase is not open
[12:39:21.150]  trace   [GS]       skipped phase SOME_BOT_B because agent is not allowed
[12:39:21.150]  trace   [GS]       updating phase WORK_WITH_COLLECTED_DATA...
[12:39:21.150]  trace   [GS]       phase status WORK_WITH_COLLECTED_DATA: 1
[12:39:21.150]  trace   [GS]       skipped phase WORK_WITH_COLLECTED_DATA because phase is not open
[12:39:21.150]   info   [GS]       no more phases to execute
[12:39:21.150]   info   [GS]       get next best phase: bot_a
[12:39:21.150]  trace   [GS]       skipped phase COLLECT_DATA because agent is not allowed
[12:39:21.150]  trace   [GS]       updating phase SOME_BOT_A...
[12:39:21.150]   info   [GS]       unlocked phase SOME_BOT_A
[12:39:21.151]  trace   [GS]       phase status SOME_BOT_A: 0
[12:39:21.150]   info   [GS]       Received update phase [SOME_BOT_B]: DONE
[12:39:21.151]   info   [GS]       potential of phase SOME_BOT_A: 0
[12:39:21.152]   info   [GS]       score of phase SOME_BOT_A: 40.5
[12:39:21.152]  trace   [GS]       skipped phase SOME_BOT_B because agent is not allowed
[12:39:21.152]  trace   [GS]       updating phase WORK_WITH_COLLECTED_DATA...
[12:39:21.152]  trace   [GS]       phase status WORK_WITH_COLLECTED_DATA: 1
[12:39:21.152]  trace   [GS]       skipped phase WORK_WITH_COLLECTED_DATA because phase is not open
[12:39:21.152]   info   [GS]       selected phase SOME_BOT_A as next phase
[12:39:21.153]   info   [GS]       get next best phase: bot_a
[12:39:21.153]  trace   [GS]       skipped phase COLLECT_DATA because agent is not allowed
[12:39:21.153]  trace   [GS]       updating phase WORK_WITH_COLLECTED_DATA...
[12:39:21.153]  trace   [GS]       phase status WORK_WITH_COLLECTED_DATA: 1
[12:39:21.153]  trace   [GS]       skipped phase WORK_WITH_COLLECTED_DATA because phase is not open
[12:39:21.153]   info   [GS]       no more phases to execute
[12:39:21.153]   info   [GS]       get next best phase: bot_a
[12:39:21.153]  trace   [GS]       skipped phase COLLECT_DATA because agent is not allowed
[12:39:21.153]  trace   [GS]       updating phase WORK_WITH_COLLECTED_DATA...
[12:39:21.153]  trace   [GS]       phase status WORK_WITH_COLLECTED_DATA: 1
[12:39:21.153]  trace   [GS]       skipped phase WORK_WITH_COLLECTED_DATA because phase is not open
[12:39:21.153]   info   [GS]       no more phases to execute
[12:39:21.154]   info   [GS]       get next best phase: bot_a
[12:39:21.154]  trace   [GS]       skipped phase COLLECT_DATA because agent is not allowed
[12:39:21.154]  trace   [GS]       updating phase WORK_WITH_COLLECTED_DATA...
[12:39:21.154]  trace   [GS]       phase status WORK_WITH_COLLECTED_DATA: 1
[12:39:21.154]  trace   [GS]       skipped phase WORK_WITH_COLLECTED_DATA because phase is not open
[12:39:21.154]   info   [GS]       no more phases to execute
[12:39:21.153]   info   [GS]       Received update: {"collected_data":[1,2,3]}
[12:39:21.154]   info   [GS]       get next best phase: bot_a
[12:39:21.155]  trace   [GS]       skipped phase COLLECT_DATA because agent is not allowed
[12:39:21.155]  trace   [GS]       updating phase WORK_WITH_COLLECTED_DATA...
[12:39:21.155]  trace   [GS]       phase status WORK_WITH_COLLECTED_DATA: 1
[12:39:21.155]  trace   [GS]       skipped phase WORK_WITH_COLLECTED_DATA because phase is not open
[12:39:21.155]   info   [GS]       no more phases to execute
[12:39:21.155]   info   [GS]       get next best phase: bot_a
[12:39:21.155]  trace   [GS]       skipped phase COLLECT_DATA because agent is not allowed
[12:39:21.155]  trace   [GS]       updating phase WORK_WITH_COLLECTED_DATA...
[12:39:21.155]  trace   [GS]       phase status WORK_WITH_COLLECTED_DATA: 1
[12:39:21.155]  trace   [GS]       skipped phase WORK_WITH_COLLECTED_DATA because phase is not open
[12:39:21.155]   info   [GS]       no more phases to execute
[12:39:21.155]   info   [GS]       get next best phase: bot_a
[12:39:21.155]  trace   [GS]       skipped phase COLLECT_DATA because agent is not allowed
[12:39:21.155]  trace   [GS]       updating phase WORK_WITH_COLLECTED_DATA...
[12:39:21.155]  trace   [GS]       phase status WORK_WITH_COLLECTED_DATA: 1
[12:39:21.155]  trace   [GS]       skipped phase WORK_WITH_COLLECTED_DATA because phase is not open
[12:39:21.155]   info   [GS]       no more phases to execute
[12:39:21.156]   info   [GS]       get next best phase: bot_a
[12:39:21.156]  trace   [GS]       skipped phase COLLECT_DATA because agent is not allowed
[12:39:21.156]  trace   [GS]       updating phase WORK_WITH_COLLECTED_DATA...
[12:39:21.156]  trace   [GS]       phase status WORK_WITH_COLLECTED_DATA: 1
[12:39:21.156]  trace   [GS]       skipped phase WORK_WITH_COLLECTED_DATA because phase is not open
[12:39:21.156]   info   [GS]       no more phases to execute
[12:39:21.156]   info   [GS]       get next best phase: bot_a
[12:39:21.157]  trace   [GS]       skipped phase COLLECT_DATA because agent is not allowed
[12:39:21.157]  trace   [GS]       updating phase WORK_WITH_COLLECTED_DATA...
[12:39:21.157]  trace   [GS]       phase status WORK_WITH_COLLECTED_DATA: 1
[12:39:21.157]  trace   [GS]       skipped phase WORK_WITH_COLLECTED_DATA because phase is not open
[12:39:21.157]   info   [GS]       no more phases to execute
[12:39:21.157]   info   [GS]       get next best phase: bot_a
[12:39:21.157]  trace   [GS]       skipped phase COLLECT_DATA because agent is not allowed
[12:39:21.157]  trace   [GS]       updating phase WORK_WITH_COLLECTED_DATA...
[12:39:21.157]  trace   [GS]       phase status WORK_WITH_COLLECTED_DATA: 1
[12:39:21.157]  trace   [GS]       skipped phase WORK_WITH_COLLECTED_DATA because phase is not open
[12:39:21.157]   info   [GS]       no more phases to execute
[12:39:21.157]   info   [GS]       get next best phase: bot_a
[12:39:21.158]  trace   [GS]       skipped phase COLLECT_DATA because agent is not allowed
[12:39:21.158]  trace   [GS]       updating phase WORK_WITH_COLLECTED_DATA...
[12:39:21.158]  trace   [GS]       phase status WORK_WITH_COLLECTED_DATA: 1
[12:39:21.158]  trace   [GS]       skipped phase WORK_WITH_COLLECTED_DATA because phase is not open
[12:39:21.158]   info   [GS]       no more phases to execute
[12:39:21.158]   info   [GS]       get next best phase: bot_a
[12:39:21.158]  trace   [GS]       skipped phase COLLECT_DATA because agent is not allowed
[12:39:21.158]  trace   [GS]       updating phase WORK_WITH_COLLECTED_DATA...
[12:39:21.158]  trace   [GS]       phase status WORK_WITH_COLLECTED_DATA: 1
[12:39:21.158]  trace   [GS]       skipped phase WORK_WITH_COLLECTED_DATA because phase is not open
[12:39:21.158]   info   [GS]       no more phases to execute
[12:39:21.159]   info   [GS]       get next best phase: bot_a
[12:39:21.159]  trace   [GS]       skipped phase COLLECT_DATA because agent is not allowed
[12:39:21.159]  trace   [GS]       updating phase WORK_WITH_COLLECTED_DATA...
[12:39:21.159]  trace   [GS]       phase status WORK_WITH_COLLECTED_DATA: 1
[12:39:21.159]  trace   [GS]       skipped phase WORK_WITH_COLLECTED_DATA because phase is not open
[12:39:21.159]   info   [GS]       no more phases to execute
[12:39:21.159]   info   [GS]       get next best phase: bot_a
[12:39:21.159]  trace   [GS]       skipped phase COLLECT_DATA because agent is not allowed
[12:39:21.159]  trace   [GS]       updating phase WORK_WITH_COLLECTED_DATA...
[12:39:21.159]  trace   [GS]       phase status WORK_WITH_COLLECTED_DATA: 1
[12:39:21.159]  trace   [GS]       skipped phase WORK_WITH_COLLECTED_DATA because phase is not open
[12:39:21.159]   info   [GS]       no more phases to execute
[12:39:21.159]   info   [GS]       Received update: {"data_collected":true}
[12:39:21.160]   info   [GS]       get next best phase: bot_a
[12:39:21.160]  trace   [GS]       skipped phase COLLECT_DATA because agent is not allowed
[12:39:21.160]  trace   [GS]       updating phase WORK_WITH_COLLECTED_DATA...
[12:39:21.160]  trace   [GS]       phase status WORK_WITH_COLLECTED_DATA: 1
[12:39:21.160]  trace   [GS]       skipped phase WORK_WITH_COLLECTED_DATA because phase is not open
[12:39:21.160]   info   [GS]       no more phases to execute
[12:39:21.160]   info   [GS]       get next best phase: bot_a
[12:39:21.160]  trace   [GS]       skipped phase COLLECT_DATA because agent is not allowed
[12:39:21.160]  trace   [GS]       updating phase WORK_WITH_COLLECTED_DATA...
[12:39:21.160]  trace   [GS]       phase status WORK_WITH_COLLECTED_DATA: 1
[12:39:21.160]  trace   [GS]       skipped phase WORK_WITH_COLLECTED_DATA because phase is not open
[12:39:21.160]   info   [GS]       no more phases to execute
[12:39:21.161]   info   [GS]       get next best phase: bot_a
[12:39:21.161]  trace   [GS]       skipped phase COLLECT_DATA because agent is not allowed
[12:39:21.161]  trace   [GS]       updating phase WORK_WITH_COLLECTED_DATA...
[12:39:21.161]  trace   [GS]       phase status WORK_WITH_COLLECTED_DATA: 1
[12:39:21.161]  trace   [GS]       skipped phase WORK_WITH_COLLECTED_DATA because phase is not open
[12:39:21.161]   info   [GS]       no more phases to execute
[12:39:21.161]   info   [GS]       get next best phase: bot_a
[12:39:21.161]  trace   [GS]       skipped phase COLLECT_DATA because agent is not allowed
[12:39:21.161]  trace   [GS]       updating phase WORK_WITH_COLLECTED_DATA...
[12:39:21.161]  trace   [GS]       phase status WORK_WITH_COLLECTED_DATA: 1
[12:39:21.161]  trace   [GS]       skipped phase WORK_WITH_COLLECTED_DATA because phase is not open
[12:39:21.161]   info   [GS]       no more phases to execute
[12:39:21.161]   info   [GS]       get next best phase: bot_a
[12:39:21.162]  trace   [GS]       skipped phase COLLECT_DATA because agent is not allowed
[12:39:21.162]  trace   [GS]       updating phase WORK_WITH_COLLECTED_DATA...
[12:39:21.162]  trace   [GS]       phase status WORK_WITH_COLLECTED_DATA: 1
[12:39:21.162]  trace   [GS]       skipped phase WORK_WITH_COLLECTED_DATA because phase is not open
[12:39:21.162]   info   [GS]       no more phases to execute
[12:39:21.162]   info   [GS]       get next best phase: bot_a
[12:39:21.162]  trace   [GS]       skipped phase COLLECT_DATA because agent is not allowed
[12:39:21.162]  trace   [GS]       updating phase WORK_WITH_COLLECTED_DATA...
[12:39:21.162]  trace   [GS]       phase status WORK_WITH_COLLECTED_DATA: 1
[12:39:21.162]  trace   [GS]       skipped phase WORK_WITH_COLLECTED_DATA because phase is not open
[12:39:21.162]   info   [GS]       no more phases to execute
[12:39:21.162]   info   [GS]       get next best phase: bot_a
[12:39:21.162]  trace   [GS]       skipped phase COLLECT_DATA because agent is not allowed
[12:39:21.162]  trace   [GS]       updating phase WORK_WITH_COLLECTED_DATA...
[12:39:21.162]  trace   [GS]       phase status WORK_WITH_COLLECTED_DATA: 1
[12:39:21.162]  trace   [GS]       skipped phase WORK_WITH_COLLECTED_DATA because phase is not open
[12:39:21.162]   info   [GS]       no more phases to execute
[12:39:21.162]   info   [GS]       get next best phase: bot_a
[12:39:21.163]  trace   [GS]       skipped phase COLLECT_DATA because agent is not allowed
[12:39:21.163]  trace   [GS]       updating phase WORK_WITH_COLLECTED_DATA...
[12:39:21.163]  trace   [GS]       phase status WORK_WITH_COLLECTED_DATA: 1
[12:39:21.163]  trace   [GS]       skipped phase WORK_WITH_COLLECTED_DATA because phase is not open
[12:39:21.163]   info   [GS]       no more phases to execute
[12:39:21.163]   info   [GS]       get next best phase: bot_a
[12:39:21.163]  trace   [GS]       skipped phase COLLECT_DATA because agent is not allowed
[12:39:21.163]  trace   [GS]       updating phase WORK_WITH_COLLECTED_DATA...
[12:39:21.163]  trace   [GS]       phase status WORK_WITH_COLLECTED_DATA: 1
[12:39:21.163]  trace   [GS]       skipped phase WORK_WITH_COLLECTED_DATA because phase is not open
[12:39:21.163]   info   [GS]       no more phases to execute
[12:39:21.163]   info   [GS]       get next best phase: bot_a
[12:39:21.163]  trace   [GS]       skipped phase COLLECT_DATA because agent is not allowed
[12:39:21.163]  trace   [GS]       updating phase WORK_WITH_COLLECTED_DATA...
[12:39:21.163]  trace   [GS]       phase status WORK_WITH_COLLECTED_DATA: 1
[12:39:21.163]  trace   [GS]       skipped phase WORK_WITH_COLLECTED_DATA because phase is not open
[12:39:21.163]   info   [GS]       no more phases to execute
[12:39:21.164]   info   [GS]       get next best phase: bot_a
[12:39:21.164]  trace   [GS]       skipped phase COLLECT_DATA because agent is not allowed
[12:39:21.164]  trace   [GS]       updating phase WORK_WITH_COLLECTED_DATA...
[12:39:21.164]  trace   [GS]       phase status WORK_WITH_COLLECTED_DATA: 1
[12:39:21.164]  trace   [GS]       skipped phase WORK_WITH_COLLECTED_DATA because phase is not open
[12:39:21.164]   info   [GS]       no more phases to execute
[12:39:21.165]   info   [GS]       get next best phase: bot_a
[12:39:21.165]  trace   [GS]       skipped phase COLLECT_DATA because agent is not allowed
[12:39:21.165]  trace   [GS]       updating phase WORK_WITH_COLLECTED_DATA...
[12:39:21.165]  trace   [GS]       phase status WORK_WITH_COLLECTED_DATA: 1
[12:39:21.165]  trace   [GS]       skipped phase WORK_WITH_COLLECTED_DATA because phase is not open
[12:39:21.165]   info   [GS]       no more phases to execute
[12:39:21.165]   info   [GS]       get next best phase: bot_a
[12:39:21.165]  trace   [GS]       skipped phase COLLECT_DATA because agent is not allowed
[12:39:21.165]  trace   [GS]       updating phase WORK_WITH_COLLECTED_DATA...
[12:39:21.165]  trace   [GS]       phase status WORK_WITH_COLLECTED_DATA: 1
[12:39:21.165]  trace   [GS]       skipped phase WORK_WITH_COLLECTED_DATA because phase is not open
[12:39:21.165]   info   [GS]       no more phases to execute
[12:39:21.165]   info   [GS]       get next best phase: bot_a
[12:39:21.166]  trace   [GS]       skipped phase COLLECT_DATA because agent is not allowed
[12:39:21.166]  trace   [GS]       updating phase WORK_WITH_COLLECTED_DATA...
[12:39:21.166]  trace   [GS]       phase status WORK_WITH_COLLECTED_DATA: 1
[12:39:21.166]  trace   [GS]       skipped phase WORK_WITH_COLLECTED_DATA because phase is not open
[12:39:21.166]   info   [GS]       no more phases to execute
[12:39:21.166]   info   [GS]       get next best phase: bot_a
[12:39:21.166]  trace   [GS]       skipped phase COLLECT_DATA because agent is not allowed
[12:39:21.166]  trace   [GS]       updating phase WORK_WITH_COLLECTED_DATA...
[12:39:21.166]  trace   [GS]       phase status WORK_WITH_COLLECTED_DATA: 1
[12:39:21.166]  trace   [GS]       skipped phase WORK_WITH_COLLECTED_DATA because phase is not open
[12:39:21.166]   info   [GS]       no more phases to execute
[12:39:21.167]   info   [GS]       get next best phase: bot_a
[12:39:21.167]  trace   [GS]       skipped phase COLLECT_DATA because agent is not allowed
[12:39:21.167]  trace   [GS]       updating phase WORK_WITH_COLLECTED_DATA...
[12:39:21.167]  trace   [GS]       phase status WORK_WITH_COLLECTED_DATA: 1
[12:39:21.167]  trace   [GS]       skipped phase WORK_WITH_COLLECTED_DATA because phase is not open
[12:39:21.167]   info   [GS]       no more phases to execute
[12:39:21.167]   info   [GS]       get next best phase: bot_a
[12:39:21.168]  trace   [GS]       skipped phase COLLECT_DATA because agent is not allowed
[12:39:21.168]  trace   [GS]       updating phase WORK_WITH_COLLECTED_DATA...
[12:39:21.168]  trace   [GS]       phase status WORK_WITH_COLLECTED_DATA: 1
[12:39:21.168]  trace   [GS]       skipped phase WORK_WITH_COLLECTED_DATA because phase is not open
[12:39:21.168]   info   [GS]       no more phases to execute
[12:39:21.168]   info   [GS]       get next best phase: bot_a
[12:39:21.168]  trace   [GS]       skipped phase COLLECT_DATA because agent is not allowed
[12:39:21.168]  trace   [GS]       updating phase WORK_WITH_COLLECTED_DATA...
[12:39:21.168]  trace   [GS]       phase status WORK_WITH_COLLECTED_DATA: 1
[12:39:21.168]  trace   [GS]       skipped phase WORK_WITH_COLLECTED_DATA because phase is not open
[12:39:21.168]   info   [GS]       no more phases to execute
[12:39:21.168]   info   [GS]       get next best phase: bot_a
[12:39:21.168]  trace   [GS]       skipped phase COLLECT_DATA because agent is not allowed
[12:39:21.168]  trace   [GS]       updating phase WORK_WITH_COLLECTED_DATA...
[12:39:21.168]  trace   [GS]       phase status WORK_WITH_COLLECTED_DATA: 1
[12:39:21.168]  trace   [GS]       skipped phase WORK_WITH_COLLECTED_DATA because phase is not open
[12:39:21.168]   info   [GS]       no more phases to execute
[12:39:21.168]   info   [GS]       get next best phase: bot_a
[12:39:21.169]  trace   [GS]       skipped phase COLLECT_DATA because agent is not allowed
[12:39:21.169]  trace   [GS]       updating phase WORK_WITH_COLLECTED_DATA...
[12:39:21.169]  trace   [GS]       phase status WORK_WITH_COLLECTED_DATA: 1
[12:39:21.169]  trace   [GS]       skipped phase WORK_WITH_COLLECTED_DATA because phase is not open
[12:39:21.169]   info   [GS]       no more phases to execute
[12:39:21.169]   info   [GS]       get next best phase: bot_a
[12:39:21.169]  trace   [GS]       skipped phase COLLECT_DATA because agent is not allowed
[12:39:21.169]  trace   [GS]       updating phase WORK_WITH_COLLECTED_DATA...
[12:39:21.169]  trace   [GS]       phase status WORK_WITH_COLLECTED_DATA: 1
[12:39:21.169]  trace   [GS]       skipped phase WORK_WITH_COLLECTED_DATA because phase is not open
[12:39:21.169]   info   [GS]       no more phases to execute
[12:39:21.169]   info   [GS]       get next best phase: bot_a
[12:39:21.169]  trace   [GS]       skipped phase COLLECT_DATA because agent is not allowed
[12:39:21.169]  trace   [GS]       updating phase WORK_WITH_COLLECTED_DATA...
[12:39:21.169]  trace   [GS]       phase status WORK_WITH_COLLECTED_DATA: 1
[12:39:21.169]  trace   [GS]       skipped phase WORK_WITH_COLLECTED_DATA because phase is not open
[12:39:21.169]   info   [GS]       no more phases to execute
[12:39:21.170]   info   [GS]       get next best phase: bot_a
[12:39:21.170]  trace   [GS]       skipped phase COLLECT_DATA because agent is not allowed
[12:39:21.170]  trace   [GS]       updating phase WORK_WITH_COLLECTED_DATA...
[12:39:21.170]  trace   [GS]       phase status WORK_WITH_COLLECTED_DATA: 1
[12:39:21.170]  trace   [GS]       skipped phase WORK_WITH_COLLECTED_DATA because phase is not open
[12:39:21.170]   info   [GS]       no more phases to execute
[12:39:21.170]   info   [GS]       get next best phase: bot_a
[12:39:21.170]  trace   [GS]       skipped phase COLLECT_DATA because agent is not allowed
[12:39:21.170]  trace   [GS]       updating phase WORK_WITH_COLLECTED_DATA...
[12:39:21.170]  trace   [GS]       phase status WORK_WITH_COLLECTED_DATA: 1
[12:39:21.170]  trace   [GS]       skipped phase WORK_WITH_COLLECTED_DATA because phase is not open
[12:39:21.170]   info   [GS]       no more phases to execute
[12:39:21.170]   info   [GS]       get next best phase: bot_a
[12:39:21.171]  trace   [GS]       skipped phase COLLECT_DATA because agent is not allowed
[12:39:21.171]  trace   [GS]       updating phase WORK_WITH_COLLECTED_DATA...
[12:39:21.171]  trace   [GS]       phase status WORK_WITH_COLLECTED_DATA: 1
[12:39:21.171]  trace   [GS]       skipped phase WORK_WITH_COLLECTED_DATA because phase is not open
[12:39:21.171]   info   [GS]       no more phases to execute
[12:39:21.171]   info   [GS]       get next best phase: bot_a
[12:39:21.171]  trace   [GS]       skipped phase COLLECT_DATA because agent is not allowed
[12:39:21.171]  trace   [GS]       updating phase WORK_WITH_COLLECTED_DATA...
[12:39:21.171]  trace   [GS]       phase status WORK_WITH_COLLECTED_DATA: 1
[12:39:21.171]  trace   [GS]       skipped phase WORK_WITH_COLLECTED_DATA because phase is not open
[12:39:21.171]   info   [GS]       no more phases to execute
[12:39:21.171]   info   [GS]       get next best phase: bot_a
[12:39:21.171]  trace   [GS]       skipped phase COLLECT_DATA because agent is not allowed
[12:39:21.171]  trace   [GS]       updating phase WORK_WITH_COLLECTED_DATA...
[12:39:21.171]  trace   [GS]       phase status WORK_WITH_COLLECTED_DATA: 1
[12:39:21.171]  trace   [GS]       skipped phase WORK_WITH_COLLECTED_DATA because phase is not open
[12:39:21.171]   info   [GS]       no more phases to execute
[12:39:21.172]   info   [GS]       get next best phase: bot_a
[12:39:21.172]  trace   [GS]       skipped phase COLLECT_DATA because agent is not allowed
[12:39:21.172]  trace   [GS]       updating phase WORK_WITH_COLLECTED_DATA...
[12:39:21.172]  trace   [GS]       phase status WORK_WITH_COLLECTED_DATA: 1
[12:39:21.172]  trace   [GS]       skipped phase WORK_WITH_COLLECTED_DATA because phase is not open
[12:39:21.172]   info   [GS]       no more phases to execute
[12:39:21.172]   info   [GS]       get next best phase: bot_a
[12:39:21.172]  trace   [GS]       skipped phase COLLECT_DATA because agent is not allowed
[12:39:21.172]  trace   [GS]       updating phase WORK_WITH_COLLECTED_DATA...
[12:39:21.172]  trace   [GS]       phase status WORK_WITH_COLLECTED_DATA: 1
[12:39:21.172]  trace   [GS]       skipped phase WORK_WITH_COLLECTED_DATA because phase is not open
[12:39:21.172]   info   [GS]       no more phases to execute
[12:39:21.172]   info   [GS]       get next best phase: bot_a
[12:39:21.172]  trace   [GS]       skipped phase COLLECT_DATA because agent is not allowed
[12:39:21.172]  trace   [GS]       updating phase WORK_WITH_COLLECTED_DATA...
[12:39:21.172]  trace   [GS]       phase status WORK_WITH_COLLECTED_DATA: 1
[12:39:21.172]  trace   [GS]       skipped phase WORK_WITH_COLLECTED_DATA because phase is not open
[12:39:21.172]   info   [GS]       no more phases to execute
[12:39:21.173]   info   [GS]       get next best phase: bot_a
[12:39:21.173]  trace   [GS]       skipped phase COLLECT_DATA because agent is not allowed
[12:39:21.173]  trace   [GS]       updating phase WORK_WITH_COLLECTED_DATA...
[12:39:21.173]  trace   [GS]       phase status WORK_WITH_COLLECTED_DATA: 1
[12:39:21.173]  trace   [GS]       skipped phase WORK_WITH_COLLECTED_DATA because phase is not open
[12:39:21.173]   info   [GS]       no more phases to execute
[12:39:21.173]   info   [GS]       get next best phase: bot_a
[12:39:21.173]  trace   [GS]       skipped phase COLLECT_DATA because agent is not allowed
[12:39:21.173]  trace   [GS]       updating phase WORK_WITH_COLLECTED_DATA...
[12:39:21.173]  trace   [GS]       phase status WORK_WITH_COLLECTED_DATA: 1
[12:39:21.173]  trace   [GS]       skipped phase WORK_WITH_COLLECTED_DATA because phase is not open
[12:39:21.173]   info   [GS]       no more phases to execute
[12:39:21.173]   info   [GS]       get next best phase: bot_a
[12:39:21.174]  trace   [GS]       skipped phase COLLECT_DATA because agent is not allowed
[12:39:21.174]  trace   [GS]       updating phase WORK_WITH_COLLECTED_DATA...
[12:39:21.174]  trace   [GS]       phase status WORK_WITH_COLLECTED_DATA: 1
[12:39:21.174]  trace   [GS]       skipped phase WORK_WITH_COLLECTED_DATA because phase is not open
[12:39:21.174]   info   [GS]       no more phases to execute
[12:39:21.174]   info   [GS]       get next best phase: bot_a
[12:39:21.174]  trace   [GS]       skipped phase COLLECT_DATA because agent is not allowed
[12:39:21.174]  trace   [GS]       updating phase WORK_WITH_COLLECTED_DATA...
[12:39:21.174]  trace   [GS]       phase status WORK_WITH_COLLECTED_DATA: 1
[12:39:21.174]  trace   [GS]       skipped phase WORK_WITH_COLLECTED_DATA because phase is not open
[12:39:21.174]   info   [GS]       no more phases to execute
[12:39:21.174]   info   [GS]       get next best phase: bot_a
[12:39:21.174]  trace   [GS]       skipped phase COLLECT_DATA because agent is not allowed
[12:39:21.174]  trace   [GS]       updating phase WORK_WITH_COLLECTED_DATA...
[12:39:21.174]  trace   [GS]       phase status WORK_WITH_COLLECTED_DATA: 1
[12:39:21.174]  trace   [GS]       skipped phase WORK_WITH_COLLECTED_DATA because phase is not open
[12:39:21.174]   info   [GS]       no more phases to execute
[12:39:21.174]   info   [GS]       get next best phase: bot_a
[12:39:21.175]  trace   [GS]       skipped phase COLLECT_DATA because agent is not allowed
[12:39:21.175]  trace   [GS]       updating phase WORK_WITH_COLLECTED_DATA...
[12:39:21.175]  trace   [GS]       phase status WORK_WITH_COLLECTED_DATA: 1
[12:39:21.175]  trace   [GS]       skipped phase WORK_WITH_COLLECTED_DATA because phase is not open
[12:39:21.175]   info   [GS]       no more phases to execute
[12:39:21.175]   info   [GS]       get next best phase: bot_a
[12:39:21.175]  trace   [GS]       skipped phase COLLECT_DATA because agent is not allowed
[12:39:21.175]  trace   [GS]       updating phase WORK_WITH_COLLECTED_DATA...
[12:39:21.175]  trace   [GS]       phase status WORK_WITH_COLLECTED_DATA: 1
[12:39:21.175]  trace   [GS]       skipped phase WORK_WITH_COLLECTED_DATA because phase is not open
[12:39:21.175]   info   [GS]       no more phases to execute
[12:39:21.175]   info   [GS]       get next best phase: bot_a
[12:39:21.175]  trace   [GS]       skipped phase COLLECT_DATA because agent is not allowed
[12:39:21.175]  trace   [GS]       updating phase WORK_WITH_COLLECTED_DATA...
[12:39:21.175]  trace   [GS]       phase status WORK_WITH_COLLECTED_DATA: 1
[12:39:21.175]  trace   [GS]       skipped phase WORK_WITH_COLLECTED_DATA because phase is not open
[12:39:21.175]   info   [GS]       no more phases to execute
[12:39:21.175]   info   [GS]       get next best phase: bot_a
[12:39:21.176]  trace   [GS]       skipped phase COLLECT_DATA because agent is not allowed
[12:39:21.176]  trace   [GS]       updating phase WORK_WITH_COLLECTED_DATA...
[12:39:21.176]  trace   [GS]       phase status WORK_WITH_COLLECTED_DATA: 1
[12:39:21.176]  trace   [GS]       skipped phase WORK_WITH_COLLECTED_DATA because phase is not open
[12:39:21.176]   info   [GS]       no more phases to execute
[12:39:21.176]   info   [GS]       get next best phase: bot_a
[12:39:21.176]  trace   [GS]       skipped phase COLLECT_DATA because agent is not allowed
[12:39:21.176]  trace   [GS]       updating phase WORK_WITH_COLLECTED_DATA...
[12:39:21.176]  trace   [GS]       phase status WORK_WITH_COLLECTED_DATA: 1
[12:39:21.176]  trace   [GS]       skipped phase WORK_WITH_COLLECTED_DATA because phase is not open
[12:39:21.176]   info   [GS]       no more phases to execute
[12:39:21.176]   info   [GS]       get next best phase: bot_a
[12:39:21.177]  trace   [GS]       skipped phase COLLECT_DATA because agent is not allowed
[12:39:21.177]  trace   [GS]       updating phase WORK_WITH_COLLECTED_DATA...
[12:39:21.177]  trace   [GS]       phase status WORK_WITH_COLLECTED_DATA: 1
[12:39:21.177]  trace   [GS]       skipped phase WORK_WITH_COLLECTED_DATA because phase is not open
[12:39:21.177]   info   [GS]       no more phases to execute
[12:39:21.177]   info   [GS]       get next best phase: bot_a
[12:39:21.177]  trace   [GS]       skipped phase COLLECT_DATA because agent is not allowed
[12:39:21.177]  trace   [GS]       updating phase WORK_WITH_COLLECTED_DATA...
[12:39:21.177]  trace   [GS]       phase status WORK_WITH_COLLECTED_DATA: 1
[12:39:21.177]  trace   [GS]       skipped phase WORK_WITH_COLLECTED_DATA because phase is not open
[12:39:21.177]   info   [GS]       no more phases to execute
[12:39:21.177]   info   [GS]       get next best phase: bot_a
[12:39:21.178]  trace   [GS]       skipped phase COLLECT_DATA because agent is not allowed
[12:39:21.178]  trace   [GS]       updating phase WORK_WITH_COLLECTED_DATA...
[12:39:21.178]  trace   [GS]       phase status WORK_WITH_COLLECTED_DATA: 1
[12:39:21.178]  trace   [GS]       skipped phase WORK_WITH_COLLECTED_DATA because phase is not open
[12:39:21.178]   info   [GS]       no more phases to execute
[12:39:21.178]   info   [GS]       get next best phase: bot_a
[12:39:21.178]  trace   [GS]       skipped phase COLLECT_DATA because agent is not allowed
[12:39:21.178]  trace   [GS]       updating phase WORK_WITH_COLLECTED_DATA...
[12:39:21.178]  trace   [GS]       phase status WORK_WITH_COLLECTED_DATA: 1
[12:39:21.178]  trace   [GS]       skipped phase WORK_WITH_COLLECTED_DATA because phase is not open
[12:39:21.178]   info   [GS]       no more phases to execute
[12:39:21.178]   info   [GS]       get next best phase: bot_a
[12:39:21.178]  trace   [GS]       skipped phase COLLECT_DATA because agent is not allowed
[12:39:21.178]  trace   [GS]       updating phase WORK_WITH_COLLECTED_DATA...
[12:39:21.178]  trace   [GS]       phase status WORK_WITH_COLLECTED_DATA: 1
[12:39:21.178]  trace   [GS]       skipped phase WORK_WITH_COLLECTED_DATA because phase is not open
[12:39:21.178]   info   [GS]       no more phases to execute
[12:39:21.178]   info   [GS]       get next best phase: bot_a
[12:39:21.179]  trace   [GS]       skipped phase COLLECT_DATA because agent is not allowed
[12:39:21.179]  trace   [GS]       updating phase WORK_WITH_COLLECTED_DATA...
[12:39:21.179]  trace   [GS]       phase status WORK_WITH_COLLECTED_DATA: 1
[12:39:21.179]  trace   [GS]       skipped phase WORK_WITH_COLLECTED_DATA because phase is not open
[12:39:21.179]   info   [GS]       no more phases to execute
[12:39:21.179]   info   [GS]       get next best phase: bot_a
[12:39:21.179]  trace   [GS]       skipped phase COLLECT_DATA because agent is not allowed
[12:39:21.179]  trace   [GS]       updating phase WORK_WITH_COLLECTED_DATA...
[12:39:21.179]  trace   [GS]       phase status WORK_WITH_COLLECTED_DATA: 1
[12:39:21.179]  trace   [GS]       skipped phase WORK_WITH_COLLECTED_DATA because phase is not open
[12:39:21.179]   info   [GS]       no more phases to execute
[12:39:21.179]   info   [GS]       get next best phase: bot_a
[12:39:21.179]  trace   [GS]       skipped phase COLLECT_DATA because agent is not allowed
[12:39:21.179]  trace   [GS]       updating phase WORK_WITH_COLLECTED_DATA...
[12:39:21.179]  trace   [GS]       phase status WORK_WITH_COLLECTED_DATA: 1
[12:39:21.179]  trace   [GS]       skipped phase WORK_WITH_COLLECTED_DATA because phase is not open
[12:39:21.179]   info   [GS]       no more phases to execute
[12:39:21.180]   info   [GS]       get next best phase: bot_a
[12:39:21.180]  trace   [GS]       skipped phase COLLECT_DATA because agent is not allowed
[12:39:21.180]  trace   [GS]       updating phase WORK_WITH_COLLECTED_DATA...
[12:39:21.180]  trace   [GS]       phase status WORK_WITH_COLLECTED_DATA: 1
[12:39:21.180]  trace   [GS]       skipped phase WORK_WITH_COLLECTED_DATA because phase is not open
[12:39:21.180]   info   [GS]       no more phases to execute
[12:39:21.180]   info   [GS]       get next best phase: bot_a
[12:39:21.180]  trace   [GS]       skipped phase COLLECT_DATA because agent is not allowed
[12:39:21.180]  trace   [GS]       updating phase WORK_WITH_COLLECTED_DATA...
[12:39:21.180]  trace   [GS]       phase status WORK_WITH_COLLECTED_DATA: 1
[12:39:21.180]  trace   [GS]       skipped phase WORK_WITH_COLLECTED_DATA because phase is not open
[12:39:21.180]   info   [GS]       no more phases to execute
[12:39:21.180]   info   [GS]       get next best phase: bot_a
[12:39:21.180]  trace   [GS]       skipped phase COLLECT_DATA because agent is not allowed
[12:39:21.180]  trace   [GS]       updating phase WORK_WITH_COLLECTED_DATA...
[12:39:21.180]  trace   [GS]       phase status WORK_WITH_COLLECTED_DATA: 1
[12:39:21.180]  trace   [GS]       skipped phase WORK_WITH_COLLECTED_DATA because phase is not open
[12:39:21.180]   info   [GS]       no more phases to execute
[12:39:21.180]   info   [GS]       get next best phase: bot_a
[12:39:21.181]  trace   [GS]       skipped phase COLLECT_DATA because agent is not allowed
[12:39:21.181]  trace   [GS]       updating phase WORK_WITH_COLLECTED_DATA...
[12:39:21.181]  trace   [GS]       phase status WORK_WITH_COLLECTED_DATA: 1
[12:39:21.181]  trace   [GS]       skipped phase WORK_WITH_COLLECTED_DATA because phase is not open
[12:39:21.181]   info   [GS]       no more phases to execute
[12:39:21.181]   info   [GS]       get next best phase: bot_a
[12:39:21.181]  trace   [GS]       skipped phase COLLECT_DATA because agent is not allowed
[12:39:21.181]  trace   [GS]       updating phase WORK_WITH_COLLECTED_DATA...
[12:39:21.181]  trace   [GS]       phase status WORK_WITH_COLLECTED_DATA: 1
[12:39:21.181]  trace   [GS]       skipped phase WORK_WITH_COLLECTED_DATA because phase is not open
[12:39:21.181]   info   [GS]       no more phases to execute
[12:39:21.181]   info   [GS]       get next best phase: bot_a
[12:39:21.181]  trace   [GS]       skipped phase COLLECT_DATA because agent is not allowed
[12:39:21.181]  trace   [GS]       updating phase WORK_WITH_COLLECTED_DATA...
[12:39:21.181]  trace   [GS]       phase status WORK_WITH_COLLECTED_DATA: 1
[12:39:21.181]  trace   [GS]       skipped phase WORK_WITH_COLLECTED_DATA because phase is not open
[12:39:21.181]   info   [GS]       no more phases to execute
[12:39:21.181]   info   [GS]       get next best phase: bot_a
[12:39:21.181]  trace   [GS]       skipped phase COLLECT_DATA because agent is not allowed
[12:39:21.181]  trace   [GS]       updating phase WORK_WITH_COLLECTED_DATA...
[12:39:21.181]  trace   [GS]       phase status WORK_WITH_COLLECTED_DATA: 1
[12:39:21.181]  trace   [GS]       skipped phase WORK_WITH_COLLECTED_DATA because phase is not open
[12:39:21.181]   info   [GS]       no more phases to execute
[12:39:21.182]   info   [GS]       get next best phase: bot_a
[12:39:21.182]  trace   [GS]       skipped phase COLLECT_DATA because agent is not allowed
[12:39:21.182]  trace   [GS]       updating phase WORK_WITH_COLLECTED_DATA...
[12:39:21.182]  trace   [GS]       phase status WORK_WITH_COLLECTED_DATA: 1
[12:39:21.182]  trace   [GS]       skipped phase WORK_WITH_COLLECTED_DATA because phase is not open
[12:39:21.182]   info   [GS]       no more phases to execute
[12:39:21.182]   info   [GS]       get next best phase: bot_a
[12:39:21.182]  trace   [GS]       skipped phase COLLECT_DATA because agent is not allowed
[12:39:21.182]  trace   [GS]       updating phase WORK_WITH_COLLECTED_DATA...
[12:39:21.182]  trace   [GS]       phase status WORK_WITH_COLLECTED_DATA: 1
[12:39:21.182]  trace   [GS]       skipped phase WORK_WITH_COLLECTED_DATA because phase is not open
[12:39:21.182]   info   [GS]       no more phases to execute
[12:39:21.182]   info   [GS]       get next best phase: bot_a
[12:39:21.183]  trace   [GS]       skipped phase COLLECT_DATA because agent is not allowed
[12:39:21.183]  trace   [GS]       updating phase WORK_WITH_COLLECTED_DATA...
[12:39:21.183]  trace   [GS]       phase status WORK_WITH_COLLECTED_DATA: 1
[12:39:21.183]  trace   [GS]       skipped phase WORK_WITH_COLLECTED_DATA because phase is not open
[12:39:21.183]   info   [GS]       no more phases to execute
[12:39:21.183]   info   [GS]       get next best phase: bot_a
[12:39:21.183]  trace   [GS]       skipped phase COLLECT_DATA because agent is not allowed
[12:39:21.183]  trace   [GS]       updating phase WORK_WITH_COLLECTED_DATA...
[12:39:21.183]  trace   [GS]       phase status WORK_WITH_COLLECTED_DATA: 1
[12:39:21.183]  trace   [GS]       skipped phase WORK_WITH_COLLECTED_DATA because phase is not open
[12:39:21.183]   info   [GS]       no more phases to execute
[12:39:21.183]   info   [GS]       get next best phase: bot_a
[12:39:21.183]  trace   [GS]       skipped phase COLLECT_DATA because agent is not allowed
[12:39:21.183]  trace   [GS]       updating phase WORK_WITH_COLLECTED_DATA...
[12:39:21.183]  trace   [GS]       phase status WORK_WITH_COLLECTED_DATA: 1
[12:39:21.183]  trace   [GS]       skipped phase WORK_WITH_COLLECTED_DATA because phase is not open
[12:39:21.183]   info   [GS]       no more phases to execute
[12:39:21.183]   info   [GS]       get next best phase: bot_a
[12:39:21.184]  trace   [GS]       skipped phase COLLECT_DATA because agent is not allowed
[12:39:21.184]  trace   [GS]       updating phase WORK_WITH_COLLECTED_DATA...
[12:39:21.184]   info   [GS]       unlocked phase WORK_WITH_COLLECTED_DATA
[12:39:21.184]  trace   [GS]       phase status WORK_WITH_COLLECTED_DATA: 0
[12:39:21.184]   info   [GS]       potential of phase WORK_WITH_COLLECTED_DATA: 0
[12:39:21.184]   info   [GS]       score of phase WORK_WITH_COLLECTED_DATA: 94
[12:39:21.184]   info   [GS]       selected phase WORK_WITH_COLLECTED_DATA as next phase
[12:39:21.183]   info   [GS]       Received update phase [COLLECT_DATA]: DONE
[12:39:21.185]   info   [GS]       get next best phase: bot_a
[12:39:21.185]  trace   [GS]       skipped phase COLLECT_DATA because agent is not allowed
[12:39:21.185]   info   [GS]       no more phases to execute
