[18:48:40.887]   info   [SERVER]   successfully created TableState
[18:48:40.888]   info   [SERVER]   successfully created PhaseState
[18:48:40.888]   info   [SERVER]   successfully created Config (GameState Config)
[18:48:40.891]   info   [SERVER]   listening on: 172.17.0.2:3000
[18:48:48.624]   info   [SERVER]   accepted connection from 172.17.0.3:55054
[18:48:48.625]   info   [GS]       phase 'INIT_A' done
[18:48:48.625]   info   [GS]       get next best phase: bot_a
[18:48:48.626]  trace   [GS]       skipped phase CLEAR_DECK because agent is not allowed
[18:48:48.626]  trace   [GS]       updating phase CLEAR_DECK...
[18:48:48.626]  trace   [GS]       phase status CLEAR_DECK: 0
[18:48:48.626]   info   [GS]       potential of phase CLEAR_DECK: 0
[18:48:48.627]   info   [GS]       score of phase CLEAR_DECK: 48.5
[18:48:48.627]  trace   [GS]       skipped phase INIT_B because agent is not allowed
[18:48:48.627]  trace   [GS]       skipped phase LONG_TASK because agent is not allowed
[18:48:48.627]  trace   [GS]       updating phase LONG_TASK...
[18:48:48.627]  trace   [GS]       phase status LONG_TASK: 0
[18:48:48.627]   info   [GS]       potential of phase LONG_TASK: 0
[18:48:48.627]   info   [GS]       score of phase LONG_TASK: 50
[18:48:48.627]  trace   [GS]       skipped phase WAIT_FOR_INIT because agent is not allowed
[18:48:48.627]  trace   [GS]       updating phase WAIT_FOR_INIT...
[18:48:48.627]  trace   [GS]       phase status WAIT_FOR_INIT: 1
[18:48:48.627]  trace   [GS]       skipped phase WAIT_FOR_INIT because it is not open
[18:48:48.627]   info   [GS]       selected phase LONG_TASK as next phase
[18:48:48.628]   info   [GS]       executing phase LONG_TASK
[18:48:48.628]   info   [GS]       phase 'LONG_TASK' done
[18:48:48.629]   info   [GS]       get next best phase: bot_a
[18:48:48.629]  trace   [GS]       skipped phase CLEAR_DECK because agent is not allowed
[18:48:48.629]  trace   [GS]       updating phase CLEAR_DECK...
[18:48:48.629]  trace   [GS]       phase status CLEAR_DECK: 0
[18:48:48.629]   info   [GS]       potential of phase CLEAR_DECK: 0
[18:48:48.629]   info   [GS]       score of phase CLEAR_DECK: 48.5
[18:48:48.630]  trace   [GS]       skipped phase INIT_B because agent is not allowed
[18:48:48.630]  trace   [GS]       skipped phase WAIT_FOR_INIT because agent is not allowed
[18:48:48.630]  trace   [GS]       updating phase WAIT_FOR_INIT...
[18:48:48.630]  trace   [GS]       phase status WAIT_FOR_INIT: 1
[18:48:48.630]  trace   [GS]       skipped phase WAIT_FOR_INIT because it is not open
[18:48:48.630]   info   [GS]       selected phase CLEAR_DECK as next phase
[18:48:48.630]   info   [GS]       executing phase CLEAR_DECK
[18:48:48.631]   info   [GS]       phase 'CLEAR_DECK' done
[18:48:48.631]   info   [GS]       get next best phase: bot_a
[18:48:48.631]  trace   [GS]       skipped phase INIT_B because agent is not allowed
[18:48:48.631]  trace   [GS]       skipped phase WAIT_FOR_INIT because agent is not allowed
[18:48:48.631]  trace   [GS]       updating phase WAIT_FOR_INIT...
[18:48:48.631]  trace   [GS]       phase status WAIT_FOR_INIT: 1
[18:48:48.631]  trace   [GS]       skipped phase WAIT_FOR_INIT because it is not open
[18:48:48.631]   info   [GS]       no more phases to execute
[18:48:48.632]   info   [GS]       joining listening thread...
