[22:00:09.338]   info   [SERVER]   successfully created TableState
[22:00:09.339]   info   [SERVER]   successfully created PhaseState
[22:00:09.340]   info   [SERVER]   successfully created Config (GameState Config)
[22:00:09.341]   info   [SERVER]   listening on: 172.17.0.2:3000
[22:00:47.270]   info   [SERVER]   accepted connection from 172.17.0.4:42780
[22:00:47.272]  trace   [GS]       updating phase INIT_A...
[22:00:47.272]  trace   [GS]       phase status INIT_A: 0
[22:00:47.272]   info   [GS]       phase 'INIT_A' done
[22:00:47.272]   info   [GS]       get next best phase: bot_a
[22:00:47.273]  trace   [GS]       skipped phase CLEAR_DECK because agent is not allowed
[22:00:47.273]  trace   [GS]       updating phase CLEAR_DECK...
[22:00:47.273]  trace   [GS]       phase status CLEAR_DECK: 0
[22:00:47.273]   info   [GS]       potential of phase CLEAR_DECK: 0
[22:00:47.274]   info   [GS]       score of phase CLEAR_DECK: 48.5
[22:00:47.274]  trace   [GS]       skipped phase INIT_B because agent is not allowed
[22:00:47.274]  trace   [GS]       skipped phase LONG_TASK because agent is not allowed
[22:00:47.274]  trace   [GS]       updating phase LONG_TASK...
[22:00:47.274]  trace   [GS]       phase status LONG_TASK: 0
[22:00:47.274]   info   [GS]       potential of phase LONG_TASK: 0
[22:00:47.275]   info   [GS]       score of phase LONG_TASK: 50
[22:00:47.275]  trace   [GS]       skipped phase WAIT_FOR_INIT because agent is not allowed
[22:00:47.275]  trace   [GS]       updating phase WAIT_FOR_INIT...
[22:00:47.275]  trace   [GS]       phase status WAIT_FOR_INIT: 1
[22:00:47.275]  trace   [GS]       skipped phase WAIT_FOR_INIT because it is not open
[22:00:47.275]   info   [GS]       selected phase LONG_TASK as next phase
[22:00:47.276]   info   [GS]       switching to next phase: LONG_TASK
[22:00:47.276]  trace   [GS]       updating phase LONG_TASK...
[22:00:47.276]  trace   [GS]       phase status LONG_TASK: 0
[22:00:47.276]   info   [GS]       phase 'LONG_TASK' done
[22:00:47.277]   info   [GS]       get next best phase: bot_a
[22:00:47.277]  trace   [GS]       skipped phase CLEAR_DECK because agent is not allowed
[22:00:47.277]  trace   [GS]       updating phase CLEAR_DECK...
[22:00:47.277]  trace   [GS]       phase status CLEAR_DECK: 0
[22:00:47.277]   info   [GS]       potential of phase CLEAR_DECK: 0
[22:00:47.277]   info   [GS]       score of phase CLEAR_DECK: 48.5
[22:00:47.277]  trace   [GS]       skipped phase INIT_B because agent is not allowed
[22:00:47.276]  debug   [GS]       Received update: {"init_b":true}
[22:00:47.278]  trace   [GS]       skipped phase WAIT_FOR_INIT because agent is not allowed
[22:00:47.278]  trace   [GS]       updating phase WAIT_FOR_INIT...
[22:00:47.278]  trace   [GS]       phase status WAIT_FOR_INIT: 1
[22:00:47.278]  trace   [GS]       skipped phase WAIT_FOR_INIT because it is not open
[22:00:47.278]   info   [GS]       selected phase CLEAR_DECK as next phase
[22:00:47.279]   info   [GS]       switching to next phase: CLEAR_DECK
[22:00:47.279]  trace   [GS]       updating phase CLEAR_DECK...
[22:00:47.279]  trace   [GS]       phase status CLEAR_DECK: 0
[22:00:47.279]   info   [GS]       phase 'CLEAR_DECK' done
[22:00:47.279]   info   [GS]       get next best phase: bot_a
[22:00:47.279]  trace   [GS]       skipped phase INIT_B because agent is not allowed
[22:00:47.279]  trace   [GS]       skipped phase WAIT_FOR_INIT because agent is not allowed
[22:00:47.279]  trace   [GS]       updating phase WAIT_FOR_INIT...
[22:00:47.279]   info   [GS]       unlocked phase WAIT_FOR_INIT
[22:00:47.280]  trace   [GS]       phase status WAIT_FOR_INIT: 0
[22:00:47.280]   info   [GS]       potential of phase WAIT_FOR_INIT: 0
[22:00:47.281]   info   [GS]       score of phase WAIT_FOR_INIT: 23.5
[22:00:47.281]   info   [GS]       selected phase WAIT_FOR_INIT as next phase
[22:00:47.282]   info   [GS]       switching to next phase: WAIT_FOR_INIT
[22:00:47.282]  trace   [GS]       updating phase WAIT_FOR_INIT...
[22:00:47.282]  trace   [GS]       phase status WAIT_FOR_INIT: 0
[22:00:47.282]   info   [GS]       phase 'WAIT_FOR_INIT' done
[22:00:47.283]   info   [GS]       get next best phase: bot_a
[22:00:47.283]  trace   [GS]       skipped phase INIT_B because agent is not allowed
[22:00:47.283]   info   [GS]       no more phases to execute
[22:00:47.284]  trace   [GS]       No available phases. Waiting for updates...
[22:00:47.384]   info   [GS]       phase 'WAIT_FOR_INIT' done
[22:00:47.384]   info   [GS]       get next best phase: bot_a
[22:00:47.384]  trace   [GS]       skipped phase INIT_B because agent is not allowed
[22:00:47.384]   info   [GS]       no more phases to execute
[22:00:47.384]  trace   [GS]       No available phases. Waiting for updates...
[22:00:47.486]   info   [GS]       phase 'WAIT_FOR_INIT' done
[22:00:47.486]   info   [GS]       get next best phase: bot_a
[22:00:47.486]  trace   [GS]       skipped phase INIT_B because agent is not allowed
[22:00:47.486]   info   [GS]       no more phases to execute
[22:00:47.487]  trace   [GS]       No available phases. Waiting for updates...
[22:00:47.588]   info   [GS]       phase 'WAIT_FOR_INIT' done
[22:00:47.589]   info   [GS]       get next best phase: bot_a
[22:00:47.589]  trace   [GS]       skipped phase INIT_B because agent is not allowed
[22:00:47.589]   info   [GS]       no more phases to execute
[22:00:47.589]  trace   [GS]       No available phases. Waiting for updates...
[22:00:47.690]   info   [GS]       phase 'WAIT_FOR_INIT' done
[22:00:47.690]   info   [GS]       get next best phase: bot_a
[22:00:47.691]  trace   [GS]       skipped phase INIT_B because agent is not allowed
[22:00:47.691]   info   [GS]       no more phases to execute
[22:00:47.692]  trace   [GS]       No available phases. Waiting for updates...
[22:00:47.795]   info   [GS]       phase 'WAIT_FOR_INIT' done
[22:00:47.796]   info   [GS]       get next best phase: bot_a
[22:00:47.797]  trace   [GS]       skipped phase INIT_B because agent is not allowed
[22:00:47.797]   info   [GS]       no more phases to execute
[22:00:47.798]  trace   [GS]       No available phases. Waiting for updates...
[22:00:47.904]   info   [GS]       phase 'WAIT_FOR_INIT' done
[22:00:47.910]   info   [GS]       get next best phase: bot_a
[22:00:47.911]  trace   [GS]       skipped phase INIT_B because agent is not allowed
[22:00:47.911]   info   [GS]       no more phases to execute
[22:00:47.912]  trace   [GS]       No available phases. Waiting for updates...
[22:00:48.014]   info   [GS]       phase 'WAIT_FOR_INIT' done
[22:00:48.015]   info   [GS]       get next best phase: bot_a
[22:00:48.017]  trace   [GS]       skipped phase INIT_B because agent is not allowed
[22:00:48.017]   info   [GS]       no more phases to execute
[22:00:48.018]  trace   [GS]       No available phases. Waiting for updates...
[22:00:48.120]   info   [GS]       phase 'WAIT_FOR_INIT' done
[22:00:48.121]   info   [GS]       get next best phase: bot_a
[22:00:48.124]  trace   [GS]       skipped phase INIT_B because agent is not allowed
[22:00:48.124]   info   [GS]       no more phases to execute
[22:00:48.124]  trace   [GS]       No available phases. Waiting for updates...
[22:00:48.229]   info   [GS]       phase 'WAIT_FOR_INIT' done
[22:00:48.232]   info   [GS]       get next best phase: bot_a
[22:00:48.233]  trace   [GS]       skipped phase INIT_B because agent is not allowed
[22:00:48.233]   info   [GS]       no more phases to execute
[22:00:48.234]  trace   [GS]       No available phases. Waiting for updates...
[22:00:48.340]   info   [GS]       phase 'WAIT_FOR_INIT' done
[22:00:48.342]   info   [GS]       get next best phase: bot_a
[22:00:48.344]  trace   [GS]       skipped phase INIT_B because agent is not allowed
[22:00:48.344]   info   [GS]       no more phases to execute
[22:00:48.344]  trace   [GS]       No available phases. Waiting for updates...
[22:00:48.448]   info   [GS]       phase 'WAIT_FOR_INIT' done
[22:00:48.449]   info   [GS]       get next best phase: bot_a
[22:00:48.450]  trace   [GS]       skipped phase INIT_B because agent is not allowed
[22:00:48.450]   info   [GS]       no more phases to execute
[22:00:48.451]  trace   [GS]       No available phases. Waiting for updates...
[22:00:48.557]   info   [GS]       phase 'WAIT_FOR_INIT' done
[22:00:48.563]   info   [GS]       get next best phase: bot_a
[22:00:48.566]  trace   [GS]       skipped phase INIT_B because agent is not allowed
[22:00:48.566]   info   [GS]       no more phases to execute
[22:00:48.566]  trace   [GS]       No available phases. Waiting for updates...
[22:00:48.670]   info   [GS]       phase 'WAIT_FOR_INIT' done
[22:00:48.672]   info   [GS]       get next best phase: bot_a
[22:00:48.674]  trace   [GS]       skipped phase INIT_B because agent is not allowed
[22:00:48.674]   info   [GS]       no more phases to execute
[22:00:48.675]  trace   [GS]       No available phases. Waiting for updates...
[22:00:48.776]   info   [GS]       phase 'WAIT_FOR_INIT' done
[22:00:48.777]   info   [GS]       get next best phase: bot_a
[22:00:48.778]  trace   [GS]       skipped phase INIT_B because agent is not allowed
[22:00:48.778]   info   [GS]       no more phases to execute
[22:00:48.779]  trace   [GS]       No available phases. Waiting for updates...
[22:00:48.884]   info   [GS]       phase 'WAIT_FOR_INIT' done
[22:00:48.886]   info   [GS]       get next best phase: bot_a
[22:00:48.887]  trace   [GS]       skipped phase INIT_B because agent is not allowed
[22:00:48.887]   info   [GS]       no more phases to execute
[22:00:48.887]  trace   [GS]       No available phases. Waiting for updates...
[22:00:48.989]   info   [GS]       phase 'WAIT_FOR_INIT' done
[22:00:48.991]   info   [GS]       get next best phase: bot_a
[22:00:48.992]  trace   [GS]       skipped phase INIT_B because agent is not allowed
[22:00:48.992]   info   [GS]       no more phases to execute
[22:00:48.994]  trace   [GS]       No available phases. Waiting for updates...
[22:00:49.095]   info   [GS]       phase 'WAIT_FOR_INIT' done
[22:00:49.097]   info   [GS]       get next best phase: bot_a
[22:00:49.098]  trace   [GS]       skipped phase INIT_B because agent is not allowed
[22:00:49.098]   info   [GS]       no more phases to execute
[22:00:49.099]  trace   [GS]       No available phases. Waiting for updates...
[22:00:49.201]   info   [GS]       phase 'WAIT_FOR_INIT' done
[22:00:49.201]   info   [GS]       get next best phase: bot_a
[22:00:49.202]  trace   [GS]       skipped phase INIT_B because agent is not allowed
[22:00:49.202]   info   [GS]       no more phases to execute
[22:00:49.203]  trace   [GS]       No available phases. Waiting for updates...
[22:00:49.305]   info   [GS]       phase 'WAIT_FOR_INIT' done
[22:00:49.306]   info   [GS]       get next best phase: bot_a
[22:00:49.308]  trace   [GS]       skipped phase INIT_B because agent is not allowed
[22:00:49.308]   info   [GS]       no more phases to execute
[22:00:49.309]  trace   [GS]       No available phases. Waiting for updates...
[22:00:49.414]   info   [GS]       phase 'WAIT_FOR_INIT' done
[22:00:49.418]   info   [GS]       get next best phase: bot_a
[22:00:49.419]  trace   [GS]       skipped phase INIT_B because agent is not allowed
[22:00:49.419]   info   [GS]       no more phases to execute
[22:00:49.419]  trace   [GS]       No available phases. Waiting for updates...
[22:00:49.525]   info   [GS]       phase 'WAIT_FOR_INIT' done
[22:00:49.527]   info   [GS]       get next best phase: bot_a
[22:00:49.529]  trace   [GS]       skipped phase INIT_B because agent is not allowed
[22:00:49.529]   info   [GS]       no more phases to execute
[22:00:49.530]  trace   [GS]       No available phases. Waiting for updates...
[22:00:49.633]   info   [GS]       phase 'WAIT_FOR_INIT' done
[22:00:49.635]   info   [GS]       get next best phase: bot_a
[22:00:49.636]  trace   [GS]       skipped phase INIT_B because agent is not allowed
[22:00:49.636]   info   [GS]       no more phases to execute
[22:00:49.637]  trace   [GS]       No available phases. Waiting for updates...
[22:00:49.742]   info   [GS]       phase 'WAIT_FOR_INIT' done
[22:00:49.743]   info   [GS]       get next best phase: bot_a
[22:00:49.745]  trace   [GS]       skipped phase INIT_B because agent is not allowed
[22:00:49.745]   info   [GS]       no more phases to execute
[22:00:49.747]  trace   [GS]       No available phases. Waiting for updates...
[22:00:49.847]   info   [GS]       phase 'WAIT_FOR_INIT' done
[22:00:49.850]   info   [GS]       get next best phase: bot_a
[22:00:49.851]  trace   [GS]       skipped phase INIT_B because agent is not allowed
[22:00:49.851]   info   [GS]       no more phases to execute
[22:00:49.851]  trace   [GS]       No available phases. Waiting for updates...
[22:00:49.957]   info   [GS]       phase 'WAIT_FOR_INIT' done
[22:00:49.959]   info   [GS]       get next best phase: bot_a
[22:00:49.959]  trace   [GS]       skipped phase INIT_B because agent is not allowed
[22:00:49.959]   info   [GS]       no more phases to execute
[22:00:49.961]  trace   [GS]       No available phases. Waiting for updates...
[22:00:50.062]   info   [GS]       phase 'WAIT_FOR_INIT' done
[22:00:50.063]   info   [GS]       get next best phase: bot_a
[22:00:50.064]  trace   [GS]       skipped phase INIT_B because agent is not allowed
[22:00:50.064]   info   [GS]       no more phases to execute
[22:00:50.065]  trace   [GS]       No available phases. Waiting for updates...
[22:00:50.169]   info   [GS]       phase 'WAIT_FOR_INIT' done
[22:00:50.171]   info   [GS]       get next best phase: bot_a
[22:00:50.172]  trace   [GS]       skipped phase INIT_B because agent is not allowed
[22:00:50.172]   info   [GS]       no more phases to execute
[22:00:50.173]  trace   [GS]       No available phases. Waiting for updates...
[22:00:50.278]   info   [GS]       phase 'WAIT_FOR_INIT' done
[22:00:50.280]   info   [GS]       get next best phase: bot_a
[22:00:50.281]  trace   [GS]       skipped phase INIT_B because agent is not allowed
[22:00:50.281]   info   [GS]       no more phases to execute
[22:00:50.283]  trace   [GS]       No available phases. Waiting for updates...
[22:00:50.387]   info   [GS]       phase 'WAIT_FOR_INIT' done
[22:00:50.389]   info   [GS]       get next best phase: bot_a
[22:00:50.390]  trace   [GS]       skipped phase INIT_B because agent is not allowed
[22:00:50.390]   info   [GS]       no more phases to execute
[22:00:50.391]  trace   [GS]       No available phases. Waiting for updates...
[22:00:50.493]   info   [GS]       phase 'WAIT_FOR_INIT' done
[22:00:50.494]   info   [GS]       get next best phase: bot_a
[22:00:50.494]  trace   [GS]       skipped phase INIT_B because agent is not allowed
[22:00:50.494]   info   [GS]       no more phases to execute
[22:00:50.496]  trace   [GS]       No available phases. Waiting for updates...
[22:00:50.598]   info   [GS]       phase 'WAIT_FOR_INIT' done
[22:00:50.599]   info   [GS]       get next best phase: bot_a
[22:00:50.600]  trace   [GS]       skipped phase INIT_B because agent is not allowed
[22:00:50.600]   info   [GS]       no more phases to execute
[22:00:50.601]  trace   [GS]       No available phases. Waiting for updates...
[22:00:50.705]   info   [GS]       phase 'WAIT_FOR_INIT' done
[22:00:50.707]   info   [GS]       get next best phase: bot_a
[22:00:50.708]  trace   [GS]       skipped phase INIT_B because agent is not allowed
[22:00:50.708]   info   [GS]       no more phases to execute
[22:00:50.709]  trace   [GS]       No available phases. Waiting for updates...
[22:00:50.815]   info   [GS]       phase 'WAIT_FOR_INIT' done
[22:00:50.816]   info   [GS]       get next best phase: bot_a
[22:00:50.817]  trace   [GS]       skipped phase INIT_B because agent is not allowed
[22:00:50.817]   info   [GS]       no more phases to execute
[22:00:50.819]  trace   [GS]       No available phases. Waiting for updates...
[22:00:50.924]   info   [GS]       phase 'WAIT_FOR_INIT' done
[22:00:50.925]   info   [GS]       get next best phase: bot_a
[22:00:50.926]  trace   [GS]       skipped phase INIT_B because agent is not allowed
[22:00:50.926]   info   [GS]       no more phases to execute
[22:00:50.927]  trace   [GS]       No available phases. Waiting for updates...
[22:00:51.035]   info   [GS]       phase 'WAIT_FOR_INIT' done
[22:00:51.039]   info   [GS]       get next best phase: bot_a
[22:00:51.040]  trace   [GS]       skipped phase INIT_B because agent is not allowed
[22:00:51.040]   info   [GS]       no more phases to execute
[22:00:51.041]  trace   [GS]       No available phases. Waiting for updates...
[22:00:51.146]   info   [GS]       phase 'WAIT_FOR_INIT' done
[22:00:51.156]   info   [GS]       get next best phase: bot_a
[22:00:51.157]  trace   [GS]       skipped phase INIT_B because agent is not allowed
[22:00:51.157]   info   [GS]       no more phases to execute
[22:00:51.157]  trace   [GS]       No available phases. Waiting for updates...
[22:00:51.258]   info   [GS]       phase 'WAIT_FOR_INIT' done
[22:00:51.260]   info   [GS]       get next best phase: bot_a
[22:00:51.263]  trace   [GS]       skipped phase INIT_B because agent is not allowed
[22:00:51.263]   info   [GS]       no more phases to execute
[22:00:51.264]  trace   [GS]       No available phases. Waiting for updates...
[22:00:51.365]   info   [GS]       phase 'WAIT_FOR_INIT' done
[22:00:51.365]   info   [GS]       get next best phase: bot_a
[22:00:51.366]  trace   [GS]       skipped phase INIT_B because agent is not allowed
[22:00:51.366]   info   [GS]       no more phases to execute
[22:00:51.367]  trace   [GS]       No available phases. Waiting for updates...
[22:00:51.467]   info   [GS]       phase 'WAIT_FOR_INIT' done
[22:00:51.467]   info   [GS]       get next best phase: bot_a
[22:00:51.468]  trace   [GS]       skipped phase INIT_B because agent is not allowed
[22:00:51.468]   info   [GS]       no more phases to execute
[22:00:51.468]  trace   [GS]       No available phases. Waiting for updates...
[22:00:51.569]   info   [GS]       phase 'WAIT_FOR_INIT' done
[22:00:51.570]   info   [GS]       get next best phase: bot_a
[22:00:51.570]  trace   [GS]       skipped phase INIT_B because agent is not allowed
[22:00:51.570]   info   [GS]       no more phases to execute
[22:00:51.570]  trace   [GS]       No available phases. Waiting for updates...
[22:00:51.673]   info   [GS]       phase 'WAIT_FOR_INIT' done
[22:00:51.674]   info   [GS]       get next best phase: bot_a
[22:00:51.674]  trace   [GS]       skipped phase INIT_B because agent is not allowed
[22:00:51.674]   info   [GS]       no more phases to execute
[22:00:51.674]  trace   [GS]       No available phases. Waiting for updates...
[22:00:51.780]   info   [GS]       phase 'WAIT_FOR_INIT' done
[22:00:51.781]   info   [GS]       get next best phase: bot_a
[22:00:51.783]  trace   [GS]       skipped phase INIT_B because agent is not allowed
[22:00:51.783]   info   [GS]       no more phases to execute
[22:00:51.784]  trace   [GS]       No available phases. Waiting for updates...
[22:00:51.886]   info   [GS]       phase 'WAIT_FOR_INIT' done
[22:00:51.887]   info   [GS]       get next best phase: bot_a
[22:00:51.889]  trace   [GS]       skipped phase INIT_B because agent is not allowed
[22:00:51.889]   info   [GS]       no more phases to execute
[22:00:51.890]  trace   [GS]       No available phases. Waiting for updates...
[22:00:51.994]   info   [GS]       phase 'WAIT_FOR_INIT' done
[22:00:51.995]   info   [GS]       get next best phase: bot_a
[22:00:51.997]  trace   [GS]       skipped phase INIT_B because agent is not allowed
[22:00:51.997]   info   [GS]       no more phases to execute
[22:00:51.999]  trace   [GS]       No available phases. Waiting for updates...
[22:00:52.105]   info   [GS]       phase 'WAIT_FOR_INIT' done
[22:00:52.107]   info   [GS]       get next best phase: bot_a
[22:00:52.108]  trace   [GS]       skipped phase INIT_B because agent is not allowed
[22:00:52.109]   info   [GS]       no more phases to execute
[22:00:52.110]  trace   [GS]       No available phases. Waiting for updates...
[22:00:52.215]   info   [GS]       phase 'WAIT_FOR_INIT' done
[22:00:52.216]   info   [GS]       get next best phase: bot_a
[22:00:52.218]  trace   [GS]       skipped phase INIT_B because agent is not allowed
[22:00:52.218]   info   [GS]       no more phases to execute
[22:00:52.219]  trace   [GS]       No available phases. Waiting for updates...
[22:00:52.326]   info   [GS]       phase 'WAIT_FOR_INIT' done
[22:00:52.329]   info   [GS]       get next best phase: bot_a
[22:00:52.329]  trace   [GS]       skipped phase INIT_B because agent is not allowed
[22:00:52.329]   info   [GS]       no more phases to execute
[22:00:52.330]  trace   [GS]       No available phases. Waiting for updates...
[22:00:52.434]   info   [GS]       phase 'WAIT_FOR_INIT' done
[22:00:52.436]   info   [GS]       get next best phase: bot_a
[22:00:52.437]  trace   [GS]       skipped phase INIT_B because agent is not allowed
[22:00:52.437]   info   [GS]       no more phases to execute
[22:00:52.438]  trace   [GS]       No available phases. Waiting for updates...
[22:00:52.542]   info   [GS]       phase 'WAIT_FOR_INIT' done
[22:00:52.544]   info   [GS]       get next best phase: bot_a
[22:00:52.545]  trace   [GS]       skipped phase INIT_B because agent is not allowed
[22:00:52.545]   info   [GS]       no more phases to execute
[22:00:52.547]  trace   [GS]       No available phases. Waiting for updates...
[22:00:52.653]   info   [GS]       phase 'WAIT_FOR_INIT' done
[22:00:52.654]   info   [GS]       get next best phase: bot_a
[22:00:52.655]  trace   [GS]       skipped phase INIT_B because agent is not allowed
[22:00:52.655]   info   [GS]       no more phases to execute
[22:00:52.656]  trace   [GS]       No available phases. Waiting for updates...
[22:00:52.760]   info   [GS]       phase 'WAIT_FOR_INIT' done
[22:00:52.762]   info   [GS]       get next best phase: bot_a
[22:00:52.766]  trace   [GS]       skipped phase INIT_B because agent is not allowed
[22:00:52.766]   info   [GS]       no more phases to execute
[22:00:52.768]  trace   [GS]       No available phases. Waiting for updates...
[22:00:52.874]   info   [GS]       phase 'WAIT_FOR_INIT' done
[22:00:52.876]   info   [GS]       get next best phase: bot_a
[22:00:52.878]  trace   [GS]       skipped phase INIT_B because agent is not allowed
[22:00:52.878]   info   [GS]       no more phases to execute
[22:00:52.879]  trace   [GS]       No available phases. Waiting for updates...
[22:00:52.984]   info   [GS]       phase 'WAIT_FOR_INIT' done
[22:00:52.984]   info   [GS]       get next best phase: bot_a
[22:00:52.985]  trace   [GS]       skipped phase INIT_B because agent is not allowed
[22:00:52.986]   info   [GS]       no more phases to execute
[22:00:52.987]  trace   [GS]       No available phases. Waiting for updates...
[22:00:53.090]   info   [GS]       phase 'WAIT_FOR_INIT' done
[22:00:53.093]   info   [GS]       get next best phase: bot_a
[22:00:53.094]  trace   [GS]       skipped phase INIT_B because agent is not allowed
[22:00:53.094]   info   [GS]       no more phases to execute
[22:00:53.096]  trace   [GS]       No available phases. Waiting for updates...
[22:00:53.203]   info   [GS]       phase 'WAIT_FOR_INIT' done
[22:00:53.207]   info   [GS]       get next best phase: bot_a
[22:00:53.209]  trace   [GS]       skipped phase INIT_B because agent is not allowed
[22:00:53.209]   info   [GS]       no more phases to execute
[22:00:53.210]  trace   [GS]       No available phases. Waiting for updates...
[22:00:53.316]   info   [GS]       phase 'WAIT_FOR_INIT' done
[22:00:53.318]   info   [GS]       get next best phase: bot_a
[22:00:53.319]  trace   [GS]       skipped phase INIT_B because agent is not allowed
[22:00:53.319]   info   [GS]       no more phases to execute
[22:00:53.320]  trace   [GS]       No available phases. Waiting for updates...
[22:00:53.424]   info   [GS]       phase 'WAIT_FOR_INIT' done
[22:00:53.425]   info   [GS]       get next best phase: bot_a
[22:00:53.426]  trace   [GS]       skipped phase INIT_B because agent is not allowed
[22:00:53.426]   info   [GS]       no more phases to execute
[22:00:53.427]  trace   [GS]       No available phases. Waiting for updates...
[22:00:53.532]   info   [GS]       phase 'WAIT_FOR_INIT' done
[22:00:53.533]   info   [GS]       get next best phase: bot_a
[22:00:53.535]  trace   [GS]       skipped phase INIT_B because agent is not allowed
[22:00:53.535]   info   [GS]       no more phases to execute
[22:00:53.536]  trace   [GS]       No available phases. Waiting for updates...
[22:00:53.641]   info   [GS]       phase 'WAIT_FOR_INIT' done
[22:00:53.646]   info   [GS]       get next best phase: bot_a
[22:00:53.648]  trace   [GS]       skipped phase INIT_B because agent is not allowed
[22:00:53.648]   info   [GS]       no more phases to execute
[22:00:53.650]  trace   [GS]       No available phases. Waiting for updates...
[22:00:53.756]   info   [GS]       phase 'WAIT_FOR_INIT' done
[22:00:53.758]   info   [GS]       get next best phase: bot_a
[22:00:53.759]  trace   [GS]       skipped phase INIT_B because agent is not allowed
[22:00:53.759]   info   [GS]       no more phases to execute
[22:00:53.761]  trace   [GS]       No available phases. Waiting for updates...
[22:00:53.863]   info   [GS]       phase 'WAIT_FOR_INIT' done
[22:00:53.864]   info   [GS]       get next best phase: bot_a
[22:00:53.864]  trace   [GS]       skipped phase INIT_B because agent is not allowed
[22:00:53.864]   info   [GS]       no more phases to execute
[22:00:53.866]  trace   [GS]       No available phases. Waiting for updates...
[22:00:53.966]   info   [GS]       phase 'WAIT_FOR_INIT' done
[22:00:53.967]   info   [GS]       get next best phase: bot_a
[22:00:53.968]  trace   [GS]       skipped phase INIT_B because agent is not allowed
[22:00:53.968]   info   [GS]       no more phases to execute
[22:00:53.969]  trace   [GS]       No available phases. Waiting for updates...
[22:00:54.075]   info   [GS]       phase 'WAIT_FOR_INIT' done
[22:00:54.076]   info   [GS]       get next best phase: bot_a
[22:00:54.078]  trace   [GS]       skipped phase INIT_B because agent is not allowed
[22:00:54.078]   info   [GS]       no more phases to execute
[22:00:54.079]  trace   [GS]       No available phases. Waiting for updates...
[22:00:54.181]   info   [GS]       phase 'WAIT_FOR_INIT' done
[22:00:54.182]   info   [GS]       get next best phase: bot_a
[22:00:54.183]  trace   [GS]       skipped phase INIT_B because agent is not allowed
[22:00:54.183]   info   [GS]       no more phases to execute
[22:00:54.185]  trace   [GS]       No available phases. Waiting for updates...
[22:00:54.291]   info   [GS]       phase 'WAIT_FOR_INIT' done
[22:00:54.295]   info   [GS]       get next best phase: bot_a
[22:00:54.299]  trace   [GS]       skipped phase INIT_B because agent is not allowed
[22:00:54.299]   info   [GS]       no more phases to execute
[22:00:54.301]  trace   [GS]       No available phases. Waiting for updates...
[22:00:54.404]   info   [GS]       phase 'WAIT_FOR_INIT' done
[22:00:54.406]   info   [GS]       get next best phase: bot_a
[22:00:54.407]  trace   [GS]       skipped phase INIT_B because agent is not allowed
[22:00:54.407]   info   [GS]       no more phases to execute
[22:00:54.408]  trace   [GS]       No available phases. Waiting for updates...
[22:00:54.513]   info   [GS]       phase 'WAIT_FOR_INIT' done
[22:00:54.516]   info   [GS]       get next best phase: bot_a
[22:00:54.517]  trace   [GS]       skipped phase INIT_B because agent is not allowed
[22:00:54.517]   info   [GS]       no more phases to execute
[22:00:54.519]  trace   [GS]       No available phases. Waiting for updates...
[22:00:54.621]   info   [GS]       phase 'WAIT_FOR_INIT' done
[22:00:54.623]   info   [GS]       get next best phase: bot_a
[22:00:54.624]  trace   [GS]       skipped phase INIT_B because agent is not allowed
[22:00:54.624]   info   [GS]       no more phases to execute
[22:00:54.625]  trace   [GS]       No available phases. Waiting for updates...
[22:00:54.729]   info   [GS]       phase 'WAIT_FOR_INIT' done
[22:00:54.730]   info   [GS]       get next best phase: bot_a
[22:00:54.732]  trace   [GS]       skipped phase INIT_B because agent is not allowed
[22:00:54.732]   info   [GS]       no more phases to execute
[22:00:54.734]  trace   [GS]       No available phases. Waiting for updates...
[22:00:54.835]   info   [GS]       phase 'WAIT_FOR_INIT' done
[22:00:54.838]   info   [GS]       get next best phase: bot_a
[22:00:54.838]  trace   [GS]       skipped phase INIT_B because agent is not allowed
[22:00:54.838]   info   [GS]       no more phases to execute
[22:00:54.840]  trace   [GS]       No available phases. Waiting for updates...
[22:00:54.941]   info   [GS]       phase 'WAIT_FOR_INIT' done
[22:00:54.942]   info   [GS]       get next best phase: bot_a
[22:00:54.943]  trace   [GS]       skipped phase INIT_B because agent is not allowed
[22:00:54.943]   info   [GS]       no more phases to execute
[22:00:54.943]  trace   [GS]       No available phases. Waiting for updates...
[22:00:55.049]   info   [GS]       phase 'WAIT_FOR_INIT' done
[22:00:55.050]   info   [GS]       get next best phase: bot_a
[22:00:55.052]  trace   [GS]       skipped phase INIT_B because agent is not allowed
[22:00:55.053]   info   [GS]       no more phases to execute
[22:00:55.054]  trace   [GS]       No available phases. Waiting for updates...
[22:00:55.160]   info   [GS]       phase 'WAIT_FOR_INIT' done
[22:00:55.162]   info   [GS]       get next best phase: bot_a
[22:00:55.164]  trace   [GS]       skipped phase INIT_B because agent is not allowed
[22:00:55.164]   info   [GS]       no more phases to execute
[22:00:55.165]  trace   [GS]       No available phases. Waiting for updates...
[22:00:55.270]   info   [GS]       phase 'WAIT_FOR_INIT' done
[22:00:55.274]   info   [GS]       get next best phase: bot_a
[22:00:55.275]  trace   [GS]       skipped phase INIT_B because agent is not allowed
[22:00:55.276]   info   [GS]       no more phases to execute
[22:00:55.276]  trace   [GS]       No available phases. Waiting for updates...
[22:00:55.379]   info   [GS]       phase 'WAIT_FOR_INIT' done
[22:00:55.381]   info   [GS]       get next best phase: bot_a
[22:00:55.382]  trace   [GS]       skipped phase INIT_B because agent is not allowed
[22:00:55.382]   info   [GS]       no more phases to execute
[22:00:55.383]  trace   [GS]       No available phases. Waiting for updates...
[22:00:55.486]   info   [GS]       phase 'WAIT_FOR_INIT' done
[22:00:55.488]   info   [GS]       get next best phase: bot_a
[22:00:55.489]  trace   [GS]       skipped phase INIT_B because agent is not allowed
[22:00:55.489]   info   [GS]       no more phases to execute
[22:00:55.491]  trace   [GS]       No available phases. Waiting for updates...
[22:00:55.595]   info   [GS]       phase 'WAIT_FOR_INIT' done
[22:00:55.597]   info   [GS]       get next best phase: bot_a
[22:00:55.599]  trace   [GS]       skipped phase INIT_B because agent is not allowed
[22:00:55.599]   info   [GS]       no more phases to execute
[22:00:55.600]  trace   [GS]       No available phases. Waiting for updates...
[22:00:55.705]   info   [GS]       phase 'WAIT_FOR_INIT' done
[22:00:55.707]   info   [GS]       get next best phase: bot_a
[22:00:55.709]  trace   [GS]       skipped phase INIT_B because agent is not allowed
[22:00:55.709]   info   [GS]       no more phases to execute
[22:00:55.710]  trace   [GS]       No available phases. Waiting for updates...
[22:00:55.810]   info   [GS]       phase 'WAIT_FOR_INIT' done
[22:00:55.812]   info   [GS]       get next best phase: bot_a
[22:00:55.814]  trace   [GS]       skipped phase INIT_B because agent is not allowed
[22:00:55.814]   info   [GS]       no more phases to execute
[22:00:55.814]  trace   [GS]       No available phases. Waiting for updates...
[22:00:55.917]   info   [GS]       phase 'WAIT_FOR_INIT' done
[22:00:55.919]   info   [GS]       get next best phase: bot_a
[22:00:55.920]  trace   [GS]       skipped phase INIT_B because agent is not allowed
[22:00:55.920]   info   [GS]       no more phases to execute
[22:00:55.922]  trace   [GS]       No available phases. Waiting for updates...
[22:00:56.027]   info   [GS]       phase 'WAIT_FOR_INIT' done
[22:00:56.028]   info   [GS]       get next best phase: bot_a
[22:00:56.029]  trace   [GS]       skipped phase INIT_B because agent is not allowed
[22:00:56.029]   info   [GS]       no more phases to execute
[22:00:56.031]  trace   [GS]       No available phases. Waiting for updates...
[22:00:56.137]   info   [GS]       phase 'WAIT_FOR_INIT' done
[22:00:56.139]   info   [GS]       get next best phase: bot_a
[22:00:56.141]  trace   [GS]       skipped phase INIT_B because agent is not allowed
[22:00:56.141]   info   [GS]       no more phases to execute
[22:00:56.142]  trace   [GS]       No available phases. Waiting for updates...
[22:00:56.247]   info   [GS]       phase 'WAIT_FOR_INIT' done
[22:00:56.250]   info   [GS]       get next best phase: bot_a
[22:00:56.251]  trace   [GS]       skipped phase INIT_B because agent is not allowed
[22:00:56.251]   info   [GS]       no more phases to execute
[22:00:56.252]  trace   [GS]       No available phases. Waiting for updates...
[22:00:56.357]   info   [GS]       phase 'WAIT_FOR_INIT' done
[22:00:56.357]   info   [GS]       get next best phase: bot_a
[22:00:56.359]  trace   [GS]       skipped phase INIT_B because agent is not allowed
[22:00:56.359]   info   [GS]       no more phases to execute
[22:00:56.360]  trace   [GS]       No available phases. Waiting for updates...
[22:00:56.465]   info   [GS]       phase 'WAIT_FOR_INIT' done
[22:00:56.467]   info   [GS]       get next best phase: bot_a
[22:00:56.470]  trace   [GS]       skipped phase INIT_B because agent is not allowed
[22:00:56.470]   info   [GS]       no more phases to execute
[22:00:56.470]  trace   [GS]       No available phases. Waiting for updates...
[22:00:56.576]   info   [GS]       phase 'WAIT_FOR_INIT' done
[22:00:56.580]   info   [GS]       get next best phase: bot_a
[22:00:56.581]  trace   [GS]       skipped phase INIT_B because agent is not allowed
[22:00:56.581]   info   [GS]       no more phases to execute
[22:00:56.581]  trace   [GS]       No available phases. Waiting for updates...
[22:00:56.683]   info   [GS]       phase 'WAIT_FOR_INIT' done
[22:00:56.685]   info   [GS]       get next best phase: bot_a
[22:00:56.687]  trace   [GS]       skipped phase INIT_B because agent is not allowed
[22:00:56.687]   info   [GS]       no more phases to execute
[22:00:56.687]  trace   [GS]       No available phases. Waiting for updates...
[22:00:56.791]   info   [GS]       phase 'WAIT_FOR_INIT' done
[22:00:56.793]   info   [GS]       get next best phase: bot_a
[22:00:56.795]  trace   [GS]       skipped phase INIT_B because agent is not allowed
[22:00:56.795]   info   [GS]       no more phases to execute
[22:00:56.796]  trace   [GS]       No available phases. Waiting for updates...
[22:00:56.901]   info   [GS]       phase 'WAIT_FOR_INIT' done
[22:00:56.903]   info   [GS]       get next best phase: bot_a
[22:00:56.904]  trace   [GS]       skipped phase INIT_B because agent is not allowed
[22:00:56.904]   info   [GS]       no more phases to execute
[22:00:56.906]  trace   [GS]       No available phases. Waiting for updates...
[22:00:57.013]   info   [GS]       phase 'WAIT_FOR_INIT' done
[22:00:57.015]   info   [GS]       get next best phase: bot_a
[22:00:57.016]  trace   [GS]       skipped phase INIT_B because agent is not allowed
[22:00:57.016]   info   [GS]       no more phases to execute
[22:00:57.016]  trace   [GS]       No available phases. Waiting for updates...
[22:00:57.120]   info   [GS]       phase 'WAIT_FOR_INIT' done
[22:00:57.123]   info   [GS]       get next best phase: bot_a
[22:00:57.124]  trace   [GS]       skipped phase INIT_B because agent is not allowed
[22:00:57.124]   info   [GS]       no more phases to execute
[22:00:57.124]  trace   [GS]       No available phases. Waiting for updates...
[22:00:57.226]   info   [GS]       phase 'WAIT_FOR_INIT' done
[22:00:57.228]   info   [GS]       get next best phase: bot_a
[22:00:57.230]  trace   [GS]       skipped phase INIT_B because agent is not allowed
[22:00:57.230]   info   [GS]       no more phases to execute
[22:00:57.230]  trace   [GS]       No available phases. Waiting for updates...
[22:00:57.333]   info   [GS]       phase 'WAIT_FOR_INIT' done
[22:00:57.337]   info   [GS]       get next best phase: bot_a
[22:00:57.338]  trace   [GS]       skipped phase INIT_B because agent is not allowed
[22:00:57.338]   info   [GS]       no more phases to execute
[22:00:57.339]  trace   [GS]       No available phases. Waiting for updates...
[22:00:57.441]   info   [GS]       phase 'WAIT_FOR_INIT' done
[22:00:57.443]   info   [GS]       get next best phase: bot_a
[22:00:57.444]  trace   [GS]       skipped phase INIT_B because agent is not allowed
[22:00:57.444]   info   [GS]       no more phases to execute
[22:00:57.445]  trace   [GS]       No available phases. Waiting for updates...
[22:00:57.548]   info   [GS]       phase 'WAIT_FOR_INIT' done
[22:00:57.550]   info   [GS]       get next best phase: bot_a
[22:00:57.551]  trace   [GS]       skipped phase INIT_B because agent is not allowed
[22:00:57.551]   info   [GS]       no more phases to execute
[22:00:57.552]  trace   [GS]       No available phases. Waiting for updates...
[22:00:57.656]   info   [GS]       phase 'WAIT_FOR_INIT' done
[22:00:57.658]   info   [GS]       get next best phase: bot_a
[22:00:57.659]  trace   [GS]       skipped phase INIT_B because agent is not allowed
[22:00:57.659]   info   [GS]       no more phases to execute
[22:00:57.661]  trace   [GS]       No available phases. Waiting for updates...
[22:00:57.764]   info   [GS]       phase 'WAIT_FOR_INIT' done
[22:00:57.767]   info   [GS]       get next best phase: bot_a
[22:00:57.767]  trace   [GS]       skipped phase INIT_B because agent is not allowed
[22:00:57.767]   info   [GS]       no more phases to execute
[22:00:57.769]  trace   [GS]       No available phases. Waiting for updates...
[22:00:57.874]   info   [GS]       phase 'WAIT_FOR_INIT' done
[22:00:57.876]   info   [GS]       get next best phase: bot_a
[22:00:57.877]  trace   [GS]       skipped phase INIT_B because agent is not allowed
[22:00:57.877]   info   [GS]       no more phases to execute
[22:00:57.879]  trace   [GS]       No available phases. Waiting for updates...
[22:00:57.982]   info   [GS]       phase 'WAIT_FOR_INIT' done
[22:00:57.984]   info   [GS]       get next best phase: bot_a
[22:00:57.985]  trace   [GS]       skipped phase INIT_B because agent is not allowed
[22:00:57.985]   info   [GS]       no more phases to execute
[22:00:57.986]  trace   [GS]       No available phases. Waiting for updates...
[22:00:58.092]   info   [GS]       phase 'WAIT_FOR_INIT' done
[22:00:58.094]   info   [GS]       get next best phase: bot_a
[22:00:58.095]  trace   [GS]       skipped phase INIT_B because agent is not allowed
[22:00:58.095]   info   [GS]       no more phases to execute
[22:00:58.097]  trace   [GS]       No available phases. Waiting for updates...
[22:00:58.202]   info   [GS]       phase 'WAIT_FOR_INIT' done
[22:00:58.204]   info   [GS]       get next best phase: bot_a
[22:00:58.205]  trace   [GS]       skipped phase INIT_B because agent is not allowed
[22:00:58.205]   info   [GS]       no more phases to execute
[22:00:58.206]  trace   [GS]       No available phases. Waiting for updates...
[22:00:58.309]   info   [GS]       phase 'WAIT_FOR_INIT' done
[22:00:58.310]   info   [GS]       get next best phase: bot_a
[22:00:58.310]  trace   [GS]       skipped phase INIT_B because agent is not allowed
[22:00:58.310]   info   [GS]       no more phases to execute
[22:00:58.311]  trace   [GS]       No available phases. Waiting for updates...
[22:00:58.413]   info   [GS]       phase 'WAIT_FOR_INIT' done
[22:00:58.414]   info   [GS]       get next best phase: bot_a
[22:00:58.415]  trace   [GS]       skipped phase INIT_B because agent is not allowed
[22:00:58.415]   info   [GS]       no more phases to execute
[22:00:58.415]  trace   [GS]       No available phases. Waiting for updates...
[22:00:58.521]   info   [GS]       phase 'WAIT_FOR_INIT' done
[22:00:58.523]   info   [GS]       get next best phase: bot_a
[22:00:58.524]  trace   [GS]       skipped phase INIT_B because agent is not allowed
[22:00:58.524]   info   [GS]       no more phases to execute
[22:00:58.526]  trace   [GS]       No available phases. Waiting for updates...
[22:00:58.628]   info   [GS]       phase 'WAIT_FOR_INIT' done
[22:00:58.629]   info   [GS]       get next best phase: bot_a
[22:00:58.631]  trace   [GS]       skipped phase INIT_B because agent is not allowed
[22:00:58.631]   info   [GS]       no more phases to execute
[22:00:58.633]  trace   [GS]       No available phases. Waiting for updates...
[22:00:58.737]   info   [GS]       phase 'WAIT_FOR_INIT' done
[22:00:58.739]   info   [GS]       get next best phase: bot_a
[22:00:58.740]  trace   [GS]       skipped phase INIT_B because agent is not allowed
[22:00:58.740]   info   [GS]       no more phases to execute
[22:00:58.742]  trace   [GS]       No available phases. Waiting for updates...
[22:00:58.848]   info   [GS]       phase 'WAIT_FOR_INIT' done
[22:00:58.849]   info   [GS]       get next best phase: bot_a
[22:00:58.851]  trace   [GS]       skipped phase INIT_B because agent is not allowed
[22:00:58.851]   info   [GS]       no more phases to execute
[22:00:58.853]  trace   [GS]       No available phases. Waiting for updates...
[22:00:58.957]   info   [GS]       phase 'WAIT_FOR_INIT' done
[22:00:58.958]   info   [GS]       get next best phase: bot_a
[22:00:58.959]  trace   [GS]       skipped phase INIT_B because agent is not allowed
[22:00:58.959]   info   [GS]       no more phases to execute
[22:00:58.961]  trace   [GS]       No available phases. Waiting for updates...
[22:00:59.067]   info   [GS]       phase 'WAIT_FOR_INIT' done
[22:00:59.068]   info   [GS]       get next best phase: bot_a
[22:00:59.069]  trace   [GS]       skipped phase INIT_B because agent is not allowed
[22:00:59.069]   info   [GS]       no more phases to execute
[22:00:59.070]  trace   [GS]       No available phases. Waiting for updates...
[22:00:59.174]   info   [GS]       phase 'WAIT_FOR_INIT' done
[22:00:59.175]   info   [GS]       get next best phase: bot_a
[22:00:59.176]  trace   [GS]       skipped phase INIT_B because agent is not allowed
[22:00:59.176]   info   [GS]       no more phases to execute
[22:00:59.178]  trace   [GS]       No available phases. Waiting for updates...
[22:00:59.283]   info   [GS]       phase 'WAIT_FOR_INIT' done
[22:00:59.285]   info   [GS]       get next best phase: bot_a
[22:00:59.286]  trace   [GS]       skipped phase INIT_B because agent is not allowed
[22:00:59.286]   info   [GS]       no more phases to execute
[22:00:59.286]  trace   [GS]       No available phases. Waiting for updates...
[22:00:59.391]   info   [GS]       phase 'WAIT_FOR_INIT' done
[22:00:59.393]   info   [GS]       get next best phase: bot_a
[22:00:59.394]  trace   [GS]       skipped phase INIT_B because agent is not allowed
[22:00:59.394]   info   [GS]       no more phases to execute
[22:00:59.396]  trace   [GS]       No available phases. Waiting for updates...
[22:00:59.497]   info   [GS]       phase 'WAIT_FOR_INIT' done
[22:00:59.498]   info   [GS]       get next best phase: bot_a
[22:00:59.499]  trace   [GS]       skipped phase INIT_B because agent is not allowed
[22:00:59.499]   info   [GS]       no more phases to execute
[22:00:59.500]  trace   [GS]       No available phases. Waiting for updates...
[22:00:59.601]   info   [GS]       phase 'WAIT_FOR_INIT' done
[22:00:59.603]   info   [GS]       get next best phase: bot_a
[22:00:59.604]  trace   [GS]       skipped phase INIT_B because agent is not allowed
[22:00:59.604]   info   [GS]       no more phases to execute
[22:00:59.605]  trace   [GS]       No available phases. Waiting for updates...
[22:00:59.707]   info   [GS]       phase 'WAIT_FOR_INIT' done
[22:00:59.708]   info   [GS]       get next best phase: bot_a
[22:00:59.709]  trace   [GS]       skipped phase INIT_B because agent is not allowed
[22:00:59.709]   info   [GS]       no more phases to execute
[22:00:59.709]  trace   [GS]       No available phases. Waiting for updates...
[22:00:59.814]   info   [GS]       phase 'WAIT_FOR_INIT' done
[22:00:59.817]   info   [GS]       get next best phase: bot_a
[22:00:59.818]  trace   [GS]       skipped phase INIT_B because agent is not allowed
[22:00:59.818]   info   [GS]       no more phases to execute
[22:00:59.819]  trace   [GS]       No available phases. Waiting for updates...
[22:00:59.920]   info   [GS]       phase 'WAIT_FOR_INIT' done
[22:00:59.921]   info   [GS]       get next best phase: bot_a
[22:00:59.923]  trace   [GS]       skipped phase INIT_B because agent is not allowed
[22:00:59.923]   info   [GS]       no more phases to execute
[22:00:59.924]  trace   [GS]       No available phases. Waiting for updates...
[22:01:00.030]   info   [GS]       phase 'WAIT_FOR_INIT' done
[22:01:00.031]   info   [GS]       get next best phase: bot_a
[22:01:00.033]  trace   [GS]       skipped phase INIT_B because agent is not allowed
[22:01:00.033]   info   [GS]       no more phases to execute
[22:01:00.034]  trace   [GS]       No available phases. Waiting for updates...
[22:01:00.138]   info   [GS]       phase 'WAIT_FOR_INIT' done
[22:01:00.140]   info   [GS]       get next best phase: bot_a
[22:01:00.142]  trace   [GS]       skipped phase INIT_B because agent is not allowed
[22:01:00.142]   info   [GS]       no more phases to execute
[22:01:00.142]  trace   [GS]       No available phases. Waiting for updates...
[22:01:00.247]   info   [GS]       phase 'WAIT_FOR_INIT' done
[22:01:00.251]   info   [GS]       get next best phase: bot_a
[22:01:00.252]  trace   [GS]       skipped phase INIT_B because agent is not allowed
[22:01:00.252]   info   [GS]       no more phases to execute
[22:01:00.252]  trace   [GS]       No available phases. Waiting for updates...
[22:01:00.357]   info   [GS]       phase 'WAIT_FOR_INIT' done
[22:01:00.358]   info   [GS]       get next best phase: bot_a
[22:01:00.359]  trace   [GS]       skipped phase INIT_B because agent is not allowed
[22:01:00.359]   info   [GS]       no more phases to execute
[22:01:00.360]  trace   [GS]       No available phases. Waiting for updates...
[22:01:00.465]   info   [GS]       phase 'WAIT_FOR_INIT' done
[22:01:00.467]   info   [GS]       get next best phase: bot_a
[22:01:00.468]  trace   [GS]       skipped phase INIT_B because agent is not allowed
[22:01:00.468]   info   [GS]       no more phases to execute
[22:01:00.469]  trace   [GS]       No available phases. Waiting for updates...
[22:01:00.574]   info   [GS]       phase 'WAIT_FOR_INIT' done
[22:01:00.575]   info   [GS]       get next best phase: bot_a
[22:01:00.576]  trace   [GS]       skipped phase INIT_B because agent is not allowed
[22:01:00.576]   info   [GS]       no more phases to execute
[22:01:00.579]  trace   [GS]       No available phases. Waiting for updates...
[22:01:00.684]   info   [GS]       phase 'WAIT_FOR_INIT' done
[22:01:00.686]   info   [GS]       get next best phase: bot_a
[22:01:00.688]  trace   [GS]       skipped phase INIT_B because agent is not allowed
[22:01:00.688]   info   [GS]       no more phases to execute
[22:01:00.688]  trace   [GS]       No available phases. Waiting for updates...
[22:01:00.794]   info   [GS]       phase 'WAIT_FOR_INIT' done
[22:01:00.795]   info   [GS]       get next best phase: bot_a
[22:01:00.798]  trace   [GS]       skipped phase INIT_B because agent is not allowed
[22:01:00.798]   info   [GS]       no more phases to execute
[22:01:00.798]  trace   [GS]       No available phases. Waiting for updates...
[22:01:00.901]   info   [GS]       phase 'WAIT_FOR_INIT' done
[22:01:00.903]   info   [GS]       get next best phase: bot_a
[22:01:00.905]  trace   [GS]       skipped phase INIT_B because agent is not allowed
[22:01:00.905]   info   [GS]       no more phases to execute
[22:01:00.905]  trace   [GS]       No available phases. Waiting for updates...
[22:01:01.008]   info   [GS]       phase 'WAIT_FOR_INIT' done
[22:01:01.009]   info   [GS]       get next best phase: bot_a
[22:01:01.010]  trace   [GS]       skipped phase INIT_B because agent is not allowed
[22:01:01.010]   info   [GS]       no more phases to execute
[22:01:01.011]  trace   [GS]       No available phases. Waiting for updates...
[22:01:01.115]   info   [GS]       phase 'WAIT_FOR_INIT' done
[22:01:01.117]   info   [GS]       get next best phase: bot_a
[22:01:01.118]  trace   [GS]       skipped phase INIT_B because agent is not allowed
[22:01:01.118]   info   [GS]       no more phases to execute
[22:01:01.118]  trace   [GS]       No available phases. Waiting for updates...
[22:01:01.222]   info   [GS]       phase 'WAIT_FOR_INIT' done
[22:01:01.225]   info   [GS]       get next best phase: bot_a
[22:01:01.227]  trace   [GS]       skipped phase INIT_B because agent is not allowed
[22:01:01.227]   info   [GS]       no more phases to execute
[22:01:01.227]  trace   [GS]       No available phases. Waiting for updates...
[22:01:01.333]   info   [GS]       phase 'WAIT_FOR_INIT' done
[22:01:01.336]   info   [GS]       get next best phase: bot_a
[22:01:01.337]  trace   [GS]       skipped phase INIT_B because agent is not allowed
[22:01:01.337]   info   [GS]       no more phases to execute
[22:01:01.338]  trace   [GS]       No available phases. Waiting for updates...
[22:01:01.443]   info   [GS]       phase 'WAIT_FOR_INIT' done
[22:01:01.446]   info   [GS]       get next best phase: bot_a
[22:01:01.447]  trace   [GS]       skipped phase INIT_B because agent is not allowed
[22:01:01.447]   info   [GS]       no more phases to execute
[22:01:01.448]  trace   [GS]       No available phases. Waiting for updates...
[22:01:01.553]   info   [GS]       phase 'WAIT_FOR_INIT' done
[22:01:01.555]   info   [GS]       get next best phase: bot_a
[22:01:01.556]  trace   [GS]       skipped phase INIT_B because agent is not allowed
[22:01:01.556]   info   [GS]       no more phases to execute
[22:01:01.556]  trace   [GS]       No available phases. Waiting for updates...
[22:01:01.658]   info   [GS]       phase 'WAIT_FOR_INIT' done
[22:01:01.659]   info   [GS]       get next best phase: bot_a
[22:01:01.662]  trace   [GS]       skipped phase INIT_B because agent is not allowed
[22:01:01.662]   info   [GS]       no more phases to execute
[22:01:01.662]  trace   [GS]       No available phases. Waiting for updates...
[22:01:01.766]   info   [GS]       phase 'WAIT_FOR_INIT' done
[22:01:01.768]   info   [GS]       get next best phase: bot_a
[22:01:01.769]  trace   [GS]       skipped phase INIT_B because agent is not allowed
[22:01:01.769]   info   [GS]       no more phases to execute
[22:01:01.770]  trace   [GS]       No available phases. Waiting for updates...
[22:01:01.873]   info   [GS]       phase 'WAIT_FOR_INIT' done
[22:01:01.875]   info   [GS]       get next best phase: bot_a
[22:01:01.879]  trace   [GS]       skipped phase INIT_B because agent is not allowed
[22:01:01.879]   info   [GS]       no more phases to execute
[22:01:01.879]  trace   [GS]       No available phases. Waiting for updates...
[22:01:01.984]   info   [GS]       phase 'WAIT_FOR_INIT' done
[22:01:01.985]   info   [GS]       get next best phase: bot_a
[22:01:01.987]  trace   [GS]       skipped phase INIT_B because agent is not allowed
[22:01:01.987]   info   [GS]       no more phases to execute
[22:01:01.988]  trace   [GS]       No available phases. Waiting for updates...
[22:01:02.090]   info   [GS]       phase 'WAIT_FOR_INIT' done
[22:01:02.091]   info   [GS]       get next best phase: bot_a
[22:01:02.092]  trace   [GS]       skipped phase INIT_B because agent is not allowed
[22:01:02.092]   info   [GS]       no more phases to execute
[22:01:02.094]  trace   [GS]       No available phases. Waiting for updates...
[22:01:02.196]   info   [GS]       phase 'WAIT_FOR_INIT' done
[22:01:02.199]   info   [GS]       get next best phase: bot_a
[22:01:02.200]  trace   [GS]       skipped phase INIT_B because agent is not allowed
[22:01:02.200]   info   [GS]       no more phases to execute
[22:01:02.201]  trace   [GS]       No available phases. Waiting for updates...
[22:01:02.304]   info   [GS]       phase 'WAIT_FOR_INIT' done
[22:01:02.307]   info   [GS]       get next best phase: bot_a
[22:01:02.309]  trace   [GS]       skipped phase INIT_B because agent is not allowed
[22:01:02.309]   info   [GS]       no more phases to execute
[22:01:02.310]  trace   [GS]       No available phases. Waiting for updates...
[22:01:02.411]   info   [GS]       phase 'WAIT_FOR_INIT' done
[22:01:02.413]   info   [GS]       get next best phase: bot_a
[22:01:02.414]  trace   [GS]       skipped phase INIT_B because agent is not allowed
[22:01:02.414]   info   [GS]       no more phases to execute
[22:01:02.415]  trace   [GS]       No available phases. Waiting for updates...
[22:01:02.521]   info   [GS]       phase 'WAIT_FOR_INIT' done
[22:01:02.523]   info   [GS]       get next best phase: bot_a
[22:01:02.526]  trace   [GS]       skipped phase INIT_B because agent is not allowed
[22:01:02.526]   info   [GS]       no more phases to execute
[22:01:02.527]  trace   [GS]       No available phases. Waiting for updates...
[22:01:02.632]   info   [GS]       phase 'WAIT_FOR_INIT' done
[22:01:02.634]   info   [GS]       get next best phase: bot_a
[22:01:02.637]  trace   [GS]       skipped phase INIT_B because agent is not allowed
[22:01:02.637]   info   [GS]       no more phases to execute
[22:01:02.638]  trace   [GS]       No available phases. Waiting for updates...
[22:01:02.743]   info   [GS]       phase 'WAIT_FOR_INIT' done
[22:01:02.745]   info   [GS]       get next best phase: bot_a
[22:01:02.746]  trace   [GS]       skipped phase INIT_B because agent is not allowed
[22:01:02.746]   info   [GS]       no more phases to execute
[22:01:02.748]  trace   [GS]       No available phases. Waiting for updates...
[22:01:02.853]   info   [GS]       phase 'WAIT_FOR_INIT' done
[22:01:02.855]   info   [GS]       get next best phase: bot_a
[22:01:02.856]  trace   [GS]       skipped phase INIT_B because agent is not allowed
[22:01:02.856]   info   [GS]       no more phases to execute
[22:01:02.857]  trace   [GS]       No available phases. Waiting for updates...
[22:01:02.963]   info   [GS]       phase 'WAIT_FOR_INIT' done
[22:01:02.965]   info   [GS]       get next best phase: bot_a
[22:01:02.966]  trace   [GS]       skipped phase INIT_B because agent is not allowed
[22:01:02.966]   info   [GS]       no more phases to execute
[22:01:02.968]  trace   [GS]       No available phases. Waiting for updates...
[22:01:03.071]   info   [GS]       phase 'WAIT_FOR_INIT' done
[22:01:03.073]   info   [GS]       get next best phase: bot_a
[22:01:03.074]  trace   [GS]       skipped phase INIT_B because agent is not allowed
[22:01:03.074]   info   [GS]       no more phases to execute
[22:01:03.076]  trace   [GS]       No available phases. Waiting for updates...
[22:01:03.179]   info   [GS]       phase 'WAIT_FOR_INIT' done
[22:01:03.179]   info   [GS]       get next best phase: bot_a
[22:01:03.180]  trace   [GS]       skipped phase INIT_B because agent is not allowed
[22:01:03.180]   info   [GS]       no more phases to execute
[22:01:03.181]  trace   [GS]       No available phases. Waiting for updates...
[22:01:03.283]   info   [GS]       phase 'WAIT_FOR_INIT' done
[22:01:03.284]   info   [GS]       get next best phase: bot_a
[22:01:03.286]  trace   [GS]       skipped phase INIT_B because agent is not allowed
[22:01:03.286]   info   [GS]       no more phases to execute
[22:01:03.290]  trace   [GS]       No available phases. Waiting for updates...
[22:01:03.390]   info   [GS]       phase 'WAIT_FOR_INIT' done
[22:01:03.392]   info   [GS]       get next best phase: bot_a
[22:01:03.394]  trace   [GS]       skipped phase INIT_B because agent is not allowed
[22:01:03.394]   info   [GS]       no more phases to execute
[22:01:03.395]  trace   [GS]       No available phases. Waiting for updates...
[22:01:03.499]   info   [GS]       phase 'WAIT_FOR_INIT' done
[22:01:03.502]   info   [GS]       get next best phase: bot_a
[22:01:03.503]  trace   [GS]       skipped phase INIT_B because agent is not allowed
[22:01:03.503]   info   [GS]       no more phases to execute
[22:01:03.504]  trace   [GS]       No available phases. Waiting for updates...
[22:01:03.609]   info   [GS]       phase 'WAIT_FOR_INIT' done
[22:01:03.610]   info   [GS]       get next best phase: bot_a
[22:01:03.611]  trace   [GS]       skipped phase INIT_B because agent is not allowed
[22:01:03.611]   info   [GS]       no more phases to execute
[22:01:03.612]  trace   [GS]       No available phases. Waiting for updates...
[22:01:03.716]   info   [GS]       phase 'WAIT_FOR_INIT' done
[22:01:03.718]   info   [GS]       get next best phase: bot_a
[22:01:03.718]  trace   [GS]       skipped phase INIT_B because agent is not allowed
[22:01:03.718]   info   [GS]       no more phases to execute
[22:01:03.720]  trace   [GS]       No available phases. Waiting for updates...
[22:01:03.826]   info   [GS]       phase 'WAIT_FOR_INIT' done
[22:01:03.831]   info   [GS]       get next best phase: bot_a
[22:01:03.832]  trace   [GS]       skipped phase INIT_B because agent is not allowed
[22:01:03.832]   info   [GS]       no more phases to execute
[22:01:03.832]  trace   [GS]       No available phases. Waiting for updates...
[22:01:03.936]   info   [GS]       phase 'WAIT_FOR_INIT' done
[22:01:03.938]   info   [GS]       get next best phase: bot_a
[22:01:03.939]  trace   [GS]       skipped phase INIT_B because agent is not allowed
[22:01:03.939]   info   [GS]       no more phases to execute
[22:01:03.941]  trace   [GS]       No available phases. Waiting for updates...
[22:01:04.045]   info   [GS]       phase 'WAIT_FOR_INIT' done
[22:01:04.047]   info   [GS]       get next best phase: bot_a
[22:01:04.049]  trace   [GS]       skipped phase INIT_B because agent is not allowed
[22:01:04.049]   info   [GS]       no more phases to execute
[22:01:04.050]  trace   [GS]       No available phases. Waiting for updates...
[22:01:04.152]   info   [GS]       phase 'WAIT_FOR_INIT' done
[22:01:04.153]   info   [GS]       get next best phase: bot_a
[22:01:04.155]  trace   [GS]       skipped phase INIT_B because agent is not allowed
[22:01:04.155]   info   [GS]       no more phases to execute
[22:01:04.156]  trace   [GS]       No available phases. Waiting for updates...
[22:01:04.262]   info   [GS]       phase 'WAIT_FOR_INIT' done
[22:01:04.263]   info   [GS]       get next best phase: bot_a
[22:01:04.265]  trace   [GS]       skipped phase INIT_B because agent is not allowed
[22:01:04.265]   info   [GS]       no more phases to execute
[22:01:04.266]  trace   [GS]       No available phases. Waiting for updates...
[22:01:04.367]   info   [GS]       phase 'WAIT_FOR_INIT' done
[22:01:04.369]   info   [GS]       get next best phase: bot_a
[22:01:04.370]  trace   [GS]       skipped phase INIT_B because agent is not allowed
[22:01:04.370]   info   [GS]       no more phases to execute
[22:01:04.372]  trace   [GS]       No available phases. Waiting for updates...
[22:01:04.473]   info   [GS]       phase 'WAIT_FOR_INIT' done
[22:01:04.475]   info   [GS]       get next best phase: bot_a
[22:01:04.476]  trace   [GS]       skipped phase INIT_B because agent is not allowed
[22:01:04.476]   info   [GS]       no more phases to execute
[22:01:04.477]  trace   [GS]       No available phases. Waiting for updates...
[22:01:04.582]   info   [GS]       phase 'WAIT_FOR_INIT' done
[22:01:04.584]   info   [GS]       get next best phase: bot_a
[22:01:04.585]  trace   [GS]       skipped phase INIT_B because agent is not allowed
[22:01:04.585]   info   [GS]       no more phases to execute
[22:01:04.586]  trace   [GS]       No available phases. Waiting for updates...
[22:01:04.689]   info   [GS]       phase 'WAIT_FOR_INIT' done
[22:01:04.690]   info   [GS]       get next best phase: bot_a
[22:01:04.691]  trace   [GS]       skipped phase INIT_B because agent is not allowed
[22:01:04.691]   info   [GS]       no more phases to execute
[22:01:04.692]  trace   [GS]       No available phases. Waiting for updates...
[22:01:04.796]   info   [GS]       phase 'WAIT_FOR_INIT' done
[22:01:04.798]   info   [GS]       get next best phase: bot_a
[22:01:04.799]  trace   [GS]       skipped phase INIT_B because agent is not allowed
[22:01:04.799]   info   [GS]       no more phases to execute
[22:01:04.800]  trace   [GS]       No available phases. Waiting for updates...
[22:01:04.905]   info   [GS]       phase 'WAIT_FOR_INIT' done
[22:01:04.907]   info   [GS]       get next best phase: bot_a
[22:01:04.908]  trace   [GS]       skipped phase INIT_B because agent is not allowed
[22:01:04.908]   info   [GS]       no more phases to execute
[22:01:04.909]  trace   [GS]       No available phases. Waiting for updates...
[22:01:05.013]   info   [GS]       phase 'WAIT_FOR_INIT' done
[22:01:05.015]   info   [GS]       get next best phase: bot_a
[22:01:05.016]  trace   [GS]       skipped phase INIT_B because agent is not allowed
[22:01:05.016]   info   [GS]       no more phases to execute
[22:01:05.018]  trace   [GS]       No available phases. Waiting for updates...
[22:01:05.119]   info   [GS]       phase 'WAIT_FOR_INIT' done
[22:01:05.120]   info   [GS]       get next best phase: bot_a
[22:01:05.122]  trace   [GS]       skipped phase INIT_B because agent is not allowed
[22:01:05.122]   info   [GS]       no more phases to execute
[22:01:05.123]  trace   [GS]       No available phases. Waiting for updates...
[22:01:05.229]   info   [GS]       phase 'WAIT_FOR_INIT' done
[22:01:05.231]   info   [GS]       get next best phase: bot_a
[22:01:05.233]  trace   [GS]       skipped phase INIT_B because agent is not allowed
[22:01:05.233]   info   [GS]       no more phases to execute
[22:01:05.234]  trace   [GS]       No available phases. Waiting for updates...
[22:01:05.338]   info   [GS]       phase 'WAIT_FOR_INIT' done
[22:01:05.339]   info   [GS]       get next best phase: bot_a
[22:01:05.340]  trace   [GS]       skipped phase INIT_B because agent is not allowed
[22:01:05.340]   info   [GS]       no more phases to execute
[22:01:05.341]  trace   [GS]       No available phases. Waiting for updates...
[22:01:05.445]   info   [GS]       phase 'WAIT_FOR_INIT' done
[22:01:05.447]   info   [GS]       get next best phase: bot_a
[22:01:05.448]  trace   [GS]       skipped phase INIT_B because agent is not allowed
[22:01:05.448]   info   [GS]       no more phases to execute
[22:01:05.449]  trace   [GS]       No available phases. Waiting for updates...
[22:01:05.555]   info   [GS]       phase 'WAIT_FOR_INIT' done
[22:01:05.558]   info   [GS]       get next best phase: bot_a
[22:01:05.559]  trace   [GS]       skipped phase INIT_B because agent is not allowed
[22:01:05.559]   info   [GS]       no more phases to execute
[22:01:05.560]  trace   [GS]       No available phases. Waiting for updates...
[22:01:05.662]   info   [GS]       phase 'WAIT_FOR_INIT' done
[22:01:05.664]   info   [GS]       get next best phase: bot_a
[22:01:05.665]  trace   [GS]       skipped phase INIT_B because agent is not allowed
[22:01:05.665]   info   [GS]       no more phases to execute
[22:01:05.666]  trace   [GS]       No available phases. Waiting for updates...
[22:01:05.770]   info   [GS]       phase 'WAIT_FOR_INIT' done
[22:01:05.772]   info   [GS]       get next best phase: bot_a
[22:01:05.773]  trace   [GS]       skipped phase INIT_B because agent is not allowed
[22:01:05.773]   info   [GS]       no more phases to execute
[22:01:05.774]  trace   [GS]       No available phases. Waiting for updates...
[22:01:05.876]   info   [GS]       phase 'WAIT_FOR_INIT' done
[22:01:05.880]   info   [GS]       get next best phase: bot_a
[22:01:05.881]  trace   [GS]       skipped phase INIT_B because agent is not allowed
[22:01:05.881]   info   [GS]       no more phases to execute
[22:01:05.882]  trace   [GS]       No available phases. Waiting for updates...
[22:01:05.988]   info   [GS]       phase 'WAIT_FOR_INIT' done
[22:01:05.990]   info   [GS]       get next best phase: bot_a
[22:01:05.991]  trace   [GS]       skipped phase INIT_B because agent is not allowed
[22:01:05.991]   info   [GS]       no more phases to execute
[22:01:05.992]  trace   [GS]       No available phases. Waiting for updates...
[22:01:06.094]   info   [GS]       phase 'WAIT_FOR_INIT' done
[22:01:06.098]   info   [GS]       get next best phase: bot_a
[22:01:06.099]  trace   [GS]       skipped phase INIT_B because agent is not allowed
[22:01:06.099]   info   [GS]       no more phases to execute
[22:01:06.100]  trace   [GS]       No available phases. Waiting for updates...
[22:01:06.205]   info   [GS]       phase 'WAIT_FOR_INIT' done
[22:01:06.209]   info   [GS]       get next best phase: bot_a
[22:01:06.210]  trace   [GS]       skipped phase INIT_B because agent is not allowed
[22:01:06.210]   info   [GS]       no more phases to execute
[22:01:06.211]  trace   [GS]       No available phases. Waiting for updates...
[22:01:06.317]   info   [GS]       phase 'WAIT_FOR_INIT' done
[22:01:06.320]   info   [GS]       get next best phase: bot_a
[22:01:06.322]  trace   [GS]       skipped phase INIT_B because agent is not allowed
[22:01:06.322]   info   [GS]       no more phases to execute
[22:01:06.323]  trace   [GS]       No available phases. Waiting for updates...
[22:01:06.429]   info   [GS]       phase 'WAIT_FOR_INIT' done
[22:01:06.431]   info   [GS]       get next best phase: bot_a
[22:01:06.432]  trace   [GS]       skipped phase INIT_B because agent is not allowed
[22:01:06.432]   info   [GS]       no more phases to execute
[22:01:06.433]  trace   [GS]       No available phases. Waiting for updates...
[22:01:06.538]   info   [GS]       phase 'WAIT_FOR_INIT' done
[22:01:06.541]   info   [GS]       get next best phase: bot_a
[22:01:06.542]  trace   [GS]       skipped phase INIT_B because agent is not allowed
[22:01:06.542]   info   [GS]       no more phases to execute
[22:01:06.543]  trace   [GS]       No available phases. Waiting for updates...
[22:01:06.646]   info   [GS]       phase 'WAIT_FOR_INIT' done
[22:01:06.647]   info   [GS]       get next best phase: bot_a
[22:01:06.648]  trace   [GS]       skipped phase INIT_B because agent is not allowed
[22:01:06.648]   info   [GS]       no more phases to execute
[22:01:06.649]  trace   [GS]       No available phases. Waiting for updates...
[22:01:06.753]   info   [GS]       phase 'WAIT_FOR_INIT' done
[22:01:06.755]   info   [GS]       get next best phase: bot_a
[22:01:06.757]  trace   [GS]       skipped phase INIT_B because agent is not allowed
[22:01:06.757]   info   [GS]       no more phases to execute
[22:01:06.758]  trace   [GS]       No available phases. Waiting for updates...
[22:01:06.863]   info   [GS]       phase 'WAIT_FOR_INIT' done
[22:01:06.864]   info   [GS]       get next best phase: bot_a
[22:01:06.866]  trace   [GS]       skipped phase INIT_B because agent is not allowed
[22:01:06.866]   info   [GS]       no more phases to execute
[22:01:06.867]  trace   [GS]       No available phases. Waiting for updates...
[22:01:06.973]   info   [GS]       phase 'WAIT_FOR_INIT' done
[22:01:06.974]   info   [GS]       get next best phase: bot_a
[22:01:06.974]  trace   [GS]       skipped phase INIT_B because agent is not allowed
[22:01:06.974]   info   [GS]       no more phases to execute
[22:01:06.975]  trace   [GS]       No available phases. Waiting for updates...
[22:01:07.079]   info   [GS]       phase 'WAIT_FOR_INIT' done
[22:01:07.081]   info   [GS]       get next best phase: bot_a
[22:01:07.082]  trace   [GS]       skipped phase INIT_B because agent is not allowed
[22:01:07.082]   info   [GS]       no more phases to execute
[22:01:07.082]  trace   [GS]       No available phases. Waiting for updates...
[22:01:07.184]   info   [GS]       phase 'WAIT_FOR_INIT' done
[22:01:07.186]   info   [GS]       get next best phase: bot_a
[22:01:07.189]  trace   [GS]       skipped phase INIT_B because agent is not allowed
[22:01:07.189]   info   [GS]       no more phases to execute
[22:01:07.189]  trace   [GS]       No available phases. Waiting for updates...
[22:01:07.291]   info   [GS]       phase 'WAIT_FOR_INIT' done
[22:01:07.294]   info   [GS]       get next best phase: bot_a
[22:01:07.296]  trace   [GS]       skipped phase INIT_B because agent is not allowed
[22:01:07.296]   info   [GS]       no more phases to execute
[22:01:07.297]  trace   [GS]       No available phases. Waiting for updates...
[22:01:07.398]   info   [GS]       phase 'WAIT_FOR_INIT' done
[22:01:07.400]   info   [GS]       get next best phase: bot_a
[22:01:07.401]  trace   [GS]       skipped phase INIT_B because agent is not allowed
[22:01:07.401]   info   [GS]       no more phases to execute
[22:01:07.402]  trace   [GS]       No available phases. Waiting for updates...
[22:01:07.505]   info   [GS]       phase 'WAIT_FOR_INIT' done
[22:01:07.508]   info   [GS]       get next best phase: bot_a
[22:01:07.509]  trace   [GS]       skipped phase INIT_B because agent is not allowed
[22:01:07.509]   info   [GS]       no more phases to execute
[22:01:07.511]  trace   [GS]       No available phases. Waiting for updates...
[22:01:07.616]   info   [GS]       phase 'WAIT_FOR_INIT' done
[22:01:07.618]   info   [GS]       get next best phase: bot_a
[22:01:07.619]  trace   [GS]       skipped phase INIT_B because agent is not allowed
[22:01:07.619]   info   [GS]       no more phases to execute
[22:01:07.620]  trace   [GS]       No available phases. Waiting for updates...
[22:01:07.727]   info   [GS]       phase 'WAIT_FOR_INIT' done
[22:01:07.734]   info   [GS]       get next best phase: bot_a
[22:01:07.735]  trace   [GS]       skipped phase INIT_B because agent is not allowed
[22:01:07.735]   info   [GS]       no more phases to execute
[22:01:07.735]  trace   [GS]       No available phases. Waiting for updates...
[22:01:07.836]   info   [GS]       phase 'WAIT_FOR_INIT' done
[22:01:07.842]   info   [GS]       get next best phase: bot_a
[22:01:07.843]  trace   [GS]       skipped phase INIT_B because agent is not allowed
[22:01:07.843]   info   [GS]       no more phases to execute
[22:01:07.843]  trace   [GS]       No available phases. Waiting for updates...
[22:01:07.946]   info   [GS]       phase 'WAIT_FOR_INIT' done
[22:01:07.948]   info   [GS]       get next best phase: bot_a
[22:01:07.950]  trace   [GS]       skipped phase INIT_B because agent is not allowed
[22:01:07.950]   info   [GS]       no more phases to execute
[22:01:07.951]  trace   [GS]       No available phases. Waiting for updates...
[22:01:08.057]   info   [GS]       phase 'WAIT_FOR_INIT' done
[22:01:08.059]   info   [GS]       get next best phase: bot_a
[22:01:08.060]  trace   [GS]       skipped phase INIT_B because agent is not allowed
[22:01:08.060]   info   [GS]       no more phases to execute
[22:01:08.061]  trace   [GS]       No available phases. Waiting for updates...
[22:01:08.166]   info   [GS]       phase 'WAIT_FOR_INIT' done
[22:01:08.168]   info   [GS]       get next best phase: bot_a
[22:01:08.169]  trace   [GS]       skipped phase INIT_B because agent is not allowed
[22:01:08.169]   info   [GS]       no more phases to execute
[22:01:08.172]  trace   [GS]       No available phases. Waiting for updates...
[22:01:08.280]   info   [GS]       phase 'WAIT_FOR_INIT' done
[22:01:08.282]   info   [GS]       get next best phase: bot_a
[22:01:08.283]  trace   [GS]       skipped phase INIT_B because agent is not allowed
[22:01:08.283]   info   [GS]       no more phases to execute
[22:01:08.283]  trace   [GS]       No available phases. Waiting for updates...
[22:01:08.384]   info   [GS]       phase 'WAIT_FOR_INIT' done
[22:01:08.386]   info   [GS]       get next best phase: bot_a
[22:01:08.387]  trace   [GS]       skipped phase INIT_B because agent is not allowed
[22:01:08.387]   info   [GS]       no more phases to execute
[22:01:08.388]  trace   [GS]       No available phases. Waiting for updates...
[22:01:08.494]   info   [GS]       phase 'WAIT_FOR_INIT' done
[22:01:08.500]   info   [GS]       get next best phase: bot_a
[22:01:08.501]  trace   [GS]       skipped phase INIT_B because agent is not allowed
[22:01:08.501]   info   [GS]       no more phases to execute
[22:01:08.501]  trace   [GS]       No available phases. Waiting for updates...
[22:01:08.607]   info   [GS]       phase 'WAIT_FOR_INIT' done
[22:01:08.609]   info   [GS]       get next best phase: bot_a
[22:01:08.610]  trace   [GS]       skipped phase INIT_B because agent is not allowed
[22:01:08.610]   info   [GS]       no more phases to execute
[22:01:08.610]  trace   [GS]       No available phases. Waiting for updates...
[22:01:08.717]   info   [GS]       phase 'WAIT_FOR_INIT' done
[22:01:08.721]   info   [GS]       get next best phase: bot_a
[22:01:08.721]  trace   [GS]       skipped phase INIT_B because agent is not allowed
[22:01:08.722]   info   [GS]       no more phases to execute
[22:01:08.722]  trace   [GS]       No available phases. Waiting for updates...
[22:01:08.825]   info   [GS]       phase 'WAIT_FOR_INIT' done
[22:01:08.826]   info   [GS]       get next best phase: bot_a
[22:01:08.826]  trace   [GS]       skipped phase INIT_B because agent is not allowed
[22:01:08.827]   info   [GS]       no more phases to execute
[22:01:08.832]  trace   [GS]       No available phases. Waiting for updates...
[22:01:08.934]   info   [GS]       phase 'WAIT_FOR_INIT' done
[22:01:08.935]   info   [GS]       get next best phase: bot_a
[22:01:08.936]  trace   [GS]       skipped phase INIT_B because agent is not allowed
[22:01:08.936]   info   [GS]       no more phases to execute
[22:01:08.937]  trace   [GS]       No available phases. Waiting for updates...
[22:01:09.040]   info   [GS]       phase 'WAIT_FOR_INIT' done
[22:01:09.042]   info   [GS]       get next best phase: bot_a
[22:01:09.043]  trace   [GS]       skipped phase INIT_B because agent is not allowed
[22:01:09.043]   info   [GS]       no more phases to execute
[22:01:09.044]  trace   [GS]       No available phases. Waiting for updates...
[22:01:09.150]   info   [GS]       phase 'WAIT_FOR_INIT' done
[22:01:09.151]   info   [GS]       get next best phase: bot_a
[22:01:09.151]  trace   [GS]       skipped phase INIT_B because agent is not allowed
[22:01:09.151]   info   [GS]       no more phases to execute
[22:01:09.152]  trace   [GS]       No available phases. Waiting for updates...
[22:01:09.258]   info   [GS]       phase 'WAIT_FOR_INIT' done
[22:01:09.259]   info   [GS]       get next best phase: bot_a
[22:01:09.259]  trace   [GS]       skipped phase INIT_B because agent is not allowed
[22:01:09.259]   info   [GS]       no more phases to execute
[22:01:09.264]  trace   [GS]       No available phases. Waiting for updates...
[22:01:09.369]   info   [GS]       phase 'WAIT_FOR_INIT' done
[22:01:09.373]   info   [GS]       get next best phase: bot_a
[22:01:09.373]  trace   [GS]       skipped phase INIT_B because agent is not allowed
[22:01:09.373]   info   [GS]       no more phases to execute
[22:01:09.374]  trace   [GS]       No available phases. Waiting for updates...
[22:01:09.477]   info   [GS]       phase 'WAIT_FOR_INIT' done
[22:01:09.481]   info   [GS]       get next best phase: bot_a
[22:01:09.483]  trace   [GS]       skipped phase INIT_B because agent is not allowed
[22:01:09.483]   info   [GS]       no more phases to execute
[22:01:09.484]  trace   [GS]       No available phases. Waiting for updates...
[22:01:09.585]   info   [GS]       phase 'WAIT_FOR_INIT' done
[22:01:09.589]   info   [GS]       get next best phase: bot_a
[22:01:09.590]  trace   [GS]       skipped phase INIT_B because agent is not allowed
[22:01:09.590]   info   [GS]       no more phases to execute
[22:01:09.590]  trace   [GS]       No available phases. Waiting for updates...
[22:01:09.692]   info   [GS]       phase 'WAIT_FOR_INIT' done
[22:01:09.698]   info   [GS]       get next best phase: bot_a
[22:01:09.698]  trace   [GS]       skipped phase INIT_B because agent is not allowed
[22:01:09.698]   info   [GS]       no more phases to execute
[22:01:09.699]  trace   [GS]       No available phases. Waiting for updates...
[22:01:09.805]   info   [GS]       phase 'WAIT_FOR_INIT' done
[22:01:09.808]   info   [GS]       get next best phase: bot_a
[22:01:09.808]  trace   [GS]       skipped phase INIT_B because agent is not allowed
[22:01:09.808]   info   [GS]       no more phases to execute
[22:01:09.808]  trace   [GS]       No available phases. Waiting for updates...
[22:01:09.914]   info   [GS]       phase 'WAIT_FOR_INIT' done
[22:01:09.915]   info   [GS]       get next best phase: bot_a
[22:01:09.917]  trace   [GS]       skipped phase INIT_B because agent is not allowed
[22:01:09.917]   info   [GS]       no more phases to execute
[22:01:09.917]  trace   [GS]       No available phases. Waiting for updates...
[22:01:10.021]   info   [GS]       phase 'WAIT_FOR_INIT' done
[22:01:10.023]   info   [GS]       get next best phase: bot_a
[22:01:10.023]  trace   [GS]       skipped phase INIT_B because agent is not allowed
[22:01:10.023]   info   [GS]       no more phases to execute
[22:01:10.024]  trace   [GS]       No available phases. Waiting for updates...
[22:01:10.129]   info   [GS]       phase 'WAIT_FOR_INIT' done
[22:01:10.132]   info   [GS]       get next best phase: bot_a
[22:01:10.133]  trace   [GS]       skipped phase INIT_B because agent is not allowed
[22:01:10.133]   info   [GS]       no more phases to execute
[22:01:10.134]  trace   [GS]       No available phases. Waiting for updates...
[22:01:10.238]   info   [GS]       phase 'WAIT_FOR_INIT' done
[22:01:10.238]   info   [GS]       get next best phase: bot_a
[22:01:10.239]  trace   [GS]       skipped phase INIT_B because agent is not allowed
[22:01:10.239]   info   [GS]       no more phases to execute
[22:01:10.242]  trace   [GS]       No available phases. Waiting for updates...
[22:01:10.344]   info   [GS]       phase 'WAIT_FOR_INIT' done
[22:01:10.345]   info   [GS]       get next best phase: bot_a
[22:01:10.346]  trace   [GS]       skipped phase INIT_B because agent is not allowed
[22:01:10.346]   info   [GS]       no more phases to execute
[22:01:10.348]  trace   [GS]       No available phases. Waiting for updates...
[22:01:10.449]   info   [GS]       phase 'WAIT_FOR_INIT' done
[22:01:10.450]   info   [GS]       get next best phase: bot_a
[22:01:10.451]  trace   [GS]       skipped phase INIT_B because agent is not allowed
[22:01:10.451]   info   [GS]       no more phases to execute
