[16:40:25.733]   info   [GS]       configuring Game State...
[16:40:25.734]   info   [GS]       configured game state successfully
[16:40:25.734]   info   [GS]       listening for a connection from bot_b
[16:40:25.735]   info   [GS]       phase 'INIT_A' done
[16:40:25.736]   info   [GS]       get next best phase: bot_a
[16:40:25.736]  trace   [GS]       skipped phase CLEAR_DECK because agent is not allowed
[16:40:25.736]   info   [GS]       potential of phase CLEAR_DECK: 0
[16:40:25.737]   info   [GS]       score of phase CLEAR_DECK: 48.65
[16:40:25.737]  trace   [GS]       skipped phase INIT_B because agent is not allowed
[16:40:25.737]  trace   [GS]       skipped phase LONG_TASK because agent is not allowed
[16:40:25.737]   info   [GS]       potential of phase LONG_TASK: 0
[16:40:25.737]   info   [GS]       score of phase LONG_TASK: 50
[16:40:25.737]  trace   [GS]       skipped phase WAIT_FOR_INIT because agent is not allowed
[16:40:25.737]  trace   [GS]       skipped phase WAIT_FOR_INIT because it is not open
[16:40:25.737]   info   [GS]       potential of phase WAIT_FOR_INIT: 0
[16:40:25.738]   info   [GS]       score of phase WAIT_FOR_INIT: 23.65
[16:40:25.739]   info   [GS]       selected phase LONG_TASK as next phase
[16:40:25.739]   info   [GS]       executing phase LONG_TASK
[16:40:25.739]   info   [GS]       phase 'LONG_TASK' done
[16:40:25.740]   info   [GS]       get next best phase: bot_a
[16:40:25.740]  trace   [GS]       skipped phase CLEAR_DECK because agent is not allowed
[16:40:25.740]   info   [GS]       potential of phase CLEAR_DECK: 0
[16:40:25.743]   info   [GS]       score of phase CLEAR_DECK: 48.65
[16:40:25.743]  trace   [GS]       skipped phase INIT_B because agent is not allowed
[16:40:25.743]  trace   [GS]       skipped phase WAIT_FOR_INIT because agent is not allowed
[16:40:25.743]  trace   [GS]       skipped phase WAIT_FOR_INIT because it is not open
[16:40:25.743]   info   [GS]       potential of phase WAIT_FOR_INIT: 0
[16:40:25.744]   info   [GS]       score of phase WAIT_FOR_INIT: 23.65
[16:40:25.744]   info   [GS]       selected phase CLEAR_DECK as next phase
[16:40:25.744]   info   [GS]       executing phase CLEAR_DECK
[16:40:25.744]   info   [GS]       phase 'CLEAR_DECK' done
[16:40:25.745]   info   [GS]       get next best phase: bot_a
[16:40:25.745]  trace   [GS]       skipped phase INIT_B because agent is not allowed
[16:40:25.745]  trace   [GS]       skipped phase WAIT_FOR_INIT because agent is not allowed
[16:40:25.745]  trace   [GS]       skipped phase WAIT_FOR_INIT because it is not open
[16:40:25.745]   info   [GS]       potential of phase WAIT_FOR_INIT: 0
[16:40:25.745]   info   [GS]       score of phase WAIT_FOR_INIT: 23.65
[16:40:25.746]   info   [GS]       selected phase WAIT_FOR_INIT as next phase
[16:40:25.746]   info   [GS]       executing phase WAIT_FOR_INIT
[16:40:25.746]   info   [GS]       phase 'WAIT_FOR_INIT' done
[16:40:25.746]   info   [GS]       get next best phase: bot_a
[16:40:25.747]  trace   [GS]       skipped phase INIT_B because agent is not allowed
[16:40:25.747]   info   [GS]       no more phases to execute
