[21:47:59.734]   info   [SERVER]   successfully created TableState
[21:47:59.735]   info   [SERVER]   successfully created PhaseState
[21:47:59.735]   info   [SERVER]   successfully created Config (GameState Config)
[21:47:59.739]   info   [SERVER]   listening on: 172.17.0.3:3000
[21:48:27.199]   info   [SERVER]   accepted connection from 172.17.0.2:36872
[21:48:27.199]   info   [GS]       Starting game loop for agent: bot_a
[21:48:27.200]  trace   [GS]       updating phase INIT_A...
[21:48:27.200]  trace   [GS]       phase status INIT_A: 0
[21:48:27.200]   info   [GS]       Executing action for phase: INIT_A
[21:48:27.200]   info   [GS]       Phase 'INIT_A' is marked DONE locally.
[21:48:27.201]  trace   [GS]       updating phase CLEAR_DECK...
[21:48:27.201]  trace   [GS]       phase status CLEAR_DECK: 0
[21:48:27.201]   info   [GS]       potential of phase CLEAR_DECK: 0
[21:48:27.201]  trace   [GS]       updating phase LONG_TASK...
[21:48:27.201]  trace   [GS]       phase status LONG_TASK: 0
[21:48:27.201]   info   [GS]       potential of phase LONG_TASK: 0
[21:48:27.201]  trace   [GS]       updating phase WAIT_FOR_INIT...
[21:48:27.201]  trace   [GS]       phase status WAIT_FOR_INIT: 1
[21:48:27.201]   info   [GS]       Transitioning to next phase: LONG_TASK
[21:48:27.202]  trace   [GS]       updating phase LONG_TASK...
[21:48:27.202]  trace   [GS]       phase status LONG_TASK: 0
[21:48:27.202]   info   [GS]       Executing action for phase: LONG_TASK
[21:48:27.202]   info   [GS]       Phase 'LONG_TASK' is marked DONE locally.
[21:48:27.203]  trace   [GS]       updating phase CLEAR_DECK...
[21:48:27.203]  trace   [GS]       phase status CLEAR_DECK: 0
[21:48:27.203]   info   [GS]       potential of phase CLEAR_DECK: 0
[21:48:27.204]  trace   [GS]       updating phase WAIT_FOR_INIT...
[21:48:27.204]  trace   [GS]       phase status WAIT_FOR_INIT: 1
[21:48:27.204]   info   [GS]       Transitioning to next phase: CLEAR_DECK
[21:48:27.204]  trace   [GS]       updating phase CLEAR_DECK...
[21:48:27.204]  trace   [GS]       phase status CLEAR_DECK: 0
[21:48:27.204]   info   [GS]       Executing action for phase: CLEAR_DECK
[21:48:27.205]   info   [GS]       Phase 'CLEAR_DECK' is marked DONE locally.
[21:48:27.205]  trace   [GS]       updating phase WAIT_FOR_INIT...
[21:48:27.205]  trace   [GS]       phase status WAIT_FOR_INIT: 1
[21:48:27.205]  debug   [GS]       Received update: {"init_b":true}
[21:48:27.306]   info   [GS]       Phase 'CLEAR_DECK' is marked DONE locally.
[21:48:27.306]  trace   [GS]       updating phase WAIT_FOR_INIT...
[21:48:27.306]   info   [GS]       unlocked phase WAIT_FOR_INIT
[21:48:27.307]  trace   [GS]       phase status WAIT_FOR_INIT: 0
[21:48:27.307]   info   [GS]       potential of phase WAIT_FOR_INIT: 0
[21:48:27.307]   info   [GS]       Transitioning to next phase: WAIT_FOR_INIT
[21:48:27.307]  trace   [GS]       updating phase WAIT_FOR_INIT...
[21:48:27.307]  trace   [GS]       phase status WAIT_FOR_INIT: 0
[21:48:27.307]   info   [GS]       Executing action for phase: WAIT_FOR_INIT
[21:48:27.307]   info   [GS]       Phase 'WAIT_FOR_INIT' is marked DONE locally.
[21:48:28.333]   info   [GS]       Skipped 9 duplicate messages..
[21:48:28.333]   info   [GS]       Phase 'WAIT_FOR_INIT' is marked DONE locally.
[21:48:29.375]   info   [GS]       Skipped 9 duplicate messages..
[21:48:29.375]   info   [GS]       Phase 'WAIT_FOR_INIT' is marked DONE locally.
[21:48:30.406]   info   [GS]       Skipped 9 duplicate messages..
[21:48:30.406]   info   [GS]       Phase 'WAIT_FOR_INIT' is marked DONE locally.
[21:48:31.438]   info   [GS]       Skipped 9 duplicate messages..
[21:48:31.438]   info   [GS]       Phase 'WAIT_FOR_INIT' is marked DONE locally.
[21:48:32.487]   info   [GS]       Skipped 9 duplicate messages..
[21:48:32.487]   info   [GS]       Phase 'WAIT_FOR_INIT' is marked DONE locally.
[21:48:33.526]   info   [GS]       Skipped 9 duplicate messages..
[21:48:33.526]   info   [GS]       Phase 'WAIT_FOR_INIT' is marked DONE locally.
[21:48:34.559]   info   [GS]       Skipped 9 duplicate messages..
[21:48:34.559]   info   [GS]       Phase 'WAIT_FOR_INIT' is marked DONE locally.
[21:48:35.600]   info   [GS]       Skipped 9 duplicate messages..
[21:48:35.600]   info   [GS]       Phase 'WAIT_FOR_INIT' is marked DONE locally.
[21:48:36.637]   info   [GS]       Skipped 9 duplicate messages..
[21:48:36.637]   info   [GS]       Phase 'WAIT_FOR_INIT' is marked DONE locally.
[21:48:37.678]   info   [GS]       Skipped 9 duplicate messages..
[21:48:37.678]   info   [GS]       Phase 'WAIT_FOR_INIT' is marked DONE locally.
[21:48:38.719]   info   [GS]       Skipped 9 duplicate messages..
[21:48:38.719]   info   [GS]       Phase 'WAIT_FOR_INIT' is marked DONE locally.
[21:48:39.761]   info   [GS]       Skipped 9 duplicate messages..
[21:48:39.761]   info   [GS]       Phase 'WAIT_FOR_INIT' is marked DONE locally.
[21:48:40.792]   info   [GS]       Skipped 9 duplicate messages..
[21:48:40.792]   info   [GS]       Phase 'WAIT_FOR_INIT' is marked DONE locally.
[21:48:41.836]   info   [GS]       Skipped 9 duplicate messages..
[21:48:41.836]   info   [GS]       Phase 'WAIT_FOR_INIT' is marked DONE locally.
[21:48:42.868]   info   [GS]       Skipped 9 duplicate messages..
[21:48:42.868]   info   [GS]       Phase 'WAIT_FOR_INIT' is marked DONE locally.
[21:48:43.905]   info   [GS]       Skipped 9 duplicate messages..
[21:48:43.905]   info   [GS]       Phase 'WAIT_FOR_INIT' is marked DONE locally.
[21:48:44.936]   info   [GS]       Skipped 9 duplicate messages..
[21:48:44.936]   info   [GS]       Phase 'WAIT_FOR_INIT' is marked DONE locally.
[21:48:45.977]   info   [GS]       Skipped 9 duplicate messages..
[21:48:45.977]   info   [GS]       Phase 'WAIT_FOR_INIT' is marked DONE locally.
[21:48:47.010]   info   [GS]       Skipped 9 duplicate messages..
[21:48:47.010]   info   [GS]       Phase 'WAIT_FOR_INIT' is marked DONE locally.
[21:48:48.046]   info   [GS]       Skipped 9 duplicate messages..
[21:48:48.046]   info   [GS]       Phase 'WAIT_FOR_INIT' is marked DONE locally.
[21:48:49.077]   info   [GS]       Skipped 9 duplicate messages..
[21:48:49.077]   info   [GS]       Phase 'WAIT_FOR_INIT' is marked DONE locally.
[21:48:50.112]   info   [GS]       Skipped 9 duplicate messages..
[21:48:50.112]   info   [GS]       Phase 'WAIT_FOR_INIT' is marked DONE locally.
[21:48:51.150]   info   [GS]       Skipped 9 duplicate messages..
[21:48:51.150]   info   [GS]       Phase 'WAIT_FOR_INIT' is marked DONE locally.
[21:48:52.189]   info   [GS]       Skipped 9 duplicate messages..
[21:48:52.189]   info   [GS]       Phase 'WAIT_FOR_INIT' is marked DONE locally.
[21:48:53.228]   info   [GS]       Skipped 9 duplicate messages..
[21:48:53.228]   info   [GS]       Phase 'WAIT_FOR_INIT' is marked DONE locally.
[21:48:54.258]   info   [GS]       Skipped 9 duplicate messages..
[21:48:54.258]   info   [GS]       Phase 'WAIT_FOR_INIT' is marked DONE locally.
[21:48:55.294]   info   [GS]       Skipped 9 duplicate messages..
[21:48:55.294]   info   [GS]       Phase 'WAIT_FOR_INIT' is marked DONE locally.
[21:48:56.333]   info   [GS]       Skipped 9 duplicate messages..
[21:48:56.333]   info   [GS]       Phase 'WAIT_FOR_INIT' is marked DONE locally.
[21:48:57.367]   info   [GS]       Skipped 9 duplicate messages..
[21:48:57.367]   info   [GS]       Phase 'WAIT_FOR_INIT' is marked DONE locally.
[21:48:58.402]   info   [GS]       Skipped 9 duplicate messages..
[21:48:58.402]   info   [GS]       Phase 'WAIT_FOR_INIT' is marked DONE locally.
[21:48:59.447]   info   [GS]       Skipped 9 duplicate messages..
[21:48:59.447]   info   [GS]       Phase 'WAIT_FOR_INIT' is marked DONE locally.
[21:49:00.484]   info   [GS]       Skipped 9 duplicate messages..
[21:49:00.484]   info   [GS]       Phase 'WAIT_FOR_INIT' is marked DONE locally.
[21:49:01.516]   info   [GS]       Skipped 9 duplicate messages..
[21:49:01.516]   info   [GS]       Phase 'WAIT_FOR_INIT' is marked DONE locally.
[21:49:02.554]   info   [GS]       Skipped 9 duplicate messages..
[21:49:02.554]   info   [GS]       Phase 'WAIT_FOR_INIT' is marked DONE locally.
[21:49:03.591]   info   [GS]       Skipped 9 duplicate messages..
[21:49:03.591]   info   [GS]       Phase 'WAIT_FOR_INIT' is marked DONE locally.
[21:49:04.623]   info   [GS]       Skipped 9 duplicate messages..
[21:49:04.623]   info   [GS]       Phase 'WAIT_FOR_INIT' is marked DONE locally.
[21:49:05.657]   info   [GS]       Skipped 9 duplicate messages..
[21:49:05.657]   info   [GS]       Phase 'WAIT_FOR_INIT' is marked DONE locally.
[21:49:06.699]   info   [GS]       Skipped 9 duplicate messages..
[21:49:06.699]   info   [GS]       Phase 'WAIT_FOR_INIT' is marked DONE locally.
[21:49:07.739]   info   [GS]       Skipped 9 duplicate messages..
[21:49:07.739]   info   [GS]       Phase 'WAIT_FOR_INIT' is marked DONE locally.
[21:49:08.775]   info   [GS]       Skipped 9 duplicate messages..
[21:49:08.775]   info   [GS]       Phase 'WAIT_FOR_INIT' is marked DONE locally.
[21:49:09.810]   info   [GS]       Skipped 9 duplicate messages..
[21:49:09.810]   info   [GS]       Phase 'WAIT_FOR_INIT' is marked DONE locally.
[21:49:10.852]   info   [GS]       Skipped 9 duplicate messages..
[21:49:10.852]   info   [GS]       Phase 'WAIT_FOR_INIT' is marked DONE locally.
[21:49:11.889]   info   [GS]       Skipped 9 duplicate messages..
[21:49:11.888]   info   [GS]       Phase 'WAIT_FOR_INIT' is marked DONE locally.
[21:49:12.933]   info   [GS]       Skipped 9 duplicate messages..
[21:49:12.933]   info   [GS]       Phase 'WAIT_FOR_INIT' is marked DONE locally.
[21:49:13.977]   info   [GS]       Skipped 9 duplicate messages..
[21:49:13.977]   info   [GS]       Phase 'WAIT_FOR_INIT' is marked DONE locally.
[21:49:15.011]   info   [GS]       Skipped 9 duplicate messages..
[21:49:15.011]   info   [GS]       Phase 'WAIT_FOR_INIT' is marked DONE locally.
[21:49:16.051]   info   [GS]       Skipped 9 duplicate messages..
[21:49:16.051]   info   [GS]       Phase 'WAIT_FOR_INIT' is marked DONE locally.
[21:49:17.079]   info   [GS]       Skipped 9 duplicate messages..
[21:49:17.079]   info   [GS]       Phase 'WAIT_FOR_INIT' is marked DONE locally.
[21:49:18.114]   info   [GS]       Skipped 9 duplicate messages..
[21:49:18.114]   info   [GS]       Phase 'WAIT_FOR_INIT' is marked DONE locally.
[21:49:19.139]   info   [GS]       Skipped 9 duplicate messages..
[21:49:19.139]   info   [GS]       Phase 'WAIT_FOR_INIT' is marked DONE locally.
[21:49:20.164]   info   [GS]       Skipped 9 duplicate messages..
[21:49:20.164]   info   [GS]       Phase 'WAIT_FOR_INIT' is marked DONE locally.
[21:49:21.196]   info   [GS]       Skipped 9 duplicate messages..
[21:49:21.196]   info   [GS]       Phase 'WAIT_FOR_INIT' is marked DONE locally.
[21:49:22.226]   info   [GS]       Skipped 9 duplicate messages..
[21:49:22.226]   info   [GS]       Phase 'WAIT_FOR_INIT' is marked DONE locally.
[21:49:23.259]   info   [GS]       Skipped 9 duplicate messages..
[21:49:23.259]   info   [GS]       Phase 'WAIT_FOR_INIT' is marked DONE locally.
[21:49:24.286]   info   [GS]       Skipped 9 duplicate messages..
[21:49:24.286]   info   [GS]       Phase 'WAIT_FOR_INIT' is marked DONE locally.
[21:49:25.326]   info   [GS]       Skipped 9 duplicate messages..
[21:49:25.326]   info   [GS]       Phase 'WAIT_FOR_INIT' is marked DONE locally.
[21:49:26.357]   info   [GS]       Skipped 9 duplicate messages..
[21:49:26.357]   info   [GS]       Phase 'WAIT_FOR_INIT' is marked DONE locally.
[21:49:27.396]   info   [GS]       Skipped 9 duplicate messages..
[21:49:27.396]   info   [GS]       Phase 'WAIT_FOR_INIT' is marked DONE locally.
[21:49:28.432]   info   [GS]       Skipped 9 duplicate messages..
[21:49:28.432]   info   [GS]       Phase 'WAIT_FOR_INIT' is marked DONE locally.
[21:49:29.465]   info   [GS]       Skipped 9 duplicate messages..
[21:49:29.465]   info   [GS]       Phase 'WAIT_FOR_INIT' is marked DONE locally.
[21:49:30.505]   info   [GS]       Skipped 9 duplicate messages..
[21:49:30.505]   info   [GS]       Phase 'WAIT_FOR_INIT' is marked DONE locally.
[21:49:31.532]   info   [GS]       Skipped 9 duplicate messages..
[21:49:31.532]   info   [GS]       Phase 'WAIT_FOR_INIT' is marked DONE locally.
[21:49:32.568]   info   [GS]       Skipped 9 duplicate messages..
[21:49:32.568]   info   [GS]       Phase 'WAIT_FOR_INIT' is marked DONE locally.
[21:49:33.599]   info   [GS]       Skipped 9 duplicate messages..
[21:49:33.599]   info   [GS]       Phase 'WAIT_FOR_INIT' is marked DONE locally.
[21:49:34.636]   info   [GS]       Skipped 9 duplicate messages..
[21:49:34.636]   info   [GS]       Phase 'WAIT_FOR_INIT' is marked DONE locally.
[21:49:35.676]   info   [GS]       Skipped 9 duplicate messages..
[21:49:35.676]   info   [GS]       Phase 'WAIT_FOR_INIT' is marked DONE locally.
[21:49:36.716]   info   [GS]       Skipped 9 duplicate messages..
[21:49:36.716]   info   [GS]       Phase 'WAIT_FOR_INIT' is marked DONE locally.
[21:49:37.749]   info   [GS]       Skipped 9 duplicate messages..
[21:49:37.749]   info   [GS]       Phase 'WAIT_FOR_INIT' is marked DONE locally.
[21:49:38.788]   info   [GS]       Skipped 9 duplicate messages..
[21:49:38.788]   info   [GS]       Phase 'WAIT_FOR_INIT' is marked DONE locally.
[21:49:39.824]   info   [GS]       Skipped 9 duplicate messages..
[21:49:39.824]   info   [GS]       Phase 'WAIT_FOR_INIT' is marked DONE locally.
[21:49:40.858]   info   [GS]       Skipped 9 duplicate messages..
[21:49:40.858]   info   [GS]       Phase 'WAIT_FOR_INIT' is marked DONE locally.
[21:49:41.895]   info   [GS]       Skipped 9 duplicate messages..
[21:49:41.895]   info   [GS]       Phase 'WAIT_FOR_INIT' is marked DONE locally.
[21:49:42.928]   info   [GS]       Skipped 9 duplicate messages..
[21:49:42.928]   info   [GS]       Phase 'WAIT_FOR_INIT' is marked DONE locally.
[21:49:43.963]   info   [GS]       Skipped 9 duplicate messages..
[21:49:43.963]   info   [GS]       Phase 'WAIT_FOR_INIT' is marked DONE locally.
[21:49:45.003]   info   [GS]       Skipped 9 duplicate messages..
[21:49:45.003]   info   [GS]       Phase 'WAIT_FOR_INIT' is marked DONE locally.
[21:49:46.044]   info   [GS]       Skipped 9 duplicate messages..
[21:49:46.044]   info   [GS]       Phase 'WAIT_FOR_INIT' is marked DONE locally.
[21:49:47.083]   info   [GS]       Skipped 9 duplicate messages..
[21:49:47.083]   info   [GS]       Phase 'WAIT_FOR_INIT' is marked DONE locally.
[21:49:48.117]   info   [GS]       Skipped 9 duplicate messages..
[21:49:48.117]   info   [GS]       Phase 'WAIT_FOR_INIT' is marked DONE locally.
[21:49:49.160]   info   [GS]       Skipped 9 duplicate messages..
[21:49:49.159]   info   [GS]       Phase 'WAIT_FOR_INIT' is marked DONE locally.
[21:49:50.199]   info   [GS]       Skipped 9 duplicate messages..
[21:49:50.199]   info   [GS]       Phase 'WAIT_FOR_INIT' is marked DONE locally.
[21:49:51.234]   info   [GS]       Skipped 9 duplicate messages..
[21:49:51.234]   info   [GS]       Phase 'WAIT_FOR_INIT' is marked DONE locally.
[21:49:52.274]   info   [GS]       Skipped 9 duplicate messages..
[21:49:52.274]   info   [GS]       Phase 'WAIT_FOR_INIT' is marked DONE locally.
[21:49:53.309]   info   [GS]       Skipped 9 duplicate messages..
[21:49:53.308]   info   [GS]       Phase 'WAIT_FOR_INIT' is marked DONE locally.
[21:49:54.348]   info   [GS]       Skipped 9 duplicate messages..
[21:49:54.348]   info   [GS]       Phase 'WAIT_FOR_INIT' is marked DONE locally.
[21:49:55.389]   info   [GS]       Skipped 9 duplicate messages..
[21:49:55.389]   info   [GS]       Phase 'WAIT_FOR_INIT' is marked DONE locally.
[21:49:56.423]   info   [GS]       Skipped 9 duplicate messages..
[21:49:56.423]   info   [GS]       Phase 'WAIT_FOR_INIT' is marked DONE locally.
[21:49:57.452]   info   [GS]       Skipped 9 duplicate messages..
[21:49:57.452]   info   [GS]       Phase 'WAIT_FOR_INIT' is marked DONE locally.
[21:49:58.487]   info   [GS]       Skipped 9 duplicate messages..
[21:49:58.487]   info   [GS]       Phase 'WAIT_FOR_INIT' is marked DONE locally.
[21:49:59.529]   info   [GS]       Skipped 9 duplicate messages..
[21:49:59.529]   info   [GS]       Phase 'WAIT_FOR_INIT' is marked DONE locally.
[21:50:00.565]   info   [GS]       Skipped 9 duplicate messages..
[21:50:00.565]   info   [GS]       Phase 'WAIT_FOR_INIT' is marked DONE locally.
[21:50:01.606]   info   [GS]       Skipped 9 duplicate messages..
[21:50:01.606]   info   [GS]       Phase 'WAIT_FOR_INIT' is marked DONE locally.
[21:50:02.646]   info   [GS]       Skipped 9 duplicate messages..
[21:50:02.646]   info   [GS]       Phase 'WAIT_FOR_INIT' is marked DONE locally.
[21:50:03.682]   info   [GS]       Skipped 9 duplicate messages..
[21:50:03.682]   info   [GS]       Phase 'WAIT_FOR_INIT' is marked DONE locally.
[21:50:04.709]   info   [GS]       Skipped 9 duplicate messages..
[21:50:04.709]   info   [GS]       Phase 'WAIT_FOR_INIT' is marked DONE locally.
[21:50:05.740]   info   [GS]       Skipped 9 duplicate messages..
[21:50:05.740]   info   [GS]       Phase 'WAIT_FOR_INIT' is marked DONE locally.
[21:50:06.775]   info   [GS]       Skipped 9 duplicate messages..
[21:50:06.775]   info   [GS]       Phase 'WAIT_FOR_INIT' is marked DONE locally.
[21:50:07.818]   info   [GS]       Skipped 9 duplicate messages..
[21:50:07.818]   info   [GS]       Phase 'WAIT_FOR_INIT' is marked DONE locally.
[21:50:08.856]   info   [GS]       Skipped 9 duplicate messages..
[21:50:08.856]   info   [GS]       Phase 'WAIT_FOR_INIT' is marked DONE locally.
[21:50:09.896]   info   [GS]       Skipped 9 duplicate messages..
[21:50:09.896]   info   [GS]       Phase 'WAIT_FOR_INIT' is marked DONE locally.
[21:50:10.933]   info   [GS]       Skipped 9 duplicate messages..
[21:50:10.932]   info   [GS]       Phase 'WAIT_FOR_INIT' is marked DONE locally.
[21:50:11.978]   info   [GS]       Skipped 9 duplicate messages..
[21:50:11.978]   info   [GS]       Phase 'WAIT_FOR_INIT' is marked DONE locally.
[21:50:13.012]   info   [GS]       Skipped 9 duplicate messages..
[21:50:13.012]   info   [GS]       Phase 'WAIT_FOR_INIT' is marked DONE locally.
[21:50:14.053]   info   [GS]       Skipped 9 duplicate messages..
[21:50:14.053]   info   [GS]       Phase 'WAIT_FOR_INIT' is marked DONE locally.
[21:50:15.089]   info   [GS]       Skipped 9 duplicate messages..
[21:50:15.089]   info   [GS]       Phase 'WAIT_FOR_INIT' is marked DONE locally.
[21:50:16.123]   info   [GS]       Skipped 9 duplicate messages..
[21:50:16.123]   info   [GS]       Phase 'WAIT_FOR_INIT' is marked DONE locally.
[21:50:17.169]   info   [GS]       Skipped 9 duplicate messages..
[21:50:17.169]   info   [GS]       Phase 'WAIT_FOR_INIT' is marked DONE locally.
[21:50:18.211]   info   [GS]       Skipped 9 duplicate messages..
[21:50:18.211]   info   [GS]       Phase 'WAIT_FOR_INIT' is marked DONE locally.
[21:50:19.248]   info   [GS]       Skipped 9 duplicate messages..
[21:50:19.248]   info   [GS]       Phase 'WAIT_FOR_INIT' is marked DONE locally.
[21:50:20.290]   info   [GS]       Skipped 9 duplicate messages..
[21:50:20.290]   info   [GS]       Phase 'WAIT_FOR_INIT' is marked DONE locally.
[21:50:21.329]   info   [GS]       Skipped 9 duplicate messages..
[21:50:21.329]   info   [GS]       Phase 'WAIT_FOR_INIT' is marked DONE locally.
[21:50:22.367]   info   [GS]       Skipped 9 duplicate messages..
[21:50:22.367]   info   [GS]       Phase 'WAIT_FOR_INIT' is marked DONE locally.
[21:50:23.405]   info   [GS]       Skipped 9 duplicate messages..
[21:50:23.405]   info   [GS]       Phase 'WAIT_FOR_INIT' is marked DONE locally.
[21:50:24.443]   info   [GS]       Skipped 9 duplicate messages..
[21:50:24.443]   info   [GS]       Phase 'WAIT_FOR_INIT' is marked DONE locally.
[21:50:25.473]   info   [GS]       Skipped 9 duplicate messages..
[21:50:25.473]   info   [GS]       Phase 'WAIT_FOR_INIT' is marked DONE locally.
[21:50:26.499]   info   [GS]       Skipped 9 duplicate messages..
[21:50:26.499]   info   [GS]       Phase 'WAIT_FOR_INIT' is marked DONE locally.
[21:50:27.529]   info   [GS]       Skipped 9 duplicate messages..
[21:50:27.529]   info   [GS]       Phase 'WAIT_FOR_INIT' is marked DONE locally.
[21:50:28.566]   info   [GS]       Skipped 9 duplicate messages..
[21:50:28.566]   info   [GS]       Phase 'WAIT_FOR_INIT' is marked DONE locally.
[21:50:29.606]   info   [GS]       Skipped 9 duplicate messages..
[21:50:29.606]   info   [GS]       Phase 'WAIT_FOR_INIT' is marked DONE locally.
[21:50:30.651]   info   [GS]       Skipped 9 duplicate messages..
[21:50:30.651]   info   [GS]       Phase 'WAIT_FOR_INIT' is marked DONE locally.
[21:50:31.693]   info   [GS]       Skipped 9 duplicate messages..
[21:50:31.693]   info   [GS]       Phase 'WAIT_FOR_INIT' is marked DONE locally.
[21:50:32.738]   info   [GS]       Skipped 9 duplicate messages..
[21:50:32.738]   info   [GS]       Phase 'WAIT_FOR_INIT' is marked DONE locally.
[21:50:33.776]   info   [GS]       Skipped 9 duplicate messages..
[21:50:33.776]   info   [GS]       Phase 'WAIT_FOR_INIT' is marked DONE locally.
[21:50:34.822]   info   [GS]       Skipped 9 duplicate messages..
[21:50:34.822]   info   [GS]       Phase 'WAIT_FOR_INIT' is marked DONE locally.
[21:50:35.858]   info   [GS]       Skipped 9 duplicate messages..
[21:50:35.858]   info   [GS]       Phase 'WAIT_FOR_INIT' is marked DONE locally.
[21:50:36.891]   info   [GS]       Skipped 9 duplicate messages..
[21:50:36.891]   info   [GS]       Phase 'WAIT_FOR_INIT' is marked DONE locally.
[21:50:37.931]   info   [GS]       Skipped 9 duplicate messages..
[21:50:37.931]   info   [GS]       Phase 'WAIT_FOR_INIT' is marked DONE locally.
[21:50:38.969]   info   [GS]       Skipped 9 duplicate messages..
[21:50:38.969]   info   [GS]       Phase 'WAIT_FOR_INIT' is marked DONE locally.
[21:50:40.000]   info   [GS]       Skipped 9 duplicate messages..
[21:50:40.000]   info   [GS]       Phase 'WAIT_FOR_INIT' is marked DONE locally.
[21:50:41.034]   info   [GS]       Skipped 9 duplicate messages..
[21:50:41.034]   info   [GS]       Phase 'WAIT_FOR_INIT' is marked DONE locally.
[21:50:42.071]   info   [GS]       Skipped 9 duplicate messages..
[21:50:42.071]   info   [GS]       Phase 'WAIT_FOR_INIT' is marked DONE locally.
[21:50:43.100]   info   [GS]       Skipped 9 duplicate messages..
[21:50:43.100]   info   [GS]       Phase 'WAIT_FOR_INIT' is marked DONE locally.
[21:50:44.134]   info   [GS]       Skipped 9 duplicate messages..
[21:50:44.134]   info   [GS]       Phase 'WAIT_FOR_INIT' is marked DONE locally.
[21:50:45.167]   info   [GS]       Skipped 9 duplicate messages..
[21:50:45.167]   info   [GS]       Phase 'WAIT_FOR_INIT' is marked DONE locally.
[21:50:46.199]   info   [GS]       Skipped 9 duplicate messages..
[21:50:46.199]   info   [GS]       Phase 'WAIT_FOR_INIT' is marked DONE locally.
[21:50:47.238]   info   [GS]       Skipped 9 duplicate messages..
[21:50:47.238]   info   [GS]       Phase 'WAIT_FOR_INIT' is marked DONE locally.
[21:50:48.269]   info   [GS]       Skipped 9 duplicate messages..
[21:50:48.269]   info   [GS]       Phase 'WAIT_FOR_INIT' is marked DONE locally.
[21:50:49.306]   info   [GS]       Skipped 9 duplicate messages..
[21:50:49.306]   info   [GS]       Phase 'WAIT_FOR_INIT' is marked DONE locally.
[21:50:50.338]   info   [GS]       Skipped 9 duplicate messages..
[21:50:50.338]   info   [GS]       Phase 'WAIT_FOR_INIT' is marked DONE locally.
[21:50:51.375]   info   [GS]       Skipped 9 duplicate messages..
[21:50:51.375]   info   [GS]       Phase 'WAIT_FOR_INIT' is marked DONE locally.
[21:50:52.411]   info   [GS]       Skipped 9 duplicate messages..
[21:50:52.411]   info   [GS]       Phase 'WAIT_FOR_INIT' is marked DONE locally.
[21:50:53.450]   info   [GS]       Skipped 9 duplicate messages..
[21:50:53.450]   info   [GS]       Phase 'WAIT_FOR_INIT' is marked DONE locally.
[21:50:54.484]   info   [GS]       Skipped 9 duplicate messages..
[21:50:54.484]   info   [GS]       Phase 'WAIT_FOR_INIT' is marked DONE locally.
[21:50:55.522]   info   [GS]       Skipped 9 duplicate messages..
[21:50:55.522]   info   [GS]       Phase 'WAIT_FOR_INIT' is marked DONE locally.
[21:50:56.556]   info   [GS]       Skipped 9 duplicate messages..
[21:50:56.556]   info   [GS]       Phase 'WAIT_FOR_INIT' is marked DONE locally.
[21:50:57.589]   info   [GS]       Skipped 9 duplicate messages..
[21:50:57.589]   info   [GS]       Phase 'WAIT_FOR_INIT' is marked DONE locally.
[21:50:58.633]   info   [GS]       Skipped 9 duplicate messages..
[21:50:58.633]   info   [GS]       Phase 'WAIT_FOR_INIT' is marked DONE locally.
[21:50:59.676]   info   [GS]       Skipped 9 duplicate messages..
[21:50:59.676]   info   [GS]       Phase 'WAIT_FOR_INIT' is marked DONE locally.
[21:51:00.715]   info   [GS]       Skipped 9 duplicate messages..
[21:51:00.714]   info   [GS]       Phase 'WAIT_FOR_INIT' is marked DONE locally.
[21:51:01.757]   info   [GS]       Skipped 9 duplicate messages..
[21:51:01.757]   info   [GS]       Phase 'WAIT_FOR_INIT' is marked DONE locally.
[21:51:02.788]   info   [GS]       Skipped 9 duplicate messages..
[21:51:02.788]   info   [GS]       Phase 'WAIT_FOR_INIT' is marked DONE locally.
[21:51:03.829]   info   [GS]       Skipped 9 duplicate messages..
[21:51:03.829]   info   [GS]       Phase 'WAIT_FOR_INIT' is marked DONE locally.
[21:51:04.869]   info   [GS]       Skipped 9 duplicate messages..
[21:51:04.869]   info   [GS]       Phase 'WAIT_FOR_INIT' is marked DONE locally.
[21:51:05.912]   info   [GS]       Skipped 9 duplicate messages..
[21:51:05.912]   info   [GS]       Phase 'WAIT_FOR_INIT' is marked DONE locally.
[21:51:06.956]   info   [GS]       Skipped 9 duplicate messages..
[21:51:06.956]   info   [GS]       Phase 'WAIT_FOR_INIT' is marked DONE locally.
[21:51:07.992]   info   [GS]       Skipped 9 duplicate messages..
[21:51:07.992]   info   [GS]       Phase 'WAIT_FOR_INIT' is marked DONE locally.
[21:51:09.026]   info   [GS]       Skipped 9 duplicate messages..
[21:51:09.026]   info   [GS]       Phase 'WAIT_FOR_INIT' is marked DONE locally.
[21:51:10.073]   info   [GS]       Skipped 9 duplicate messages..
[21:51:10.073]   info   [GS]       Phase 'WAIT_FOR_INIT' is marked DONE locally.
[21:51:11.115]   info   [GS]       Skipped 9 duplicate messages..
[21:51:11.115]   info   [GS]       Phase 'WAIT_FOR_INIT' is marked DONE locally.
[21:51:12.154]   info   [GS]       Skipped 9 duplicate messages..
[21:51:12.154]   info   [GS]       Phase 'WAIT_FOR_INIT' is marked DONE locally.
[21:51:13.198]   info   [GS]       Skipped 9 duplicate messages..
[21:51:13.198]   info   [GS]       Phase 'WAIT_FOR_INIT' is marked DONE locally.
[21:51:14.239]   info   [GS]       Skipped 9 duplicate messages..
[21:51:14.239]   info   [GS]       Phase 'WAIT_FOR_INIT' is marked DONE locally.
[21:51:15.280]   info   [GS]       Skipped 9 duplicate messages..
[21:51:15.280]   info   [GS]       Phase 'WAIT_FOR_INIT' is marked DONE locally.
[21:51:16.317]   info   [GS]       Skipped 9 duplicate messages..
[21:51:16.317]   info   [GS]       Phase 'WAIT_FOR_INIT' is marked DONE locally.
[21:51:17.354]   info   [GS]       Skipped 9 duplicate messages..
[21:51:17.354]   info   [GS]       Phase 'WAIT_FOR_INIT' is marked DONE locally.
[21:51:18.386]   info   [GS]       Skipped 9 duplicate messages..
[21:51:18.386]   info   [GS]       Phase 'WAIT_FOR_INIT' is marked DONE locally.
[21:51:19.421]   info   [GS]       Skipped 9 duplicate messages..
[21:51:19.421]   info   [GS]       Phase 'WAIT_FOR_INIT' is marked DONE locally.
[21:51:20.461]   info   [GS]       Skipped 9 duplicate messages..
[21:51:20.461]   info   [GS]       Phase 'WAIT_FOR_INIT' is marked DONE locally.
[21:51:21.496]   info   [GS]       Skipped 9 duplicate messages..
[21:51:21.496]   info   [GS]       Phase 'WAIT_FOR_INIT' is marked DONE locally.
[21:51:22.539]   info   [GS]       Skipped 9 duplicate messages..
[21:51:22.539]   info   [GS]       Phase 'WAIT_FOR_INIT' is marked DONE locally.
[21:51:23.576]   info   [GS]       Skipped 9 duplicate messages..
[21:51:23.576]   info   [GS]       Phase 'WAIT_FOR_INIT' is marked DONE locally.
[21:51:24.616]   info   [GS]       Skipped 9 duplicate messages..
[21:51:24.616]   info   [GS]       Phase 'WAIT_FOR_INIT' is marked DONE locally.
[21:51:25.656]   info   [GS]       Skipped 9 duplicate messages..
[21:51:25.656]   info   [GS]       Phase 'WAIT_FOR_INIT' is marked DONE locally.
[21:51:26.688]   info   [GS]       Skipped 9 duplicate messages..
[21:51:26.688]   info   [GS]       Phase 'WAIT_FOR_INIT' is marked DONE locally.
[21:51:27.729]   info   [GS]       Skipped 9 duplicate messages..
[21:51:27.729]   info   [GS]       Phase 'WAIT_FOR_INIT' is marked DONE locally.
[21:51:28.767]   info   [GS]       Skipped 9 duplicate messages..
[21:51:28.767]   info   [GS]       Phase 'WAIT_FOR_INIT' is marked DONE locally.
[21:51:29.804]   info   [GS]       Skipped 9 duplicate messages..
[21:51:29.804]   info   [GS]       Phase 'WAIT_FOR_INIT' is marked DONE locally.
[21:51:30.842]   info   [GS]       Skipped 9 duplicate messages..
[21:51:30.842]   info   [GS]       Phase 'WAIT_FOR_INIT' is marked DONE locally.
[21:51:31.882]   info   [GS]       Skipped 9 duplicate messages..
[21:51:31.882]   info   [GS]       Phase 'WAIT_FOR_INIT' is marked DONE locally.
[21:51:32.916]   info   [GS]       Skipped 9 duplicate messages..
[21:51:32.916]   info   [GS]       Phase 'WAIT_FOR_INIT' is marked DONE locally.
[21:51:33.964]   info   [GS]       Skipped 9 duplicate messages..
[21:51:33.964]   info   [GS]       Phase 'WAIT_FOR_INIT' is marked DONE locally.
[21:51:35.006]   info   [GS]       Skipped 9 duplicate messages..
[21:51:35.006]   info   [GS]       Phase 'WAIT_FOR_INIT' is marked DONE locally.
[21:51:36.044]   info   [GS]       Skipped 9 duplicate messages..
[21:51:36.044]   info   [GS]       Phase 'WAIT_FOR_INIT' is marked DONE locally.
[21:51:37.081]   info   [GS]       Skipped 9 duplicate messages..
[21:51:37.081]   info   [GS]       Phase 'WAIT_FOR_INIT' is marked DONE locally.
[21:51:38.120]   info   [GS]       Skipped 9 duplicate messages..
[21:51:38.120]   info   [GS]       Phase 'WAIT_FOR_INIT' is marked DONE locally.
[21:51:39.168]   info   [GS]       Skipped 9 duplicate messages..
[21:51:39.168]   info   [GS]       Phase 'WAIT_FOR_INIT' is marked DONE locally.
[21:51:40.214]   info   [GS]       Skipped 9 duplicate messages..
[21:51:40.214]   info   [GS]       Phase 'WAIT_FOR_INIT' is marked DONE locally.
[21:51:41.255]   info   [GS]       Skipped 9 duplicate messages..
[21:51:41.255]   info   [GS]       Phase 'WAIT_FOR_INIT' is marked DONE locally.
[21:51:42.300]   info   [GS]       Skipped 9 duplicate messages..
[21:51:42.299]   info   [GS]       Phase 'WAIT_FOR_INIT' is marked DONE locally.
[21:51:43.339]   info   [GS]       Skipped 9 duplicate messages..
[21:51:43.339]   info   [GS]       Phase 'WAIT_FOR_INIT' is marked DONE locally.
[21:51:44.371]   info   [GS]       Skipped 9 duplicate messages..
[21:51:44.371]   info   [GS]       Phase 'WAIT_FOR_INIT' is marked DONE locally.
[21:51:45.405]   info   [GS]       Skipped 9 duplicate messages..
[21:51:45.405]   info   [GS]       Phase 'WAIT_FOR_INIT' is marked DONE locally.
[21:51:46.446]   info   [GS]       Skipped 9 duplicate messages..
[21:51:46.446]   info   [GS]       Phase 'WAIT_FOR_INIT' is marked DONE locally.
[21:51:47.486]   info   [GS]       Skipped 9 duplicate messages..
[21:51:47.486]   info   [GS]       Phase 'WAIT_FOR_INIT' is marked DONE locally.
[21:51:48.518]   info   [GS]       Skipped 9 duplicate messages..
[21:51:48.518]   info   [GS]       Phase 'WAIT_FOR_INIT' is marked DONE locally.
[21:51:49.559]   info   [GS]       Skipped 9 duplicate messages..
[21:51:49.559]   info   [GS]       Phase 'WAIT_FOR_INIT' is marked DONE locally.
[21:51:50.590]   info   [GS]       Skipped 9 duplicate messages..
[21:51:50.590]   info   [GS]       Phase 'WAIT_FOR_INIT' is marked DONE locally.
[21:51:51.632]   info   [GS]       Skipped 9 duplicate messages..
[21:51:51.632]   info   [GS]       Phase 'WAIT_FOR_INIT' is marked DONE locally.
[21:51:52.670]   info   [GS]       Skipped 9 duplicate messages..
[21:51:52.670]   info   [GS]       Phase 'WAIT_FOR_INIT' is marked DONE locally.
[21:51:53.707]   info   [GS]       Skipped 9 duplicate messages..
[21:51:53.707]   info   [GS]       Phase 'WAIT_FOR_INIT' is marked DONE locally.
[21:51:54.742]   info   [GS]       Skipped 9 duplicate messages..
[21:51:54.742]   info   [GS]       Phase 'WAIT_FOR_INIT' is marked DONE locally.
[21:51:55.779]   info   [GS]       Skipped 9 duplicate messages..
[21:51:55.779]   info   [GS]       Phase 'WAIT_FOR_INIT' is marked DONE locally.
[21:51:56.819]   info   [GS]       Skipped 9 duplicate messages..
[21:51:56.819]   info   [GS]       Phase 'WAIT_FOR_INIT' is marked DONE locally.
[21:51:57.860]   info   [GS]       Skipped 9 duplicate messages..
[21:51:57.860]   info   [GS]       Phase 'WAIT_FOR_INIT' is marked DONE locally.
[21:51:58.897]   info   [GS]       Skipped 9 duplicate messages..
[21:51:58.897]   info   [GS]       Phase 'WAIT_FOR_INIT' is marked DONE locally.
[21:51:59.938]   info   [GS]       Skipped 9 duplicate messages..
[21:51:59.938]   info   [GS]       Phase 'WAIT_FOR_INIT' is marked DONE locally.
[21:52:00.968]   info   [GS]       Skipped 9 duplicate messages..
[21:52:00.968]   info   [GS]       Phase 'WAIT_FOR_INIT' is marked DONE locally.
[21:52:01.999]   info   [GS]       Skipped 9 duplicate messages..
[21:52:01.999]   info   [GS]       Phase 'WAIT_FOR_INIT' is marked DONE locally.
[21:52:03.034]   info   [GS]       Skipped 9 duplicate messages..
[21:52:03.034]   info   [GS]       Phase 'WAIT_FOR_INIT' is marked DONE locally.
[21:52:04.080]   info   [GS]       Skipped 9 duplicate messages..
[21:52:04.080]   info   [GS]       Phase 'WAIT_FOR_INIT' is marked DONE locally.
[21:52:05.118]   info   [GS]       Skipped 9 duplicate messages..
[21:52:05.118]   info   [GS]       Phase 'WAIT_FOR_INIT' is marked DONE locally.
[21:52:06.153]   info   [GS]       Skipped 9 duplicate messages..
[21:52:06.153]   info   [GS]       Phase 'WAIT_FOR_INIT' is marked DONE locally.
[21:52:07.191]   info   [GS]       Skipped 9 duplicate messages..
[21:52:07.191]   info   [GS]       Phase 'WAIT_FOR_INIT' is marked DONE locally.
[21:52:08.218]   info   [GS]       Skipped 9 duplicate messages..
[21:52:08.218]   info   [GS]       Phase 'WAIT_FOR_INIT' is marked DONE locally.
[21:52:09.243]   info   [GS]       Skipped 9 duplicate messages..
[21:52:09.243]   info   [GS]       Phase 'WAIT_FOR_INIT' is marked DONE locally.
[21:52:10.277]   info   [GS]       Skipped 9 duplicate messages..
[21:52:10.277]   info   [GS]       Phase 'WAIT_FOR_INIT' is marked DONE locally.
[21:52:11.313]   info   [GS]       Skipped 9 duplicate messages..
[21:52:11.313]   info   [GS]       Phase 'WAIT_FOR_INIT' is marked DONE locally.
[21:52:12.349]   info   [GS]       Skipped 9 duplicate messages..
[21:52:12.349]   info   [GS]       Phase 'WAIT_FOR_INIT' is marked DONE locally.
[21:52:13.389]   info   [GS]       Skipped 9 duplicate messages..
[21:52:13.389]   info   [GS]       Phase 'WAIT_FOR_INIT' is marked DONE locally.
[21:52:14.427]   info   [GS]       Skipped 9 duplicate messages..
[21:52:14.427]   info   [GS]       Phase 'WAIT_FOR_INIT' is marked DONE locally.
[21:52:15.465]   info   [GS]       Skipped 9 duplicate messages..
[21:52:15.465]   info   [GS]       Phase 'WAIT_FOR_INIT' is marked DONE locally.
[21:52:16.509]   info   [GS]       Skipped 9 duplicate messages..
[21:52:16.509]   info   [GS]       Phase 'WAIT_FOR_INIT' is marked DONE locally.
[21:52:17.542]   info   [GS]       Skipped 9 duplicate messages..
[21:52:17.542]   info   [GS]       Phase 'WAIT_FOR_INIT' is marked DONE locally.
[21:52:18.577]   info   [GS]       Skipped 9 duplicate messages..
[21:52:18.577]   info   [GS]       Phase 'WAIT_FOR_INIT' is marked DONE locally.
[21:52:19.609]   info   [GS]       Skipped 9 duplicate messages..
[21:52:19.609]   info   [GS]       Phase 'WAIT_FOR_INIT' is marked DONE locally.
[21:52:20.650]   info   [GS]       Skipped 9 duplicate messages..
[21:52:20.650]   info   [GS]       Phase 'WAIT_FOR_INIT' is marked DONE locally.
[21:52:21.685]   info   [GS]       Skipped 9 duplicate messages..
[21:52:21.685]   info   [GS]       Phase 'WAIT_FOR_INIT' is marked DONE locally.
[21:52:22.724]   info   [GS]       Skipped 9 duplicate messages..
[21:52:22.724]   info   [GS]       Phase 'WAIT_FOR_INIT' is marked DONE locally.
[21:52:23.761]   info   [GS]       Skipped 9 duplicate messages..
[21:52:23.761]   info   [GS]       Phase 'WAIT_FOR_INIT' is marked DONE locally.
[21:52:24.799]   info   [GS]       Skipped 9 duplicate messages..
[21:52:24.799]   info   [GS]       Phase 'WAIT_FOR_INIT' is marked DONE locally.
[21:52:25.840]   info   [GS]       Skipped 9 duplicate messages..
[21:52:25.840]   info   [GS]       Phase 'WAIT_FOR_INIT' is marked DONE locally.
[21:52:26.878]   info   [GS]       Skipped 9 duplicate messages..
[21:52:26.878]   info   [GS]       Phase 'WAIT_FOR_INIT' is marked DONE locally.
[21:52:27.928]   info   [GS]       Skipped 9 duplicate messages..
[21:52:27.928]   info   [GS]       Phase 'WAIT_FOR_INIT' is marked DONE locally.
[21:52:28.971]   info   [GS]       Skipped 9 duplicate messages..
[21:52:28.971]   info   [GS]       Phase 'WAIT_FOR_INIT' is marked DONE locally.
[21:52:30.017]   info   [GS]       Skipped 9 duplicate messages..
[21:52:30.017]   info   [GS]       Phase 'WAIT_FOR_INIT' is marked DONE locally.
[21:52:31.051]   info   [GS]       Skipped 9 duplicate messages..
[21:52:31.051]   info   [GS]       Phase 'WAIT_FOR_INIT' is marked DONE locally.
[21:52:32.092]   info   [GS]       Skipped 9 duplicate messages..
[21:52:32.092]   info   [GS]       Phase 'WAIT_FOR_INIT' is marked DONE locally.
[21:52:33.128]   info   [GS]       Skipped 9 duplicate messages..
[21:52:33.128]   info   [GS]       Phase 'WAIT_FOR_INIT' is marked DONE locally.
[21:52:34.169]   info   [GS]       Skipped 9 duplicate messages..
[21:52:34.168]   info   [GS]       Phase 'WAIT_FOR_INIT' is marked DONE locally.
[21:52:35.205]   info   [GS]       Skipped 9 duplicate messages..
[21:52:35.205]   info   [GS]       Phase 'WAIT_FOR_INIT' is marked DONE locally.
[21:52:36.238]   info   [GS]       Skipped 9 duplicate messages..
[21:52:36.238]   info   [GS]       Phase 'WAIT_FOR_INIT' is marked DONE locally.
[21:52:37.273]   info   [GS]       Skipped 9 duplicate messages..
[21:52:37.273]   info   [GS]       Phase 'WAIT_FOR_INIT' is marked DONE locally.
[21:52:38.312]   info   [GS]       Skipped 9 duplicate messages..
[21:52:38.312]   info   [GS]       Phase 'WAIT_FOR_INIT' is marked DONE locally.
[21:52:39.350]   info   [GS]       Skipped 9 duplicate messages..
[21:52:39.350]   info   [GS]       Phase 'WAIT_FOR_INIT' is marked DONE locally.
[21:52:40.385]   info   [GS]       Skipped 9 duplicate messages..
[21:52:40.385]   info   [GS]       Phase 'WAIT_FOR_INIT' is marked DONE locally.
[21:52:41.406]   info   [GS]       Skipped 9 duplicate messages..
[21:52:41.406]   info   [GS]       Phase 'WAIT_FOR_INIT' is marked DONE locally.
[21:52:42.446]   info   [GS]       Skipped 9 duplicate messages..
[21:52:42.446]   info   [GS]       Phase 'WAIT_FOR_INIT' is marked DONE locally.
[21:52:43.474]   info   [GS]       Skipped 9 duplicate messages..
[21:52:43.474]   info   [GS]       Phase 'WAIT_FOR_INIT' is marked DONE locally.
[21:52:44.511]   info   [GS]       Skipped 9 duplicate messages..
[21:52:44.511]   info   [GS]       Phase 'WAIT_FOR_INIT' is marked DONE locally.
[21:52:45.548]   info   [GS]       Skipped 9 duplicate messages..
[21:52:45.548]   info   [GS]       Phase 'WAIT_FOR_INIT' is marked DONE locally.
[21:52:46.586]   info   [GS]       Skipped 9 duplicate messages..
[21:52:46.586]   info   [GS]       Phase 'WAIT_FOR_INIT' is marked DONE locally.
[21:52:47.618]   info   [GS]       Skipped 9 duplicate messages..
[21:52:47.618]   info   [GS]       Phase 'WAIT_FOR_INIT' is marked DONE locally.
[21:52:48.657]   info   [GS]       Skipped 9 duplicate messages..
[21:52:48.657]   info   [GS]       Phase 'WAIT_FOR_INIT' is marked DONE locally.
[21:52:49.688]   info   [GS]       Skipped 9 duplicate messages..
[21:52:49.688]   info   [GS]       Phase 'WAIT_FOR_INIT' is marked DONE locally.
[21:52:50.724]   info   [GS]       Skipped 9 duplicate messages..
[21:52:50.724]   info   [GS]       Phase 'WAIT_FOR_INIT' is marked DONE locally.
[21:52:51.761]   info   [GS]       Skipped 9 duplicate messages..
[21:52:51.761]   info   [GS]       Phase 'WAIT_FOR_INIT' is marked DONE locally.
[21:52:52.786]   info   [GS]       Skipped 9 duplicate messages..
[21:52:52.786]   info   [GS]       Phase 'WAIT_FOR_INIT' is marked DONE locally.
[21:52:53.820]   info   [GS]       Skipped 9 duplicate messages..
[21:52:53.820]   info   [GS]       Phase 'WAIT_FOR_INIT' is marked DONE locally.
[21:52:54.859]   info   [GS]       Skipped 9 duplicate messages..
[21:52:54.859]   info   [GS]       Phase 'WAIT_FOR_INIT' is marked DONE locally.
[21:52:55.892]   info   [GS]       Skipped 9 duplicate messages..
[21:52:55.892]   info   [GS]       Phase 'WAIT_FOR_INIT' is marked DONE locally.
[21:52:56.922]   info   [GS]       Skipped 9 duplicate messages..
[21:52:56.922]   info   [GS]       Phase 'WAIT_FOR_INIT' is marked DONE locally.
[21:52:57.964]   info   [GS]       Skipped 9 duplicate messages..
[21:52:57.964]   info   [GS]       Phase 'WAIT_FOR_INIT' is marked DONE locally.
[21:52:58.993]   info   [GS]       Skipped 9 duplicate messages..
[21:52:58.993]   info   [GS]       Phase 'WAIT_FOR_INIT' is marked DONE locally.
[21:53:00.021]   info   [GS]       Skipped 9 duplicate messages..
[21:53:00.021]   info   [GS]       Phase 'WAIT_FOR_INIT' is marked DONE locally.
[21:53:01.052]   info   [GS]       Skipped 9 duplicate messages..
[21:53:01.051]   info   [GS]       Phase 'WAIT_FOR_INIT' is marked DONE locally.
[21:53:02.084]   info   [GS]       Skipped 9 duplicate messages..
[21:53:02.084]   info   [GS]       Phase 'WAIT_FOR_INIT' is marked DONE locally.
[21:53:03.115]   info   [GS]       Skipped 9 duplicate messages..
[21:53:03.115]   info   [GS]       Phase 'WAIT_FOR_INIT' is marked DONE locally.
[21:53:04.157]   info   [GS]       Skipped 9 duplicate messages..
[21:53:04.157]   info   [GS]       Phase 'WAIT_FOR_INIT' is marked DONE locally.
[21:53:05.193]   info   [GS]       Skipped 9 duplicate messages..
[21:53:05.193]   info   [GS]       Phase 'WAIT_FOR_INIT' is marked DONE locally.
[21:53:06.228]   info   [GS]       Skipped 9 duplicate messages..
[21:53:06.228]   info   [GS]       Phase 'WAIT_FOR_INIT' is marked DONE locally.
[21:53:07.267]   info   [GS]       Skipped 9 duplicate messages..
[21:53:07.266]   info   [GS]       Phase 'WAIT_FOR_INIT' is marked DONE locally.
[21:53:08.304]   info   [GS]       Skipped 9 duplicate messages..
[21:53:08.304]   info   [GS]       Phase 'WAIT_FOR_INIT' is marked DONE locally.
[21:53:09.351]   info   [GS]       Skipped 9 duplicate messages..
[21:53:09.351]   info   [GS]       Phase 'WAIT_FOR_INIT' is marked DONE locally.
[21:53:10.388]   info   [GS]       Skipped 9 duplicate messages..
[21:53:10.388]   info   [GS]       Phase 'WAIT_FOR_INIT' is marked DONE locally.
[21:53:11.423]   info   [GS]       Skipped 9 duplicate messages..
[21:53:11.423]   info   [GS]       Phase 'WAIT_FOR_INIT' is marked DONE locally.
[21:53:12.461]   info   [GS]       Skipped 9 duplicate messages..
[21:53:12.461]   info   [GS]       Phase 'WAIT_FOR_INIT' is marked DONE locally.
[21:53:13.495]   info   [GS]       Skipped 9 duplicate messages..
[21:53:13.495]   info   [GS]       Phase 'WAIT_FOR_INIT' is marked DONE locally.
[21:53:14.532]   info   [GS]       Skipped 9 duplicate messages..
[21:53:14.532]   info   [GS]       Phase 'WAIT_FOR_INIT' is marked DONE locally.
[21:53:15.569]   info   [GS]       Skipped 9 duplicate messages..
[21:53:15.569]   info   [GS]       Phase 'WAIT_FOR_INIT' is marked DONE locally.
[21:53:16.607]   info   [GS]       Skipped 9 duplicate messages..
[21:53:16.607]   info   [GS]       Phase 'WAIT_FOR_INIT' is marked DONE locally.
[21:53:17.639]   info   [GS]       Skipped 9 duplicate messages..
[21:53:17.639]   info   [GS]       Phase 'WAIT_FOR_INIT' is marked DONE locally.
[21:53:18.678]   info   [GS]       Skipped 9 duplicate messages..
[21:53:18.678]   info   [GS]       Phase 'WAIT_FOR_INIT' is marked DONE locally.
[21:53:19.707]   info   [GS]       Skipped 9 duplicate messages..
[21:53:19.707]   info   [GS]       Phase 'WAIT_FOR_INIT' is marked DONE locally.
[21:53:20.743]   info   [GS]       Skipped 9 duplicate messages..
[21:53:20.743]   info   [GS]       Phase 'WAIT_FOR_INIT' is marked DONE locally.
[21:53:21.779]   info   [GS]       Skipped 9 duplicate messages..
[21:53:21.779]   info   [GS]       Phase 'WAIT_FOR_INIT' is marked DONE locally.
[21:53:22.821]   info   [GS]       Skipped 9 duplicate messages..
[21:53:22.821]   info   [GS]       Phase 'WAIT_FOR_INIT' is marked DONE locally.
[21:53:23.857]   info   [GS]       Skipped 9 duplicate messages..
[21:53:23.857]   info   [GS]       Phase 'WAIT_FOR_INIT' is marked DONE locally.
[21:53:24.893]   info   [GS]       Skipped 9 duplicate messages..
[21:53:24.893]   info   [GS]       Phase 'WAIT_FOR_INIT' is marked DONE locally.
[21:53:25.930]   info   [GS]       Skipped 9 duplicate messages..
[21:53:25.930]   info   [GS]       Phase 'WAIT_FOR_INIT' is marked DONE locally.
[21:53:26.959]   info   [GS]       Skipped 9 duplicate messages..
[21:53:26.959]   info   [GS]       Phase 'WAIT_FOR_INIT' is marked DONE locally.
[21:53:27.990]   info   [GS]       Skipped 9 duplicate messages..
[21:53:27.990]   info   [GS]       Phase 'WAIT_FOR_INIT' is marked DONE locally.
[21:53:29.029]   info   [GS]       Skipped 9 duplicate messages..
[21:53:29.029]   info   [GS]       Phase 'WAIT_FOR_INIT' is marked DONE locally.
[21:53:30.066]   info   [GS]       Skipped 9 duplicate messages..
[21:53:30.066]   info   [GS]       Phase 'WAIT_FOR_INIT' is marked DONE locally.
[21:53:31.107]   info   [GS]       Skipped 9 duplicate messages..
[21:53:31.107]   info   [GS]       Phase 'WAIT_FOR_INIT' is marked DONE locally.
[21:53:32.141]   info   [GS]       Skipped 9 duplicate messages..
[21:53:32.141]   info   [GS]       Phase 'WAIT_FOR_INIT' is marked DONE locally.
[21:53:33.178]   info   [GS]       Skipped 9 duplicate messages..
[21:53:33.178]   info   [GS]       Phase 'WAIT_FOR_INIT' is marked DONE locally.
[21:53:34.210]   info   [GS]       Skipped 9 duplicate messages..
[21:53:34.210]   info   [GS]       Phase 'WAIT_FOR_INIT' is marked DONE locally.
[21:53:35.249]   info   [GS]       Skipped 9 duplicate messages..
[21:53:35.249]   info   [GS]       Phase 'WAIT_FOR_INIT' is marked DONE locally.
[21:53:36.289]   info   [GS]       Skipped 9 duplicate messages..
[21:53:36.288]   info   [GS]       Phase 'WAIT_FOR_INIT' is marked DONE locally.
[21:53:37.326]   info   [GS]       Skipped 9 duplicate messages..
[21:53:37.326]   info   [GS]       Phase 'WAIT_FOR_INIT' is marked DONE locally.
[21:53:38.363]   info   [GS]       Skipped 9 duplicate messages..
[21:53:38.363]   info   [GS]       Phase 'WAIT_FOR_INIT' is marked DONE locally.
[21:53:39.405]   info   [GS]       Skipped 9 duplicate messages..
[21:53:39.405]   info   [GS]       Phase 'WAIT_FOR_INIT' is marked DONE locally.
[21:53:40.442]   info   [GS]       Skipped 9 duplicate messages..
[21:53:40.442]   info   [GS]       Phase 'WAIT_FOR_INIT' is marked DONE locally.
[21:53:41.473]   info   [GS]       Skipped 9 duplicate messages..
[21:53:41.473]   info   [GS]       Phase 'WAIT_FOR_INIT' is marked DONE locally.
[21:53:42.509]   info   [GS]       Skipped 9 duplicate messages..
[21:53:42.509]   info   [GS]       Phase 'WAIT_FOR_INIT' is marked DONE locally.
[21:53:43.545]   info   [GS]       Skipped 9 duplicate messages..
[21:53:43.545]   info   [GS]       Phase 'WAIT_FOR_INIT' is marked DONE locally.
[21:53:44.577]   info   [GS]       Skipped 9 duplicate messages..
[21:53:44.577]   info   [GS]       Phase 'WAIT_FOR_INIT' is marked DONE locally.
[21:53:45.615]   info   [GS]       Skipped 9 duplicate messages..
[21:53:45.615]   info   [GS]       Phase 'WAIT_FOR_INIT' is marked DONE locally.
[21:53:46.653]   info   [GS]       Skipped 9 duplicate messages..
[21:53:46.653]   info   [GS]       Phase 'WAIT_FOR_INIT' is marked DONE locally.
[21:53:47.697]   info   [GS]       Skipped 9 duplicate messages..
[21:53:47.697]   info   [GS]       Phase 'WAIT_FOR_INIT' is marked DONE locally.
[21:53:48.737]   info   [GS]       Skipped 9 duplicate messages..
[21:53:48.737]   info   [GS]       Phase 'WAIT_FOR_INIT' is marked DONE locally.
[21:53:49.772]   info   [GS]       Skipped 9 duplicate messages..
[21:53:49.772]   info   [GS]       Phase 'WAIT_FOR_INIT' is marked DONE locally.
[21:53:50.816]   info   [GS]       Skipped 9 duplicate messages..
[21:53:50.816]   info   [GS]       Phase 'WAIT_FOR_INIT' is marked DONE locally.
[21:53:51.859]   info   [GS]       Skipped 9 duplicate messages..
[21:53:51.859]   info   [GS]       Phase 'WAIT_FOR_INIT' is marked DONE locally.
[21:53:52.897]   info   [GS]       Skipped 9 duplicate messages..
[21:53:52.897]   info   [GS]       Phase 'WAIT_FOR_INIT' is marked DONE locally.
[21:53:53.943]   info   [GS]       Skipped 9 duplicate messages..
[21:53:53.943]   info   [GS]       Phase 'WAIT_FOR_INIT' is marked DONE locally.
[21:53:54.990]   info   [GS]       Skipped 9 duplicate messages..
[21:53:54.990]   info   [GS]       Phase 'WAIT_FOR_INIT' is marked DONE locally.
[21:53:56.034]   info   [GS]       Skipped 9 duplicate messages..
[21:53:56.034]   info   [GS]       Phase 'WAIT_FOR_INIT' is marked DONE locally.
[21:53:57.073]   info   [GS]       Skipped 9 duplicate messages..
[21:53:57.073]   info   [GS]       Phase 'WAIT_FOR_INIT' is marked DONE locally.
[21:53:58.110]   info   [GS]       Skipped 9 duplicate messages..
[21:53:58.110]   info   [GS]       Phase 'WAIT_FOR_INIT' is marked DONE locally.
[21:53:59.146]   info   [GS]       Skipped 9 duplicate messages..
[21:53:59.146]   info   [GS]       Phase 'WAIT_FOR_INIT' is marked DONE locally.
[21:54:00.188]   info   [GS]       Skipped 9 duplicate messages..
[21:54:00.188]   info   [GS]       Phase 'WAIT_FOR_INIT' is marked DONE locally.
[21:54:01.223]   info   [GS]       Skipped 9 duplicate messages..
[21:54:01.223]   info   [GS]       Phase 'WAIT_FOR_INIT' is marked DONE locally.
[21:54:02.264]   info   [GS]       Skipped 9 duplicate messages..
[21:54:02.263]   info   [GS]       Phase 'WAIT_FOR_INIT' is marked DONE locally.
[21:54:03.307]   info   [GS]       Skipped 9 duplicate messages..
[21:54:03.307]   info   [GS]       Phase 'WAIT_FOR_INIT' is marked DONE locally.
[21:54:04.346]   info   [GS]       Skipped 9 duplicate messages..
[21:54:04.346]   info   [GS]       Phase 'WAIT_FOR_INIT' is marked DONE locally.
[21:54:05.381]   info   [GS]       Skipped 9 duplicate messages..
[21:54:05.381]   info   [GS]       Phase 'WAIT_FOR_INIT' is marked DONE locally.
[21:54:06.414]   info   [GS]       Skipped 9 duplicate messages..
[21:54:06.414]   info   [GS]       Phase 'WAIT_FOR_INIT' is marked DONE locally.
[21:54:07.448]   info   [GS]       Skipped 9 duplicate messages..
[21:54:07.448]   info   [GS]       Phase 'WAIT_FOR_INIT' is marked DONE locally.
[21:54:08.487]   info   [GS]       Skipped 9 duplicate messages..
[21:54:08.487]   info   [GS]       Phase 'WAIT_FOR_INIT' is marked DONE locally.
[21:54:09.541]   info   [GS]       Skipped 9 duplicate messages..
[21:54:09.541]   info   [GS]       Phase 'WAIT_FOR_INIT' is marked DONE locally.
[21:54:10.584]   info   [GS]       Skipped 9 duplicate messages..
[21:54:10.584]   info   [GS]       Phase 'WAIT_FOR_INIT' is marked DONE locally.
[21:54:11.627]   info   [GS]       Skipped 9 duplicate messages..
[21:54:11.627]   info   [GS]       Phase 'WAIT_FOR_INIT' is marked DONE locally.
[21:54:12.662]   info   [GS]       Skipped 9 duplicate messages..
[21:54:12.662]   info   [GS]       Phase 'WAIT_FOR_INIT' is marked DONE locally.
[21:54:13.708]   info   [GS]       Skipped 9 duplicate messages..
[21:54:13.708]   info   [GS]       Phase 'WAIT_FOR_INIT' is marked DONE locally.
[21:54:14.745]   info   [GS]       Skipped 9 duplicate messages..
[21:54:14.745]   info   [GS]       Phase 'WAIT_FOR_INIT' is marked DONE locally.
[21:54:15.781]   info   [GS]       Skipped 9 duplicate messages..
[21:54:15.781]   info   [GS]       Phase 'WAIT_FOR_INIT' is marked DONE locally.
[21:54:16.825]   info   [GS]       Skipped 9 duplicate messages..
[21:54:16.825]   info   [GS]       Phase 'WAIT_FOR_INIT' is marked DONE locally.
[21:54:17.859]   info   [GS]       Skipped 9 duplicate messages..
[21:54:17.859]   info   [GS]       Phase 'WAIT_FOR_INIT' is marked DONE locally.
[21:54:18.900]   info   [GS]       Skipped 9 duplicate messages..
[21:54:18.900]   info   [GS]       Phase 'WAIT_FOR_INIT' is marked DONE locally.
[21:54:19.931]   info   [GS]       Skipped 9 duplicate messages..
[21:54:19.931]   info   [GS]       Phase 'WAIT_FOR_INIT' is marked DONE locally.
[21:54:20.960]   info   [GS]       Skipped 9 duplicate messages..
[21:54:20.960]   info   [GS]       Phase 'WAIT_FOR_INIT' is marked DONE locally.
[21:54:22.004]   info   [GS]       Skipped 9 duplicate messages..
[21:54:22.004]   info   [GS]       Phase 'WAIT_FOR_INIT' is marked DONE locally.
[21:54:23.031]   info   [GS]       Skipped 9 duplicate messages..
[21:54:23.031]   info   [GS]       Phase 'WAIT_FOR_INIT' is marked DONE locally.
[21:54:24.062]   info   [GS]       Skipped 9 duplicate messages..
[21:54:24.062]   info   [GS]       Phase 'WAIT_FOR_INIT' is marked DONE locally.
[21:54:25.097]   info   [GS]       Skipped 9 duplicate messages..
[21:54:25.097]   info   [GS]       Phase 'WAIT_FOR_INIT' is marked DONE locally.
[21:54:26.134]   info   [GS]       Skipped 9 duplicate messages..
[21:54:26.134]   info   [GS]       Phase 'WAIT_FOR_INIT' is marked DONE locally.
[21:54:27.165]   info   [GS]       Skipped 9 duplicate messages..
[21:54:27.165]   info   [GS]       Phase 'WAIT_FOR_INIT' is marked DONE locally.
[21:54:28.198]   info   [GS]       Skipped 9 duplicate messages..
[21:54:28.198]   info   [GS]       Phase 'WAIT_FOR_INIT' is marked DONE locally.
[21:54:29.241]   info   [GS]       Skipped 9 duplicate messages..
[21:54:29.241]   info   [GS]       Phase 'WAIT_FOR_INIT' is marked DONE locally.
[21:54:30.280]   info   [GS]       Skipped 9 duplicate messages..
[21:54:30.280]   info   [GS]       Phase 'WAIT_FOR_INIT' is marked DONE locally.
[21:54:31.312]   info   [GS]       Skipped 9 duplicate messages..
[21:54:31.312]   info   [GS]       Phase 'WAIT_FOR_INIT' is marked DONE locally.
[21:54:32.348]   info   [GS]       Skipped 9 duplicate messages..
[21:54:32.348]   info   [GS]       Phase 'WAIT_FOR_INIT' is marked DONE locally.
[21:54:33.389]   info   [GS]       Skipped 9 duplicate messages..
[21:54:33.388]   info   [GS]       Phase 'WAIT_FOR_INIT' is marked DONE locally.
[21:54:34.422]   info   [GS]       Skipped 9 duplicate messages..
[21:54:34.422]   info   [GS]       Phase 'WAIT_FOR_INIT' is marked DONE locally.
[21:54:35.463]   info   [GS]       Skipped 9 duplicate messages..
[21:54:35.463]   info   [GS]       Phase 'WAIT_FOR_INIT' is marked DONE locally.
[21:54:36.496]   info   [GS]       Skipped 9 duplicate messages..
[21:54:36.496]   info   [GS]       Phase 'WAIT_FOR_INIT' is marked DONE locally.
[21:54:37.533]   info   [GS]       Skipped 9 duplicate messages..
[21:54:37.533]   info   [GS]       Phase 'WAIT_FOR_INIT' is marked DONE locally.
[21:54:38.569]   info   [GS]       Skipped 9 duplicate messages..
[21:54:38.569]   info   [GS]       Phase 'WAIT_FOR_INIT' is marked DONE locally.
[21:54:39.607]   info   [GS]       Skipped 9 duplicate messages..
[21:54:39.607]   info   [GS]       Phase 'WAIT_FOR_INIT' is marked DONE locally.
[21:54:40.642]   info   [GS]       Skipped 9 duplicate messages..
[21:54:40.642]   info   [GS]       Phase 'WAIT_FOR_INIT' is marked DONE locally.
[21:54:41.683]   info   [GS]       Skipped 9 duplicate messages..
[21:54:41.683]   info   [GS]       Phase 'WAIT_FOR_INIT' is marked DONE locally.
[21:54:42.719]   info   [GS]       Skipped 9 duplicate messages..
[21:54:42.719]   info   [GS]       Phase 'WAIT_FOR_INIT' is marked DONE locally.
[21:54:43.754]   info   [GS]       Skipped 9 duplicate messages..
[21:54:43.754]   info   [GS]       Phase 'WAIT_FOR_INIT' is marked DONE locally.
[21:54:44.790]   info   [GS]       Skipped 9 duplicate messages..
[21:54:44.790]   info   [GS]       Phase 'WAIT_FOR_INIT' is marked DONE locally.
[21:54:45.819]   info   [GS]       Skipped 9 duplicate messages..
[21:54:45.819]   info   [GS]       Phase 'WAIT_FOR_INIT' is marked DONE locally.
[21:54:46.847]   info   [GS]       Skipped 9 duplicate messages..
[21:54:46.847]   info   [GS]       Phase 'WAIT_FOR_INIT' is marked DONE locally.
[21:54:47.880]   info   [GS]       Skipped 9 duplicate messages..
[21:54:47.880]   info   [GS]       Phase 'WAIT_FOR_INIT' is marked DONE locally.
[21:54:48.908]   info   [GS]       Skipped 9 duplicate messages..
[21:54:48.908]   info   [GS]       Phase 'WAIT_FOR_INIT' is marked DONE locally.
[21:54:49.939]   info   [GS]       Skipped 9 duplicate messages..
[21:54:49.939]   info   [GS]       Phase 'WAIT_FOR_INIT' is marked DONE locally.
[21:54:50.973]   info   [GS]       Skipped 9 duplicate messages..
[21:54:50.973]   info   [GS]       Phase 'WAIT_FOR_INIT' is marked DONE locally.
[21:54:52.016]   info   [GS]       Skipped 9 duplicate messages..
[21:54:52.016]   info   [GS]       Phase 'WAIT_FOR_INIT' is marked DONE locally.
[21:54:53.053]   info   [GS]       Skipped 9 duplicate messages..
[21:54:53.053]   info   [GS]       Phase 'WAIT_FOR_INIT' is marked DONE locally.
[21:54:54.084]   info   [GS]       Skipped 9 duplicate messages..
[21:54:54.084]   info   [GS]       Phase 'WAIT_FOR_INIT' is marked DONE locally.
[21:54:55.122]   info   [GS]       Skipped 9 duplicate messages..
[21:54:55.122]   info   [GS]       Phase 'WAIT_FOR_INIT' is marked DONE locally.
[21:54:56.161]   info   [GS]       Skipped 9 duplicate messages..
[21:54:56.161]   info   [GS]       Phase 'WAIT_FOR_INIT' is marked DONE locally.
[21:54:57.196]   info   [GS]       Skipped 9 duplicate messages..
[21:54:57.196]   info   [GS]       Phase 'WAIT_FOR_INIT' is marked DONE locally.
[21:54:58.230]   info   [GS]       Skipped 9 duplicate messages..
[21:54:58.230]   info   [GS]       Phase 'WAIT_FOR_INIT' is marked DONE locally.
[21:54:59.271]   info   [GS]       Skipped 9 duplicate messages..
[21:54:59.271]   info   [GS]       Phase 'WAIT_FOR_INIT' is marked DONE locally.
[21:55:00.309]   info   [GS]       Skipped 9 duplicate messages..
[21:55:00.309]   info   [GS]       Phase 'WAIT_FOR_INIT' is marked DONE locally.
[21:55:01.350]   info   [GS]       Skipped 9 duplicate messages..
[21:55:01.350]   info   [GS]       Phase 'WAIT_FOR_INIT' is marked DONE locally.
[21:55:02.383]   info   [GS]       Skipped 9 duplicate messages..
[21:55:02.383]   info   [GS]       Phase 'WAIT_FOR_INIT' is marked DONE locally.
[21:55:03.412]   info   [GS]       Skipped 9 duplicate messages..
[21:55:03.412]   info   [GS]       Phase 'WAIT_FOR_INIT' is marked DONE locally.
[21:55:04.452]   info   [GS]       Skipped 9 duplicate messages..
[21:55:04.452]   info   [GS]       Phase 'WAIT_FOR_INIT' is marked DONE locally.
[21:55:05.490]   info   [GS]       Skipped 9 duplicate messages..
[21:55:05.490]   info   [GS]       Phase 'WAIT_FOR_INIT' is marked DONE locally.
[21:55:06.530]   info   [GS]       Skipped 9 duplicate messages..
[21:55:06.530]   info   [GS]       Phase 'WAIT_FOR_INIT' is marked DONE locally.
[21:55:07.576]   info   [GS]       Skipped 9 duplicate messages..
[21:55:07.576]   info   [GS]       Phase 'WAIT_FOR_INIT' is marked DONE locally.
[21:55:08.610]   info   [GS]       Skipped 9 duplicate messages..
[21:55:08.610]   info   [GS]       Phase 'WAIT_FOR_INIT' is marked DONE locally.
[21:55:09.666]   info   [GS]       Skipped 9 duplicate messages..
[21:55:09.666]   info   [GS]       Phase 'WAIT_FOR_INIT' is marked DONE locally.
[21:55:10.696]   info   [GS]       Skipped 9 duplicate messages..
[21:55:10.696]   info   [GS]       Phase 'WAIT_FOR_INIT' is marked DONE locally.
[21:55:11.731]   info   [GS]       Skipped 9 duplicate messages..
[21:55:11.731]   info   [GS]       Phase 'WAIT_FOR_INIT' is marked DONE locally.
[21:55:12.770]   info   [GS]       Skipped 9 duplicate messages..
[21:55:12.770]   info   [GS]       Phase 'WAIT_FOR_INIT' is marked DONE locally.
[21:55:13.809]   info   [GS]       Skipped 9 duplicate messages..
[21:55:13.809]   info   [GS]       Phase 'WAIT_FOR_INIT' is marked DONE locally.
[21:55:14.849]   info   [GS]       Skipped 9 duplicate messages..
[21:55:14.849]   info   [GS]       Phase 'WAIT_FOR_INIT' is marked DONE locally.
[21:55:15.880]   info   [GS]       Skipped 9 duplicate messages..
[21:55:15.880]   info   [GS]       Phase 'WAIT_FOR_INIT' is marked DONE locally.
[21:55:16.920]   info   [GS]       Skipped 9 duplicate messages..
[21:55:16.920]   info   [GS]       Phase 'WAIT_FOR_INIT' is marked DONE locally.
[21:55:17.959]   info   [GS]       Skipped 9 duplicate messages..
[21:55:17.959]   info   [GS]       Phase 'WAIT_FOR_INIT' is marked DONE locally.
[21:55:18.999]   info   [GS]       Skipped 9 duplicate messages..
[21:55:18.999]   info   [GS]       Phase 'WAIT_FOR_INIT' is marked DONE locally.
[21:55:20.037]   info   [GS]       Skipped 9 duplicate messages..
[21:55:20.037]   info   [GS]       Phase 'WAIT_FOR_INIT' is marked DONE locally.
[21:55:21.068]   info   [GS]       Skipped 9 duplicate messages..
[21:55:21.068]   info   [GS]       Phase 'WAIT_FOR_INIT' is marked DONE locally.
[21:55:22.104]   info   [GS]       Skipped 9 duplicate messages..
[21:55:22.104]   info   [GS]       Phase 'WAIT_FOR_INIT' is marked DONE locally.
[21:55:23.144]   info   [GS]       Skipped 9 duplicate messages..
[21:55:23.144]   info   [GS]       Phase 'WAIT_FOR_INIT' is marked DONE locally.
[21:55:24.181]   info   [GS]       Skipped 9 duplicate messages..
[21:55:24.181]   info   [GS]       Phase 'WAIT_FOR_INIT' is marked DONE locally.
[21:55:25.219]   info   [GS]       Skipped 9 duplicate messages..
[21:55:25.219]   info   [GS]       Phase 'WAIT_FOR_INIT' is marked DONE locally.
[21:55:26.256]   info   [GS]       Skipped 9 duplicate messages..
[21:55:26.256]   info   [GS]       Phase 'WAIT_FOR_INIT' is marked DONE locally.
[21:55:27.287]   info   [GS]       Skipped 9 duplicate messages..
[21:55:27.287]   info   [GS]       Phase 'WAIT_FOR_INIT' is marked DONE locally.
[21:55:28.322]   info   [GS]       Skipped 9 duplicate messages..
[21:55:28.322]   info   [GS]       Phase 'WAIT_FOR_INIT' is marked DONE locally.
[21:55:29.369]   info   [GS]       Skipped 9 duplicate messages..
[21:55:29.369]   info   [GS]       Phase 'WAIT_FOR_INIT' is marked DONE locally.
[21:55:30.414]   info   [GS]       Skipped 9 duplicate messages..
[21:55:30.414]   info   [GS]       Phase 'WAIT_FOR_INIT' is marked DONE locally.
[21:55:31.452]   info   [GS]       Skipped 9 duplicate messages..
[21:55:31.452]   info   [GS]       Phase 'WAIT_FOR_INIT' is marked DONE locally.
[21:55:32.497]   info   [GS]       Skipped 9 duplicate messages..
[21:55:32.497]   info   [GS]       Phase 'WAIT_FOR_INIT' is marked DONE locally.
[21:55:33.532]   info   [GS]       Skipped 9 duplicate messages..
[21:55:33.531]   info   [GS]       Phase 'WAIT_FOR_INIT' is marked DONE locally.
[21:55:34.571]   info   [GS]       Skipped 9 duplicate messages..
[21:55:34.571]   info   [GS]       Phase 'WAIT_FOR_INIT' is marked DONE locally.
[21:55:35.607]   info   [GS]       Skipped 9 duplicate messages..
[21:55:35.607]   info   [GS]       Phase 'WAIT_FOR_INIT' is marked DONE locally.
[21:55:36.644]   info   [GS]       Skipped 9 duplicate messages..
[21:55:36.644]   info   [GS]       Phase 'WAIT_FOR_INIT' is marked DONE locally.
[21:55:37.680]   info   [GS]       Skipped 9 duplicate messages..
[21:55:37.680]   info   [GS]       Phase 'WAIT_FOR_INIT' is marked DONE locally.
[21:55:38.722]   info   [GS]       Skipped 9 duplicate messages..
[21:55:38.722]   info   [GS]       Phase 'WAIT_FOR_INIT' is marked DONE locally.
[21:55:39.750]   info   [GS]       Skipped 9 duplicate messages..
[21:55:39.750]   info   [GS]       Phase 'WAIT_FOR_INIT' is marked DONE locally.
[21:55:40.789]   info   [GS]       Skipped 9 duplicate messages..
[21:55:40.789]   info   [GS]       Phase 'WAIT_FOR_INIT' is marked DONE locally.
[21:55:41.825]   info   [GS]       Skipped 9 duplicate messages..
[21:55:41.825]   info   [GS]       Phase 'WAIT_FOR_INIT' is marked DONE locally.
[21:55:42.868]   info   [GS]       Skipped 9 duplicate messages..
[21:55:42.868]   info   [GS]       Phase 'WAIT_FOR_INIT' is marked DONE locally.
[21:55:43.904]   info   [GS]       Skipped 9 duplicate messages..
[21:55:43.904]   info   [GS]       Phase 'WAIT_FOR_INIT' is marked DONE locally.
[21:55:44.938]   info   [GS]       Skipped 9 duplicate messages..
[21:55:44.938]   info   [GS]       Phase 'WAIT_FOR_INIT' is marked DONE locally.
[21:55:45.970]   info   [GS]       Skipped 9 duplicate messages..
[21:55:45.970]   info   [GS]       Phase 'WAIT_FOR_INIT' is marked DONE locally.
[21:55:47.015]   info   [GS]       Skipped 9 duplicate messages..
[21:55:47.014]   info   [GS]       Phase 'WAIT_FOR_INIT' is marked DONE locally.
[21:55:48.046]   info   [GS]       Skipped 9 duplicate messages..
[21:55:48.046]   info   [GS]       Phase 'WAIT_FOR_INIT' is marked DONE locally.
[21:55:49.089]   info   [GS]       Skipped 9 duplicate messages..
[21:55:49.089]   info   [GS]       Phase 'WAIT_FOR_INIT' is marked DONE locally.
[21:55:50.122]   info   [GS]       Skipped 9 duplicate messages..
[21:55:50.122]   info   [GS]       Phase 'WAIT_FOR_INIT' is marked DONE locally.
[21:55:51.152]   info   [GS]       Skipped 9 duplicate messages..
[21:55:51.152]   info   [GS]       Phase 'WAIT_FOR_INIT' is marked DONE locally.
[21:55:52.195]   info   [GS]       Skipped 9 duplicate messages..
[21:55:52.195]   info   [GS]       Phase 'WAIT_FOR_INIT' is marked DONE locally.
[21:55:53.235]   info   [GS]       Skipped 9 duplicate messages..
[21:55:53.235]   info   [GS]       Phase 'WAIT_FOR_INIT' is marked DONE locally.
[21:55:54.280]   info   [GS]       Skipped 9 duplicate messages..
[21:55:54.280]   info   [GS]       Phase 'WAIT_FOR_INIT' is marked DONE locally.
[21:55:55.312]   info   [GS]       Skipped 9 duplicate messages..
[21:55:55.312]   info   [GS]       Phase 'WAIT_FOR_INIT' is marked DONE locally.
[21:55:56.345]   info   [GS]       Skipped 9 duplicate messages..
[21:55:56.345]   info   [GS]       Phase 'WAIT_FOR_INIT' is marked DONE locally.
[21:55:57.380]   info   [GS]       Skipped 9 duplicate messages..
[21:55:57.380]   info   [GS]       Phase 'WAIT_FOR_INIT' is marked DONE locally.
[21:55:58.415]   info   [GS]       Skipped 9 duplicate messages..
[21:55:58.415]   info   [GS]       Phase 'WAIT_FOR_INIT' is marked DONE locally.
[21:55:59.449]   info   [GS]       Skipped 9 duplicate messages..
[21:55:59.449]   info   [GS]       Phase 'WAIT_FOR_INIT' is marked DONE locally.
[21:56:00.486]   info   [GS]       Skipped 9 duplicate messages..
[21:56:00.486]   info   [GS]       Phase 'WAIT_FOR_INIT' is marked DONE locally.
[21:56:01.514]   info   [GS]       Skipped 9 duplicate messages..
[21:56:01.514]   info   [GS]       Phase 'WAIT_FOR_INIT' is marked DONE locally.
[21:56:02.551]   info   [GS]       Skipped 9 duplicate messages..
[21:56:02.551]   info   [GS]       Phase 'WAIT_FOR_INIT' is marked DONE locally.
[21:56:03.592]   info   [GS]       Skipped 9 duplicate messages..
[21:56:03.592]   info   [GS]       Phase 'WAIT_FOR_INIT' is marked DONE locally.
[21:56:04.626]   info   [GS]       Skipped 9 duplicate messages..
[21:56:04.626]   info   [GS]       Phase 'WAIT_FOR_INIT' is marked DONE locally.
[21:56:05.660]   info   [GS]       Skipped 9 duplicate messages..
[21:56:05.660]   info   [GS]       Phase 'WAIT_FOR_INIT' is marked DONE locally.
[21:56:06.697]   info   [GS]       Skipped 9 duplicate messages..
[21:56:06.697]   info   [GS]       Phase 'WAIT_FOR_INIT' is marked DONE locally.
[21:56:07.728]   info   [GS]       Skipped 9 duplicate messages..
[21:56:07.728]   info   [GS]       Phase 'WAIT_FOR_INIT' is marked DONE locally.
[21:56:08.766]   info   [GS]       Skipped 9 duplicate messages..
[21:56:08.766]   info   [GS]       Phase 'WAIT_FOR_INIT' is marked DONE locally.
[21:56:09.799]   info   [GS]       Skipped 9 duplicate messages..
[21:56:09.799]   info   [GS]       Phase 'WAIT_FOR_INIT' is marked DONE locally.
[21:56:10.834]   info   [GS]       Skipped 9 duplicate messages..
[21:56:10.834]   info   [GS]       Phase 'WAIT_FOR_INIT' is marked DONE locally.
[21:56:11.875]   info   [GS]       Skipped 9 duplicate messages..
[21:56:11.875]   info   [GS]       Phase 'WAIT_FOR_INIT' is marked DONE locally.
[21:56:12.913]   info   [GS]       Skipped 9 duplicate messages..
[21:56:12.913]   info   [GS]       Phase 'WAIT_FOR_INIT' is marked DONE locally.
[21:56:13.947]   info   [GS]       Skipped 9 duplicate messages..
[21:56:13.947]   info   [GS]       Phase 'WAIT_FOR_INIT' is marked DONE locally.
[21:56:14.989]   info   [GS]       Skipped 9 duplicate messages..
[21:56:14.989]   info   [GS]       Phase 'WAIT_FOR_INIT' is marked DONE locally.
[21:56:16.029]   info   [GS]       Skipped 9 duplicate messages..
[21:56:16.029]   info   [GS]       Phase 'WAIT_FOR_INIT' is marked DONE locally.
[21:56:17.061]   info   [GS]       Skipped 9 duplicate messages..
[21:56:17.061]   info   [GS]       Phase 'WAIT_FOR_INIT' is marked DONE locally.
[21:56:18.106]   info   [GS]       Skipped 9 duplicate messages..
[21:56:18.106]   info   [GS]       Phase 'WAIT_FOR_INIT' is marked DONE locally.
[21:56:19.151]   info   [GS]       Skipped 9 duplicate messages..
[21:56:19.151]   info   [GS]       Phase 'WAIT_FOR_INIT' is marked DONE locally.
[21:56:20.184]   info   [GS]       Skipped 9 duplicate messages..
[21:56:20.184]   info   [GS]       Phase 'WAIT_FOR_INIT' is marked DONE locally.
[21:56:21.225]   info   [GS]       Skipped 9 duplicate messages..
[21:56:21.225]   info   [GS]       Phase 'WAIT_FOR_INIT' is marked DONE locally.
[21:56:22.263]   info   [GS]       Skipped 9 duplicate messages..
[21:56:22.263]   info   [GS]       Phase 'WAIT_FOR_INIT' is marked DONE locally.
[21:56:23.303]   info   [GS]       Skipped 9 duplicate messages..
[21:56:23.303]   info   [GS]       Phase 'WAIT_FOR_INIT' is marked DONE locally.
[21:56:24.337]   info   [GS]       Skipped 9 duplicate messages..
[21:56:24.337]   info   [GS]       Phase 'WAIT_FOR_INIT' is marked DONE locally.
[21:56:25.372]   info   [GS]       Skipped 9 duplicate messages..
[21:56:25.372]   info   [GS]       Phase 'WAIT_FOR_INIT' is marked DONE locally.
[21:56:26.405]   info   [GS]       Skipped 9 duplicate messages..
[21:56:26.405]   info   [GS]       Phase 'WAIT_FOR_INIT' is marked DONE locally.
[21:56:27.431]   info   [GS]       Skipped 9 duplicate messages..
[21:56:27.431]   info   [GS]       Phase 'WAIT_FOR_INIT' is marked DONE locally.
[21:56:28.474]   info   [GS]       Skipped 9 duplicate messages..
[21:56:28.474]   info   [GS]       Phase 'WAIT_FOR_INIT' is marked DONE locally.
[21:56:29.512]   info   [GS]       Skipped 9 duplicate messages..
[21:56:29.512]   info   [GS]       Phase 'WAIT_FOR_INIT' is marked DONE locally.
[21:56:30.550]   info   [GS]       Skipped 9 duplicate messages..
[21:56:30.549]   info   [GS]       Phase 'WAIT_FOR_INIT' is marked DONE locally.
[21:56:31.591]   info   [GS]       Skipped 9 duplicate messages..
[21:56:31.591]   info   [GS]       Phase 'WAIT_FOR_INIT' is marked DONE locally.
[21:56:32.628]   info   [GS]       Skipped 9 duplicate messages..
[21:56:32.628]   info   [GS]       Phase 'WAIT_FOR_INIT' is marked DONE locally.
[21:56:33.662]   info   [GS]       Skipped 9 duplicate messages..
[21:56:33.662]   info   [GS]       Phase 'WAIT_FOR_INIT' is marked DONE locally.
[21:56:34.693]   info   [GS]       Skipped 9 duplicate messages..
[21:56:34.693]   info   [GS]       Phase 'WAIT_FOR_INIT' is marked DONE locally.
[21:56:35.727]   info   [GS]       Skipped 9 duplicate messages..
[21:56:35.727]   info   [GS]       Phase 'WAIT_FOR_INIT' is marked DONE locally.
[21:56:36.773]   info   [GS]       Skipped 9 duplicate messages..
[21:56:36.773]   info   [GS]       Phase 'WAIT_FOR_INIT' is marked DONE locally.
[21:56:37.808]   info   [GS]       Skipped 9 duplicate messages..
[21:56:37.808]   info   [GS]       Phase 'WAIT_FOR_INIT' is marked DONE locally.
[21:56:38.844]   info   [GS]       Skipped 9 duplicate messages..
[21:56:38.844]   info   [GS]       Phase 'WAIT_FOR_INIT' is marked DONE locally.
[21:56:39.881]   info   [GS]       Skipped 9 duplicate messages..
[21:56:39.881]   info   [GS]       Phase 'WAIT_FOR_INIT' is marked DONE locally.
[21:56:40.916]   info   [GS]       Skipped 9 duplicate messages..
[21:56:40.916]   info   [GS]       Phase 'WAIT_FOR_INIT' is marked DONE locally.
[21:56:41.951]   info   [GS]       Skipped 9 duplicate messages..
[21:56:41.951]   info   [GS]       Phase 'WAIT_FOR_INIT' is marked DONE locally.
[21:56:42.986]   info   [GS]       Skipped 9 duplicate messages..
[21:56:42.986]   info   [GS]       Phase 'WAIT_FOR_INIT' is marked DONE locally.
[21:56:44.024]   info   [GS]       Skipped 9 duplicate messages..
[21:56:44.024]   info   [GS]       Phase 'WAIT_FOR_INIT' is marked DONE locally.
[21:56:45.062]   info   [GS]       Skipped 9 duplicate messages..
[21:56:45.062]   info   [GS]       Phase 'WAIT_FOR_INIT' is marked DONE locally.
[21:56:46.093]   info   [GS]       Skipped 9 duplicate messages..
[21:56:46.093]   info   [GS]       Phase 'WAIT_FOR_INIT' is marked DONE locally.
[21:56:47.126]   info   [GS]       Skipped 9 duplicate messages..
[21:56:47.126]   info   [GS]       Phase 'WAIT_FOR_INIT' is marked DONE locally.
[21:56:48.154]   info   [GS]       Skipped 9 duplicate messages..
[21:56:48.154]   info   [GS]       Phase 'WAIT_FOR_INIT' is marked DONE locally.
[21:56:49.196]   info   [GS]       Skipped 9 duplicate messages..
[21:56:49.196]   info   [GS]       Phase 'WAIT_FOR_INIT' is marked DONE locally.
[21:56:50.235]   info   [GS]       Skipped 9 duplicate messages..
[21:56:50.235]   info   [GS]       Phase 'WAIT_FOR_INIT' is marked DONE locally.
[21:56:51.275]   info   [GS]       Skipped 9 duplicate messages..
[21:56:51.275]   info   [GS]       Phase 'WAIT_FOR_INIT' is marked DONE locally.
[21:56:52.301]   info   [GS]       Skipped 9 duplicate messages..
[21:56:52.301]   info   [GS]       Phase 'WAIT_FOR_INIT' is marked DONE locally.
[21:56:53.338]   info   [GS]       Skipped 9 duplicate messages..
[21:56:53.338]   info   [GS]       Phase 'WAIT_FOR_INIT' is marked DONE locally.
[21:56:54.369]   info   [GS]       Skipped 9 duplicate messages..
[21:56:54.369]   info   [GS]       Phase 'WAIT_FOR_INIT' is marked DONE locally.
[21:56:55.407]   info   [GS]       Skipped 9 duplicate messages..
[21:56:55.407]   info   [GS]       Phase 'WAIT_FOR_INIT' is marked DONE locally.
[21:56:56.448]   info   [GS]       Skipped 9 duplicate messages..
[21:56:56.448]   info   [GS]       Phase 'WAIT_FOR_INIT' is marked DONE locally.
[21:56:57.480]   info   [GS]       Skipped 9 duplicate messages..
[21:56:57.480]   info   [GS]       Phase 'WAIT_FOR_INIT' is marked DONE locally.
[21:56:58.512]   info   [GS]       Skipped 9 duplicate messages..
[21:56:58.511]   info   [GS]       Phase 'WAIT_FOR_INIT' is marked DONE locally.
[21:56:59.547]   info   [GS]       Skipped 9 duplicate messages..
[21:56:59.547]   info   [GS]       Phase 'WAIT_FOR_INIT' is marked DONE locally.
[21:57:00.584]   info   [GS]       Skipped 9 duplicate messages..
[21:57:00.584]   info   [GS]       Phase 'WAIT_FOR_INIT' is marked DONE locally.
[21:57:01.626]   info   [GS]       Skipped 9 duplicate messages..
[21:57:01.626]   info   [GS]       Phase 'WAIT_FOR_INIT' is marked DONE locally.
[21:57:02.653]   info   [GS]       Skipped 9 duplicate messages..
[21:57:02.653]   info   [GS]       Phase 'WAIT_FOR_INIT' is marked DONE locally.
[21:57:03.686]   info   [GS]       Skipped 9 duplicate messages..
[21:57:03.686]   info   [GS]       Phase 'WAIT_FOR_INIT' is marked DONE locally.
[21:57:04.731]   info   [GS]       Skipped 9 duplicate messages..
[21:57:04.731]   info   [GS]       Phase 'WAIT_FOR_INIT' is marked DONE locally.
[21:57:05.763]   info   [GS]       Skipped 9 duplicate messages..
[21:57:05.763]   info   [GS]       Phase 'WAIT_FOR_INIT' is marked DONE locally.
[21:57:06.811]   info   [GS]       Skipped 9 duplicate messages..
[21:57:06.811]   info   [GS]       Phase 'WAIT_FOR_INIT' is marked DONE locally.
[21:57:07.845]   info   [GS]       Skipped 9 duplicate messages..
[21:57:07.844]   info   [GS]       Phase 'WAIT_FOR_INIT' is marked DONE locally.
[21:57:08.879]   info   [GS]       Skipped 9 duplicate messages..
[21:57:08.879]   info   [GS]       Phase 'WAIT_FOR_INIT' is marked DONE locally.
[21:57:09.914]   info   [GS]       Skipped 9 duplicate messages..
[21:57:09.914]   info   [GS]       Phase 'WAIT_FOR_INIT' is marked DONE locally.
[21:57:10.946]   info   [GS]       Skipped 9 duplicate messages..
[21:57:10.946]   info   [GS]       Phase 'WAIT_FOR_INIT' is marked DONE locally.
[21:57:11.986]   info   [GS]       Skipped 9 duplicate messages..
[21:57:11.986]   info   [GS]       Phase 'WAIT_FOR_INIT' is marked DONE locally.
[21:57:13.030]   info   [GS]       Skipped 9 duplicate messages..
[21:57:13.030]   info   [GS]       Phase 'WAIT_FOR_INIT' is marked DONE locally.
[21:57:14.066]   info   [GS]       Skipped 9 duplicate messages..
[21:57:14.066]   info   [GS]       Phase 'WAIT_FOR_INIT' is marked DONE locally.
[21:57:15.104]   info   [GS]       Skipped 9 duplicate messages..
[21:57:15.104]   info   [GS]       Phase 'WAIT_FOR_INIT' is marked DONE locally.
[21:57:16.133]   info   [GS]       Skipped 9 duplicate messages..
[21:57:16.133]   info   [GS]       Phase 'WAIT_FOR_INIT' is marked DONE locally.
[21:57:17.166]   info   [GS]       Skipped 9 duplicate messages..
[21:57:17.166]   info   [GS]       Phase 'WAIT_FOR_INIT' is marked DONE locally.
[21:57:18.211]   info   [GS]       Skipped 9 duplicate messages..
[21:57:18.211]   info   [GS]       Phase 'WAIT_FOR_INIT' is marked DONE locally.
[21:57:19.243]   info   [GS]       Skipped 9 duplicate messages..
[21:57:19.243]   info   [GS]       Phase 'WAIT_FOR_INIT' is marked DONE locally.
[21:57:20.282]   info   [GS]       Skipped 9 duplicate messages..
[21:57:20.282]   info   [GS]       Phase 'WAIT_FOR_INIT' is marked DONE locally.
[21:57:21.326]   info   [GS]       Skipped 9 duplicate messages..
[21:57:21.325]   info   [GS]       Phase 'WAIT_FOR_INIT' is marked DONE locally.
[21:57:22.358]   info   [GS]       Skipped 9 duplicate messages..
[21:57:22.358]   info   [GS]       Phase 'WAIT_FOR_INIT' is marked DONE locally.
[21:57:23.389]   info   [GS]       Skipped 9 duplicate messages..
[21:57:23.389]   info   [GS]       Phase 'WAIT_FOR_INIT' is marked DONE locally.
[21:57:24.430]   info   [GS]       Skipped 9 duplicate messages..
[21:57:24.430]   info   [GS]       Phase 'WAIT_FOR_INIT' is marked DONE locally.
[21:57:25.461]   info   [GS]       Skipped 9 duplicate messages..
[21:57:25.461]   info   [GS]       Phase 'WAIT_FOR_INIT' is marked DONE locally.
[21:57:26.505]   info   [GS]       Skipped 9 duplicate messages..
[21:57:26.505]   info   [GS]       Phase 'WAIT_FOR_INIT' is marked DONE locally.
[21:57:27.539]   info   [GS]       Skipped 9 duplicate messages..
[21:57:27.539]   info   [GS]       Phase 'WAIT_FOR_INIT' is marked DONE locally.
[21:57:28.582]   info   [GS]       Skipped 9 duplicate messages..
[21:57:28.582]   info   [GS]       Phase 'WAIT_FOR_INIT' is marked DONE locally.
[21:57:29.616]   info   [GS]       Skipped 9 duplicate messages..
[21:57:29.616]   info   [GS]       Phase 'WAIT_FOR_INIT' is marked DONE locally.
[21:57:30.647]   info   [GS]       Skipped 9 duplicate messages..
[21:57:30.647]   info   [GS]       Phase 'WAIT_FOR_INIT' is marked DONE locally.
[21:57:31.681]   info   [GS]       Skipped 9 duplicate messages..
[21:57:31.681]   info   [GS]       Phase 'WAIT_FOR_INIT' is marked DONE locally.
[21:57:32.716]   info   [GS]       Skipped 9 duplicate messages..
[21:57:32.716]   info   [GS]       Phase 'WAIT_FOR_INIT' is marked DONE locally.
[21:57:33.753]   info   [GS]       Skipped 9 duplicate messages..
[21:57:33.753]   info   [GS]       Phase 'WAIT_FOR_INIT' is marked DONE locally.
[21:57:34.778]   info   [GS]       Skipped 9 duplicate messages..
[21:57:34.778]   info   [GS]       Phase 'WAIT_FOR_INIT' is marked DONE locally.
[21:57:35.808]   info   [GS]       Skipped 9 duplicate messages..
[21:57:35.808]   info   [GS]       Phase 'WAIT_FOR_INIT' is marked DONE locally.
[21:57:36.845]   info   [GS]       Skipped 9 duplicate messages..
[21:57:36.845]   info   [GS]       Phase 'WAIT_FOR_INIT' is marked DONE locally.
[21:57:37.891]   info   [GS]       Skipped 9 duplicate messages..
[21:57:37.891]   info   [GS]       Phase 'WAIT_FOR_INIT' is marked DONE locally.
[21:57:38.927]   info   [GS]       Skipped 9 duplicate messages..
[21:57:38.927]   info   [GS]       Phase 'WAIT_FOR_INIT' is marked DONE locally.
[21:57:39.967]   info   [GS]       Skipped 9 duplicate messages..
[21:57:39.967]   info   [GS]       Phase 'WAIT_FOR_INIT' is marked DONE locally.
[21:57:40.998]   info   [GS]       Skipped 9 duplicate messages..
[21:57:40.998]   info   [GS]       Phase 'WAIT_FOR_INIT' is marked DONE locally.
[21:57:42.030]   info   [GS]       Skipped 9 duplicate messages..
[21:57:42.030]   info   [GS]       Phase 'WAIT_FOR_INIT' is marked DONE locally.
[21:57:43.061]   info   [GS]       Skipped 9 duplicate messages..
[21:57:43.061]   info   [GS]       Phase 'WAIT_FOR_INIT' is marked DONE locally.
[21:57:44.087]   info   [GS]       Skipped 9 duplicate messages..
[21:57:44.087]   info   [GS]       Phase 'WAIT_FOR_INIT' is marked DONE locally.
[21:57:45.123]   info   [GS]       Skipped 9 duplicate messages..
[21:57:45.123]   info   [GS]       Phase 'WAIT_FOR_INIT' is marked DONE locally.
[21:57:46.148]   info   [GS]       Skipped 9 duplicate messages..
[21:57:46.148]   info   [GS]       Phase 'WAIT_FOR_INIT' is marked DONE locally.
[21:57:47.184]   info   [GS]       Skipped 9 duplicate messages..
[21:57:47.184]   info   [GS]       Phase 'WAIT_FOR_INIT' is marked DONE locally.
[21:57:48.221]   info   [GS]       Skipped 9 duplicate messages..
[21:57:48.221]   info   [GS]       Phase 'WAIT_FOR_INIT' is marked DONE locally.
[21:57:49.254]   info   [GS]       Skipped 9 duplicate messages..
[21:57:49.254]   info   [GS]       Phase 'WAIT_FOR_INIT' is marked DONE locally.
[21:57:50.288]   info   [GS]       Skipped 9 duplicate messages..
[21:57:50.288]   info   [GS]       Phase 'WAIT_FOR_INIT' is marked DONE locally.
[21:57:51.337]   info   [GS]       Skipped 9 duplicate messages..
[21:57:51.337]   info   [GS]       Phase 'WAIT_FOR_INIT' is marked DONE locally.
[21:57:52.385]   info   [GS]       Skipped 9 duplicate messages..
[21:57:52.385]   info   [GS]       Phase 'WAIT_FOR_INIT' is marked DONE locally.
[21:57:53.417]   info   [GS]       Skipped 9 duplicate messages..
[21:57:53.417]   info   [GS]       Phase 'WAIT_FOR_INIT' is marked DONE locally.
[21:57:54.452]   info   [GS]       Skipped 9 duplicate messages..
[21:57:54.452]   info   [GS]       Phase 'WAIT_FOR_INIT' is marked DONE locally.
[21:57:55.482]   info   [GS]       Skipped 9 duplicate messages..
[21:57:55.482]   info   [GS]       Phase 'WAIT_FOR_INIT' is marked DONE locally.
[21:57:56.525]   info   [GS]       Skipped 9 duplicate messages..
[21:57:56.525]   info   [GS]       Phase 'WAIT_FOR_INIT' is marked DONE locally.
[21:57:57.564]   info   [GS]       Skipped 9 duplicate messages..
[21:57:57.564]   info   [GS]       Phase 'WAIT_FOR_INIT' is marked DONE locally.
[21:57:58.590]   info   [GS]       Skipped 9 duplicate messages..
[21:57:58.590]   info   [GS]       Phase 'WAIT_FOR_INIT' is marked DONE locally.
[21:57:59.626]   info   [GS]       Skipped 9 duplicate messages..
[21:57:59.626]   info   [GS]       Phase 'WAIT_FOR_INIT' is marked DONE locally.
[21:58:00.662]   info   [GS]       Skipped 9 duplicate messages..
[21:58:00.662]   info   [GS]       Phase 'WAIT_FOR_INIT' is marked DONE locally.
[21:58:01.695]   info   [GS]       Skipped 9 duplicate messages..
[21:58:01.695]   info   [GS]       Phase 'WAIT_FOR_INIT' is marked DONE locally.
[21:58:02.735]   info   [GS]       Skipped 9 duplicate messages..
[21:58:02.735]   info   [GS]       Phase 'WAIT_FOR_INIT' is marked DONE locally.
[21:58:03.771]   info   [GS]       Skipped 9 duplicate messages..
[21:58:03.771]   info   [GS]       Phase 'WAIT_FOR_INIT' is marked DONE locally.
[21:58:04.804]   info   [GS]       Skipped 9 duplicate messages..
[21:58:04.804]   info   [GS]       Phase 'WAIT_FOR_INIT' is marked DONE locally.
[21:58:05.847]   info   [GS]       Skipped 9 duplicate messages..
[21:58:05.847]   info   [GS]       Phase 'WAIT_FOR_INIT' is marked DONE locally.
[21:58:06.891]   info   [GS]       Skipped 9 duplicate messages..
[21:58:06.891]   info   [GS]       Phase 'WAIT_FOR_INIT' is marked DONE locally.
[21:58:07.935]   info   [GS]       Skipped 9 duplicate messages..
[21:58:07.935]   info   [GS]       Phase 'WAIT_FOR_INIT' is marked DONE locally.
[21:58:08.968]   info   [GS]       Skipped 9 duplicate messages..
[21:58:08.968]   info   [GS]       Phase 'WAIT_FOR_INIT' is marked DONE locally.
[21:58:10.002]   info   [GS]       Skipped 9 duplicate messages..
[21:58:10.002]   info   [GS]       Phase 'WAIT_FOR_INIT' is marked DONE locally.
[21:58:11.051]   info   [GS]       Skipped 9 duplicate messages..
[21:58:11.051]   info   [GS]       Phase 'WAIT_FOR_INIT' is marked DONE locally.
[21:58:12.082]   info   [GS]       Skipped 9 duplicate messages..
[21:58:12.082]   info   [GS]       Phase 'WAIT_FOR_INIT' is marked DONE locally.
[21:58:13.124]   info   [GS]       Skipped 9 duplicate messages..
[21:58:13.124]   info   [GS]       Phase 'WAIT_FOR_INIT' is marked DONE locally.
[21:58:14.166]   info   [GS]       Skipped 9 duplicate messages..
[21:58:14.166]   info   [GS]       Phase 'WAIT_FOR_INIT' is marked DONE locally.
[21:58:15.201]   info   [GS]       Skipped 9 duplicate messages..
[21:58:15.201]   info   [GS]       Phase 'WAIT_FOR_INIT' is marked DONE locally.
[21:58:16.242]   info   [GS]       Skipped 9 duplicate messages..
[21:58:16.242]   info   [GS]       Phase 'WAIT_FOR_INIT' is marked DONE locally.
[21:58:17.289]   info   [GS]       Skipped 9 duplicate messages..
[21:58:17.289]   info   [GS]       Phase 'WAIT_FOR_INIT' is marked DONE locally.
[21:58:18.325]   info   [GS]       Skipped 9 duplicate messages..
[21:58:18.325]   info   [GS]       Phase 'WAIT_FOR_INIT' is marked DONE locally.
[21:58:19.366]   info   [GS]       Skipped 9 duplicate messages..
[21:58:19.366]   info   [GS]       Phase 'WAIT_FOR_INIT' is marked DONE locally.
[21:58:20.405]   info   [GS]       Skipped 9 duplicate messages..
[21:58:20.405]   info   [GS]       Phase 'WAIT_FOR_INIT' is marked DONE locally.
[21:58:21.452]   info   [GS]       Skipped 9 duplicate messages..
[21:58:21.451]   info   [GS]       Phase 'WAIT_FOR_INIT' is marked DONE locally.
[21:58:22.482]   info   [GS]       Skipped 9 duplicate messages..
[21:58:22.482]   info   [GS]       Phase 'WAIT_FOR_INIT' is marked DONE locally.
[21:58:23.513]   info   [GS]       Skipped 9 duplicate messages..
[21:58:23.513]   info   [GS]       Phase 'WAIT_FOR_INIT' is marked DONE locally.
[21:58:24.549]   info   [GS]       Skipped 9 duplicate messages..
[21:58:24.549]   info   [GS]       Phase 'WAIT_FOR_INIT' is marked DONE locally.
[21:58:25.583]   info   [GS]       Skipped 9 duplicate messages..
[21:58:25.583]   info   [GS]       Phase 'WAIT_FOR_INIT' is marked DONE locally.
[21:58:26.614]   info   [GS]       Skipped 9 duplicate messages..
[21:58:26.614]   info   [GS]       Phase 'WAIT_FOR_INIT' is marked DONE locally.
[21:58:27.646]   info   [GS]       Skipped 9 duplicate messages..
[21:58:27.646]   info   [GS]       Phase 'WAIT_FOR_INIT' is marked DONE locally.
[21:58:28.680]   info   [GS]       Skipped 9 duplicate messages..
[21:58:28.680]   info   [GS]       Phase 'WAIT_FOR_INIT' is marked DONE locally.
[21:58:29.712]   info   [GS]       Skipped 9 duplicate messages..
[21:58:29.712]   info   [GS]       Phase 'WAIT_FOR_INIT' is marked DONE locally.
[21:58:30.752]   info   [GS]       Skipped 9 duplicate messages..
[21:58:30.752]   info   [GS]       Phase 'WAIT_FOR_INIT' is marked DONE locally.
[21:58:31.787]   info   [GS]       Skipped 9 duplicate messages..
[21:58:31.787]   info   [GS]       Phase 'WAIT_FOR_INIT' is marked DONE locally.
[21:58:32.823]   info   [GS]       Skipped 9 duplicate messages..
[21:58:32.823]   info   [GS]       Phase 'WAIT_FOR_INIT' is marked DONE locally.
[21:58:33.863]   info   [GS]       Skipped 9 duplicate messages..
[21:58:33.863]   info   [GS]       Phase 'WAIT_FOR_INIT' is marked DONE locally.
[21:58:34.899]   info   [GS]       Skipped 9 duplicate messages..
[21:58:34.899]   info   [GS]       Phase 'WAIT_FOR_INIT' is marked DONE locally.
[21:58:35.938]   info   [GS]       Skipped 9 duplicate messages..
[21:58:35.938]   info   [GS]       Phase 'WAIT_FOR_INIT' is marked DONE locally.
[21:58:36.976]   info   [GS]       Skipped 9 duplicate messages..
[21:58:36.976]   info   [GS]       Phase 'WAIT_FOR_INIT' is marked DONE locally.
[21:58:38.017]   info   [GS]       Skipped 9 duplicate messages..
[21:58:38.017]   info   [GS]       Phase 'WAIT_FOR_INIT' is marked DONE locally.
[21:58:39.054]   info   [GS]       Skipped 9 duplicate messages..
[21:58:39.054]   info   [GS]       Phase 'WAIT_FOR_INIT' is marked DONE locally.
[21:58:40.086]   info   [GS]       Skipped 9 duplicate messages..
[21:58:40.086]   info   [GS]       Phase 'WAIT_FOR_INIT' is marked DONE locally.
[21:58:41.118]   info   [GS]       Skipped 9 duplicate messages..
[21:58:41.118]   info   [GS]       Phase 'WAIT_FOR_INIT' is marked DONE locally.
[21:58:42.158]   info   [GS]       Skipped 9 duplicate messages..
[21:58:42.158]   info   [GS]       Phase 'WAIT_FOR_INIT' is marked DONE locally.
[21:58:43.188]   info   [GS]       Skipped 9 duplicate messages..
[21:58:43.188]   info   [GS]       Phase 'WAIT_FOR_INIT' is marked DONE locally.
[21:58:44.228]   info   [GS]       Skipped 9 duplicate messages..
[21:58:44.228]   info   [GS]       Phase 'WAIT_FOR_INIT' is marked DONE locally.
[21:58:45.259]   info   [GS]       Skipped 9 duplicate messages..
[21:58:45.259]   info   [GS]       Phase 'WAIT_FOR_INIT' is marked DONE locally.
[21:58:46.308]   info   [GS]       Skipped 9 duplicate messages..
[21:58:46.308]   info   [GS]       Phase 'WAIT_FOR_INIT' is marked DONE locally.
[21:58:47.352]   info   [GS]       Skipped 9 duplicate messages..
[21:58:47.352]   info   [GS]       Phase 'WAIT_FOR_INIT' is marked DONE locally.
[21:58:48.393]   info   [GS]       Skipped 9 duplicate messages..
[21:58:48.393]   info   [GS]       Phase 'WAIT_FOR_INIT' is marked DONE locally.
[21:58:49.426]   info   [GS]       Skipped 9 duplicate messages..
[21:58:49.426]   info   [GS]       Phase 'WAIT_FOR_INIT' is marked DONE locally.
[21:58:50.467]   info   [GS]       Skipped 9 duplicate messages..
[21:58:50.467]   info   [GS]       Phase 'WAIT_FOR_INIT' is marked DONE locally.
[21:58:51.508]   info   [GS]       Skipped 9 duplicate messages..
[21:58:51.508]   info   [GS]       Phase 'WAIT_FOR_INIT' is marked DONE locally.
[21:58:52.537]   info   [GS]       Skipped 9 duplicate messages..
[21:58:52.537]   info   [GS]       Phase 'WAIT_FOR_INIT' is marked DONE locally.
[21:58:53.580]   info   [GS]       Skipped 9 duplicate messages..
[21:58:53.580]   info   [GS]       Phase 'WAIT_FOR_INIT' is marked DONE locally.
[21:58:54.620]   info   [GS]       Skipped 9 duplicate messages..
[21:58:54.620]   info   [GS]       Phase 'WAIT_FOR_INIT' is marked DONE locally.
[21:58:55.661]   info   [GS]       Skipped 9 duplicate messages..
[21:58:55.661]   info   [GS]       Phase 'WAIT_FOR_INIT' is marked DONE locally.
[21:58:56.692]   info   [GS]       Skipped 9 duplicate messages..
[21:58:56.692]   info   [GS]       Phase 'WAIT_FOR_INIT' is marked DONE locally.
[21:58:57.732]   info   [GS]       Skipped 9 duplicate messages..
[21:58:57.732]   info   [GS]       Phase 'WAIT_FOR_INIT' is marked DONE locally.
[21:58:58.772]   info   [GS]       Skipped 9 duplicate messages..
[21:58:58.772]   info   [GS]       Phase 'WAIT_FOR_INIT' is marked DONE locally.
[21:58:59.804]   info   [GS]       Skipped 9 duplicate messages..
[21:58:59.804]   info   [GS]       Phase 'WAIT_FOR_INIT' is marked DONE locally.
[21:59:00.847]   info   [GS]       Skipped 9 duplicate messages..
[21:59:00.847]   info   [GS]       Phase 'WAIT_FOR_INIT' is marked DONE locally.
[21:59:01.888]   info   [GS]       Skipped 9 duplicate messages..
[21:59:01.888]   info   [GS]       Phase 'WAIT_FOR_INIT' is marked DONE locally.
[21:59:02.923]   info   [GS]       Skipped 9 duplicate messages..
[21:59:02.923]   info   [GS]       Phase 'WAIT_FOR_INIT' is marked DONE locally.
[21:59:03.958]   info   [GS]       Skipped 9 duplicate messages..
[21:59:03.958]   info   [GS]       Phase 'WAIT_FOR_INIT' is marked DONE locally.
[21:59:05.000]   info   [GS]       Skipped 9 duplicate messages..
[21:59:05.000]   info   [GS]       Phase 'WAIT_FOR_INIT' is marked DONE locally.
[21:59:06.032]   info   [GS]       Skipped 9 duplicate messages..
[21:59:06.032]   info   [GS]       Phase 'WAIT_FOR_INIT' is marked DONE locally.
[21:59:07.066]   info   [GS]       Skipped 9 duplicate messages..
[21:59:07.066]   info   [GS]       Phase 'WAIT_FOR_INIT' is marked DONE locally.
[21:59:08.102]   info   [GS]       Skipped 9 duplicate messages..
[21:59:08.102]   info   [GS]       Phase 'WAIT_FOR_INIT' is marked DONE locally.
[21:59:09.152]   info   [GS]       Skipped 9 duplicate messages..
[21:59:09.152]   info   [GS]       Phase 'WAIT_FOR_INIT' is marked DONE locally.
[21:59:10.188]   info   [GS]       Skipped 9 duplicate messages..
[21:59:10.188]   info   [GS]       Phase 'WAIT_FOR_INIT' is marked DONE locally.
[21:59:11.232]   info   [GS]       Skipped 9 duplicate messages..
[21:59:11.232]   info   [GS]       Phase 'WAIT_FOR_INIT' is marked DONE locally.
[21:59:12.277]   info   [GS]       Skipped 9 duplicate messages..
[21:59:12.277]   info   [GS]       Phase 'WAIT_FOR_INIT' is marked DONE locally.
[21:59:13.321]   info   [GS]       Skipped 9 duplicate messages..
[21:59:13.321]   info   [GS]       Phase 'WAIT_FOR_INIT' is marked DONE locally.
[21:59:14.361]   info   [GS]       Skipped 9 duplicate messages..
[21:59:14.361]   info   [GS]       Phase 'WAIT_FOR_INIT' is marked DONE locally.
[21:59:15.402]   info   [GS]       Skipped 9 duplicate messages..
[21:59:15.402]   info   [GS]       Phase 'WAIT_FOR_INIT' is marked DONE locally.
[21:59:16.446]   info   [GS]       Skipped 9 duplicate messages..
[21:59:16.446]   info   [GS]       Phase 'WAIT_FOR_INIT' is marked DONE locally.
[21:59:17.476]   info   [GS]       Skipped 9 duplicate messages..
[21:59:17.476]   info   [GS]       Phase 'WAIT_FOR_INIT' is marked DONE locally.
[21:59:18.511]   info   [GS]       Skipped 9 duplicate messages..
[21:59:18.511]   info   [GS]       Phase 'WAIT_FOR_INIT' is marked DONE locally.
[21:59:19.548]   info   [GS]       Skipped 9 duplicate messages..
[21:59:19.548]   info   [GS]       Phase 'WAIT_FOR_INIT' is marked DONE locally.
[21:59:20.580]   info   [GS]       Skipped 9 duplicate messages..
[21:59:20.580]   info   [GS]       Phase 'WAIT_FOR_INIT' is marked DONE locally.
[21:59:21.608]   info   [GS]       Skipped 9 duplicate messages..
[21:59:21.608]   info   [GS]       Phase 'WAIT_FOR_INIT' is marked DONE locally.
[21:59:22.646]   info   [GS]       Skipped 9 duplicate messages..
[21:59:22.646]   info   [GS]       Phase 'WAIT_FOR_INIT' is marked DONE locally.
[21:59:23.681]   info   [GS]       Skipped 9 duplicate messages..
[21:59:23.681]   info   [GS]       Phase 'WAIT_FOR_INIT' is marked DONE locally.
[21:59:24.721]   info   [GS]       Skipped 9 duplicate messages..
[21:59:24.721]   info   [GS]       Phase 'WAIT_FOR_INIT' is marked DONE locally.
[21:59:25.763]   info   [GS]       Skipped 9 duplicate messages..
[21:59:25.763]   info   [GS]       Phase 'WAIT_FOR_INIT' is marked DONE locally.
[21:59:26.804]   info   [GS]       Skipped 9 duplicate messages..
[21:59:26.804]   info   [GS]       Phase 'WAIT_FOR_INIT' is marked DONE locally.
[21:59:27.848]   info   [GS]       Skipped 9 duplicate messages..
[21:59:27.848]   info   [GS]       Phase 'WAIT_FOR_INIT' is marked DONE locally.
[21:59:28.883]   info   [GS]       Skipped 9 duplicate messages..
[21:59:28.883]   info   [GS]       Phase 'WAIT_FOR_INIT' is marked DONE locally.
[21:59:29.932]   info   [GS]       Skipped 9 duplicate messages..
[21:59:29.932]   info   [GS]       Phase 'WAIT_FOR_INIT' is marked DONE locally.
[21:59:30.983]   info   [GS]       Skipped 9 duplicate messages..
[21:59:30.983]   info   [GS]       Phase 'WAIT_FOR_INIT' is marked DONE locally.
[21:59:32.015]   info   [GS]       Skipped 9 duplicate messages..
[21:59:32.015]   info   [GS]       Phase 'WAIT_FOR_INIT' is marked DONE locally.
[21:59:33.044]   info   [GS]       Skipped 9 duplicate messages..
[21:59:33.044]   info   [GS]       Phase 'WAIT_FOR_INIT' is marked DONE locally.
[21:59:34.075]   info   [GS]       Skipped 9 duplicate messages..
[21:59:34.075]   info   [GS]       Phase 'WAIT_FOR_INIT' is marked DONE locally.
[21:59:35.098]   info   [GS]       Skipped 9 duplicate messages..
[21:59:35.098]   info   [GS]       Phase 'WAIT_FOR_INIT' is marked DONE locally.
[21:59:36.134]   info   [GS]       Skipped 9 duplicate messages..
[21:59:36.134]   info   [GS]       Phase 'WAIT_FOR_INIT' is marked DONE locally.
[21:59:37.170]   info   [GS]       Skipped 9 duplicate messages..
[21:59:37.170]   info   [GS]       Phase 'WAIT_FOR_INIT' is marked DONE locally.
[21:59:38.199]   info   [GS]       Skipped 9 duplicate messages..
[21:59:38.199]   info   [GS]       Phase 'WAIT_FOR_INIT' is marked DONE locally.
[21:59:39.239]   info   [GS]       Skipped 9 duplicate messages..
[21:59:39.239]   info   [GS]       Phase 'WAIT_FOR_INIT' is marked DONE locally.
[21:59:40.276]   info   [GS]       Skipped 9 duplicate messages..
[21:59:40.276]   info   [GS]       Phase 'WAIT_FOR_INIT' is marked DONE locally.
[21:59:41.316]   info   [GS]       Skipped 9 duplicate messages..
[21:59:41.316]   info   [GS]       Phase 'WAIT_FOR_INIT' is marked DONE locally.
