[13:42:50.486]   info   [SERVER]   successfully created TableState
[13:42:50.488]   info   [SERVER]   successfully created PhaseState
[13:42:50.489]   info   [SERVER]   successfully created Config (GameState Config)
[13:42:50.490]   info   [SERVER]   listening on: 172.17.0.2:3000
[13:43:18.582]   info   [SERVER]   accepted connection from 172.17.0.3:41674
[13:43:18.583]   info   [GS]       phase 'INIT_A' done
[13:43:18.583]   info   [GS]       get next best phase: bot_a
[13:43:18.583]  trace   [GS]       skipped phase CLEAR_DECK because agent is not allowed
[13:43:18.583]  trace   [GS]       updating phase CLEAR_DECK...
[13:43:18.583]  trace   [GS]       phase status CLEAR_DECK: 0
[13:43:18.583]   info   [GS]       potential of phase CLEAR_DECK: 0
[13:43:18.584]   info   [GS]       score of phase CLEAR_DECK: 48.5
[13:43:18.584]  trace   [GS]       skipped phase INIT_B because agent is not allowed
[13:43:18.584]  trace   [GS]       skipped phase LONG_TASK because agent is not allowed
[13:43:18.584]  trace   [GS]       updating phase LONG_TASK...
[13:43:18.584]  trace   [GS]       phase status LONG_TASK: 0
[13:43:18.584]   info   [GS]       potential of phase LONG_TASK: 0
[13:43:18.584]   info   [GS]       score of phase LONG_TASK: 50
[13:43:18.585]  trace   [GS]       skipped phase WAIT_FOR_INIT because agent is not allowed
[13:43:18.585]  trace   [GS]       updating phase WAIT_FOR_INIT...
[13:43:18.585]  trace   [GS]       phase status WAIT_FOR_INIT: 1
[13:43:18.585]  trace   [GS]       skipped phase WAIT_FOR_INIT because it is not open
[13:43:18.585]   info   [GS]       selected phase LONG_TASK as next phase
[13:43:18.586]   info   [GS]       executing phase LONG_TASK
[13:43:18.586]   info   [GS]       phase 'LONG_TASK' done
[13:43:18.587]   info   [GS]       get next best phase: bot_a
[13:43:18.587]  trace   [GS]       skipped phase CLEAR_DECK because agent is not allowed
[13:43:18.587]  trace   [GS]       updating phase CLEAR_DECK...
[13:43:18.587]  trace   [GS]       phase status CLEAR_DECK: 0
[13:43:18.587]   info   [GS]       potential of phase CLEAR_DECK: 0
[13:43:18.588]   info   [GS]       score of phase CLEAR_DECK: 48.5
[13:43:18.588]  trace   [GS]       skipped phase INIT_B because agent is not allowed
[13:43:18.588]  trace   [GS]       skipped phase WAIT_FOR_INIT because agent is not allowed
[13:43:18.588]  trace   [GS]       updating phase WAIT_FOR_INIT...
[13:43:18.588]  trace   [GS]       phase status WAIT_FOR_INIT: 1
[13:43:18.588]  trace   [GS]       skipped phase WAIT_FOR_INIT because it is not open
[13:43:18.588]   info   [GS]       selected phase CLEAR_DECK as next phase
[13:43:18.589]   info   [GS]       executing phase CLEAR_DECK
[13:43:18.589]   info   [GS]       phase 'CLEAR_DECK' done
[13:43:18.590]   info   [GS]       get next best phase: bot_a
[13:43:18.590]  trace   [GS]       skipped phase INIT_B because agent is not allowed
[13:43:18.590]  trace   [GS]       skipped phase WAIT_FOR_INIT because agent is not allowed
[13:43:18.590]  trace   [GS]       updating phase WAIT_FOR_INIT...
[13:43:18.590]  trace   [GS]       phase status WAIT_FOR_INIT: 1
[13:43:18.590]  trace   [GS]       skipped phase WAIT_FOR_INIT because it is not open
[13:43:18.590]   info   [GS]       no more phases to execute
[13:43:18.591]   info   [GS]       joining listening thread...
