[13:38:58.135]   info   [SERVER]   successfully created TableState
[13:38:58.136]   info   [SERVER]   successfully created PhaseState
[13:38:58.137]   info   [SERVER]   successfully created Config (GameState Config)
[13:38:58.138]   info   [SERVER]   listening on: 172.17.0.2:3000
[13:39:03.742]   info   [SERVER]   accepted connection from 172.17.0.3:37762
[13:39:03.744]   info   [GS]       get next best phase: bot_a
[13:39:03.744]  trace   [GS]       updating phase CLEAR_DECK...
[13:39:03.744]   info   [GS]       phase CLEAR_DECK timed out
[13:39:03.745]  trace   [GS]       phase status CLEAR_DECK: 2
[13:39:03.745]  trace   [GS]       skipped phase CLEAR_DECK because phase is not open
[13:39:03.745]  trace   [GS]       skipped phase INIT_B because agent is not allowed
[13:39:03.745]  trace   [GS]       updating phase LONG_TASK...
[13:39:03.745]   info   [GS]       phase LONG_TASK timed out
[13:39:03.746]  trace   [GS]       phase status LONG_TASK: 2
[13:39:03.746]  trace   [GS]       skipped phase LONG_TASK because phase is not open
[13:39:03.746]  trace   [GS]       updating phase SOME_BOT_A...
[13:39:03.746]   info   [GS]       phase SOME_BOT_A timed out
[13:39:03.746]  trace   [GS]       phase status SOME_BOT_A: 2
[13:39:03.746]  trace   [GS]       skipped phase SOME_BOT_A because phase is not open
[13:39:03.746]  trace   [GS]       skipped phase SOME_BOT_B because agent is not allowed
[13:39:03.746]  trace   [GS]       updating phase WAIT_FOR_INIT...
[13:39:03.746]   info   [GS]       phase WAIT_FOR_INIT timed out
[13:39:03.748]  trace   [GS]       phase status WAIT_FOR_INIT: 2
[13:39:03.748]  trace   [GS]       skipped phase WAIT_FOR_INIT because phase is not open
[13:39:03.748]   info   [GS]       no more phases to execute
[13:39:03.748]   info   [GS]       get next best phase: bot_a
[13:39:03.749]  trace   [GS]       skipped phase INIT_B because agent is not allowed
[13:39:03.749]  trace   [GS]       skipped phase SOME_BOT_B because agent is not allowed
[13:39:03.749]   info   [GS]       no more phases to execute
[13:39:03.746]   info   [GS]       Received update: {"init_b":true}
[13:39:03.750]   info   [GS]       Received update phase [INIT_B]: DONE
[13:39:03.752]   info   [GS]       Received update phase [SOME_BOT_B]: TIMEOUT
