[13:36:52.939]   info   [SERVER]   successfully created TableState
[13:36:52.940]   info   [SERVER]   successfully created PhaseState
[13:36:52.941]   info   [SERVER]   successfully created Config (GameState Config)
[13:36:52.946]   info   [SERVER]   listening on: 172.17.0.2:3000
[13:37:38.595]   info   [SERVER]   accepted connection from 172.17.0.3:50702
[13:37:38.596]   info   [GS]       get next best phase: bot_a
[13:37:38.596]  trace   [GS]       updating phase CLEAR_DECK...
[13:37:38.596]  trace   [GS]       phase status CLEAR_DECK: 0
[13:37:38.596]   info   [GS]       potential of phase CLEAR_DECK: 0
[13:37:38.597]   info   [GS]       score of phase CLEAR_DECK: 48.5
[13:37:38.598]  trace   [GS]       skipped phase INIT_B because agent is not allowed
[13:37:38.598]  trace   [GS]       updating phase LONG_TASK...
[13:37:38.598]  trace   [GS]       phase status LONG_TASK: 0
[13:37:38.598]   info   [GS]       potential of phase LONG_TASK: 0
[13:37:38.598]   info   [GS]       score of phase LONG_TASK: 50
[13:37:38.599]  trace   [GS]       updating phase SOME_BOT_A...
[13:37:38.599]  trace   [GS]       phase status SOME_BOT_A: 1
[13:37:38.599]  trace   [GS]       skipped phase SOME_BOT_A because phase is not open
[13:37:38.599]  trace   [GS]       skipped phase SOME_BOT_B because agent is not allowed
[13:37:38.599]  trace   [GS]       updating phase WAIT_FOR_INIT...
[13:37:38.599]  trace   [GS]       phase status WAIT_FOR_INIT: 1
[13:37:38.599]  trace   [GS]       skipped phase WAIT_FOR_INIT because phase is not open
[13:37:38.599]   info   [GS]       selected phase LONG_TASK as next phase
[13:37:38.599]   info   [GS]       Received update: {"init_b":true}
[13:37:38.599]   info   [GS]       get next best phase: bot_a
[13:37:38.600]  trace   [GS]       updating phase CLEAR_DECK...
[13:37:38.600]  trace   [GS]       phase status CLEAR_DECK: 0
[13:37:38.600]   info   [GS]       potential of phase CLEAR_DECK: 0
[13:37:38.601]   info   [GS]       score of phase CLEAR_DECK: 48.5
[13:37:38.601]  trace   [GS]       skipped phase INIT_B because agent is not allowed
[13:37:38.601]  trace   [GS]       updating phase SOME_BOT_A...
[13:37:38.601]  trace   [GS]       phase status SOME_BOT_A: 1
[13:37:38.601]  trace   [GS]       skipped phase SOME_BOT_A because phase is not open
[13:37:38.601]  trace   [GS]       skipped phase SOME_BOT_B because agent is not allowed
[13:37:38.601]  trace   [GS]       updating phase WAIT_FOR_INIT...
[13:37:38.601]  trace   [GS]       phase status WAIT_FOR_INIT: 1
[13:37:38.601]  trace   [GS]       skipped phase WAIT_FOR_INIT because phase is not open
[13:37:38.601]   info   [GS]       selected phase CLEAR_DECK as next phase
[13:37:38.603]   info   [GS]       Received update phase [INIT_B]: DONE
[13:37:38.603]   info   [GS]       get next best phase: bot_a
[13:37:38.606]  trace   [GS]       skipped phase INIT_B because agent is not allowed
[13:37:38.606]  trace   [GS]       updating phase SOME_BOT_A...
[13:37:38.606]  trace   [GS]       phase status SOME_BOT_A: 1
[13:37:38.606]  trace   [GS]       skipped phase SOME_BOT_A because phase is not open
[13:37:38.606]  trace   [GS]       skipped phase SOME_BOT_B because agent is not allowed
[13:37:38.606]  trace   [GS]       updating phase WAIT_FOR_INIT...
[13:37:38.606]   info   [GS]       unlocked phase {}
[13:37:38.606]  trace   [GS]       phase status WAIT_FOR_INIT: 0
[13:37:38.606]   info   [GS]       potential of phase WAIT_FOR_INIT: 0
[13:37:38.607]   info   [GS]       score of phase WAIT_FOR_INIT: 23.5
[13:37:38.607]   info   [GS]       selected phase WAIT_FOR_INIT as next phase
[13:37:38.608]   info   [GS]       Received update: {"some_task_bot_b_done":true}
[13:37:38.608]   info   [GS]       get next best phase: bot_a
[13:37:38.610]  trace   [GS]       updating phase SOME_BOT_A...
[13:37:38.610]  trace   [GS]       phase status SOME_BOT_A: 1
[13:37:38.610]  trace   [GS]       skipped phase SOME_BOT_A because phase is not open
[13:37:38.610]  trace   [GS]       skipped phase SOME_BOT_B because agent is not allowed
[13:37:38.610]   info   [GS]       no more phases to execute
[13:37:38.610]   info   [GS]       Received update phase [SOME_BOT_B]: DONE
