[13:45:15.554]   info   [SERVER]   successfully created TableState
[13:45:15.555]   info   [SERVER]   successfully created PhaseState
[13:45:15.557]   info   [SERVER]   successfully created Config (GameState Config)
[13:45:15.557]   info   [SERVER]   listening on: 172.17.0.3:3000
[13:45:39.274]   info   [SERVER]   accepted connection from 172.17.0.4:45532
[13:45:39.276]   info   [GS]       phase 'INIT_A' done
[13:45:39.276]   info   [GS]       get next best phase: bot_a
[13:45:39.276]  trace   [GS]       skipped phase CLEAR_DECK because agent is not allowed
[13:45:39.276]  trace   [GS]       updating phase CLEAR_DECK...
[13:45:39.276]  trace   [GS]       phase status CLEAR_DECK: 0
[13:45:39.276]   info   [GS]       potential of phase CLEAR_DECK: 0
[13:45:39.277]   info   [GS]       score of phase CLEAR_DECK: 48.5
[13:45:39.278]  trace   [GS]       skipped phase INIT_B because agent is not allowed
[13:45:39.278]  trace   [GS]       skipped phase LONG_TASK because agent is not allowed
[13:45:39.278]  trace   [GS]       updating phase LONG_TASK...
[13:45:39.278]  trace   [GS]       phase status LONG_TASK: 0
[13:45:39.278]   info   [GS]       potential of phase LONG_TASK: 0
[13:45:39.278]   info   [GS]       score of phase LONG_TASK: 50
[13:45:39.279]  trace   [GS]       skipped phase WAIT_FOR_INIT because agent is not allowed
[13:45:39.279]  trace   [GS]       updating phase WAIT_FOR_INIT...
[13:45:39.279]  trace   [GS]       phase status WAIT_FOR_INIT: 1
[13:45:39.279]  trace   [GS]       skipped phase WAIT_FOR_INIT because it is not open
[13:45:39.279]   info   [GS]       selected phase LONG_TASK as next phase
[13:45:39.279]   info   [GS]       executing phase LONG_TASK
[13:45:39.280]   info   [GS]       phase 'LONG_TASK' done
[13:45:39.281]   info   [GS]       get next best phase: bot_a
[13:45:39.281]  trace   [GS]       skipped phase CLEAR_DECK because agent is not allowed
[13:45:39.281]  trace   [GS]       updating phase CLEAR_DECK...
[13:45:39.281]  trace   [GS]       phase status CLEAR_DECK: 0
[13:45:39.281]   info   [GS]       potential of phase CLEAR_DECK: 0
[13:45:39.282]   info   [GS]       score of phase CLEAR_DECK: 48.5
[13:45:39.282]  trace   [GS]       skipped phase INIT_B because agent is not allowed
[13:45:39.282]  trace   [GS]       skipped phase WAIT_FOR_INIT because agent is not allowed
[13:45:39.282]  trace   [GS]       updating phase WAIT_FOR_INIT...
[13:45:39.282]  trace   [GS]       phase status WAIT_FOR_INIT: 1
[13:45:39.282]  trace   [GS]       skipped phase WAIT_FOR_INIT because it is not open
[13:45:39.282]   info   [GS]       selected phase CLEAR_DECK as next phase
[13:45:39.282]   info   [GS]       executing phase CLEAR_DECK
[13:45:39.283]   info   [GS]       phase 'CLEAR_DECK' done
[13:45:39.283]   info   [GS]       get next best phase: bot_a
[13:45:39.284]  trace   [GS]       skipped phase INIT_B because agent is not allowed
[13:45:39.284]  trace   [GS]       skipped phase WAIT_FOR_INIT because agent is not allowed
[13:45:39.284]  trace   [GS]       updating phase WAIT_FOR_INIT...
[13:45:39.284]  trace   [GS]       phase status WAIT_FOR_INIT: 1
[13:45:39.284]  trace   [GS]       skipped phase WAIT_FOR_INIT because it is not open
[13:45:39.284]   info   [GS]       no more phases to execute
[13:45:39.284]   info   [GS]       joining listening thread...
