[16:44:18.846]   info   [GS]       configuring Game State...
[16:44:18.847]   info   [GS]       configured game state successfully
[16:44:18.848]   info   [GS]       listening for a connection from bot_b
[16:44:18.848]   info   [GS]       phase 'INIT_A' done
[16:44:18.849]   info   [GS]       get next best phase: bot_a
[16:44:18.849]  trace   [GS]       skipped phase CLEAR_DECK because agent is not allowed
[16:44:18.849]  trace   [GS]       updating phase CLEAR_DECK...
[16:44:18.849]  trace   [GS]       phase status CLEAR_DECK: 0
[16:44:18.849]   info   [GS]       potential of phase CLEAR_DECK: 0
[16:44:18.849]   info   [GS]       score of phase CLEAR_DECK: 48.5
[16:44:18.849]  trace   [GS]       skipped phase INIT_B because agent is not allowed
[16:44:18.849]  trace   [GS]       skipped phase LONG_TASK because agent is not allowed
[16:44:18.849]  trace   [GS]       updating phase LONG_TASK...
[16:44:18.849]  trace   [GS]       phase status LONG_TASK: 0
[16:44:18.849]   info   [GS]       potential of phase LONG_TASK: 0
[16:44:18.850]   info   [GS]       score of phase LONG_TASK: 50
[16:44:18.851]  trace   [GS]       skipped phase WAIT_FOR_INIT because agent is not allowed
[16:44:18.851]  trace   [GS]       updating phase WAIT_FOR_INIT...
[16:44:18.851]  trace   [GS]       phase status WAIT_FOR_INIT: 1
[16:44:18.851]  trace   [GS]       skipped phase WAIT_FOR_INIT because it is not open
[16:44:18.851]   info   [GS]       selected phase LONG_TASK as next phase
[16:44:18.851]   info   [GS]       executing phase LONG_TASK
[16:44:18.851]   info   [GS]       phase 'LONG_TASK' done
[16:44:18.851]   info   [GS]       get next best phase: bot_a
[16:44:18.852]  trace   [GS]       skipped phase CLEAR_DECK because agent is not allowed
[16:44:18.852]  trace   [GS]       updating phase CLEAR_DECK...
[16:44:18.852]  trace   [GS]       phase status CLEAR_DECK: 0
[16:44:18.852]   info   [GS]       potential of phase CLEAR_DECK: 0
[16:44:18.852]   info   [GS]       score of phase CLEAR_DECK: 48.5
[16:44:18.852]  trace   [GS]       skipped phase INIT_B because agent is not allowed
[16:44:18.852]  trace   [GS]       skipped phase WAIT_FOR_INIT because agent is not allowed
[16:44:18.852]  trace   [GS]       updating phase WAIT_FOR_INIT...
[16:44:18.852]  trace   [GS]       phase status WAIT_FOR_INIT: 1
[16:44:18.852]  trace   [GS]       skipped phase WAIT_FOR_INIT because it is not open
[16:44:18.852]   info   [GS]       selected phase CLEAR_DECK as next phase
[16:44:18.852]   info   [GS]       executing phase CLEAR_DECK
[16:44:18.852]   info   [GS]       phase 'CLEAR_DECK' done
[16:44:18.852]   info   [GS]       get next best phase: bot_a
[16:44:18.852]  trace   [GS]       skipped phase INIT_B because agent is not allowed
[16:44:18.852]  trace   [GS]       skipped phase WAIT_FOR_INIT because agent is not allowed
[16:44:18.852]  trace   [GS]       updating phase WAIT_FOR_INIT...
[16:44:18.852]  trace   [GS]       phase status WAIT_FOR_INIT: 1
[16:44:18.852]  trace   [GS]       skipped phase WAIT_FOR_INIT because it is not open
[16:44:18.852]   info   [GS]       no more phases to execute
